nohup: ignoring input
processing date : 2013-06-26
Found 2 save data paths
Read 0 clean list file
Dir path is /mnt/adnetik/adnetik-uservervillage/prod/userver_log/pixel/2013-06-26/
Read 487 paths for daylist [2013-06-26]
Found 487 new paths
.Done with file 0/487
..........Done with file 10/487
....size getting too big, writing to Db
Inserted almost 209190 lines

Wrote 15 clean list files
renamed directory /home/armita/pixel/staging --> /home/armita/pixel/current
Found 2 save data paths
Read 15 clean list file
Dir path is /mnt/adnetik/adnetik-uservervillage/prod/userver_log/pixel/2013-06-26/
Read 487 paths for daylist [2013-06-26]
Found 472 new paths
.Done with file 0/472
..........Done with file 10/472
.....size getting too big, writing to Db
Inserted almost 200914 lines

Wrote 31 clean list files
renamed directory /home/armita/pixel/staging --> /home/armita/pixel/current
Found 2 save data paths
Read 31 clean list file
Dir path is /mnt/adnetik/adnetik-uservervillage/prod/userver_log/pixel/2013-06-26/
Read 487 paths for daylist [2013-06-26]
Found 456 new paths
.Done with file 0/456
..........Done with file 10/456
.....size getting too big, writing to Db
Inserted almost 203554 lines

Wrote 47 clean list files
renamed directory /home/armita/pixel/staging --> /home/armita/pixel/current
Found 2 save data paths
Read 47 clean list file
Dir path is /mnt/adnetik/adnetik-uservervillage/prod/userver_log/pixel/2013-06-26/
Read 487 paths for daylist [2013-06-26]
Found 440 new paths
.Done with file 0/440
..........Done with file 10/440
.....size getting too big, writing to Db
Inserted almost 205319 lines

Wrote 63 clean list files
renamed directory /home/armita/pixel/staging --> /home/armita/pixel/current
Found 2 save data paths
Read 63 clean list file
Dir path is /mnt/adnetik/adnetik-uservervillage/prod/userver_log/pixel/2013-06-26/
Read 487 paths for daylist [2013-06-26]
Found 424 new paths
.Done with file 0/424
..........Done with file 10/424
....size getting too big, writing to Db
Inserted almost 205258 lines

Wrote 78 clean list files
renamed directory /home/armita/pixel/staging --> /home/armita/pixel/current
Found 2 save data paths
Read 78 clean list file
Dir path is /mnt/adnetik/adnetik-uservervillage/prod/userver_log/pixel/2013-06-26/
Read 487 paths for daylist [2013-06-26]
Found 409 new paths
.Done with file 0/409
..........Done with file 10/409
.size getting too big, writing to Db
Inserted almost 201790 lines

Wrote 90 clean list files
renamed directory /home/armita/pixel/staging --> /home/armita/pixel/current
Found 2 save data paths
Read 90 clean list file
Dir path is /mnt/adnetik/adnetik-uservervillage/prod/userver_log/pixel/2013-06-26/
Read 487 paths for daylist [2013-06-26]
Found 397 new paths
.Done with file 0/397
..........Done with file 10/397
..size getting too big, writing to Db
Inserted almost 213797 lines

Wrote 103 clean list files
renamed directory /home/armita/pixel/staging --> /home/armita/pixel/current
Found 2 save data paths
Read 103 clean list file
Dir path is /mnt/adnetik/adnetik-uservervillage/prod/userver_log/pixel/2013-06-26/
Read 487 paths for daylist [2013-06-26]
Found 384 new paths
.Done with file 0/384
..........Done with file 10/384
size getting too big, writing to Db
Inserted almost 220026 lines

Wrote 114 clean list files
renamed directory /home/armita/pixel/staging --> /home/armita/pixel/current
Found 2 save data paths
Read 114 clean list file
Dir path is /mnt/adnetik/adnetik-uservervillage/prod/userver_log/pixel/2013-06-26/
Read 487 paths for daylist [2013-06-26]
Found 373 new paths
.Done with file 0/373
..........Done with file 10/373
.size getting too big, writing to Db
Inserted almost 224609 lines

Wrote 126 clean list files
renamed directory /home/armita/pixel/staging --> /home/armita/pixel/current
Found 2 save data paths
Read 126 clean list file
Dir path is /mnt/adnetik/adnetik-uservervillage/prod/userver_log/pixel/2013-06-26/
Read 487 paths for daylist [2013-06-26]
Found 361 new paths
.Done with file 0/361
..........Done with file 10/361
size getting too big, writing to Db
Inserted almost 220775 lines

Wrote 137 clean list files
renamed directory /home/armita/pixel/staging --> /home/armita/pixel/current
Found 2 save data paths
Read 137 clean list file
Dir path is /mnt/adnetik/adnetik-uservervillage/prod/userver_log/pixel/2013-06-26/
Read 487 paths for daylist [2013-06-26]
Found 350 new paths
.Done with file 0/350
.......size getting too big, writing to Db
Inserted almost 245259 lines

Wrote 145 clean list files
renamed directory /home/armita/pixel/staging --> /home/armita/pixel/current
Found 2 save data paths
Read 145 clean list file
Dir path is /mnt/adnetik/adnetik-uservervillage/prod/userver_log/pixel/2013-06-26/
Read 487 paths for daylist [2013-06-26]
Found 342 new paths
.Done with file 0/342
.........size getting too big, writing to Db
Inserted almost 214441 lines

Wrote 155 clean list files
renamed directory /home/armita/pixel/staging --> /home/armita/pixel/current
Found 2 save data paths
Read 155 clean list file
Dir path is /mnt/adnetik/adnetik-uservervillage/prod/userver_log/pixel/2013-06-26/
Read 487 paths for daylist [2013-06-26]
Found 332 new paths
.Done with file 0/332
..........Done with file 10/332
size getting too big, writing to Db
Inserted almost 233452 lines

Wrote 166 clean list files
renamed directory /home/armita/pixel/staging --> /home/armita/pixel/current
Found 2 save data paths
Read 166 clean list file
Dir path is /mnt/adnetik/adnetik-uservervillage/prod/userver_log/pixel/2013-06-26/
Read 487 paths for daylist [2013-06-26]
Found 321 new paths
.Done with file 0/321
........size getting too big, writing to Db
Inserted almost 227845 lines

Wrote 175 clean list files
renamed directory /home/armita/pixel/staging --> /home/armita/pixel/current
Found 2 save data paths
Read 175 clean list file
Dir path is /mnt/adnetik/adnetik-uservervillage/prod/userver_log/pixel/2013-06-26/
Read 487 paths for daylist [2013-06-26]
Found 312 new paths
.Done with file 0/312
........size getting too big, writing to Db
Inserted almost 226757 lines

Wrote 184 clean list files
renamed directory /home/armita/pixel/staging --> /home/armita/pixel/current
Found 2 save data paths
Read 184 clean list file
Dir path is /mnt/adnetik/adnetik-uservervillage/prod/userver_log/pixel/2013-06-26/
Read 487 paths for daylist [2013-06-26]
Found 303 new paths
.Done with file 0/303
.........size getting too big, writing to Db
Inserted almost 211693 lines

Wrote 194 clean list files
renamed directory /home/armita/pixel/staging --> /home/armita/pixel/current
Found 2 save data paths
Read 194 clean list file
Dir path is /mnt/adnetik/adnetik-uservervillage/prod/userver_log/pixel/2013-06-26/
Read 487 paths for daylist [2013-06-26]
Found 293 new paths
.Done with file 0/293
.......size getting too big, writing to Db
Inserted almost 205819 lines

Wrote 202 clean list files
renamed directory /home/armita/pixel/staging --> /home/armita/pixel/current
Found 2 save data paths
Read 202 clean list file
Dir path is /mnt/adnetik/adnetik-uservervillage/prod/userver_log/pixel/2013-06-26/
Read 487 paths for daylist [2013-06-26]
Found 285 new paths
.Done with file 0/285
....size getting too big, writing to Db
Inserted almost 201226 lines

Wrote 207 clean list files
renamed directory /home/armita/pixel/staging --> /home/armita/pixel/current
Found 2 save data paths
Read 207 clean list file
Dir path is /mnt/adnetik/adnetik-uservervillage/prod/userver_log/pixel/2013-06-26/
Read 487 paths for daylist [2013-06-26]
Found 280 new paths
.Done with file 0/280
..........Done with file 10/280
size getting too big, writing to Db
Inserted almost 256720 lines

Wrote 218 clean list files
renamed directory /home/armita/pixel/staging --> /home/armita/pixel/current
Found 2 save data paths
Read 218 clean list file
Dir path is /mnt/adnetik/adnetik-uservervillage/prod/userver_log/pixel/2013-06-26/
Read 487 paths for daylist [2013-06-26]
Found 269 new paths
.Done with file 0/269
.........size getting too big, writing to Db
Inserted almost 210496 lines

Wrote 228 clean list files
renamed directory /home/armita/pixel/staging --> /home/armita/pixel/current
Found 2 save data paths
Read 228 clean list file
Dir path is /mnt/adnetik/adnetik-uservervillage/prod/userver_log/pixel/2013-06-26/
Read 487 paths for daylist [2013-06-26]
Found 259 new paths
.Done with file 0/259
.....size getting too big, writing to Db
Inserted almost 253261 lines

Wrote 234 clean list files
renamed directory /home/armita/pixel/staging --> /home/armita/pixel/current
Found 2 save data paths
Read 234 clean list file
Dir path is /mnt/adnetik/adnetik-uservervillage/prod/userver_log/pixel/2013-06-26/
Read 487 paths for daylist [2013-06-26]
Found 253 new paths
.Done with file 0/253
........size getting too big, writing to Db
Inserted almost 200390 lines

Wrote 243 clean list files
renamed directory /home/armita/pixel/staging --> /home/armita/pixel/current
Found 2 save data paths
Read 243 clean list file
Dir path is /mnt/adnetik/adnetik-uservervillage/prod/userver_log/pixel/2013-06-26/
Read 487 paths for daylist [2013-06-26]
Found 244 new paths
.Done with file 0/244
..........Done with file 10/244
size getting too big, writing to Db
Inserted almost 205367 lines

Wrote 254 clean list files
renamed directory /home/armita/pixel/staging --> /home/armita/pixel/current
Found 2 save data paths
Read 254 clean list file
Dir path is /mnt/adnetik/adnetik-uservervillage/prod/userver_log/pixel/2013-06-26/
Read 487 paths for daylist [2013-06-26]
Found 233 new paths
.Done with file 0/233
...size getting too big, writing to Db
Inserted almost 203849 lines

Wrote 258 clean list files
renamed directory /home/armita/pixel/staging --> /home/armita/pixel/current
Found 2 save data paths
Read 258 clean list file
Dir path is /mnt/adnetik/adnetik-uservervillage/prod/userver_log/pixel/2013-06-26/
Read 487 paths for daylist [2013-06-26]
Found 229 new paths
.Done with file 0/229
........size getting too big, writing to Db
Inserted almost 203591 lines

Wrote 267 clean list files
renamed directory /home/armita/pixel/staging --> /home/armita/pixel/current
Found 2 save data paths
Read 267 clean list file
Dir path is /mnt/adnetik/adnetik-uservervillage/prod/userver_log/pixel/2013-06-26/
Read 487 paths for daylist [2013-06-26]
Found 220 new paths
.Done with file 0/220
..size getting too big, writing to Db
Inserted almost 202410 lines

Wrote 270 clean list files
renamed directory /home/armita/pixel/staging --> /home/armita/pixel/current
Found 2 save data paths
Read 270 clean list file
Dir path is /mnt/adnetik/adnetik-uservervillage/prod/userver_log/pixel/2013-06-26/
Read 487 paths for daylist [2013-06-26]
Found 217 new paths
.Done with file 0/217
....size getting too big, writing to Db
Inserted almost 214646 lines

Wrote 275 clean list files
renamed directory /home/armita/pixel/staging --> /home/armita/pixel/current
Found 2 save data paths
Read 275 clean list file
Dir path is /mnt/adnetik/adnetik-uservervillage/prod/userver_log/pixel/2013-06-26/
Read 487 paths for daylist [2013-06-26]
Found 212 new paths
.Done with file 0/212
..........Done with file 10/212
.size getting too big, writing to Db
Inserted almost 255493 lines

Wrote 287 clean list files
renamed directory /home/armita/pixel/staging --> /home/armita/pixel/current
Found 2 save data paths
Read 287 clean list file
Dir path is /mnt/adnetik/adnetik-uservervillage/prod/userver_log/pixel/2013-06-26/
Read 487 paths for daylist [2013-06-26]
Found 200 new paths
.Done with file 0/200
.....size getting too big, writing to Db
Inserted almost 247317 lines

Wrote 293 clean list files
renamed directory /home/armita/pixel/staging --> /home/armita/pixel/current
Found 2 save data paths
Read 293 clean list file
Dir path is /mnt/adnetik/adnetik-uservervillage/prod/userver_log/pixel/2013-06-26/
Read 487 paths for daylist [2013-06-26]
Found 194 new paths
.Done with file 0/194
.......size getting too big, writing to Db
Inserted almost 213005 lines

Wrote 301 clean list files
renamed directory /home/armita/pixel/staging --> /home/armita/pixel/current
Found 2 save data paths
Read 301 clean list file
Dir path is /mnt/adnetik/adnetik-uservervillage/prod/userver_log/pixel/2013-06-26/
Read 487 paths for daylist [2013-06-26]
Found 186 new paths
.Done with file 0/186
.......size getting too big, writing to Db
Inserted almost 210489 lines

Wrote 309 clean list files
renamed directory /home/armita/pixel/staging --> /home/armita/pixel/current
Found 2 save data paths
Read 309 clean list file
Dir path is /mnt/adnetik/adnetik-uservervillage/prod/userver_log/pixel/2013-06-26/
Read 487 paths for daylist [2013-06-26]
Found 178 new paths
.Done with file 0/178
......size getting too big, writing to Db
Inserted almost 258968 lines

Wrote 316 clean list files
renamed directory /home/armita/pixel/staging --> /home/armita/pixel/current
Found 2 save data paths
Read 316 clean list file
Dir path is /mnt/adnetik/adnetik-uservervillage/prod/userver_log/pixel/2013-06-26/
Read 487 paths for daylist [2013-06-26]
Found 171 new paths
.Done with file 0/171
.......size getting too big, writing to Db
Inserted almost 210283 lines

Wrote 324 clean list files
renamed directory /home/armita/pixel/staging --> /home/armita/pixel/current
Found 2 save data paths
Read 324 clean list file
Dir path is /mnt/adnetik/adnetik-uservervillage/prod/userver_log/pixel/2013-06-26/
Read 487 paths for daylist [2013-06-26]
Found 163 new paths
.Done with file 0/163
.....size getting too big, writing to Db
Inserted almost 212999 lines

Wrote 330 clean list files
renamed directory /home/armita/pixel/staging --> /home/armita/pixel/current
Found 2 save data paths
Read 330 clean list file
Dir path is /mnt/adnetik/adnetik-uservervillage/prod/userver_log/pixel/2013-06-26/
Read 487 paths for daylist [2013-06-26]
Found 157 new paths
.Done with file 0/157
....size getting too big, writing to Db
Inserted almost 264090 lines

Wrote 335 clean list files
renamed directory /home/armita/pixel/staging --> /home/armita/pixel/current
Found 2 save data paths
Read 335 clean list file
Dir path is /mnt/adnetik/adnetik-uservervillage/prod/userver_log/pixel/2013-06-26/
Read 487 paths for daylist [2013-06-26]
Found 152 new paths
.Done with file 0/152
.....size getting too big, writing to Db
Inserted almost 217696 lines

Wrote 341 clean list files
renamed directory /home/armita/pixel/staging --> /home/armita/pixel/current
Found 2 save data paths
Read 341 clean list file
Dir path is /mnt/adnetik/adnetik-uservervillage/prod/userver_log/pixel/2013-06-26/
Read 487 paths for daylist [2013-06-26]
Found 146 new paths
.Done with file 0/146
........size getting too big, writing to Db
Inserted almost 244400 lines

Wrote 350 clean list files
renamed directory /home/armita/pixel/staging --> /home/armita/pixel/current
Found 2 save data paths
Read 350 clean list file
Dir path is /mnt/adnetik/adnetik-uservervillage/prod/userver_log/pixel/2013-06-26/
Read 487 paths for daylist [2013-06-26]
Found 137 new paths
.Done with file 0/137
....size getting too big, writing to Db
Inserted almost 208975 lines

Wrote 355 clean list files
renamed directory /home/armita/pixel/staging --> /home/armita/pixel/current
Found 2 save data paths
Read 355 clean list file
Dir path is /mnt/adnetik/adnetik-uservervillage/prod/userver_log/pixel/2013-06-26/
Read 487 paths for daylist [2013-06-26]
Found 132 new paths
.Done with file 0/132
......size getting too big, writing to Db
Inserted almost 246179 lines

Wrote 362 clean list files
renamed directory /home/armita/pixel/staging --> /home/armita/pixel/current
Found 2 save data paths
Read 362 clean list file
Dir path is /mnt/adnetik/adnetik-uservervillage/prod/userver_log/pixel/2013-06-26/
Read 487 paths for daylist [2013-06-26]
Found 125 new paths
.Done with file 0/125
....size getting too big, writing to Db
Inserted almost 211871 lines

Wrote 367 clean list files
renamed directory /home/armita/pixel/staging --> /home/armita/pixel/current
Found 2 save data paths
Read 367 clean list file
Dir path is /mnt/adnetik/adnetik-uservervillage/prod/userver_log/pixel/2013-06-26/
Read 487 paths for daylist [2013-06-26]
Found 120 new paths
.Done with file 0/120
......size getting too big, writing to Db
Inserted almost 203814 lines

Wrote 374 clean list files
renamed directory /home/armita/pixel/staging --> /home/armita/pixel/current
Found 2 save data paths
Read 374 clean list file
Dir path is /mnt/adnetik/adnetik-uservervillage/prod/userver_log/pixel/2013-06-26/
Read 487 paths for daylist [2013-06-26]
Found 113 new paths
.Done with file 0/113
..size getting too big, writing to Db
Inserted almost 221851 lines

Wrote 377 clean list files
renamed directory /home/armita/pixel/staging --> /home/armita/pixel/current
Found 2 save data paths
Read 377 clean list file
Dir path is /mnt/adnetik/adnetik-uservervillage/prod/userver_log/pixel/2013-06-26/
Read 487 paths for daylist [2013-06-26]
Found 110 new paths
.Done with file 0/110
.....size getting too big, writing to Db
Inserted almost 228943 lines

Wrote 383 clean list files
renamed directory /home/armita/pixel/staging --> /home/armita/pixel/current
Found 2 save data paths
Read 383 clean list file
Dir path is /mnt/adnetik/adnetik-uservervillage/prod/userver_log/pixel/2013-06-26/
Read 487 paths for daylist [2013-06-26]
Found 104 new paths
.Done with file 0/104
.....size getting too big, writing to Db
Inserted almost 202697 lines

Wrote 389 clean list files
renamed directory /home/armita/pixel/staging --> /home/armita/pixel/current
Found 2 save data paths
Read 389 clean list file
Dir path is /mnt/adnetik/adnetik-uservervillage/prod/userver_log/pixel/2013-06-26/
Read 487 paths for daylist [2013-06-26]
Found 98 new paths
.Done with file 0/98
....size getting too big, writing to Db
Inserted almost 245857 lines

Wrote 394 clean list files
renamed directory /home/armita/pixel/staging --> /home/armita/pixel/current
Found 2 save data paths
Read 394 clean list file
Dir path is /mnt/adnetik/adnetik-uservervillage/prod/userver_log/pixel/2013-06-26/
Read 489 paths for daylist [2013-06-26]
Found 95 new paths
.Done with file 0/95
.....size getting too big, writing to Db
Inserted almost 213078 lines

Wrote 400 clean list files
renamed directory /home/armita/pixel/staging --> /home/armita/pixel/current
Found 2 save data paths
Read 400 clean list file
Dir path is /mnt/adnetik/adnetik-uservervillage/prod/userver_log/pixel/2013-06-26/
Read 489 paths for daylist [2013-06-26]
Found 89 new paths
.Done with file 0/89
....size getting too big, writing to Db
Inserted almost 211420 lines

Wrote 405 clean list files
renamed directory /home/armita/pixel/staging --> /home/armita/pixel/current
Found 2 save data paths
Read 405 clean list file
Dir path is /mnt/adnetik/adnetik-uservervillage/prod/userver_log/pixel/2013-06-26/
Read 489 paths for daylist [2013-06-26]
Found 84 new paths
.Done with file 0/84
.....size getting too big, writing to Db
Inserted almost 224976 lines

Wrote 411 clean list files
renamed directory /home/armita/pixel/staging --> /home/armita/pixel/current
Found 2 save data paths
Read 411 clean list file
Dir path is /mnt/adnetik/adnetik-uservervillage/prod/userver_log/pixel/2013-06-26/
Read 489 paths for daylist [2013-06-26]
Found 78 new paths
.Done with file 0/78
...size getting too big, writing to Db
Inserted almost 204221 lines

Wrote 415 clean list files
renamed directory /home/armita/pixel/staging --> /home/armita/pixel/current
Found 2 save data paths
Read 415 clean list file
Dir path is /mnt/adnetik/adnetik-uservervillage/prod/userver_log/pixel/2013-06-26/
Read 489 paths for daylist [2013-06-26]
Found 74 new paths
.Done with file 0/74
......size getting too big, writing to Db
Inserted almost 232167 lines

Wrote 422 clean list files
renamed directory /home/armita/pixel/staging --> /home/armita/pixel/current
Found 2 save data paths
Read 422 clean list file
Dir path is /mnt/adnetik/adnetik-uservervillage/prod/userver_log/pixel/2013-06-26/
Read 489 paths for daylist [2013-06-26]
Found 67 new paths
.Done with file 0/67
...size getting too big, writing to Db
Inserted almost 249567 lines

Wrote 426 clean list files
renamed directory /home/armita/pixel/staging --> /home/armita/pixel/current
Found 2 save data paths
Read 426 clean list file
Dir path is /mnt/adnetik/adnetik-uservervillage/prod/userver_log/pixel/2013-06-26/
Read 489 paths for daylist [2013-06-26]
Found 63 new paths
.Done with file 0/63
....size getting too big, writing to Db
Inserted almost 214278 lines

Wrote 431 clean list files
renamed directory /home/armita/pixel/staging --> /home/armita/pixel/current
Found 2 save data paths
Read 431 clean list file
Dir path is /mnt/adnetik/adnetik-uservervillage/prod/userver_log/pixel/2013-06-26/
Read 489 paths for daylist [2013-06-26]
Found 58 new paths
.Done with file 0/58
....size getting too big, writing to Db
Inserted almost 206110 lines

Wrote 436 clean list files
renamed directory /home/armita/pixel/staging --> /home/armita/pixel/current
Found 2 save data paths
Read 436 clean list file
Dir path is /mnt/adnetik/adnetik-uservervillage/prod/userver_log/pixel/2013-06-26/
Read 489 paths for daylist [2013-06-26]
Found 53 new paths
.Done with file 0/53
.....size getting too big, writing to Db
Inserted almost 211007 lines

Wrote 442 clean list files
renamed directory /home/armita/pixel/staging --> /home/armita/pixel/current
Found 2 save data paths
Read 442 clean list file
Dir path is /mnt/adnetik/adnetik-uservervillage/prod/userver_log/pixel/2013-06-26/
Read 489 paths for daylist [2013-06-26]
Found 47 new paths
.Done with file 0/47
....size getting too big, writing to Db
Inserted almost 225553 lines

Wrote 447 clean list files
renamed directory /home/armita/pixel/staging --> /home/armita/pixel/current
Found 2 save data paths
Read 447 clean list file
Dir path is /mnt/adnetik/adnetik-uservervillage/prod/userver_log/pixel/2013-06-26/
Read 489 paths for daylist [2013-06-26]
Found 42 new paths
.Done with file 0/42
......size getting too big, writing to Db
Inserted almost 213261 lines

Wrote 454 clean list files
renamed directory /home/armita/pixel/staging --> /home/armita/pixel/current
Found 2 save data paths
Read 454 clean list file
Dir path is /mnt/adnetik/adnetik-uservervillage/prod/userver_log/pixel/2013-06-26/
Read 491 paths for daylist [2013-06-26]
Found 37 new paths
.Done with file 0/37
...size getting too big, writing to Db
Inserted almost 213391 lines

Wrote 458 clean list files
renamed directory /home/armita/pixel/staging --> /home/armita/pixel/current
Found 2 save data paths
Read 458 clean list file
Dir path is /mnt/adnetik/adnetik-uservervillage/prod/userver_log/pixel/2013-06-26/
Read 492 paths for daylist [2013-06-26]
Found 34 new paths
.Done with file 0/34
...size getting too big, writing to Db
Inserted almost 217302 lines

Wrote 462 clean list files
renamed directory /home/armita/pixel/staging --> /home/armita/pixel/current
Found 2 save data paths
Read 462 clean list file
Dir path is /mnt/adnetik/adnetik-uservervillage/prod/userver_log/pixel/2013-06-26/
Read 495 paths for daylist [2013-06-26]
Found 33 new paths
.Done with file 0/33
.....size getting too big, writing to Db
Inserted almost 258126 lines

Wrote 468 clean list files
renamed directory /home/armita/pixel/staging --> /home/armita/pixel/current
Found 2 save data paths
Read 468 clean list file
Dir path is /mnt/adnetik/adnetik-uservervillage/prod/userver_log/pixel/2013-06-26/
Read 496 paths for daylist [2013-06-26]
Found 28 new paths
.Done with file 0/28
....size getting too big, writing to Db
Inserted almost 235140 lines

Wrote 473 clean list files
renamed directory /home/armita/pixel/staging --> /home/armita/pixel/current
Found 2 save data paths
Read 473 clean list file
Dir path is /mnt/adnetik/adnetik-uservervillage/prod/userver_log/pixel/2013-06-26/
Read 497 paths for daylist [2013-06-26]
Found 24 new paths
.Done with file 0/24
.....size getting too big, writing to Db
Inserted almost 252883 lines

Wrote 479 clean list files
renamed directory /home/armita/pixel/staging --> /home/armita/pixel/current
Found 2 save data paths
Read 479 clean list file
Dir path is /mnt/adnetik/adnetik-uservervillage/prod/userver_log/pixel/2013-06-26/
Read 498 paths for daylist [2013-06-26]
Found 19 new paths
.Done with file 0/19
...size getting too big, writing to Db
Inserted almost 204280 lines

Wrote 483 clean list files
renamed directory /home/armita/pixel/staging --> /home/armita/pixel/current
Found 2 save data paths
Read 483 clean list file
Dir path is /mnt/adnetik/adnetik-uservervillage/prod/userver_log/pixel/2013-06-26/
Read 499 paths for daylist [2013-06-26]
Found 16 new paths
.Done with file 0/16
....size getting too big, writing to Db
Inserted almost 246121 lines

Wrote 488 clean list files
renamed directory /home/armita/pixel/staging --> /home/armita/pixel/current
Found 2 save data paths
Read 488 clean list file
Dir path is /mnt/adnetik/adnetik-uservervillage/prod/userver_log/pixel/2013-06-26/
Read 499 paths for daylist [2013-06-26]
Found 11 new paths
.Done with file 0/11
....size getting too big, writing to Db
Inserted almost 213728 lines

Wrote 493 clean list files
renamed directory /home/armita/pixel/staging --> /home/armita/pixel/current
Found 2 save data paths
Read 493 clean list file
Dir path is /mnt/adnetik/adnetik-uservervillage/prod/userver_log/pixel/2013-06-26/
Read 499 paths for daylist [2013-06-26]
Found 6 new paths
.Done with file 0/6
....size getting too big, writing to Db
Inserted almost 225574 lines

Wrote 498 clean list files
renamed directory /home/armita/pixel/staging --> /home/armita/pixel/current
Found 2 save data paths
Read 498 clean list file
Dir path is /mnt/adnetik/adnetik-uservervillage/prod/userver_log/pixel/2013-06-26/
Read 499 paths for daylist [2013-06-26]
Found 1 new paths
.Done with file 0/1
number of broken lines:+0 

writing to Db

Inserted almost 73410 lines

done writing to Db

Wrote 499 clean list files
renamed directory /home/armita/pixel/staging --> /home/armita/pixel/current
Found 3 save data paths
Read 499 clean list file
Dir path is /mnt/adnetik/adnetik-uservervillage/prod/userver_log/pixel/2013-06-25/
Read 1154 paths for daylist [2013-06-25]
Found 1154 new paths
.Done with file 0/1154
..........Done with file 10/1154
......size getting too big, writing to Db
Inserted almost 200010 lines

Wrote 516 clean list files
renamed directory /home/armita/pixel/staging --> /home/armita/pixel/current
Found 2 save data paths
Read 516 clean list file
Dir path is /mnt/adnetik/adnetik-uservervillage/prod/userver_log/pixel/2013-06-25/
Read 1154 paths for daylist [2013-06-25]
Found 1137 new paths
.Done with file 0/1137
..........Done with file 10/1137
......size getting too big, writing to Db
Inserted almost 208846 lines

Wrote 533 clean list files
renamed directory /home/armita/pixel/staging --> /home/armita/pixel/current
Found 2 save data paths
Read 533 clean list file
Dir path is /mnt/adnetik/adnetik-uservervillage/prod/userver_log/pixel/2013-06-25/
Read 1154 paths for daylist [2013-06-25]
Found 1120 new paths
.Done with file 0/1120
..........Done with file 10/1120
.....size getting too big, writing to Db
Inserted almost 201104 lines

Wrote 549 clean list files
renamed directory /home/armita/pixel/staging --> /home/armita/pixel/current
Found 2 save data paths
Read 549 clean list file
Dir path is /mnt/adnetik/adnetik-uservervillage/prod/userver_log/pixel/2013-06-25/
Read 1154 paths for daylist [2013-06-25]
Found 1104 new paths
.Done with file 0/1104
..........Done with file 10/1104
.....size getting too big, writing to Db
Inserted almost 212441 lines

Wrote 565 clean list files
renamed directory /home/armita/pixel/staging --> /home/armita/pixel/current
Found 2 save data paths
Read 565 clean list file
Dir path is /mnt/adnetik/adnetik-uservervillage/prod/userver_log/pixel/2013-06-25/
Read 1154 paths for daylist [2013-06-25]
Found 1088 new paths
.Done with file 0/1088
..........Done with file 10/1088
...size getting too big, writing to Db
Inserted almost 205636 lines

Wrote 579 clean list files
renamed directory /home/armita/pixel/staging --> /home/armita/pixel/current
Found 2 save data paths
Read 579 clean list file
Dir path is /mnt/adnetik/adnetik-uservervillage/prod/userver_log/pixel/2013-06-25/
Read 1154 paths for daylist [2013-06-25]
Found 1074 new paths
.Done with file 0/1074
..........Done with file 10/1074
...size getting too big, writing to Db
Inserted almost 202647 lines

Wrote 593 clean list files
renamed directory /home/armita/pixel/staging --> /home/armita/pixel/current
Found 2 save data paths
Read 593 clean list file
Dir path is /mnt/adnetik/adnetik-uservervillage/prod/userver_log/pixel/2013-06-25/
Read 1154 paths for daylist [2013-06-25]
Found 1060 new paths
.Done with file 0/1060
..........Done with file 10/1060
.size getting too big, writing to Db
Inserted almost 208040 lines

Wrote 605 clean list files
renamed directory /home/armita/pixel/staging --> /home/armita/pixel/current
Found 2 save data paths
Read 605 clean list file
Dir path is /mnt/adnetik/adnetik-uservervillage/prod/userver_log/pixel/2013-06-25/
Read 1154 paths for daylist [2013-06-25]
Found 1048 new paths
.Done with file 0/1048
..........Done with file 10/1048
size getting too big, writing to Db
Inserted almost 214120 lines

Wrote 616 clean list files
renamed directory /home/armita/pixel/staging --> /home/armita/pixel/current
Found 2 save data paths
Read 616 clean list file
Dir path is /mnt/adnetik/adnetik-uservervillage/prod/userver_log/pixel/2013-06-25/
Read 1154 paths for daylist [2013-06-25]
Found 1037 new paths
.Done with file 0/1037
..........Done with file 10/1037
size getting too big, writing to Db
Inserted almost 203282 lines

Wrote 627 clean list files
renamed directory /home/armita/pixel/staging --> /home/armita/pixel/current
Found 2 save data paths
Read 627 clean list file
Dir path is /mnt/adnetik/adnetik-uservervillage/prod/userver_log/pixel/2013-06-25/
Read 1154 paths for daylist [2013-06-25]
Found 1026 new paths
.Done with file 0/1026
.........size getting too big, writing to Db
Inserted almost 202207 lines

Wrote 637 clean list files
renamed directory /home/armita/pixel/staging --> /home/armita/pixel/current
Found 2 save data paths
Read 637 clean list file
Dir path is /mnt/adnetik/adnetik-uservervillage/prod/userver_log/pixel/2013-06-25/
Read 1154 paths for daylist [2013-06-25]
Found 1016 new paths
.Done with file 0/1016
.......size getting too big, writing to Db
Inserted almost 201077 lines

Wrote 645 clean list files
renamed directory /home/armita/pixel/staging --> /home/armita/pixel/current
Found 2 save data paths
Read 645 clean list file
Dir path is /mnt/adnetik/adnetik-uservervillage/prod/userver_log/pixel/2013-06-25/
Read 1154 paths for daylist [2013-06-25]
Found 1008 new paths
.Done with file 0/1008
.......size getting too big, writing to Db
Inserted almost 211011 lines

Wrote 653 clean list files
renamed directory /home/armita/pixel/staging --> /home/armita/pixel/current
Found 2 save data paths
Read 653 clean list file
Dir path is /mnt/adnetik/adnetik-uservervillage/prod/userver_log/pixel/2013-06-25/
Read 1154 paths for daylist [2013-06-25]
Found 1000 new paths
.Done with file 0/1000
........size getting too big, writing to Db
Inserted almost 208704 lines

Wrote 662 clean list files
renamed directory /home/armita/pixel/staging --> /home/armita/pixel/current
Found 2 save data paths
Read 662 clean list file
Dir path is /mnt/adnetik/adnetik-uservervillage/prod/userver_log/pixel/2013-06-25/
Read 1154 paths for daylist [2013-06-25]
Found 991 new paths
.Done with file 0/991
.......size getting too big, writing to Db
Inserted almost 218637 lines

Wrote 670 clean list files
renamed directory /home/armita/pixel/staging --> /home/armita/pixel/current
Found 2 save data paths
Read 670 clean list file
Dir path is /mnt/adnetik/adnetik-uservervillage/prod/userver_log/pixel/2013-06-25/
Read 1154 paths for daylist [2013-06-25]
Found 983 new paths
.Done with file 0/983
.........size getting too big, writing to Db
Inserted almost 237655 lines

Wrote 680 clean list files
renamed directory /home/armita/pixel/staging --> /home/armita/pixel/current
Found 2 save data paths
Read 680 clean list file
Dir path is /mnt/adnetik/adnetik-uservervillage/prod/userver_log/pixel/2013-06-25/
Read 1154 paths for daylist [2013-06-25]
Found 973 new paths
.Done with file 0/973
......size getting too big, writing to Db
Inserted almost 219422 lines

Wrote 687 clean list files
renamed directory /home/armita/pixel/staging --> /home/armita/pixel/current
Found 2 save data paths
Read 687 clean list file
Dir path is /mnt/adnetik/adnetik-uservervillage/prod/userver_log/pixel/2013-06-25/
Read 1154 paths for daylist [2013-06-25]
Found 966 new paths
.Done with file 0/966
..........Done with file 10/966
size getting too big, writing to Db
Inserted almost 206122 lines

Wrote 698 clean list files
renamed directory /home/armita/pixel/staging --> /home/armita/pixel/current
Found 2 save data paths
Read 698 clean list file
Dir path is /mnt/adnetik/adnetik-uservervillage/prod/userver_log/pixel/2013-06-25/
Read 1154 paths for daylist [2013-06-25]
Found 955 new paths
.Done with file 0/955
.....size getting too big, writing to Db
Inserted almost 254969 lines

Wrote 704 clean list files
renamed directory /home/armita/pixel/staging --> /home/armita/pixel/current
Found 2 save data paths
Read 704 clean list file
Dir path is /mnt/adnetik/adnetik-uservervillage/prod/userver_log/pixel/2013-06-25/
Read 1154 paths for daylist [2013-06-25]
Found 949 new paths
.Done with file 0/949
........size getting too big, writing to Db
Inserted almost 247842 lines

Wrote 713 clean list files
renamed directory /home/armita/pixel/staging --> /home/armita/pixel/current
Found 2 save data paths
Read 713 clean list file
Dir path is /mnt/adnetik/adnetik-uservervillage/prod/userver_log/pixel/2013-06-25/
Read 1154 paths for daylist [2013-06-25]
Found 940 new paths
.Done with file 0/940
....size getting too big, writing to Db
Inserted almost 214688 lines

Wrote 718 clean list files
renamed directory /home/armita/pixel/staging --> /home/armita/pixel/current
Found 2 save data paths
Read 718 clean list file
Dir path is /mnt/adnetik/adnetik-uservervillage/prod/userver_log/pixel/2013-06-25/
Read 1154 paths for daylist [2013-06-25]
Found 935 new paths
.Done with file 0/935
..........Done with file 10/935
size getting too big, writing to Db
Inserted almost 206135 lines

Wrote 729 clean list files
renamed directory /home/armita/pixel/staging --> /home/armita/pixel/current
Found 2 save data paths
Read 729 clean list file
Dir path is /mnt/adnetik/adnetik-uservervillage/prod/userver_log/pixel/2013-06-25/
Read 1154 paths for daylist [2013-06-25]
Found 924 new paths
.Done with file 0/924
........size getting too big, writing to Db
Inserted almost 241305 lines

Wrote 738 clean list files
renamed directory /home/armita/pixel/staging --> /home/armita/pixel/current
Found 2 save data paths
Read 738 clean list file
Dir path is /mnt/adnetik/adnetik-uservervillage/prod/userver_log/pixel/2013-06-25/
Read 1154 paths for daylist [2013-06-25]
Found 915 new paths
.Done with file 0/915
.........size getting too big, writing to Db
Inserted almost 255101 lines

Wrote 748 clean list files
renamed directory /home/armita/pixel/staging --> /home/armita/pixel/current
Found 2 save data paths
Read 748 clean list file
Dir path is /mnt/adnetik/adnetik-uservervillage/prod/userver_log/pixel/2013-06-25/
Read 1154 paths for daylist [2013-06-25]
Found 905 new paths
.Done with file 0/905
.........size getting too big, writing to Db
Inserted almost 202143 lines

Wrote 758 clean list files
renamed directory /home/armita/pixel/staging --> /home/armita/pixel/current
Found 2 save data paths
Read 758 clean list file
Dir path is /mnt/adnetik/adnetik-uservervillage/prod/userver_log/pixel/2013-06-25/
Read 1154 paths for daylist [2013-06-25]
Found 895 new paths
.Done with file 0/895
.......size getting too big, writing to Db
Inserted almost 256404 lines

Wrote 766 clean list files
renamed directory /home/armita/pixel/staging --> /home/armita/pixel/current
Found 2 save data paths
Read 766 clean list file
Dir path is /mnt/adnetik/adnetik-uservervillage/prod/userver_log/pixel/2013-06-25/
Read 1154 paths for daylist [2013-06-25]
Found 887 new paths
.Done with file 0/887
....size getting too big, writing to Db
Inserted almost 219912 lines

Wrote 771 clean list files
renamed directory /home/armita/pixel/staging --> /home/armita/pixel/current
Found 2 save data paths
Read 771 clean list file
Dir path is /mnt/adnetik/adnetik-uservervillage/prod/userver_log/pixel/2013-06-25/
Read 1154 paths for daylist [2013-06-25]
Found 882 new paths
.Done with file 0/882
......size getting too big, writing to Db
Inserted almost 235925 lines

Wrote 778 clean list files
renamed directory /home/armita/pixel/staging --> /home/armita/pixel/current
Found 2 save data paths
Read 778 clean list file
Dir path is /mnt/adnetik/adnetik-uservervillage/prod/userver_log/pixel/2013-06-25/
Read 1154 paths for daylist [2013-06-25]
Found 875 new paths
.Done with file 0/875
..........Done with file 10/875
....size getting too big, writing to Db
Inserted almost 271429 lines

Wrote 793 clean list files
renamed directory /home/armita/pixel/staging --> /home/armita/pixel/current
Found 2 save data paths
Read 793 clean list file
Dir path is /mnt/adnetik/adnetik-uservervillage/prod/userver_log/pixel/2013-06-25/
Read 1154 paths for daylist [2013-06-25]
Found 860 new paths
.Done with file 0/860
..size getting too big, writing to Db
Inserted almost 211713 lines

Wrote 796 clean list files
renamed directory /home/armita/pixel/staging --> /home/armita/pixel/current
Found 2 save data paths
Read 796 clean list file
Dir path is /mnt/adnetik/adnetik-uservervillage/prod/userver_log/pixel/2013-06-25/
Read 1154 paths for daylist [2013-06-25]
Found 857 new paths
.Done with file 0/857
....size getting too big, writing to Db
Inserted almost 234794 lines

Wrote 801 clean list files
renamed directory /home/armita/pixel/staging --> /home/armita/pixel/current
Found 2 save data paths
Read 801 clean list file
Dir path is /mnt/adnetik/adnetik-uservervillage/prod/userver_log/pixel/2013-06-25/
Read 1154 paths for daylist [2013-06-25]
Found 852 new paths
.Done with file 0/852
........size getting too big, writing to Db
Inserted almost 224033 lines

Wrote 810 clean list files
renamed directory /home/armita/pixel/staging --> /home/armita/pixel/current
Found 2 save data paths
Read 810 clean list file
Dir path is /mnt/adnetik/adnetik-uservervillage/prod/userver_log/pixel/2013-06-25/
Read 1154 paths for daylist [2013-06-25]
Found 843 new paths
.Done with file 0/843
....size getting too big, writing to Db
Inserted almost 204607 lines

Wrote 815 clean list files
renamed directory /home/armita/pixel/staging --> /home/armita/pixel/current
Found 2 save data paths
Read 815 clean list file
Dir path is /mnt/adnetik/adnetik-uservervillage/prod/userver_log/pixel/2013-06-25/
Read 1154 paths for daylist [2013-06-25]
Found 838 new paths
.Done with file 0/838
.......size getting too big, writing to Db
Inserted almost 214593 lines

Wrote 823 clean list files
renamed directory /home/armita/pixel/staging --> /home/armita/pixel/current
Found 2 save data paths
Read 823 clean list file
Dir path is /mnt/adnetik/adnetik-uservervillage/prod/userver_log/pixel/2013-06-25/
Read 1154 paths for daylist [2013-06-25]
Found 830 new paths
.Done with file 0/830
....size getting too big, writing to Db
Inserted almost 203152 lines

Wrote 828 clean list files
renamed directory /home/armita/pixel/staging --> /home/armita/pixel/current
Found 2 save data paths
Read 828 clean list file
Dir path is /mnt/adnetik/adnetik-uservervillage/prod/userver_log/pixel/2013-06-25/
Read 1154 paths for daylist [2013-06-25]
Found 825 new paths
.Done with file 0/825
.......size getting too big, writing to Db
Inserted almost 261545 lines

Wrote 836 clean list files
renamed directory /home/armita/pixel/staging --> /home/armita/pixel/current
Found 2 save data paths
Read 836 clean list file
Dir path is /mnt/adnetik/adnetik-uservervillage/prod/userver_log/pixel/2013-06-25/
Read 1154 paths for daylist [2013-06-25]
Found 817 new paths
.Done with file 0/817
.....size getting too big, writing to Db
Inserted almost 204982 lines

Wrote 842 clean list files
renamed directory /home/armita/pixel/staging --> /home/armita/pixel/current
Found 2 save data paths
Read 842 clean list file
Dir path is /mnt/adnetik/adnetik-uservervillage/prod/userver_log/pixel/2013-06-25/
Read 1154 paths for daylist [2013-06-25]
Found 811 new paths
.Done with file 0/811
....size getting too big, writing to Db
Inserted almost 257391 lines

Wrote 847 clean list files
renamed directory /home/armita/pixel/staging --> /home/armita/pixel/current
Found 2 save data paths
Read 847 clean list file
Dir path is /mnt/adnetik/adnetik-uservervillage/prod/userver_log/pixel/2013-06-25/
Read 1154 paths for daylist [2013-06-25]
Found 806 new paths
.Done with file 0/806
.......size getting too big, writing to Db
Inserted almost 263403 lines

Wrote 855 clean list files
renamed directory /home/armita/pixel/staging --> /home/armita/pixel/current
Found 2 save data paths
Read 855 clean list file
Dir path is /mnt/adnetik/adnetik-uservervillage/prod/userver_log/pixel/2013-06-25/
Read 1154 paths for daylist [2013-06-25]
Found 798 new paths
.Done with file 0/798
.......size getting too big, writing to Db
Inserted almost 262766 lines

Wrote 863 clean list files
renamed directory /home/armita/pixel/staging --> /home/armita/pixel/current
Found 2 save data paths
Read 863 clean list file
Dir path is /mnt/adnetik/adnetik-uservervillage/prod/userver_log/pixel/2013-06-25/
Read 1154 paths for daylist [2013-06-25]
Found 790 new paths
.Done with file 0/790
....size getting too big, writing to Db
Inserted almost 202113 lines

Wrote 868 clean list files
renamed directory /home/armita/pixel/staging --> /home/armita/pixel/current
Found 2 save data paths
Read 868 clean list file
Dir path is /mnt/adnetik/adnetik-uservervillage/prod/userver_log/pixel/2013-06-25/
Read 1154 paths for daylist [2013-06-25]
Found 785 new paths
.Done with file 0/785
......size getting too big, writing to Db
Inserted almost 251141 lines

Wrote 875 clean list files
renamed directory /home/armita/pixel/staging --> /home/armita/pixel/current
Found 2 save data paths
Read 875 clean list file
Dir path is /mnt/adnetik/adnetik-uservervillage/prod/userver_log/pixel/2013-06-25/
Read 1154 paths for daylist [2013-06-25]
Found 778 new paths
.Done with file 0/778
....size getting too big, writing to Db
Inserted almost 228495 lines

Wrote 880 clean list files
renamed directory /home/armita/pixel/staging --> /home/armita/pixel/current
Found 2 save data paths
Read 880 clean list file
Dir path is /mnt/adnetik/adnetik-uservervillage/prod/userver_log/pixel/2013-06-25/
Read 1154 paths for daylist [2013-06-25]
Found 773 new paths
.Done with file 0/773
......size getting too big, writing to Db
Inserted almost 256243 lines

Wrote 887 clean list files
renamed directory /home/armita/pixel/staging --> /home/armita/pixel/current
Found 2 save data paths
Read 887 clean list file
Dir path is /mnt/adnetik/adnetik-uservervillage/prod/userver_log/pixel/2013-06-25/
Read 1154 paths for daylist [2013-06-25]
Found 766 new paths
.Done with file 0/766
....size getting too big, writing to Db
Inserted almost 212076 lines

Wrote 892 clean list files
renamed directory /home/armita/pixel/staging --> /home/armita/pixel/current
Found 2 save data paths
Read 892 clean list file
Dir path is /mnt/adnetik/adnetik-uservervillage/prod/userver_log/pixel/2013-06-25/
Read 1154 paths for daylist [2013-06-25]
Found 761 new paths
.Done with file 0/761
....size getting too big, writing to Db
Inserted almost 223979 lines

Wrote 897 clean list files
renamed directory /home/armita/pixel/staging --> /home/armita/pixel/current
Found 2 save data paths
Read 897 clean list file
Dir path is /mnt/adnetik/adnetik-uservervillage/prod/userver_log/pixel/2013-06-25/
Read 1154 paths for daylist [2013-06-25]
Found 756 new paths
.Done with file 0/756
.....size getting too big, writing to Db
Inserted almost 204244 lines

Wrote 903 clean list files
renamed directory /home/armita/pixel/staging --> /home/armita/pixel/current
Found 2 save data paths
Read 903 clean list file
Dir path is /mnt/adnetik/adnetik-uservervillage/prod/userver_log/pixel/2013-06-25/
Read 1154 paths for daylist [2013-06-25]
Found 750 new paths
.Done with file 0/750
....size getting too big, writing to Db
Inserted almost 233632 lines

Wrote 908 clean list files
renamed directory /home/armita/pixel/staging --> /home/armita/pixel/current
Found 2 save data paths
Read 908 clean list file
Dir path is /mnt/adnetik/adnetik-uservervillage/prod/userver_log/pixel/2013-06-25/
Read 1154 paths for daylist [2013-06-25]
Found 745 new paths
.Done with file 0/745
...size getting too big, writing to Db
Inserted almost 210804 lines

Wrote 912 clean list files
renamed directory /home/armita/pixel/staging --> /home/armita/pixel/current
Found 2 save data paths
Read 912 clean list file
Dir path is /mnt/adnetik/adnetik-uservervillage/prod/userver_log/pixel/2013-06-25/
Read 1154 paths for daylist [2013-06-25]
Found 741 new paths
.Done with file 0/741
.....size getting too big, writing to Db
Inserted almost 215330 lines

Wrote 918 clean list files
renamed directory /home/armita/pixel/staging --> /home/armita/pixel/current
Found 2 save data paths
Read 918 clean list file
Dir path is /mnt/adnetik/adnetik-uservervillage/prod/userver_log/pixel/2013-06-25/
Read 1154 paths for daylist [2013-06-25]
Found 735 new paths
.Done with file 0/735
...size getting too big, writing to Db
Inserted almost 210190 lines

Wrote 922 clean list files
renamed directory /home/armita/pixel/staging --> /home/armita/pixel/current
Found 2 save data paths
Read 922 clean list file
Dir path is /mnt/adnetik/adnetik-uservervillage/prod/userver_log/pixel/2013-06-25/
Read 1154 paths for daylist [2013-06-25]
Found 731 new paths
.Done with file 0/731
.....size getting too big, writing to Db
Inserted almost 244130 lines

Wrote 928 clean list files
renamed directory /home/armita/pixel/staging --> /home/armita/pixel/current
Found 2 save data paths
Read 928 clean list file
Dir path is /mnt/adnetik/adnetik-uservervillage/prod/userver_log/pixel/2013-06-25/
Read 1154 paths for daylist [2013-06-25]
Found 725 new paths
.Done with file 0/725
...size getting too big, writing to Db
Inserted almost 207004 lines

Wrote 932 clean list files
renamed directory /home/armita/pixel/staging --> /home/armita/pixel/current
Found 2 save data paths
Read 932 clean list file
Dir path is /mnt/adnetik/adnetik-uservervillage/prod/userver_log/pixel/2013-06-25/
Read 1154 paths for daylist [2013-06-25]
Found 721 new paths
.Done with file 0/721
....size getting too big, writing to Db
Inserted almost 212257 lines

Wrote 937 clean list files
renamed directory /home/armita/pixel/staging --> /home/armita/pixel/current
Found 2 save data paths
Read 937 clean list file
Dir path is /mnt/adnetik/adnetik-uservervillage/prod/userver_log/pixel/2013-06-25/
Read 1154 paths for daylist [2013-06-25]
Found 716 new paths
.Done with file 0/716
......size getting too big, writing to Db
Inserted almost 235418 lines

Wrote 944 clean list files
renamed directory /home/armita/pixel/staging --> /home/armita/pixel/current
Found 2 save data paths
Read 944 clean list file
Dir path is /mnt/adnetik/adnetik-uservervillage/prod/userver_log/pixel/2013-06-25/
Read 1154 paths for daylist [2013-06-25]
Found 709 new paths
.Done with file 0/709
....size getting too big, writing to Db
Inserted almost 235865 lines

Wrote 949 clean list files
renamed directory /home/armita/pixel/staging --> /home/armita/pixel/current
Found 2 save data paths
Read 949 clean list file
Dir path is /mnt/adnetik/adnetik-uservervillage/prod/userver_log/pixel/2013-06-25/
Read 1154 paths for daylist [2013-06-25]
Found 704 new paths
.Done with file 0/704
.....size getting too big, writing to Db
Inserted almost 218801 lines

Wrote 955 clean list files
renamed directory /home/armita/pixel/staging --> /home/armita/pixel/current
Found 2 save data paths
Read 955 clean list file
Dir path is /mnt/adnetik/adnetik-uservervillage/prod/userver_log/pixel/2013-06-25/
Read 1154 paths for daylist [2013-06-25]
Found 698 new paths
.Done with file 0/698
...size getting too big, writing to Db
Inserted almost 213458 lines

Wrote 959 clean list files
renamed directory /home/armita/pixel/staging --> /home/armita/pixel/current
Found 2 save data paths
Read 959 clean list file
Dir path is /mnt/adnetik/adnetik-uservervillage/prod/userver_log/pixel/2013-06-25/
Read 1154 paths for daylist [2013-06-25]
Found 694 new paths
.Done with file 0/694
...size getting too big, writing to Db
Inserted almost 213104 lines

Wrote 963 clean list files
renamed directory /home/armita/pixel/staging --> /home/armita/pixel/current
Found 2 save data paths
Read 963 clean list file
Dir path is /mnt/adnetik/adnetik-uservervillage/prod/userver_log/pixel/2013-06-25/
Read 1154 paths for daylist [2013-06-25]
Found 690 new paths
.Done with file 0/690
......size getting too big, writing to Db
Inserted almost 256643 lines

Wrote 970 clean list files
renamed directory /home/armita/pixel/staging --> /home/armita/pixel/current
Found 2 save data paths
Read 970 clean list file
Dir path is /mnt/adnetik/adnetik-uservervillage/prod/userver_log/pixel/2013-06-25/
Read 1154 paths for daylist [2013-06-25]
Found 683 new paths
.Done with file 0/683
...size getting too big, writing to Db
Inserted almost 233429 lines

Wrote 974 clean list files
renamed directory /home/armita/pixel/staging --> /home/armita/pixel/current
Found 2 save data paths
Read 974 clean list file
Dir path is /mnt/adnetik/adnetik-uservervillage/prod/userver_log/pixel/2013-06-25/
Read 1154 paths for daylist [2013-06-25]
Found 679 new paths
.Done with file 0/679
....size getting too big, writing to Db
Inserted almost 255168 lines

Wrote 979 clean list files
renamed directory /home/armita/pixel/staging --> /home/armita/pixel/current
Found 2 save data paths
Read 979 clean list file
Dir path is /mnt/adnetik/adnetik-uservervillage/prod/userver_log/pixel/2013-06-25/
Read 1154 paths for daylist [2013-06-25]
Found 674 new paths
.Done with file 0/674
....size getting too big, writing to Db
Inserted almost 244764 lines

Wrote 984 clean list files
renamed directory /home/armita/pixel/staging --> /home/armita/pixel/current
Found 2 save data paths
Read 984 clean list file
Dir path is /mnt/adnetik/adnetik-uservervillage/prod/userver_log/pixel/2013-06-25/
Read 1154 paths for daylist [2013-06-25]
Found 669 new paths
.Done with file 0/669
...size getting too big, writing to Db
Inserted almost 219610 lines

Wrote 988 clean list files
renamed directory /home/armita/pixel/staging --> /home/armita/pixel/current
Found 2 save data paths
Read 988 clean list file
Dir path is /mnt/adnetik/adnetik-uservervillage/prod/userver_log/pixel/2013-06-25/
Read 1154 paths for daylist [2013-06-25]
Found 665 new paths
.Done with file 0/665
....size getting too big, writing to Db
Inserted almost 217315 lines

Wrote 993 clean list files
renamed directory /home/armita/pixel/staging --> /home/armita/pixel/current
Found 2 save data paths
Read 993 clean list file
Dir path is /mnt/adnetik/adnetik-uservervillage/prod/userver_log/pixel/2013-06-25/
Read 1154 paths for daylist [2013-06-25]
Found 660 new paths
.Done with file 0/660
...size getting too big, writing to Db
Inserted almost 211003 lines

Wrote 997 clean list files
renamed directory /home/armita/pixel/staging --> /home/armita/pixel/current
Found 2 save data paths
Read 997 clean list file
Dir path is /mnt/adnetik/adnetik-uservervillage/prod/userver_log/pixel/2013-06-25/
Read 1154 paths for daylist [2013-06-25]
Found 656 new paths
.Done with file 0/656
...size getting too big, writing to Db
Inserted almost 207357 lines

Wrote 1001 clean list files
renamed directory /home/armita/pixel/staging --> /home/armita/pixel/current
Found 2 save data paths
Read 1001 clean list file
Dir path is /mnt/adnetik/adnetik-uservervillage/prod/userver_log/pixel/2013-06-25/
Read 1154 paths for daylist [2013-06-25]
Found 652 new paths
.Done with file 0/652
....size getting too big, writing to Db
Inserted almost 212073 lines

Wrote 1006 clean list files
renamed directory /home/armita/pixel/staging --> /home/armita/pixel/current
Found 2 save data paths
Read 1006 clean list file
Dir path is /mnt/adnetik/adnetik-uservervillage/prod/userver_log/pixel/2013-06-25/
Read 1154 paths for daylist [2013-06-25]
Found 647 new paths
.Done with file 0/647
...size getting too big, writing to Db
Inserted almost 224115 lines

Wrote 1010 clean list files
renamed directory /home/armita/pixel/staging --> /home/armita/pixel/current
Found 2 save data paths
Read 1010 clean list file
Dir path is /mnt/adnetik/adnetik-uservervillage/prod/userver_log/pixel/2013-06-25/
Read 1154 paths for daylist [2013-06-25]
Found 643 new paths
.Done with file 0/643
....size getting too big, writing to Db
Inserted almost 213866 lines

Wrote 1015 clean list files
renamed directory /home/armita/pixel/staging --> /home/armita/pixel/current
Found 2 save data paths
Read 1015 clean list file
Dir path is /mnt/adnetik/adnetik-uservervillage/prod/userver_log/pixel/2013-06-25/
Read 1154 paths for daylist [2013-06-25]
Found 638 new paths
.Done with file 0/638
.....size getting too big, writing to Db
Inserted almost 225192 lines

Wrote 1021 clean list files
renamed directory /home/armita/pixel/staging --> /home/armita/pixel/current
Found 2 save data paths
Read 1021 clean list file
Dir path is /mnt/adnetik/adnetik-uservervillage/prod/userver_log/pixel/2013-06-25/
Read 1154 paths for daylist [2013-06-25]
Found 632 new paths
.Done with file 0/632
...size getting too big, writing to Db
Inserted almost 209534 lines

Wrote 1025 clean list files
renamed directory /home/armita/pixel/staging --> /home/armita/pixel/current
Found 2 save data paths
Read 1025 clean list file
Dir path is /mnt/adnetik/adnetik-uservervillage/prod/userver_log/pixel/2013-06-25/
Read 1154 paths for daylist [2013-06-25]
Found 628 new paths
.Done with file 0/628
...size getting too big, writing to Db
Inserted almost 215896 lines

Wrote 1029 clean list files
renamed directory /home/armita/pixel/staging --> /home/armita/pixel/current
Found 2 save data paths
Read 1029 clean list file
Dir path is /mnt/adnetik/adnetik-uservervillage/prod/userver_log/pixel/2013-06-25/
Read 1154 paths for daylist [2013-06-25]
Found 624 new paths
.Done with file 0/624
.....size getting too big, writing to Db
Inserted almost 232644 lines

Wrote 1035 clean list files
renamed directory /home/armita/pixel/staging --> /home/armita/pixel/current
Found 2 save data paths
Read 1035 clean list file
Dir path is /mnt/adnetik/adnetik-uservervillage/prod/userver_log/pixel/2013-06-25/
Read 1154 paths for daylist [2013-06-25]
Found 618 new paths
.Done with file 0/618
....size getting too big, writing to Db
Inserted almost 202099 lines

Wrote 1040 clean list files
renamed directory /home/armita/pixel/staging --> /home/armita/pixel/current
Found 2 save data paths
Read 1040 clean list file
Dir path is /mnt/adnetik/adnetik-uservervillage/prod/userver_log/pixel/2013-06-25/
Read 1154 paths for daylist [2013-06-25]
Found 613 new paths
.Done with file 0/613
...size getting too big, writing to Db
Inserted almost 237245 lines

Wrote 1044 clean list files
renamed directory /home/armita/pixel/staging --> /home/armita/pixel/current
Found 2 save data paths
Read 1044 clean list file
Dir path is /mnt/adnetik/adnetik-uservervillage/prod/userver_log/pixel/2013-06-25/
Read 1154 paths for daylist [2013-06-25]
Found 609 new paths
.Done with file 0/609
....size getting too big, writing to Db
Inserted almost 211720 lines

Wrote 1049 clean list files
renamed directory /home/armita/pixel/staging --> /home/armita/pixel/current
Found 2 save data paths
Read 1049 clean list file
Dir path is /mnt/adnetik/adnetik-uservervillage/prod/userver_log/pixel/2013-06-25/
Read 1154 paths for daylist [2013-06-25]
Found 604 new paths
.Done with file 0/604
.....size getting too big, writing to Db
Inserted almost 227208 lines

Wrote 1055 clean list files
renamed directory /home/armita/pixel/staging --> /home/armita/pixel/current
Found 2 save data paths
Read 1055 clean list file
Dir path is /mnt/adnetik/adnetik-uservervillage/prod/userver_log/pixel/2013-06-25/
Read 1154 paths for daylist [2013-06-25]
Found 598 new paths
.Done with file 0/598
....size getting too big, writing to Db
Inserted almost 249108 lines

Wrote 1060 clean list files
renamed directory /home/armita/pixel/staging --> /home/armita/pixel/current
Found 2 save data paths
Read 1060 clean list file
Dir path is /mnt/adnetik/adnetik-uservervillage/prod/userver_log/pixel/2013-06-25/
Read 1154 paths for daylist [2013-06-25]
Found 593 new paths
.Done with file 0/593
....size getting too big, writing to Db
Inserted almost 234117 lines

Wrote 1065 clean list files
renamed directory /home/armita/pixel/staging --> /home/armita/pixel/current
Found 2 save data paths
Read 1065 clean list file
Dir path is /mnt/adnetik/adnetik-uservervillage/prod/userver_log/pixel/2013-06-25/
Read 1154 paths for daylist [2013-06-25]
Found 588 new paths
.Done with file 0/588
.....size getting too big, writing to Db
Inserted almost 227389 lines

Wrote 1071 clean list files
renamed directory /home/armita/pixel/staging --> /home/armita/pixel/current
Found 2 save data paths
Read 1071 clean list file
Dir path is /mnt/adnetik/adnetik-uservervillage/prod/userver_log/pixel/2013-06-25/
Read 1154 paths for daylist [2013-06-25]
Found 582 new paths
.Done with file 0/582
....size getting too big, writing to Db
Inserted almost 229392 lines

Wrote 1076 clean list files
renamed directory /home/armita/pixel/staging --> /home/armita/pixel/current
Found 2 save data paths
Read 1076 clean list file
Dir path is /mnt/adnetik/adnetik-uservervillage/prod/userver_log/pixel/2013-06-25/
Read 1154 paths for daylist [2013-06-25]
Found 577 new paths
.Done with file 0/577
...size getting too big, writing to Db
Inserted almost 236239 lines

Wrote 1080 clean list files
renamed directory /home/armita/pixel/staging --> /home/armita/pixel/current
Found 2 save data paths
Read 1080 clean list file
Dir path is /mnt/adnetik/adnetik-uservervillage/prod/userver_log/pixel/2013-06-25/
Read 1154 paths for daylist [2013-06-25]
Found 573 new paths
.Done with file 0/573
.....size getting too big, writing to Db
Inserted almost 207565 lines

Wrote 1086 clean list files
renamed directory /home/armita/pixel/staging --> /home/armita/pixel/current
Found 2 save data paths
Read 1086 clean list file
Dir path is /mnt/adnetik/adnetik-uservervillage/prod/userver_log/pixel/2013-06-25/
Read 1154 paths for daylist [2013-06-25]
Found 567 new paths
.Done with file 0/567
....size getting too big, writing to Db
Inserted almost 215767 lines

Wrote 1091 clean list files
renamed directory /home/armita/pixel/staging --> /home/armita/pixel/current
Found 2 save data paths
Read 1091 clean list file
Dir path is /mnt/adnetik/adnetik-uservervillage/prod/userver_log/pixel/2013-06-25/
Read 1154 paths for daylist [2013-06-25]
Found 562 new paths
.Done with file 0/562
....size getting too big, writing to Db
Inserted almost 233215 lines

Wrote 1096 clean list files
renamed directory /home/armita/pixel/staging --> /home/armita/pixel/current
Found 2 save data paths
Read 1096 clean list file
Dir path is /mnt/adnetik/adnetik-uservervillage/prod/userver_log/pixel/2013-06-25/
Read 1154 paths for daylist [2013-06-25]
Found 557 new paths
.Done with file 0/557
...size getting too big, writing to Db
Inserted almost 203720 lines

Wrote 1100 clean list files
renamed directory /home/armita/pixel/staging --> /home/armita/pixel/current
Found 2 save data paths
Read 1100 clean list file
Dir path is /mnt/adnetik/adnetik-uservervillage/prod/userver_log/pixel/2013-06-25/
Read 1154 paths for daylist [2013-06-25]
Found 553 new paths
.Done with file 0/553
...size getting too big, writing to Db
Inserted almost 202702 lines

Wrote 1104 clean list files
renamed directory /home/armita/pixel/staging --> /home/armita/pixel/current
Found 2 save data paths
Read 1104 clean list file
Dir path is /mnt/adnetik/adnetik-uservervillage/prod/userver_log/pixel/2013-06-25/
Read 1154 paths for daylist [2013-06-25]
Found 549 new paths
.Done with file 0/549
.....size getting too big, writing to Db
Inserted almost 215105 lines

Wrote 1110 clean list files
renamed directory /home/armita/pixel/staging --> /home/armita/pixel/current
Found 2 save data paths
Read 1110 clean list file
Dir path is /mnt/adnetik/adnetik-uservervillage/prod/userver_log/pixel/2013-06-25/
Read 1154 paths for daylist [2013-06-25]
Found 543 new paths
.Done with file 0/543
.....size getting too big, writing to Db
Inserted almost 249410 lines

Wrote 1116 clean list files
renamed directory /home/armita/pixel/staging --> /home/armita/pixel/current
Found 2 save data paths
Read 1116 clean list file
Dir path is /mnt/adnetik/adnetik-uservervillage/prod/userver_log/pixel/2013-06-25/
Read 1154 paths for daylist [2013-06-25]
Found 537 new paths
.Done with file 0/537
...size getting too big, writing to Db
Inserted almost 205229 lines

Wrote 1120 clean list files
renamed directory /home/armita/pixel/staging --> /home/armita/pixel/current
Found 2 save data paths
Read 1120 clean list file
Dir path is /mnt/adnetik/adnetik-uservervillage/prod/userver_log/pixel/2013-06-25/
Read 1154 paths for daylist [2013-06-25]
Found 533 new paths
.Done with file 0/533
...size getting too big, writing to Db
Inserted almost 207844 lines

Wrote 1124 clean list files
renamed directory /home/armita/pixel/staging --> /home/armita/pixel/current
Found 2 save data paths
Read 1124 clean list file
Dir path is /mnt/adnetik/adnetik-uservervillage/prod/userver_log/pixel/2013-06-25/
Read 1154 paths for daylist [2013-06-25]
Found 529 new paths
.Done with file 0/529
....size getting too big, writing to Db
Inserted almost 207256 lines

Wrote 1129 clean list files
renamed directory /home/armita/pixel/staging --> /home/armita/pixel/current
Found 2 save data paths
Read 1129 clean list file
Dir path is /mnt/adnetik/adnetik-uservervillage/prod/userver_log/pixel/2013-06-25/
Read 1154 paths for daylist [2013-06-25]
Found 524 new paths
.Done with file 0/524
....size getting too big, writing to Db
Inserted almost 213110 lines

Wrote 1134 clean list files
renamed directory /home/armita/pixel/staging --> /home/armita/pixel/current
Found 2 save data paths
Read 1134 clean list file
Dir path is /mnt/adnetik/adnetik-uservervillage/prod/userver_log/pixel/2013-06-25/
Read 1154 paths for daylist [2013-06-25]
Found 519 new paths
.Done with file 0/519
.....size getting too big, writing to Db
Inserted almost 242853 lines

Wrote 1140 clean list files
renamed directory /home/armita/pixel/staging --> /home/armita/pixel/current
Found 2 save data paths
Read 1140 clean list file
Dir path is /mnt/adnetik/adnetik-uservervillage/prod/userver_log/pixel/2013-06-25/
Read 1154 paths for daylist [2013-06-25]
Found 513 new paths
.Done with file 0/513
....size getting too big, writing to Db
Inserted almost 244057 lines

Wrote 1145 clean list files
renamed directory /home/armita/pixel/staging --> /home/armita/pixel/current
Found 2 save data paths
Read 1145 clean list file
Dir path is /mnt/adnetik/adnetik-uservervillage/prod/userver_log/pixel/2013-06-25/
Read 1154 paths for daylist [2013-06-25]
Found 508 new paths
.Done with file 0/508
...size getting too big, writing to Db
Inserted almost 237535 lines

Wrote 1149 clean list files
renamed directory /home/armita/pixel/staging --> /home/armita/pixel/current
Found 2 save data paths
Read 1149 clean list file
Dir path is /mnt/adnetik/adnetik-uservervillage/prod/userver_log/pixel/2013-06-25/
Read 1154 paths for daylist [2013-06-25]
Found 504 new paths
.Done with file 0/504
......size getting too big, writing to Db
Inserted almost 204709 lines

Wrote 1156 clean list files
renamed directory /home/armita/pixel/staging --> /home/armita/pixel/current
Found 2 save data paths
Read 1156 clean list file
Dir path is /mnt/adnetik/adnetik-uservervillage/prod/userver_log/pixel/2013-06-25/
Read 1154 paths for daylist [2013-06-25]
Found 497 new paths
.Done with file 0/497
.....size getting too big, writing to Db
Inserted almost 237512 lines

Wrote 1162 clean list files
renamed directory /home/armita/pixel/staging --> /home/armita/pixel/current
Found 2 save data paths
Read 1162 clean list file
Dir path is /mnt/adnetik/adnetik-uservervillage/prod/userver_log/pixel/2013-06-25/
Read 1154 paths for daylist [2013-06-25]
Found 491 new paths
.Done with file 0/491
....size getting too big, writing to Db
Inserted almost 217227 lines

Wrote 1167 clean list files
renamed directory /home/armita/pixel/staging --> /home/armita/pixel/current
Found 2 save data paths
Read 1167 clean list file
Dir path is /mnt/adnetik/adnetik-uservervillage/prod/userver_log/pixel/2013-06-25/
Read 1154 paths for daylist [2013-06-25]
Found 486 new paths
.Done with file 0/486
...size getting too big, writing to Db
Inserted almost 229528 lines

Wrote 1171 clean list files
renamed directory /home/armita/pixel/staging --> /home/armita/pixel/current
Found 2 save data paths
Read 1171 clean list file
Dir path is /mnt/adnetik/adnetik-uservervillage/prod/userver_log/pixel/2013-06-25/
Read 1154 paths for daylist [2013-06-25]
Found 482 new paths
.Done with file 0/482
....size getting too big, writing to Db
Inserted almost 204033 lines

Wrote 1176 clean list files
renamed directory /home/armita/pixel/staging --> /home/armita/pixel/current
Found 2 save data paths
Read 1176 clean list file
Dir path is /mnt/adnetik/adnetik-uservervillage/prod/userver_log/pixel/2013-06-25/
Read 1154 paths for daylist [2013-06-25]
Found 477 new paths
.Done with file 0/477
.....size getting too big, writing to Db
Inserted almost 205924 lines

Wrote 1182 clean list files
renamed directory /home/armita/pixel/staging --> /home/armita/pixel/current
Found 2 save data paths
Read 1182 clean list file
Dir path is /mnt/adnetik/adnetik-uservervillage/prod/userver_log/pixel/2013-06-25/
Read 1154 paths for daylist [2013-06-25]
Found 471 new paths
.Done with file 0/471
.....size getting too big, writing to Db
Inserted almost 200456 lines

Wrote 1188 clean list files
renamed directory /home/armita/pixel/staging --> /home/armita/pixel/current
Found 2 save data paths
Read 1188 clean list file
Dir path is /mnt/adnetik/adnetik-uservervillage/prod/userver_log/pixel/2013-06-25/
Read 1154 paths for daylist [2013-06-25]
Found 465 new paths
.Done with file 0/465
...size getting too big, writing to Db
Inserted almost 234713 lines

Wrote 1192 clean list files
renamed directory /home/armita/pixel/staging --> /home/armita/pixel/current
Found 2 save data paths
Read 1192 clean list file
Dir path is /mnt/adnetik/adnetik-uservervillage/prod/userver_log/pixel/2013-06-25/
Read 1154 paths for daylist [2013-06-25]
Found 461 new paths
.Done with file 0/461
....size getting too big, writing to Db
Inserted almost 202150 lines

Wrote 1197 clean list files
renamed directory /home/armita/pixel/staging --> /home/armita/pixel/current
Found 2 save data paths
Read 1197 clean list file
Dir path is /mnt/adnetik/adnetik-uservervillage/prod/userver_log/pixel/2013-06-25/
Read 1154 paths for daylist [2013-06-25]
Found 456 new paths
.Done with file 0/456
....size getting too big, writing to Db
Inserted almost 202148 lines

Wrote 1202 clean list files
renamed directory /home/armita/pixel/staging --> /home/armita/pixel/current
Found 2 save data paths
Read 1202 clean list file
Dir path is /mnt/adnetik/adnetik-uservervillage/prod/userver_log/pixel/2013-06-25/
Read 1154 paths for daylist [2013-06-25]
Found 451 new paths
.Done with file 0/451
...size getting too big, writing to Db
Inserted almost 227993 lines

Wrote 1206 clean list files
renamed directory /home/armita/pixel/staging --> /home/armita/pixel/current
Found 2 save data paths
Read 1206 clean list file
Dir path is /mnt/adnetik/adnetik-uservervillage/prod/userver_log/pixel/2013-06-25/
Read 1154 paths for daylist [2013-06-25]
Found 447 new paths
.Done with file 0/447
...size getting too big, writing to Db
Inserted almost 203572 lines

Wrote 1210 clean list files
renamed directory /home/armita/pixel/staging --> /home/armita/pixel/current
Found 2 save data paths
Read 1210 clean list file
Dir path is /mnt/adnetik/adnetik-uservervillage/prod/userver_log/pixel/2013-06-25/
Read 1154 paths for daylist [2013-06-25]
Found 443 new paths
.Done with file 0/443
.....size getting too big, writing to Db
Inserted almost 200947 lines

Wrote 1216 clean list files
renamed directory /home/armita/pixel/staging --> /home/armita/pixel/current
Found 2 save data paths
Read 1216 clean list file
Dir path is /mnt/adnetik/adnetik-uservervillage/prod/userver_log/pixel/2013-06-25/
Read 1154 paths for daylist [2013-06-25]
Found 437 new paths
.Done with file 0/437
....size getting too big, writing to Db
Inserted almost 219024 lines

Wrote 1221 clean list files
renamed directory /home/armita/pixel/staging --> /home/armita/pixel/current
Found 2 save data paths
Read 1221 clean list file
Dir path is /mnt/adnetik/adnetik-uservervillage/prod/userver_log/pixel/2013-06-25/
Read 1154 paths for daylist [2013-06-25]
Found 432 new paths
.Done with file 0/432
...size getting too big, writing to Db
Inserted almost 204425 lines

Wrote 1225 clean list files
renamed directory /home/armita/pixel/staging --> /home/armita/pixel/current
Found 2 save data paths
Read 1225 clean list file
Dir path is /mnt/adnetik/adnetik-uservervillage/prod/userver_log/pixel/2013-06-25/
Read 1154 paths for daylist [2013-06-25]
Found 428 new paths
.Done with file 0/428
.....size getting too big, writing to Db
Inserted almost 206509 lines

Wrote 1231 clean list files
renamed directory /home/armita/pixel/staging --> /home/armita/pixel/current
Found 2 save data paths
Read 1231 clean list file
Dir path is /mnt/adnetik/adnetik-uservervillage/prod/userver_log/pixel/2013-06-25/
Read 1154 paths for daylist [2013-06-25]
Found 422 new paths
.Done with file 0/422
.....size getting too big, writing to Db
Inserted almost 233824 lines

Wrote 1237 clean list files
renamed directory /home/armita/pixel/staging --> /home/armita/pixel/current
Found 2 save data paths
Read 1237 clean list file
Dir path is /mnt/adnetik/adnetik-uservervillage/prod/userver_log/pixel/2013-06-25/
Read 1154 paths for daylist [2013-06-25]
Found 416 new paths
.Done with file 0/416
.....size getting too big, writing to Db
Inserted almost 248625 lines

Wrote 1243 clean list files
renamed directory /home/armita/pixel/staging --> /home/armita/pixel/current
Found 2 save data paths
Read 1243 clean list file
Dir path is /mnt/adnetik/adnetik-uservervillage/prod/userver_log/pixel/2013-06-25/
Read 1154 paths for daylist [2013-06-25]
Found 410 new paths
.Done with file 0/410
...size getting too big, writing to Db
Inserted almost 209175 lines

Wrote 1247 clean list files
renamed directory /home/armita/pixel/staging --> /home/armita/pixel/current
Found 2 save data paths
Read 1247 clean list file
Dir path is /mnt/adnetik/adnetik-uservervillage/prod/userver_log/pixel/2013-06-25/
Read 1154 paths for daylist [2013-06-25]
Found 406 new paths
.Done with file 0/406
.....size getting too big, writing to Db
Inserted almost 201279 lines

Wrote 1253 clean list files
renamed directory /home/armita/pixel/staging --> /home/armita/pixel/current
Found 2 save data paths
Read 1253 clean list file
Dir path is /mnt/adnetik/adnetik-uservervillage/prod/userver_log/pixel/2013-06-25/
Read 1154 paths for daylist [2013-06-25]
Found 400 new paths
.Done with file 0/400
...size getting too big, writing to Db
Inserted almost 206623 lines

Wrote 1257 clean list files
renamed directory /home/armita/pixel/staging --> /home/armita/pixel/current
Found 2 save data paths
Read 1257 clean list file
Dir path is /mnt/adnetik/adnetik-uservervillage/prod/userver_log/pixel/2013-06-25/
Read 1154 paths for daylist [2013-06-25]
Found 396 new paths
.Done with file 0/396
...size getting too big, writing to Db
Inserted almost 202788 lines

Wrote 1261 clean list files
renamed directory /home/armita/pixel/staging --> /home/armita/pixel/current
Found 2 save data paths
Read 1261 clean list file
Dir path is /mnt/adnetik/adnetik-uservervillage/prod/userver_log/pixel/2013-06-25/
Read 1154 paths for daylist [2013-06-25]
Found 392 new paths
.Done with file 0/392
.....size getting too big, writing to Db
Inserted almost 208726 lines

Wrote 1267 clean list files
renamed directory /home/armita/pixel/staging --> /home/armita/pixel/current
Found 2 save data paths
Read 1267 clean list file
Dir path is /mnt/adnetik/adnetik-uservervillage/prod/userver_log/pixel/2013-06-25/
Read 1154 paths for daylist [2013-06-25]
Found 386 new paths
.Done with file 0/386
...size getting too big, writing to Db
Inserted almost 224751 lines

Wrote 1271 clean list files
renamed directory /home/armita/pixel/staging --> /home/armita/pixel/current
Found 2 save data paths
Read 1271 clean list file
Dir path is /mnt/adnetik/adnetik-uservervillage/prod/userver_log/pixel/2013-06-25/
Read 1154 paths for daylist [2013-06-25]
Found 382 new paths
.Done with file 0/382
....size getting too big, writing to Db
Inserted almost 223356 lines

Wrote 1276 clean list files
renamed directory /home/armita/pixel/staging --> /home/armita/pixel/current
Found 2 save data paths
Read 1276 clean list file
Dir path is /mnt/adnetik/adnetik-uservervillage/prod/userver_log/pixel/2013-06-25/
Read 1154 paths for daylist [2013-06-25]
Found 377 new paths
.Done with file 0/377
...size getting too big, writing to Db
Inserted almost 243294 lines

Wrote 1280 clean list files
renamed directory /home/armita/pixel/staging --> /home/armita/pixel/current
Found 2 save data paths
Read 1280 clean list file
Dir path is /mnt/adnetik/adnetik-uservervillage/prod/userver_log/pixel/2013-06-25/
Read 1154 paths for daylist [2013-06-25]
Found 373 new paths
.Done with file 0/373
......size getting too big, writing to Db
Inserted almost 220387 lines

Wrote 1287 clean list files
renamed directory /home/armita/pixel/staging --> /home/armita/pixel/current
Found 2 save data paths
Read 1287 clean list file
Dir path is /mnt/adnetik/adnetik-uservervillage/prod/userver_log/pixel/2013-06-25/
Read 1154 paths for daylist [2013-06-25]
Found 366 new paths
.Done with file 0/366
......size getting too big, writing to Db
Inserted almost 236838 lines

Wrote 1294 clean list files
renamed directory /home/armita/pixel/staging --> /home/armita/pixel/current
Found 2 save data paths
Read 1294 clean list file
Dir path is /mnt/adnetik/adnetik-uservervillage/prod/userver_log/pixel/2013-06-25/
Read 1154 paths for daylist [2013-06-25]
Found 359 new paths
.Done with file 0/359
....size getting too big, writing to Db
Inserted almost 206062 lines

Wrote 1299 clean list files
renamed directory /home/armita/pixel/staging --> /home/armita/pixel/current
Found 2 save data paths
Read 1299 clean list file
Dir path is /mnt/adnetik/adnetik-uservervillage/prod/userver_log/pixel/2013-06-25/
Read 1154 paths for daylist [2013-06-25]
Found 354 new paths
.Done with file 0/354
....size getting too big, writing to Db
Inserted almost 204014 lines

Wrote 1304 clean list files
renamed directory /home/armita/pixel/staging --> /home/armita/pixel/current
Found 2 save data paths
Read 1304 clean list file
Dir path is /mnt/adnetik/adnetik-uservervillage/prod/userver_log/pixel/2013-06-25/
Read 1154 paths for daylist [2013-06-25]
Found 349 new paths
.Done with file 0/349
....size getting too big, writing to Db
Inserted almost 200337 lines

Wrote 1309 clean list files
renamed directory /home/armita/pixel/staging --> /home/armita/pixel/current
Found 2 save data paths
Read 1309 clean list file
Dir path is /mnt/adnetik/adnetik-uservervillage/prod/userver_log/pixel/2013-06-25/
Read 1154 paths for daylist [2013-06-25]
Found 344 new paths
.Done with file 0/344
....size getting too big, writing to Db
Inserted almost 256514 lines

Wrote 1314 clean list files
renamed directory /home/armita/pixel/staging --> /home/armita/pixel/current
Found 2 save data paths
Read 1314 clean list file
Dir path is /mnt/adnetik/adnetik-uservervillage/prod/userver_log/pixel/2013-06-25/
Read 1154 paths for daylist [2013-06-25]
Found 339 new paths
.Done with file 0/339
.....size getting too big, writing to Db
Inserted almost 211121 lines

Wrote 1320 clean list files
renamed directory /home/armita/pixel/staging --> /home/armita/pixel/current
Found 2 save data paths
Read 1320 clean list file
Dir path is /mnt/adnetik/adnetik-uservervillage/prod/userver_log/pixel/2013-06-25/
Read 1154 paths for daylist [2013-06-25]
Found 333 new paths
.Done with file 0/333
...size getting too big, writing to Db
Inserted almost 200201 lines

Wrote 1324 clean list files
renamed directory /home/armita/pixel/staging --> /home/armita/pixel/current
Found 2 save data paths
Read 1324 clean list file
Dir path is /mnt/adnetik/adnetik-uservervillage/prod/userver_log/pixel/2013-06-25/
Read 1154 paths for daylist [2013-06-25]
Found 329 new paths
.Done with file 0/329
.....size getting too big, writing to Db
Inserted almost 209847 lines

Wrote 1330 clean list files
renamed directory /home/armita/pixel/staging --> /home/armita/pixel/current
Found 2 save data paths
Read 1330 clean list file
Dir path is /mnt/adnetik/adnetik-uservervillage/prod/userver_log/pixel/2013-06-25/
Read 1154 paths for daylist [2013-06-25]
Found 323 new paths
.Done with file 0/323
....size getting too big, writing to Db
Inserted almost 226111 lines

Wrote 1335 clean list files
renamed directory /home/armita/pixel/staging --> /home/armita/pixel/current
Found 2 save data paths
Read 1335 clean list file
Dir path is /mnt/adnetik/adnetik-uservervillage/prod/userver_log/pixel/2013-06-25/
Read 1154 paths for daylist [2013-06-25]
Found 318 new paths
.Done with file 0/318
......size getting too big, writing to Db
Inserted almost 245719 lines

Wrote 1342 clean list files
renamed directory /home/armita/pixel/staging --> /home/armita/pixel/current
Found 2 save data paths
Read 1342 clean list file
Dir path is /mnt/adnetik/adnetik-uservervillage/prod/userver_log/pixel/2013-06-25/
Read 1154 paths for daylist [2013-06-25]
Found 311 new paths
.Done with file 0/311
.....size getting too big, writing to Db
Inserted almost 234457 lines

Wrote 1348 clean list files
renamed directory /home/armita/pixel/staging --> /home/armita/pixel/current
Found 2 save data paths
Read 1348 clean list file
Dir path is /mnt/adnetik/adnetik-uservervillage/prod/userver_log/pixel/2013-06-25/
Read 1154 paths for daylist [2013-06-25]
Found 305 new paths
.Done with file 0/305
.......size getting too big, writing to Db
Inserted almost 241882 lines

Wrote 1356 clean list files
renamed directory /home/armita/pixel/staging --> /home/armita/pixel/current
Found 2 save data paths
Read 1356 clean list file
Dir path is /mnt/adnetik/adnetik-uservervillage/prod/userver_log/pixel/2013-06-25/
Read 1154 paths for daylist [2013-06-25]
Found 297 new paths
.Done with file 0/297
...size getting too big, writing to Db
Inserted almost 208181 lines

Wrote 1360 clean list files
renamed directory /home/armita/pixel/staging --> /home/armita/pixel/current
Found 2 save data paths
Read 1360 clean list file
Dir path is /mnt/adnetik/adnetik-uservervillage/prod/userver_log/pixel/2013-06-25/
Read 1154 paths for daylist [2013-06-25]
Found 293 new paths
.Done with file 0/293
.......size getting too big, writing to Db
Inserted almost 213653 lines

Wrote 1368 clean list files
renamed directory /home/armita/pixel/staging --> /home/armita/pixel/current
Found 2 save data paths
Read 1368 clean list file
Dir path is /mnt/adnetik/adnetik-uservervillage/prod/userver_log/pixel/2013-06-25/
Read 1154 paths for daylist [2013-06-25]
Found 285 new paths
.Done with file 0/285
...size getting too big, writing to Db
Inserted almost 201130 lines

Wrote 1372 clean list files
renamed directory /home/armita/pixel/staging --> /home/armita/pixel/current
Found 2 save data paths
Read 1372 clean list file
Dir path is /mnt/adnetik/adnetik-uservervillage/prod/userver_log/pixel/2013-06-25/
Read 1154 paths for daylist [2013-06-25]
Found 281 new paths
.Done with file 0/281
.....size getting too big, writing to Db
Inserted almost 218366 lines

Wrote 1378 clean list files
renamed directory /home/armita/pixel/staging --> /home/armita/pixel/current
Found 2 save data paths
Read 1378 clean list file
Dir path is /mnt/adnetik/adnetik-uservervillage/prod/userver_log/pixel/2013-06-25/
Read 1154 paths for daylist [2013-06-25]
Found 275 new paths
.Done with file 0/275
......size getting too big, writing to Db
Inserted almost 226084 lines

Wrote 1385 clean list files
renamed directory /home/armita/pixel/staging --> /home/armita/pixel/current
Found 2 save data paths
Read 1385 clean list file
Dir path is /mnt/adnetik/adnetik-uservervillage/prod/userver_log/pixel/2013-06-25/
Read 1154 paths for daylist [2013-06-25]
Found 268 new paths
.Done with file 0/268
......size getting too big, writing to Db
Inserted almost 215043 lines

Wrote 1392 clean list files
renamed directory /home/armita/pixel/staging --> /home/armita/pixel/current
Found 2 save data paths
Read 1392 clean list file
Dir path is /mnt/adnetik/adnetik-uservervillage/prod/userver_log/pixel/2013-06-25/
Read 1154 paths for daylist [2013-06-25]
Found 261 new paths
.Done with file 0/261
.......size getting too big, writing to Db
Inserted almost 218665 lines

Wrote 1400 clean list files
renamed directory /home/armita/pixel/staging --> /home/armita/pixel/current
Found 2 save data paths
Read 1400 clean list file
Dir path is /mnt/adnetik/adnetik-uservervillage/prod/userver_log/pixel/2013-06-25/
Read 1154 paths for daylist [2013-06-25]
Found 253 new paths
.Done with file 0/253
....size getting too big, writing to Db
Inserted almost 203441 lines

Wrote 1405 clean list files
renamed directory /home/armita/pixel/staging --> /home/armita/pixel/current
Found 2 save data paths
Read 1405 clean list file
Dir path is /mnt/adnetik/adnetik-uservervillage/prod/userver_log/pixel/2013-06-25/
Read 1154 paths for daylist [2013-06-25]
Found 248 new paths
.Done with file 0/248
.......size getting too big, writing to Db
Inserted almost 225486 lines

Wrote 1413 clean list files
renamed directory /home/armita/pixel/staging --> /home/armita/pixel/current
Found 2 save data paths
Read 1413 clean list file
Dir path is /mnt/adnetik/adnetik-uservervillage/prod/userver_log/pixel/2013-06-25/
Read 1154 paths for daylist [2013-06-25]
Found 240 new paths
.Done with file 0/240
......size getting too big, writing to Db
Inserted almost 215506 lines

Wrote 1420 clean list files
renamed directory /home/armita/pixel/staging --> /home/armita/pixel/current
Found 2 save data paths
Read 1420 clean list file
Dir path is /mnt/adnetik/adnetik-uservervillage/prod/userver_log/pixel/2013-06-25/
Read 1154 paths for daylist [2013-06-25]
Found 233 new paths
.Done with file 0/233
.......size getting too big, writing to Db
Inserted almost 202154 lines

Wrote 1428 clean list files
renamed directory /home/armita/pixel/staging --> /home/armita/pixel/current
Found 2 save data paths
Read 1428 clean list file
Dir path is /mnt/adnetik/adnetik-uservervillage/prod/userver_log/pixel/2013-06-25/
Read 1154 paths for daylist [2013-06-25]
Found 225 new paths
.Done with file 0/225
.....size getting too big, writing to Db
Inserted almost 213655 lines

Wrote 1434 clean list files
renamed directory /home/armita/pixel/staging --> /home/armita/pixel/current
Found 2 save data paths
Read 1434 clean list file
Dir path is /mnt/adnetik/adnetik-uservervillage/prod/userver_log/pixel/2013-06-25/
Read 1154 paths for daylist [2013-06-25]
Found 219 new paths
.Done with file 0/219
........size getting too big, writing to Db
Inserted almost 210119 lines

Wrote 1443 clean list files
renamed directory /home/armita/pixel/staging --> /home/armita/pixel/current
Found 2 save data paths
Read 1443 clean list file
Dir path is /mnt/adnetik/adnetik-uservervillage/prod/userver_log/pixel/2013-06-25/
Read 1154 paths for daylist [2013-06-25]
Found 210 new paths
.Done with file 0/210
.......size getting too big, writing to Db
Inserted almost 216025 lines

Wrote 1451 clean list files
renamed directory /home/armita/pixel/staging --> /home/armita/pixel/current
Found 2 save data paths
Read 1451 clean list file
Dir path is /mnt/adnetik/adnetik-uservervillage/prod/userver_log/pixel/2013-06-25/
Read 1154 paths for daylist [2013-06-25]
Found 202 new paths
.Done with file 0/202
.....size getting too big, writing to Db
Inserted almost 203583 lines

Wrote 1457 clean list files
renamed directory /home/armita/pixel/staging --> /home/armita/pixel/current
Found 2 save data paths
Read 1457 clean list file
Dir path is /mnt/adnetik/adnetik-uservervillage/prod/userver_log/pixel/2013-06-25/
Read 1154 paths for daylist [2013-06-25]
Found 196 new paths
.Done with file 0/196
.......size getting too big, writing to Db
Inserted almost 205560 lines

Wrote 1465 clean list files
renamed directory /home/armita/pixel/staging --> /home/armita/pixel/current
Found 2 save data paths
Read 1465 clean list file
Dir path is /mnt/adnetik/adnetik-uservervillage/prod/userver_log/pixel/2013-06-25/
Read 1154 paths for daylist [2013-06-25]
Found 188 new paths
.Done with file 0/188
.........size getting too big, writing to Db
Inserted almost 232149 lines

Wrote 1475 clean list files
renamed directory /home/armita/pixel/staging --> /home/armita/pixel/current
Found 2 save data paths
Read 1475 clean list file
Dir path is /mnt/adnetik/adnetik-uservervillage/prod/userver_log/pixel/2013-06-25/
Read 1154 paths for daylist [2013-06-25]
Found 178 new paths
.Done with file 0/178
..........Done with file 10/178
size getting too big, writing to Db
Inserted almost 222623 lines

Wrote 1486 clean list files
renamed directory /home/armita/pixel/staging --> /home/armita/pixel/current
Found 2 save data paths
Read 1486 clean list file
Dir path is /mnt/adnetik/adnetik-uservervillage/prod/userver_log/pixel/2013-06-25/
Read 1154 paths for daylist [2013-06-25]
Found 167 new paths
.Done with file 0/167
.........size getting too big, writing to Db
Inserted almost 204213 lines

Wrote 1496 clean list files
renamed directory /home/armita/pixel/staging --> /home/armita/pixel/current
Found 2 save data paths
Read 1496 clean list file
Dir path is /mnt/adnetik/adnetik-uservervillage/prod/userver_log/pixel/2013-06-25/
Read 1154 paths for daylist [2013-06-25]
Found 157 new paths
.Done with file 0/157
.......size getting too big, writing to Db
Inserted almost 200138 lines

Wrote 1504 clean list files
renamed directory /home/armita/pixel/staging --> /home/armita/pixel/current
Found 2 save data paths
Read 1504 clean list file
Dir path is /mnt/adnetik/adnetik-uservervillage/prod/userver_log/pixel/2013-06-25/
Read 1154 paths for daylist [2013-06-25]
Found 149 new paths
.Done with file 0/149
........size getting too big, writing to Db
Inserted almost 218073 lines

Wrote 1513 clean list files
renamed directory /home/armita/pixel/staging --> /home/armita/pixel/current
Found 2 save data paths
Read 1513 clean list file
Dir path is /mnt/adnetik/adnetik-uservervillage/prod/userver_log/pixel/2013-06-25/
Read 1154 paths for daylist [2013-06-25]
Found 140 new paths
.Done with file 0/140
..........Done with file 10/140
size getting too big, writing to Db
Inserted almost 204305 lines

Wrote 1524 clean list files
renamed directory /home/armita/pixel/staging --> /home/armita/pixel/current
Found 2 save data paths
Read 1524 clean list file
Dir path is /mnt/adnetik/adnetik-uservervillage/prod/userver_log/pixel/2013-06-25/
Read 1154 paths for daylist [2013-06-25]
Found 129 new paths
.Done with file 0/129
........size getting too big, writing to Db
Inserted almost 230373 lines

Wrote 1533 clean list files
renamed directory /home/armita/pixel/staging --> /home/armita/pixel/current
Found 2 save data paths
Read 1533 clean list file
Dir path is /mnt/adnetik/adnetik-uservervillage/prod/userver_log/pixel/2013-06-25/
Read 1154 paths for daylist [2013-06-25]
Found 120 new paths
.Done with file 0/120
..........Done with file 10/120
.size getting too big, writing to Db
Inserted almost 203288 lines

Wrote 1545 clean list files
renamed directory /home/armita/pixel/staging --> /home/armita/pixel/current
Found 2 save data paths
Read 1545 clean list file
Dir path is /mnt/adnetik/adnetik-uservervillage/prod/userver_log/pixel/2013-06-25/
Read 1154 paths for daylist [2013-06-25]
Found 108 new paths
.Done with file 0/108
..........Done with file 10/108
size getting too big, writing to Db
Inserted almost 231804 lines

Wrote 1556 clean list files
renamed directory /home/armita/pixel/staging --> /home/armita/pixel/current
Found 2 save data paths
Read 1556 clean list file
Dir path is /mnt/adnetik/adnetik-uservervillage/prod/userver_log/pixel/2013-06-25/
Read 1154 paths for daylist [2013-06-25]
Found 97 new paths
.Done with file 0/97
..........Done with file 10/97
..size getting too big, writing to Db
Inserted almost 210462 lines

Wrote 1569 clean list files
renamed directory /home/armita/pixel/staging --> /home/armita/pixel/current
Found 2 save data paths
Read 1569 clean list file
Dir path is /mnt/adnetik/adnetik-uservervillage/prod/userver_log/pixel/2013-06-25/
Read 1154 paths for daylist [2013-06-25]
Found 84 new paths
.Done with file 0/84
..........Done with file 10/84
.size getting too big, writing to Db
Inserted almost 207528 lines

Wrote 1581 clean list files
renamed directory /home/armita/pixel/staging --> /home/armita/pixel/current
Found 2 save data paths
Read 1581 clean list file
Dir path is /mnt/adnetik/adnetik-uservervillage/prod/userver_log/pixel/2013-06-25/
Read 1154 paths for daylist [2013-06-25]
Found 72 new paths
.Done with file 0/72
..........Done with file 10/72
.size getting too big, writing to Db
Inserted almost 218349 lines

Wrote 1593 clean list files
renamed directory /home/armita/pixel/staging --> /home/armita/pixel/current
Found 2 save data paths
Read 1593 clean list file
Dir path is /mnt/adnetik/adnetik-uservervillage/prod/userver_log/pixel/2013-06-25/
Read 1154 paths for daylist [2013-06-25]
Found 60 new paths
.Done with file 0/60
..........Done with file 10/60
...size getting too big, writing to Db
Inserted almost 219257 lines

Wrote 1607 clean list files
renamed directory /home/armita/pixel/staging --> /home/armita/pixel/current
Found 2 save data paths
Read 1607 clean list file
Dir path is /mnt/adnetik/adnetik-uservervillage/prod/userver_log/pixel/2013-06-25/
Read 1154 paths for daylist [2013-06-25]
Found 46 new paths
.Done with file 0/46
..........Done with file 10/46
...size getting too big, writing to Db
Inserted almost 200131 lines

Wrote 1621 clean list files
renamed directory /home/armita/pixel/staging --> /home/armita/pixel/current
Found 2 save data paths
Read 1621 clean list file
Dir path is /mnt/adnetik/adnetik-uservervillage/prod/userver_log/pixel/2013-06-25/
Read 1154 paths for daylist [2013-06-25]
Found 32 new paths
.Done with file 0/32
..........Done with file 10/32
...size getting too big, writing to Db
Inserted almost 215885 lines

Wrote 1635 clean list files
renamed directory /home/armita/pixel/staging --> /home/armita/pixel/current
Found 2 save data paths
Read 1635 clean list file
Dir path is /mnt/adnetik/adnetik-uservervillage/prod/userver_log/pixel/2013-06-25/
Read 1154 paths for daylist [2013-06-25]
Found 18 new paths
.Done with file 0/18
..........Done with file 10/18
....size getting too big, writing to Db
Inserted almost 203629 lines

Wrote 1650 clean list files
renamed directory /home/armita/pixel/staging --> /home/armita/pixel/current
Found 2 save data paths
Read 1650 clean list file
Dir path is /mnt/adnetik/adnetik-uservervillage/prod/userver_log/pixel/2013-06-25/
Read 1154 paths for daylist [2013-06-25]
Found 3 new paths
.Done with file 0/3
..number of broken lines:+0 

writing to Db

Inserted almost 29292 lines

done writing to Db

Wrote 1653 clean list files
renamed directory /home/armita/pixel/staging --> /home/armita/pixel/current
