nohup: ignoring input
processing date : 2013-08-02
Found 2 save data paths
Read 26200 clean list file
Dir path is /mnt/adnetik/adnetik-uservervillage/prod/userver_log/pixel/2013-08-02/
Read 1245 paths for daylist [2013-08-02]
Found 1245 new paths
.Done with file 0/1245
.nohup: ignoring input
processing date : 2013-08-02
Found 2 save data paths
Read 26200 clean list file
Dir path is /mnt/adnetik/adnetik-uservervillage/prod/userver_log/pixel/2013-08-02/
Read 1245 paths for daylist [2013-08-02]
Found 1245 new paths
.Done with file 0/1245
..........Done with file 10/1245
...size getting too big, writing to Db
Inserted almost 202951 lines

Wrote 26214 clean list files
renamed directory /home/akshay/pixel/staging --> /home/akshay/pixel/current
Found 2 save data paths
Read 26214 clean list file
Dir path is /mnt/adnetik/adnetik-uservervillage/prod/userver_log/pixel/2013-08-02/
Read 1245 paths for daylist [2013-08-02]
Found 1231 new paths
.Done with file 0/1231
..........Done with file 10/1231
....size getting too big, writing to Db
Inserted almost 213894 lines

Wrote 26229 clean list files
renamed directory /home/akshay/pixel/staging --> /home/akshay/pixel/current
Found 2 save data paths
Read 26229 clean list file
Dir path is /mnt/adnetik/adnetik-uservervillage/prod/userver_log/pixel/2013-08-02/
Read 1245 paths for daylist [2013-08-02]
Found 1216 new paths
.Done with file 0/1216
..........Done with file 10/1216
...size getting too big, writing to Db
Inserted almost 203103 lines

Wrote 26243 clean list files
renamed directory /home/akshay/pixel/staging --> /home/akshay/pixel/current
Found 2 save data paths
Read 26243 clean list file
Dir path is /mnt/adnetik/adnetik-uservervillage/prod/userver_log/pixel/2013-08-02/
Read 1245 paths for daylist [2013-08-02]
Found 1202 new paths
.Done with file 0/1202
..........Done with file 10/1202
..size getting too big, writing to Db
Inserted almost 200358 lines

Wrote 26256 clean list files
renamed directory /home/akshay/pixel/staging --> /home/akshay/pixel/current
Found 2 save data paths
Read 26256 clean list file
Dir path is /mnt/adnetik/adnetik-uservervillage/prod/userver_log/pixel/2013-08-02/
Read 1245 paths for daylist [2013-08-02]
Found 1189 new paths
.Done with file 0/1189
..........Done with file 10/1189
..size getting too big, writing to Db
Inserted almost 202621 lines

Wrote 26269 clean list files
renamed directory /home/akshay/pixel/staging --> /home/akshay/pixel/current
Found 2 save data paths
Read 26269 clean list file
Dir path is /mnt/adnetik/adnetik-uservervillage/prod/userver_log/pixel/2013-08-02/
Read 1245 paths for daylist [2013-08-02]
Found 1176 new paths
.Done with file 0/1176
..........Done with file 10/1176
...size getting too big, writing to Db
Inserted almost 214694 lines

Wrote 26283 clean list files
renamed directory /home/akshay/pixel/staging --> /home/akshay/pixel/current
Found 2 save data paths
Read 26283 clean list file
Dir path is /mnt/adnetik/adnetik-uservervillage/prod/userver_log/pixel/2013-08-02/
Read 1245 paths for daylist [2013-08-02]
Found 1162 new paths
.Done with file 0/1162
.........size getting too big, writing to Db
Inserted almost 201391 lines

Wrote 26293 clean list files
renamed directory /home/akshay/pixel/staging --> /home/akshay/pixel/current
Found 2 save data paths
Read 26293 clean list file
Dir path is /mnt/adnetik/adnetik-uservervillage/prod/userver_log/pixel/2013-08-02/
Read 1245 paths for daylist [2013-08-02]
Found 1152 new paths
.Done with file 0/1152
..........Done with file 10/1152
...size getting too big, writing to Db
Inserted almost 222642 lines

Wrote 26307 clean list files
renamed directory /home/akshay/pixel/staging --> /home/akshay/pixel/current
Found 2 save data paths
Read 26307 clean list file
Dir path is /mnt/adnetik/adnetik-uservervillage/prod/userver_log/pixel/2013-08-02/
Read 1245 paths for daylist [2013-08-02]
Found 1138 new paths
.Done with file 0/1138
........size getting too big, writing to Db
Inserted almost 202671 lines

Wrote 26316 clean list files
renamed directory /home/akshay/pixel/staging --> /home/akshay/pixel/current
Found 2 save data paths
Read 26316 clean list file
Dir path is /mnt/adnetik/adnetik-uservervillage/prod/userver_log/pixel/2013-08-02/
Read 1245 paths for daylist [2013-08-02]
Found 1129 new paths
.Done with file 0/1129
.......size getting too big, writing to Db
Inserted almost 214431 lines

Wrote 26324 clean list files
renamed directory /home/akshay/pixel/staging --> /home/akshay/pixel/current
Found 2 save data paths
Read 26324 clean list file
Dir path is /mnt/adnetik/adnetik-uservervillage/prod/userver_log/pixel/2013-08-02/
Read 1245 paths for daylist [2013-08-02]
Found 1121 new paths
.Done with file 0/1121
....size getting too big, writing to Db
Inserted almost 205041 lines

Wrote 26329 clean list files
renamed directory /home/akshay/pixel/staging --> /home/akshay/pixel/current
Found 2 save data paths
Read 26329 clean list file
Dir path is /mnt/adnetik/adnetik-uservervillage/prod/userver_log/pixel/2013-08-02/
Read 1245 paths for daylist [2013-08-02]
Found 1116 new paths
.Done with file 0/1116
..........Done with file 10/1116
...size getting too big, writing to Db
Inserted almost 227901 lines

Wrote 26343 clean list files
renamed directory /home/akshay/pixel/staging --> /home/akshay/pixel/current
Found 2 save data paths
Read 26343 clean list file
Dir path is /mnt/adnetik/adnetik-uservervillage/prod/userver_log/pixel/2013-08-02/
Read 1245 paths for daylist [2013-08-02]
Found 1102 new paths
.Done with file 0/1102
.....size getting too big, writing to Db
Inserted almost 220550 lines

Wrote 26349 clean list files
renamed directory /home/akshay/pixel/staging --> /home/akshay/pixel/current
Found 2 save data paths
Read 26349 clean list file
Dir path is /mnt/adnetik/adnetik-uservervillage/prod/userver_log/pixel/2013-08-02/
Read 1245 paths for daylist [2013-08-02]
Found 1096 new paths
.Done with file 0/1096
.........size getting too big, writing to Db
Inserted almost 208252 lines

Wrote 26359 clean list files
renamed directory /home/akshay/pixel/staging --> /home/akshay/pixel/current
Found 2 save data paths
Read 26359 clean list file
Dir path is /mnt/adnetik/adnetik-uservervillage/prod/userver_log/pixel/2013-08-02/
Read 1245 paths for daylist [2013-08-02]
Found 1086 new paths
.Done with file 0/1086
......size getting too big, writing to Db
Inserted almost 247431 lines

Wrote 26366 clean list files
renamed directory /home/akshay/pixel/staging --> /home/akshay/pixel/current
Found 2 save data paths
Read 26366 clean list file
Dir path is /mnt/adnetik/adnetik-uservervillage/prod/userver_log/pixel/2013-08-02/
Read 1245 paths for daylist [2013-08-02]
Found 1079 new paths
.Done with file 0/1079
....size getting too big, writing to Db
Inserted almost 245612 lines

Wrote 26371 clean list files
renamed directory /home/akshay/pixel/staging --> /home/akshay/pixel/current
Found 2 save data paths
Read 26371 clean list file
Dir path is /mnt/adnetik/adnetik-uservervillage/prod/userver_log/pixel/2013-08-02/
Read 1245 paths for daylist [2013-08-02]
Found 1074 new paths
.Done with file 0/1074
..........Done with file 10/1074
size getting too big, writing to Db
Inserted almost 235866 lines

Wrote 26382 clean list files
renamed directory /home/akshay/pixel/staging --> /home/akshay/pixel/current
Found 2 save data paths
Read 26382 clean list file
Dir path is /mnt/adnetik/adnetik-uservervillage/prod/userver_log/pixel/2013-08-02/
Read 1245 paths for daylist [2013-08-02]
Found 1063 new paths
.Done with file 0/1063
.....size getting too big, writing to Db
Inserted almost 206087 lines

Wrote 26388 clean list files
renamed directory /home/akshay/pixel/staging --> /home/akshay/pixel/current
Found 2 save data paths
Read 26388 clean list file
Dir path is /mnt/adnetik/adnetik-uservervillage/prod/userver_log/pixel/2013-08-02/
Read 1245 paths for daylist [2013-08-02]
Found 1057 new paths
.Done with file 0/1057
.......size getting too big, writing to Db
Inserted almost 205983 lines

Wrote 26396 clean list files
renamed directory /home/akshay/pixel/staging --> /home/akshay/pixel/current
Found 2 save data paths
Read 26396 clean list file
Dir path is /mnt/adnetik/adnetik-uservervillage/prod/userver_log/pixel/2013-08-02/
Read 1245 paths for daylist [2013-08-02]
Found 1049 new paths
.Done with file 0/1049
......size getting too big, writing to Db
Inserted almost 211418 lines

Wrote 26403 clean list files
renamed directory /home/akshay/pixel/staging --> /home/akshay/pixel/current
Found 2 save data paths
Read 26403 clean list file
Dir path is /mnt/adnetik/adnetik-uservervillage/prod/userver_log/pixel/2013-08-02/
Read 1245 paths for daylist [2013-08-02]
Found 1042 new paths
.Done with file 0/1042
....size getting too big, writing to Db
Inserted almost 204467 lines

Wrote 26408 clean list files
renamed directory /home/akshay/pixel/staging --> /home/akshay/pixel/current
Found 2 save data paths
Read 26408 clean list file
Dir path is /mnt/adnetik/adnetik-uservervillage/prod/userver_log/pixel/2013-08-02/
Read 1245 paths for daylist [2013-08-02]
Found 1037 new paths
.Done with file 0/1037
......size getting too big, writing to Db
Inserted almost 212930 lines

Wrote 26415 clean list files
renamed directory /home/akshay/pixel/staging --> /home/akshay/pixel/current
Found 2 save data paths
Read 26415 clean list file
Dir path is /mnt/adnetik/adnetik-uservervillage/prod/userver_log/pixel/2013-08-02/
Read 1245 paths for daylist [2013-08-02]
Found 1030 new paths
.Done with file 0/1030
..........Done with file 10/1030
size getting too big, writing to Db
Inserted almost 241297 lines

Wrote 26426 clean list files
renamed directory /home/akshay/pixel/staging --> /home/akshay/pixel/current
Found 2 save data paths
Read 26426 clean list file
Dir path is /mnt/adnetik/adnetik-uservervillage/prod/userver_log/pixel/2013-08-02/
Read 1245 paths for daylist [2013-08-02]
Found 1019 new paths
.Done with file 0/1019
....size getting too big, writing to Db
Inserted almost 211220 lines

Wrote 26431 clean list files
renamed directory /home/akshay/pixel/staging --> /home/akshay/pixel/current
Found 2 save data paths
Read 26431 clean list file
Dir path is /mnt/adnetik/adnetik-uservervillage/prod/userver_log/pixel/2013-08-02/
Read 1245 paths for daylist [2013-08-02]
Found 1014 new paths
.Done with file 0/1014
.....size getting too big, writing to Db
Inserted almost 253124 lines

Wrote 26437 clean list files
renamed directory /home/akshay/pixel/staging --> /home/akshay/pixel/current
Found 2 save data paths
Read 26437 clean list file
Dir path is /mnt/adnetik/adnetik-uservervillage/prod/userver_log/pixel/2013-08-02/
Read 1245 paths for daylist [2013-08-02]
Found 1008 new paths
.Done with file 0/1008
..........Done with file 10/1008
..size getting too big, writing to Db
Inserted almost 255730 lines

Wrote 26450 clean list files
renamed directory /home/akshay/pixel/staging --> /home/akshay/pixel/current
Found 2 save data paths
Read 26450 clean list file
Dir path is /mnt/adnetik/adnetik-uservervillage/prod/userver_log/pixel/2013-08-02/
Read 1245 paths for daylist [2013-08-02]
Found 995 new paths
.Done with file 0/995
...size getting too big, writing to Db
Inserted almost 261154 lines

Wrote 26454 clean list files
renamed directory /home/akshay/pixel/staging --> /home/akshay/pixel/current
Found 2 save data paths
Read 26454 clean list file
Dir path is /mnt/adnetik/adnetik-uservervillage/prod/userver_log/pixel/2013-08-02/
Read 1245 paths for daylist [2013-08-02]
Found 991 new paths
.Done with file 0/991
....size getting too big, writing to Db
Inserted almost 205140 lines

Wrote 26459 clean list files
renamed directory /home/akshay/pixel/staging --> /home/akshay/pixel/current
Found 2 save data paths
Read 26459 clean list file
Dir path is /mnt/adnetik/adnetik-uservervillage/prod/userver_log/pixel/2013-08-02/
Read 1245 paths for daylist [2013-08-02]
Found 986 new paths
.Done with file 0/986
......size getting too big, writing to Db
Inserted almost 222489 lines

Wrote 26466 clean list files
renamed directory /home/akshay/pixel/staging --> /home/akshay/pixel/current
Found 2 save data paths
Read 26466 clean list file
Dir path is /mnt/adnetik/adnetik-uservervillage/prod/userver_log/pixel/2013-08-02/
Read 1245 paths for daylist [2013-08-02]
Found 979 new paths
.Done with file 0/979
.........size getting too big, writing to Db
Inserted almost 242878 lines

Wrote 26476 clean list files
renamed directory /home/akshay/pixel/staging --> /home/akshay/pixel/current
Found 2 save data paths
Read 26476 clean list file
Dir path is /mnt/adnetik/adnetik-uservervillage/prod/userver_log/pixel/2013-08-02/
Read 1245 paths for daylist [2013-08-02]
Found 969 new paths
.Done with file 0/969
....size getting too big, writing to Db
Inserted almost 204508 lines

Wrote 26481 clean list files
renamed directory /home/akshay/pixel/staging --> /home/akshay/pixel/current
Found 2 save data paths
Read 26481 clean list file
Dir path is /mnt/adnetik/adnetik-uservervillage/prod/userver_log/pixel/2013-08-02/
Read 1245 paths for daylist [2013-08-02]
Found 964 new paths
.Done with file 0/964
......size getting too big, writing to Db
Inserted almost 221577 lines

Wrote 26488 clean list files
renamed directory /home/akshay/pixel/staging --> /home/akshay/pixel/current
Found 2 save data paths
Read 26488 clean list file
Dir path is /mnt/adnetik/adnetik-uservervillage/prod/userver_log/pixel/2013-08-02/
Read 1245 paths for daylist [2013-08-02]
Found 957 new paths
.Done with file 0/957
....size getting too big, writing to Db
Inserted almost 213957 lines

Wrote 26493 clean list files
renamed directory /home/akshay/pixel/staging --> /home/akshay/pixel/current
Found 2 save data paths
Read 26493 clean list file
Dir path is /mnt/adnetik/adnetik-uservervillage/prod/userver_log/pixel/2013-08-02/
Read 1245 paths for daylist [2013-08-02]
Found 952 new paths
.Done with file 0/952
......size getting too big, writing to Db
Inserted almost 200263 lines

Wrote 26500 clean list files
renamed directory /home/akshay/pixel/staging --> /home/akshay/pixel/current
Found 2 save data paths
Read 26500 clean list file
Dir path is /mnt/adnetik/adnetik-uservervillage/prod/userver_log/pixel/2013-08-02/
Read 1245 paths for daylist [2013-08-02]
Found 945 new paths
.Done with file 0/945
......size getting too big, writing to Db
Inserted almost 237735 lines

Wrote 26507 clean list files
renamed directory /home/akshay/pixel/staging --> /home/akshay/pixel/current
Found 2 save data paths
Read 26507 clean list file
Dir path is /mnt/adnetik/adnetik-uservervillage/prod/userver_log/pixel/2013-08-02/
Read 1245 paths for daylist [2013-08-02]
Found 938 new paths
.Done with file 0/938
....size getting too big, writing to Db
Inserted almost 211965 lines

Wrote 26512 clean list files
renamed directory /home/akshay/pixel/staging --> /home/akshay/pixel/current
Found 2 save data paths
Read 26512 clean list file
Dir path is /mnt/adnetik/adnetik-uservervillage/prod/userver_log/pixel/2013-08-02/
Read 1245 paths for daylist [2013-08-02]
Found 933 new paths
.Done with file 0/933
......size getting too big, writing to Db
Inserted almost 219997 lines

Wrote 26519 clean list files
renamed directory /home/akshay/pixel/staging --> /home/akshay/pixel/current
Found 2 save data paths
Read 26519 clean list file
Dir path is /mnt/adnetik/adnetik-uservervillage/prod/userver_log/pixel/2013-08-02/
Read 1245 paths for daylist [2013-08-02]
Found 926 new paths
.Done with file 0/926
....size getting too big, writing to Db
Inserted almost 273232 lines

Wrote 26524 clean list files
renamed directory /home/akshay/pixel/staging --> /home/akshay/pixel/current
Found 2 save data paths
Read 26524 clean list file
Dir path is /mnt/adnetik/adnetik-uservervillage/prod/userver_log/pixel/2013-08-02/
Read 1245 paths for daylist [2013-08-02]
Found 921 new paths
.Done with file 0/921
.........size getting too big, writing to Db
Inserted almost 273013 lines

Wrote 26534 clean list files
renamed directory /home/akshay/pixel/staging --> /home/akshay/pixel/current
Found 2 save data paths
Read 26534 clean list file
Dir path is /mnt/adnetik/adnetik-uservervillage/prod/userver_log/pixel/2013-08-02/
Read 1245 paths for daylist [2013-08-02]
Found 911 new paths
.Done with file 0/911
.....size getting too big, writing to Db
Inserted almost 229133 lines

Wrote 26540 clean list files
renamed directory /home/akshay/pixel/staging --> /home/akshay/pixel/current
Found 2 save data paths
Read 26540 clean list file
Dir path is /mnt/adnetik/adnetik-uservervillage/prod/userver_log/pixel/2013-08-02/
Read 1245 paths for daylist [2013-08-02]
Found 905 new paths
.Done with file 0/905
......size getting too big, writing to Db
Inserted almost 245601 lines

Wrote 26547 clean list files
renamed directory /home/akshay/pixel/staging --> /home/akshay/pixel/current
Found 2 save data paths
Read 26547 clean list file
Dir path is /mnt/adnetik/adnetik-uservervillage/prod/userver_log/pixel/2013-08-02/
Read 1245 paths for daylist [2013-08-02]
Found 898 new paths
.Done with file 0/898
.....size getting too big, writing to Db
Inserted almost 244963 lines

Wrote 26553 clean list files
renamed directory /home/akshay/pixel/staging --> /home/akshay/pixel/current
Found 2 save data paths
Read 26553 clean list file
Dir path is /mnt/adnetik/adnetik-uservervillage/prod/userver_log/pixel/2013-08-02/
Read 1245 paths for daylist [2013-08-02]
Found 892 new paths
.Done with file 0/892
.........size getting too big, writing to Db
Inserted almost 215157 lines

Wrote 26563 clean list files
renamed directory /home/akshay/pixel/staging --> /home/akshay/pixel/current
Found 2 save data paths
Read 26563 clean list file
Dir path is /mnt/adnetik/adnetik-uservervillage/prod/userver_log/pixel/2013-08-02/
Read 1245 paths for daylist [2013-08-02]
Found 882 new paths
.Done with file 0/882
...size getting too big, writing to Db
Inserted almost 214223 lines

Wrote 26567 clean list files
renamed directory /home/akshay/pixel/staging --> /home/akshay/pixel/current
Found 2 save data paths
Read 26567 clean list file
Dir path is /mnt/adnetik/adnetik-uservervillage/prod/userver_log/pixel/2013-08-02/
Read 1245 paths for daylist [2013-08-02]
Found 878 new paths
.Done with file 0/878
...size getting too big, writing to Db
Inserted almost 213572 lines

Wrote 26571 clean list files
renamed directory /home/akshay/pixel/staging --> /home/akshay/pixel/current
Found 2 save data paths
Read 26571 clean list file
Dir path is /mnt/adnetik/adnetik-uservervillage/prod/userver_log/pixel/2013-08-02/
Read 1245 paths for daylist [2013-08-02]
Found 874 new paths
.Done with file 0/874
...size getting too big, writing to Db
Inserted almost 213973 lines

Wrote 26575 clean list files
renamed directory /home/akshay/pixel/staging --> /home/akshay/pixel/current
Found 2 save data paths
Read 26575 clean list file
Dir path is /mnt/adnetik/adnetik-uservervillage/prod/userver_log/pixel/2013-08-02/
Read 1245 paths for daylist [2013-08-02]
Found 870 new paths
.Done with file 0/870
.......size getting too big, writing to Db
Inserted almost 223414 lines

Wrote 26583 clean list files
renamed directory /home/akshay/pixel/staging --> /home/akshay/pixel/current
Found 2 save data paths
Read 26583 clean list file
Dir path is /mnt/adnetik/adnetik-uservervillage/prod/userver_log/pixel/2013-08-02/
Read 1245 paths for daylist [2013-08-02]
Found 862 new paths
.Done with file 0/862
.....size getting too big, writing to Db
Inserted almost 262284 lines

Wrote 26589 clean list files
renamed directory /home/akshay/pixel/staging --> /home/akshay/pixel/current
Found 2 save data paths
Read 26589 clean list file
Dir path is /mnt/adnetik/adnetik-uservervillage/prod/userver_log/pixel/2013-08-02/
Read 1245 paths for daylist [2013-08-02]
Found 856 new paths
.Done with file 0/856
.......size getting too big, writing to Db
Inserted almost 281406 lines

Wrote 26597 clean list files
renamed directory /home/akshay/pixel/staging --> /home/akshay/pixel/current
Found 2 save data paths
Read 26597 clean list file
Dir path is /mnt/adnetik/adnetik-uservervillage/prod/userver_log/pixel/2013-08-02/
Read 1245 paths for daylist [2013-08-02]
Found 848 new paths
.Done with file 0/848
...size getting too big, writing to Db
Inserted almost 229768 lines

Wrote 26601 clean list files
renamed directory /home/akshay/pixel/staging --> /home/akshay/pixel/current
Found 2 save data paths
Read 26601 clean list file
Dir path is /mnt/adnetik/adnetik-uservervillage/prod/userver_log/pixel/2013-08-02/
Read 1245 paths for daylist [2013-08-02]
Found 844 new paths
.Done with file 0/844
...size getting too big, writing to Db
Inserted almost 222711 lines

Wrote 26605 clean list files
renamed directory /home/akshay/pixel/staging --> /home/akshay/pixel/current
Found 2 save data paths
Read 26605 clean list file
Dir path is /mnt/adnetik/adnetik-uservervillage/prod/userver_log/pixel/2013-08-02/
Read 1245 paths for daylist [2013-08-02]
Found 840 new paths
.Done with file 0/840
......size getting too big, writing to Db
Inserted almost 278843 lines

Wrote 26612 clean list files
renamed directory /home/akshay/pixel/staging --> /home/akshay/pixel/current
Found 2 save data paths
Read 26612 clean list file
Dir path is /mnt/adnetik/adnetik-uservervillage/prod/userver_log/pixel/2013-08-02/
Read 1245 paths for daylist [2013-08-02]
Found 833 new paths
.Done with file 0/833
...size getting too big, writing to Db
Inserted almost 219067 lines

Wrote 26616 clean list files
renamed directory /home/akshay/pixel/staging --> /home/akshay/pixel/current
Found 2 save data paths
Read 26616 clean list file
Dir path is /mnt/adnetik/adnetik-uservervillage/prod/userver_log/pixel/2013-08-02/
Read 1245 paths for daylist [2013-08-02]
Found 829 new paths
.Done with file 0/829
......size getting too big, writing to Db
Inserted almost 212156 lines

Wrote 26623 clean list files
renamed directory /home/akshay/pixel/staging --> /home/akshay/pixel/current
Found 2 save data paths
Read 26623 clean list file
Dir path is /mnt/adnetik/adnetik-uservervillage/prod/userver_log/pixel/2013-08-02/
Read 1245 paths for daylist [2013-08-02]
Found 822 new paths
.Done with file 0/822
....size getting too big, writing to Db
Inserted almost 253739 lines

Wrote 26628 clean list files
renamed directory /home/akshay/pixel/staging --> /home/akshay/pixel/current
Found 2 save data paths
Read 26628 clean list file
Dir path is /mnt/adnetik/adnetik-uservervillage/prod/userver_log/pixel/2013-08-02/
Read 1245 paths for daylist [2013-08-02]
Found 817 new paths
.Done with file 0/817
....size getting too big, writing to Db
Inserted almost 249643 lines

Wrote 26633 clean list files
renamed directory /home/akshay/pixel/staging --> /home/akshay/pixel/current
Found 2 save data paths
Read 26633 clean list file
Dir path is /mnt/adnetik/adnetik-uservervillage/prod/userver_log/pixel/2013-08-02/
Read 1245 paths for daylist [2013-08-02]
Found 812 new paths
.Done with file 0/812
......size getting too big, writing to Db
Inserted almost 247067 lines

Wrote 26640 clean list files
renamed directory /home/akshay/pixel/staging --> /home/akshay/pixel/current
Found 2 save data paths
Read 26640 clean list file
Dir path is /mnt/adnetik/adnetik-uservervillage/prod/userver_log/pixel/2013-08-02/
Read 1245 paths for daylist [2013-08-02]
Found 805 new paths
.Done with file 0/805
.....size getting too big, writing to Db
Inserted almost 218251 lines

Wrote 26646 clean list files
renamed directory /home/akshay/pixel/staging --> /home/akshay/pixel/current
Found 2 save data paths
Read 26646 clean list file
Dir path is /mnt/adnetik/adnetik-uservervillage/prod/userver_log/pixel/2013-08-02/
Read 1245 paths for daylist [2013-08-02]
Found 799 new paths
.Done with file 0/799
...size getting too big, writing to Db
Inserted almost 205527 lines

Wrote 26650 clean list files
renamed directory /home/akshay/pixel/staging --> /home/akshay/pixel/current
Found 2 save data paths
Read 26650 clean list file
Dir path is /mnt/adnetik/adnetik-uservervillage/prod/userver_log/pixel/2013-08-02/
Read 1245 paths for daylist [2013-08-02]
Found 795 new paths
.Done with file 0/795
.....size getting too big, writing to Db
Inserted almost 230509 lines

Wrote 26656 clean list files
renamed directory /home/akshay/pixel/staging --> /home/akshay/pixel/current
Found 2 save data paths
Read 26656 clean list file
Dir path is /mnt/adnetik/adnetik-uservervillage/prod/userver_log/pixel/2013-08-02/
Read 1245 paths for daylist [2013-08-02]
Found 789 new paths
.Done with file 0/789
....size getting too big, writing to Db
Inserted almost 220512 lines

Wrote 26661 clean list files
renamed directory /home/akshay/pixel/staging --> /home/akshay/pixel/current
Found 2 save data paths
Read 26661 clean list file
Dir path is /mnt/adnetik/adnetik-uservervillage/prod/userver_log/pixel/2013-08-02/
Read 1245 paths for daylist [2013-08-02]
Found 784 new paths
.Done with file 0/784
...size getting too big, writing to Db
Inserted almost 203273 lines

Wrote 26665 clean list files
renamed directory /home/akshay/pixel/staging --> /home/akshay/pixel/current
Found 2 save data paths
Read 26665 clean list file
Dir path is /mnt/adnetik/adnetik-uservervillage/prod/userver_log/pixel/2013-08-02/
Read 1245 paths for daylist [2013-08-02]
Found 780 new paths
.Done with file 0/780
...size getting too big, writing to Db
Inserted almost 244146 lines

Wrote 26669 clean list files
renamed directory /home/akshay/pixel/staging --> /home/akshay/pixel/current
Found 2 save data paths
Read 26669 clean list file
Dir path is /mnt/adnetik/adnetik-uservervillage/prod/userver_log/pixel/2013-08-02/
Read 1245 paths for daylist [2013-08-02]
Found 776 new paths
.Done with file 0/776
.......size getting too big, writing to Db
Inserted almost 268318 lines

Wrote 26677 clean list files
renamed directory /home/akshay/pixel/staging --> /home/akshay/pixel/current
Found 2 save data paths
Read 26677 clean list file
Dir path is /mnt/adnetik/adnetik-uservervillage/prod/userver_log/pixel/2013-08-02/
Read 1245 paths for daylist [2013-08-02]
Found 768 new paths
.Done with file 0/768
.....size getting too big, writing to Db
Inserted almost 220049 lines

Wrote 26683 clean list files
renamed directory /home/akshay/pixel/staging --> /home/akshay/pixel/current
Found 2 save data paths
Read 26683 clean list file
Dir path is /mnt/adnetik/adnetik-uservervillage/prod/userver_log/pixel/2013-08-02/
Read 1245 paths for daylist [2013-08-02]
Found 762 new paths
.Done with file 0/762
...size getting too big, writing to Db
Inserted almost 201236 lines

Wrote 26687 clean list files
renamed directory /home/akshay/pixel/staging --> /home/akshay/pixel/current
Found 2 save data paths
Read 26687 clean list file
Dir path is /mnt/adnetik/adnetik-uservervillage/prod/userver_log/pixel/2013-08-02/
Read 1245 paths for daylist [2013-08-02]
Found 758 new paths
.Done with file 0/758
.....size getting too big, writing to Db
Inserted almost 213128 lines

Wrote 26693 clean list files
renamed directory /home/akshay/pixel/staging --> /home/akshay/pixel/current
Found 2 save data paths
Read 26693 clean list file
Dir path is /mnt/adnetik/adnetik-uservervillage/prod/userver_log/pixel/2013-08-02/
Read 1245 paths for daylist [2013-08-02]
Found 752 new paths
.Done with file 0/752
.....size getting too big, writing to Db
Inserted almost 267719 lines

Wrote 26699 clean list files
renamed directory /home/akshay/pixel/staging --> /home/akshay/pixel/current
Found 2 save data paths
Read 26699 clean list file
Dir path is /mnt/adnetik/adnetik-uservervillage/prod/userver_log/pixel/2013-08-02/
Read 1245 paths for daylist [2013-08-02]
Found 746 new paths
.Done with file 0/746
......size getting too big, writing to Db
Inserted almost 229057 lines

Wrote 26706 clean list files
renamed directory /home/akshay/pixel/staging --> /home/akshay/pixel/current
Found 2 save data paths
Read 26706 clean list file
Dir path is /mnt/adnetik/adnetik-uservervillage/prod/userver_log/pixel/2013-08-02/
Read 1245 paths for daylist [2013-08-02]
Found 739 new paths
.Done with file 0/739
...size getting too big, writing to Db
Inserted almost 207942 lines

Wrote 26710 clean list files
renamed directory /home/akshay/pixel/staging --> /home/akshay/pixel/current
Found 2 save data paths
Read 26710 clean list file
Dir path is /mnt/adnetik/adnetik-uservervillage/prod/userver_log/pixel/2013-08-02/
Read 1245 paths for daylist [2013-08-02]
Found 735 new paths
.Done with file 0/735
..size getting too big, writing to Db
Inserted almost 203808 lines

Wrote 26713 clean list files
renamed directory /home/akshay/pixel/staging --> /home/akshay/pixel/current
Found 2 save data paths
Read 26713 clean list file
Dir path is /mnt/adnetik/adnetik-uservervillage/prod/userver_log/pixel/2013-08-02/
Read 1245 paths for daylist [2013-08-02]
Found 732 new paths
.Done with file 0/732
.....size getting too big, writing to Db
Inserted almost 222382 lines

Wrote 26719 clean list files
renamed directory /home/akshay/pixel/staging --> /home/akshay/pixel/current
Found 2 save data paths
Read 26719 clean list file
Dir path is /mnt/adnetik/adnetik-uservervillage/prod/userver_log/pixel/2013-08-02/
Read 1245 paths for daylist [2013-08-02]
Found 726 new paths
.Done with file 0/726
...size getting too big, writing to Db
Inserted almost 205551 lines

Wrote 26723 clean list files
renamed directory /home/akshay/pixel/staging --> /home/akshay/pixel/current
Found 2 save data paths
Read 26723 clean list file
Dir path is /mnt/adnetik/adnetik-uservervillage/prod/userver_log/pixel/2013-08-02/
Read 1245 paths for daylist [2013-08-02]
Found 722 new paths
.Done with file 0/722
....size getting too big, writing to Db
Inserted almost 221372 lines

Wrote 26728 clean list files
renamed directory /home/akshay/pixel/staging --> /home/akshay/pixel/current
Found 2 save data paths
Read 26728 clean list file
Dir path is /mnt/adnetik/adnetik-uservervillage/prod/userver_log/pixel/2013-08-02/
Read 1245 paths for daylist [2013-08-02]
Found 717 new paths
.Done with file 0/717
.....size getting too big, writing to Db
Inserted almost 210366 lines

Wrote 26734 clean list files
renamed directory /home/akshay/pixel/staging --> /home/akshay/pixel/current
Found 2 save data paths
Read 26734 clean list file
Dir path is /mnt/adnetik/adnetik-uservervillage/prod/userver_log/pixel/2013-08-02/
Read 1245 paths for daylist [2013-08-02]
Found 711 new paths
.Done with file 0/711
...size getting too big, writing to Db
Inserted almost 208300 lines

Wrote 26738 clean list files
renamed directory /home/akshay/pixel/staging --> /home/akshay/pixel/current
Found 2 save data paths
Read 26738 clean list file
Dir path is /mnt/adnetik/adnetik-uservervillage/prod/userver_log/pixel/2013-08-02/
Read 1245 paths for daylist [2013-08-02]
Found 707 new paths
.Done with file 0/707
....size getting too big, writing to Db
Inserted almost 256755 lines

Wrote 26743 clean list files
renamed directory /home/akshay/pixel/staging --> /home/akshay/pixel/current
Found 2 save data paths
Read 26743 clean list file
Dir path is /mnt/adnetik/adnetik-uservervillage/prod/userver_log/pixel/2013-08-02/
Read 1245 paths for daylist [2013-08-02]
Found 702 new paths
.Done with file 0/702
...size getting too big, writing to Db
Inserted almost 211208 lines

Wrote 26747 clean list files
renamed directory /home/akshay/pixel/staging --> /home/akshay/pixel/current
Found 2 save data paths
Read 26747 clean list file
Dir path is /mnt/adnetik/adnetik-uservervillage/prod/userver_log/pixel/2013-08-02/
Read 1245 paths for daylist [2013-08-02]
Found 698 new paths
.Done with file 0/698
.....size getting too big, writing to Db
Inserted almost 207818 lines

Wrote 26753 clean list files
renamed directory /home/akshay/pixel/staging --> /home/akshay/pixel/current
Found 2 save data paths
Read 26753 clean list file
Dir path is /mnt/adnetik/adnetik-uservervillage/prod/userver_log/pixel/2013-08-02/
Read 1245 paths for daylist [2013-08-02]
Found 692 new paths
.Done with file 0/692
....size getting too big, writing to Db
Inserted almost 208055 lines

Wrote 26758 clean list files
renamed directory /home/akshay/pixel/staging --> /home/akshay/pixel/current
Found 2 save data paths
Read 26758 clean list file
Dir path is /mnt/adnetik/adnetik-uservervillage/prod/userver_log/pixel/2013-08-02/
Read 1245 paths for daylist [2013-08-02]
Found 687 new paths
.Done with file 0/687
...size getting too big, writing to Db
Inserted almost 229934 lines

Wrote 26762 clean list files
renamed directory /home/akshay/pixel/staging --> /home/akshay/pixel/current
Found 2 save data paths
Read 26762 clean list file
Dir path is /mnt/adnetik/adnetik-uservervillage/prod/userver_log/pixel/2013-08-02/
Read 1245 paths for daylist [2013-08-02]
Found 683 new paths
.Done with file 0/683
....size getting too big, writing to Db
Inserted almost 227596 lines

Wrote 26767 clean list files
renamed directory /home/akshay/pixel/staging --> /home/akshay/pixel/current
Found 2 save data paths
Read 26767 clean list file
Dir path is /mnt/adnetik/adnetik-uservervillage/prod/userver_log/pixel/2013-08-02/
Read 1245 paths for daylist [2013-08-02]
Found 678 new paths
.Done with file 0/678
.....size getting too big, writing to Db
Inserted almost 239559 lines

Wrote 26773 clean list files
renamed directory /home/akshay/pixel/staging --> /home/akshay/pixel/current
Found 2 save data paths
Read 26773 clean list file
Dir path is /mnt/adnetik/adnetik-uservervillage/prod/userver_log/pixel/2013-08-02/
Read 1245 paths for daylist [2013-08-02]
Found 672 new paths
.Done with file 0/672
....size getting too big, writing to Db
Inserted almost 230565 lines

Wrote 26778 clean list files
renamed directory /home/akshay/pixel/staging --> /home/akshay/pixel/current
Found 2 save data paths
Read 26778 clean list file
Dir path is /mnt/adnetik/adnetik-uservervillage/prod/userver_log/pixel/2013-08-02/
Read 1245 paths for daylist [2013-08-02]
Found 667 new paths
.Done with file 0/667
....size getting too big, writing to Db
Inserted almost 201890 lines

Wrote 26783 clean list files
renamed directory /home/akshay/pixel/staging --> /home/akshay/pixel/current
Found 2 save data paths
Read 26783 clean list file
Dir path is /mnt/adnetik/adnetik-uservervillage/prod/userver_log/pixel/2013-08-02/
Read 1245 paths for daylist [2013-08-02]
Found 662 new paths
.Done with file 0/662
..size getting too big, writing to Db
Inserted almost 209081 lines

Wrote 26786 clean list files
renamed directory /home/akshay/pixel/staging --> /home/akshay/pixel/current
Found 2 save data paths
Read 26786 clean list file
Dir path is /mnt/adnetik/adnetik-uservervillage/prod/userver_log/pixel/2013-08-02/
Read 1245 paths for daylist [2013-08-02]
Found 659 new paths
.Done with file 0/659
....size getting too big, writing to Db
Inserted almost 233197 lines

Wrote 26791 clean list files
renamed directory /home/akshay/pixel/staging --> /home/akshay/pixel/current
Found 2 save data paths
Read 26791 clean list file
Dir path is /mnt/adnetik/adnetik-uservervillage/prod/userver_log/pixel/2013-08-02/
Read 1245 paths for daylist [2013-08-02]
Found 654 new paths
.Done with file 0/654
......size getting too big, writing to Db
Inserted almost 207896 lines

Wrote 26798 clean list files
renamed directory /home/akshay/pixel/staging --> /home/akshay/pixel/current
Found 2 save data paths
Read 26798 clean list file
Dir path is /mnt/adnetik/adnetik-uservervillage/prod/userver_log/pixel/2013-08-02/
Read 1245 paths for daylist [2013-08-02]
Found 647 new paths
.Done with file 0/647
....size getting too big, writing to Db
Inserted almost 237812 lines

Wrote 26803 clean list files
renamed directory /home/akshay/pixel/staging --> /home/akshay/pixel/current
Found 2 save data paths
Read 26803 clean list file
Dir path is /mnt/adnetik/adnetik-uservervillage/prod/userver_log/pixel/2013-08-02/
Read 1245 paths for daylist [2013-08-02]
Found 642 new paths
.Done with file 0/642
...size getting too big, writing to Db
Inserted almost 242104 lines

Wrote 26807 clean list files
renamed directory /home/akshay/pixel/staging --> /home/akshay/pixel/current
Found 2 save data paths
Read 26807 clean list file
Dir path is /mnt/adnetik/adnetik-uservervillage/prod/userver_log/pixel/2013-08-02/
Read 1245 paths for daylist [2013-08-02]
Found 638 new paths
.Done with file 0/638
......size getting too big, writing to Db
Inserted almost 248148 lines

Wrote 26814 clean list files
renamed directory /home/akshay/pixel/staging --> /home/akshay/pixel/current
Found 2 save data paths
Read 26814 clean list file
Dir path is /mnt/adnetik/adnetik-uservervillage/prod/userver_log/pixel/2013-08-02/
Read 1245 paths for daylist [2013-08-02]
Found 631 new paths
.Done with file 0/631
...size getting too big, writing to Db
Inserted almost 217062 lines

Wrote 26818 clean list files
renamed directory /home/akshay/pixel/staging --> /home/akshay/pixel/current
Found 2 save data paths
Read 26818 clean list file
Dir path is /mnt/adnetik/adnetik-uservervillage/prod/userver_log/pixel/2013-08-02/
Read 1245 paths for daylist [2013-08-02]
Found 627 new paths
.Done with file 0/627
..size getting too big, writing to Db
Inserted almost 205537 lines

Wrote 26821 clean list files
renamed directory /home/akshay/pixel/staging --> /home/akshay/pixel/current
Found 2 save data paths
Read 26821 clean list file
Dir path is /mnt/adnetik/adnetik-uservervillage/prod/userver_log/pixel/2013-08-02/
Read 1245 paths for daylist [2013-08-02]
Found 624 new paths
.Done with file 0/624
.....size getting too big, writing to Db
Inserted almost 246036 lines

Wrote 26827 clean list files
renamed directory /home/akshay/pixel/staging --> /home/akshay/pixel/current
Found 2 save data paths
Read 26827 clean list file
Dir path is /mnt/adnetik/adnetik-uservervillage/prod/userver_log/pixel/2013-08-02/
Read 1245 paths for daylist [2013-08-02]
Found 618 new paths
.Done with file 0/618
....size getting too big, writing to Db
Inserted almost 211727 lines

Wrote 26832 clean list files
renamed directory /home/akshay/pixel/staging --> /home/akshay/pixel/current
Found 2 save data paths
Read 26832 clean list file
Dir path is /mnt/adnetik/adnetik-uservervillage/prod/userver_log/pixel/2013-08-02/
Read 1245 paths for daylist [2013-08-02]
Found 613 new paths
.Done with file 0/613
...size getting too big, writing to Db
Inserted almost 213709 lines

Wrote 26836 clean list files
renamed directory /home/akshay/pixel/staging --> /home/akshay/pixel/current
Found 2 save data paths
Read 26836 clean list file
Dir path is /mnt/adnetik/adnetik-uservervillage/prod/userver_log/pixel/2013-08-02/
Read 1245 paths for daylist [2013-08-02]
Found 609 new paths
.Done with file 0/609
.....size getting too big, writing to Db
Inserted almost 208760 lines

Wrote 26842 clean list files
renamed directory /home/akshay/pixel/staging --> /home/akshay/pixel/current
Found 2 save data paths
Read 26842 clean list file
Dir path is /mnt/adnetik/adnetik-uservervillage/prod/userver_log/pixel/2013-08-02/
Read 1245 paths for daylist [2013-08-02]
Found 603 new paths
.Done with file 0/603
...size getting too big, writing to Db
Inserted almost 215286 lines

Wrote 26846 clean list files
renamed directory /home/akshay/pixel/staging --> /home/akshay/pixel/current
Found 2 save data paths
Read 26846 clean list file
Dir path is /mnt/adnetik/adnetik-uservervillage/prod/userver_log/pixel/2013-08-02/
Read 1245 paths for daylist [2013-08-02]
Found 599 new paths
.Done with file 0/599
...size getting too big, writing to Db
Inserted almost 232096 lines

Wrote 26850 clean list files
renamed directory /home/akshay/pixel/staging --> /home/akshay/pixel/current
Found 2 save data paths
Read 26850 clean list file
Dir path is /mnt/adnetik/adnetik-uservervillage/prod/userver_log/pixel/2013-08-02/
Read 1245 paths for daylist [2013-08-02]
Found 595 new paths
.Done with file 0/595
......size getting too big, writing to Db
Inserted almost 259220 lines

Wrote 26857 clean list files
renamed directory /home/akshay/pixel/staging --> /home/akshay/pixel/current
Found 2 save data paths
Read 26857 clean list file
Dir path is /mnt/adnetik/adnetik-uservervillage/prod/userver_log/pixel/2013-08-02/
Read 1245 paths for daylist [2013-08-02]
Found 588 new paths
.Done with file 0/588
....size getting too big, writing to Db
Inserted almost 212921 lines

Wrote 26862 clean list files
renamed directory /home/akshay/pixel/staging --> /home/akshay/pixel/current
Found 2 save data paths
Read 26862 clean list file
Dir path is /mnt/adnetik/adnetik-uservervillage/prod/userver_log/pixel/2013-08-02/
Read 1245 paths for daylist [2013-08-02]
Found 583 new paths
.Done with file 0/583
.....size getting too big, writing to Db
Inserted almost 223326 lines

Wrote 26868 clean list files
renamed directory /home/akshay/pixel/staging --> /home/akshay/pixel/current
Found 2 save data paths
Read 26868 clean list file
Dir path is /mnt/adnetik/adnetik-uservervillage/prod/userver_log/pixel/2013-08-02/
Read 1245 paths for daylist [2013-08-02]
Found 577 new paths
.Done with file 0/577
...size getting too big, writing to Db
Inserted almost 208051 lines

Wrote 26872 clean list files
renamed directory /home/akshay/pixel/staging --> /home/akshay/pixel/current
Found 2 save data paths
Read 26872 clean list file
Dir path is /mnt/adnetik/adnetik-uservervillage/prod/userver_log/pixel/2013-08-02/
Read 1245 paths for daylist [2013-08-02]
Found 573 new paths
.Done with file 0/573
....size getting too big, writing to Db
Inserted almost 225265 lines

Wrote 26877 clean list files
renamed directory /home/akshay/pixel/staging --> /home/akshay/pixel/current
Found 2 save data paths
Read 26877 clean list file
Dir path is /mnt/adnetik/adnetik-uservervillage/prod/userver_log/pixel/2013-08-02/
Read 1245 paths for daylist [2013-08-02]
Found 568 new paths
.Done with file 0/568
.....size getting too big, writing to Db
Inserted almost 244754 lines

Wrote 26883 clean list files
renamed directory /home/akshay/pixel/staging --> /home/akshay/pixel/current
Found 2 save data paths
Read 26883 clean list file
Dir path is /mnt/adnetik/adnetik-uservervillage/prod/userver_log/pixel/2013-08-02/
Read 1245 paths for daylist [2013-08-02]
Found 562 new paths
.Done with file 0/562
.....size getting too big, writing to Db
Inserted almost 238981 lines

Wrote 26889 clean list files
renamed directory /home/akshay/pixel/staging --> /home/akshay/pixel/current
Found 2 save data paths
Read 26889 clean list file
Dir path is /mnt/adnetik/adnetik-uservervillage/prod/userver_log/pixel/2013-08-02/
Read 1245 paths for daylist [2013-08-02]
Found 556 new paths
.Done with file 0/556
....size getting too big, writing to Db
Inserted almost 216043 lines

Wrote 26894 clean list files
renamed directory /home/akshay/pixel/staging --> /home/akshay/pixel/current
Found 2 save data paths
Read 26894 clean list file
Dir path is /mnt/adnetik/adnetik-uservervillage/prod/userver_log/pixel/2013-08-02/
Read 1245 paths for daylist [2013-08-02]
Found 551 new paths
.Done with file 0/551
...size getting too big, writing to Db
Inserted almost 210453 lines

Wrote 26898 clean list files
renamed directory /home/akshay/pixel/staging --> /home/akshay/pixel/current
Found 2 save data paths
Read 26898 clean list file
Dir path is /mnt/adnetik/adnetik-uservervillage/prod/userver_log/pixel/2013-08-02/
Read 1245 paths for daylist [2013-08-02]
Found 547 new paths
.Done with file 0/547
......size getting too big, writing to Db
Inserted almost 244500 lines

Wrote 26905 clean list files
renamed directory /home/akshay/pixel/staging --> /home/akshay/pixel/current
Found 2 save data paths
Read 26905 clean list file
Dir path is /mnt/adnetik/adnetik-uservervillage/prod/userver_log/pixel/2013-08-02/
Read 1245 paths for daylist [2013-08-02]
Found 540 new paths
.Done with file 0/540
...size getting too big, writing to Db
Inserted almost 207572 lines

Wrote 26909 clean list files
renamed directory /home/akshay/pixel/staging --> /home/akshay/pixel/current
Found 2 save data paths
Read 26909 clean list file
Dir path is /mnt/adnetik/adnetik-uservervillage/prod/userver_log/pixel/2013-08-02/
Read 1245 paths for daylist [2013-08-02]
Found 536 new paths
.Done with file 0/536
......size getting too big, writing to Db
Inserted almost 221688 lines

Wrote 26916 clean list files
renamed directory /home/akshay/pixel/staging --> /home/akshay/pixel/current
Found 2 save data paths
Read 26916 clean list file
Dir path is /mnt/adnetik/adnetik-uservervillage/prod/userver_log/pixel/2013-08-02/
Read 1245 paths for daylist [2013-08-02]
Found 529 new paths
.Done with file 0/529
...size getting too big, writing to Db
Inserted almost 212898 lines

Wrote 26920 clean list files
renamed directory /home/akshay/pixel/staging --> /home/akshay/pixel/current
Found 2 save data paths
Read 26920 clean list file
Dir path is /mnt/adnetik/adnetik-uservervillage/prod/userver_log/pixel/2013-08-02/
Read 1245 paths for daylist [2013-08-02]
Found 525 new paths
.Done with file 0/525
....size getting too big, writing to Db
Inserted almost 205910 lines

Wrote 26925 clean list files
renamed directory /home/akshay/pixel/staging --> /home/akshay/pixel/current
Found 2 save data paths
Read 26925 clean list file
Dir path is /mnt/adnetik/adnetik-uservervillage/prod/userver_log/pixel/2013-08-02/
Read 1245 paths for daylist [2013-08-02]
Found 520 new paths
.Done with file 0/520
....size getting too big, writing to Db
Inserted almost 248355 lines

Wrote 26930 clean list files
renamed directory /home/akshay/pixel/staging --> /home/akshay/pixel/current
Found 2 save data paths
Read 26930 clean list file
Dir path is /mnt/adnetik/adnetik-uservervillage/prod/userver_log/pixel/2013-08-02/
Read 1245 paths for daylist [2013-08-02]
Found 515 new paths
.Done with file 0/515
.....size getting too big, writing to Db
Inserted almost 238464 lines

Wrote 26936 clean list files
renamed directory /home/akshay/pixel/staging --> /home/akshay/pixel/current
Found 2 save data paths
Read 26936 clean list file
Dir path is /mnt/adnetik/adnetik-uservervillage/prod/userver_log/pixel/2013-08-02/
Read 1245 paths for daylist [2013-08-02]
Found 509 new paths
.Done with file 0/509
.....size getting too big, writing to Db
Inserted almost 206987 lines

Wrote 26942 clean list files
renamed directory /home/akshay/pixel/staging --> /home/akshay/pixel/current
Found 2 save data paths
Read 26942 clean list file
Dir path is /mnt/adnetik/adnetik-uservervillage/prod/userver_log/pixel/2013-08-02/
Read 1245 paths for daylist [2013-08-02]
Found 503 new paths
.Done with file 0/503
....size getting too big, writing to Db
Inserted almost 227353 lines

Wrote 26947 clean list files
renamed directory /home/akshay/pixel/staging --> /home/akshay/pixel/current
Found 2 save data paths
Read 26947 clean list file
Dir path is /mnt/adnetik/adnetik-uservervillage/prod/userver_log/pixel/2013-08-02/
Read 1245 paths for daylist [2013-08-02]
Found 498 new paths
.Done with file 0/498
....size getting too big, writing to Db
Inserted almost 213640 lines

Wrote 26952 clean list files
renamed directory /home/akshay/pixel/staging --> /home/akshay/pixel/current
Found 2 save data paths
Read 26952 clean list file
Dir path is /mnt/adnetik/adnetik-uservervillage/prod/userver_log/pixel/2013-08-02/
Read 1245 paths for daylist [2013-08-02]
Found 493 new paths
.Done with file 0/493
.....size getting too big, writing to Db
Inserted almost 234383 lines

Wrote 26958 clean list files
renamed directory /home/akshay/pixel/staging --> /home/akshay/pixel/current
Found 2 save data paths
Read 26958 clean list file
Dir path is /mnt/adnetik/adnetik-uservervillage/prod/userver_log/pixel/2013-08-02/
Read 1245 paths for daylist [2013-08-02]
Found 487 new paths
.Done with file 0/487
....size getting too big, writing to Db
Inserted almost 246966 lines

Wrote 26963 clean list files
renamed directory /home/akshay/pixel/staging --> /home/akshay/pixel/current
Found 2 save data paths
Read 26963 clean list file
Dir path is /mnt/adnetik/adnetik-uservervillage/prod/userver_log/pixel/2013-08-02/
Read 1245 paths for daylist [2013-08-02]
Found 482 new paths
.Done with file 0/482
...size getting too big, writing to Db
Inserted almost 210829 lines

Wrote 26967 clean list files
renamed directory /home/akshay/pixel/staging --> /home/akshay/pixel/current
Found 2 save data paths
Read 26967 clean list file
Dir path is /mnt/adnetik/adnetik-uservervillage/prod/userver_log/pixel/2013-08-02/
Read 1245 paths for daylist [2013-08-02]
Found 478 new paths
.Done with file 0/478
......size getting too big, writing to Db
Inserted almost 235314 lines

Wrote 26974 clean list files
renamed directory /home/akshay/pixel/staging --> /home/akshay/pixel/current
Found 2 save data paths
Read 26974 clean list file
Dir path is /mnt/adnetik/adnetik-uservervillage/prod/userver_log/pixel/2013-08-02/
Read 1245 paths for daylist [2013-08-02]
Found 471 new paths
.Done with file 0/471
....size getting too big, writing to Db
Inserted almost 220087 lines

Wrote 26979 clean list files
renamed directory /home/akshay/pixel/staging --> /home/akshay/pixel/current
Found 2 save data paths
Read 26979 clean list file
Dir path is /mnt/adnetik/adnetik-uservervillage/prod/userver_log/pixel/2013-08-02/
Read 1245 paths for daylist [2013-08-02]
Found 466 new paths
.Done with file 0/466
....size getting too big, writing to Db
Inserted almost 200850 lines

Wrote 26984 clean list files
renamed directory /home/akshay/pixel/staging --> /home/akshay/pixel/current
Found 2 save data paths
Read 26984 clean list file
Dir path is /mnt/adnetik/adnetik-uservervillage/prod/userver_log/pixel/2013-08-02/
Read 1245 paths for daylist [2013-08-02]
Found 461 new paths
.Done with file 0/461
........size getting too big, writing to Db
Inserted almost 244007 lines

Wrote 26993 clean list files
renamed directory /home/akshay/pixel/staging --> /home/akshay/pixel/current
Found 2 save data paths
Read 26993 clean list file
Dir path is /mnt/adnetik/adnetik-uservervillage/prod/userver_log/pixel/2013-08-02/
Read 1245 paths for daylist [2013-08-02]
Found 452 new paths
.Done with file 0/452
....size getting too big, writing to Db
Inserted almost 216745 lines

Wrote 26998 clean list files
renamed directory /home/akshay/pixel/staging --> /home/akshay/pixel/current
Found 2 save data paths
Read 26998 clean list file
Dir path is /mnt/adnetik/adnetik-uservervillage/prod/userver_log/pixel/2013-08-02/
Read 1245 paths for daylist [2013-08-02]
Found 447 new paths
.Done with file 0/447
....size getting too big, writing to Db
Inserted almost 233428 lines

Wrote 27003 clean list files
renamed directory /home/akshay/pixel/staging --> /home/akshay/pixel/current
Found 2 save data paths
Read 27003 clean list file
Dir path is /mnt/adnetik/adnetik-uservervillage/prod/userver_log/pixel/2013-08-02/
Read 1245 paths for daylist [2013-08-02]
Found 442 new paths
.Done with file 0/442
....size getting too big, writing to Db
Inserted almost 212865 lines

Wrote 27008 clean list files
renamed directory /home/akshay/pixel/staging --> /home/akshay/pixel/current
Found 2 save data paths
Read 27008 clean list file
Dir path is /mnt/adnetik/adnetik-uservervillage/prod/userver_log/pixel/2013-08-02/
Read 1245 paths for daylist [2013-08-02]
Found 437 new paths
.Done with file 0/437
......size getting too big, writing to Db
Inserted almost 219314 lines

Wrote 27015 clean list files
renamed directory /home/akshay/pixel/staging --> /home/akshay/pixel/current
Found 2 save data paths
Read 27015 clean list file
Dir path is /mnt/adnetik/adnetik-uservervillage/prod/userver_log/pixel/2013-08-02/
Read 1245 paths for daylist [2013-08-02]
Found 430 new paths
.Done with file 0/430
....size getting too big, writing to Db
Inserted almost 209651 lines

Wrote 27020 clean list files
renamed directory /home/akshay/pixel/staging --> /home/akshay/pixel/current
Found 2 save data paths
Read 27020 clean list file
Dir path is /mnt/adnetik/adnetik-uservervillage/prod/userver_log/pixel/2013-08-02/
Read 1245 paths for daylist [2013-08-02]
Found 425 new paths
.Done with file 0/425
....size getting too big, writing to Db
Inserted almost 214364 lines

Wrote 27025 clean list files
renamed directory /home/akshay/pixel/staging --> /home/akshay/pixel/current
Found 2 save data paths
Read 27025 clean list file
Dir path is /mnt/adnetik/adnetik-uservervillage/prod/userver_log/pixel/2013-08-02/
Read 1245 paths for daylist [2013-08-02]
Found 420 new paths
.Done with file 0/420
......size getting too big, writing to Db
Inserted almost 229111 lines

Wrote 27032 clean list files
renamed directory /home/akshay/pixel/staging --> /home/akshay/pixel/current
Found 2 save data paths
Read 27032 clean list file
Dir path is /mnt/adnetik/adnetik-uservervillage/prod/userver_log/pixel/2013-08-02/
Read 1245 paths for daylist [2013-08-02]
Found 413 new paths
.Done with file 0/413
....size getting too big, writing to Db
Inserted almost 206094 lines

Wrote 27037 clean list files
renamed directory /home/akshay/pixel/staging --> /home/akshay/pixel/current
Found 2 save data paths
Read 27037 clean list file
Dir path is /mnt/adnetik/adnetik-uservervillage/prod/userver_log/pixel/2013-08-02/
Read 1245 paths for daylist [2013-08-02]
Found 408 new paths
.Done with file 0/408
......size getting too big, writing to Db
Inserted almost 228152 lines

Wrote 27044 clean list files
renamed directory /home/akshay/pixel/staging --> /home/akshay/pixel/current
Found 2 save data paths
Read 27044 clean list file
Dir path is /mnt/adnetik/adnetik-uservervillage/prod/userver_log/pixel/2013-08-02/
Read 1245 paths for daylist [2013-08-02]
Found 401 new paths
.Done with file 0/401
....size getting too big, writing to Db
Inserted almost 217694 lines

Wrote 27049 clean list files
renamed directory /home/akshay/pixel/staging --> /home/akshay/pixel/current
Found 2 save data paths
Read 27049 clean list file
Dir path is /mnt/adnetik/adnetik-uservervillage/prod/userver_log/pixel/2013-08-02/
Read 1245 paths for daylist [2013-08-02]
Found 396 new paths
.Done with file 0/396
......size getting too big, writing to Db
Inserted almost 246783 lines

Wrote 27056 clean list files
renamed directory /home/akshay/pixel/staging --> /home/akshay/pixel/current
Found 2 save data paths
Read 27056 clean list file
Dir path is /mnt/adnetik/adnetik-uservervillage/prod/userver_log/pixel/2013-08-02/
Read 1245 paths for daylist [2013-08-02]
Found 389 new paths
.Done with file 0/389
....size getting too big, writing to Db
Inserted almost 214976 lines

Wrote 27061 clean list files
renamed directory /home/akshay/pixel/staging --> /home/akshay/pixel/current
Found 2 save data paths
Read 27061 clean list file
Dir path is /mnt/adnetik/adnetik-uservervillage/prod/userver_log/pixel/2013-08-02/
Read 1245 paths for daylist [2013-08-02]
Found 384 new paths
.Done with file 0/384
.....size getting too big, writing to Db
Inserted almost 222687 lines

Wrote 27067 clean list files
renamed directory /home/akshay/pixel/staging --> /home/akshay/pixel/current
Found 2 save data paths
Read 27067 clean list file
Dir path is /mnt/adnetik/adnetik-uservervillage/prod/userver_log/pixel/2013-08-02/
Read 1245 paths for daylist [2013-08-02]
Found 378 new paths
.Done with file 0/378
......size getting too big, writing to Db
Inserted almost 218028 lines

Wrote 27074 clean list files
renamed directory /home/akshay/pixel/staging --> /home/akshay/pixel/current
Found 2 save data paths
Read 27074 clean list file
Dir path is /mnt/adnetik/adnetik-uservervillage/prod/userver_log/pixel/2013-08-02/
Read 1245 paths for daylist [2013-08-02]
Found 371 new paths
.Done with file 0/371
....size getting too big, writing to Db
Inserted almost 227658 lines

Wrote 27079 clean list files
renamed directory /home/akshay/pixel/staging --> /home/akshay/pixel/current
Found 2 save data paths
Read 27079 clean list file
Dir path is /mnt/adnetik/adnetik-uservervillage/prod/userver_log/pixel/2013-08-02/
Read 1245 paths for daylist [2013-08-02]
Found 366 new paths
.Done with file 0/366
.....size getting too big, writing to Db
Inserted almost 229506 lines

Wrote 27085 clean list files
renamed directory /home/akshay/pixel/staging --> /home/akshay/pixel/current
Found 2 save data paths
Read 27085 clean list file
Dir path is /mnt/adnetik/adnetik-uservervillage/prod/userver_log/pixel/2013-08-02/
Read 1245 paths for daylist [2013-08-02]
Found 360 new paths
.Done with file 0/360
......size getting too big, writing to Db
Inserted almost 244048 lines

Wrote 27092 clean list files
renamed directory /home/akshay/pixel/staging --> /home/akshay/pixel/current
Found 2 save data paths
Read 27092 clean list file
Dir path is /mnt/adnetik/adnetik-uservervillage/prod/userver_log/pixel/2013-08-02/
Read 1245 paths for daylist [2013-08-02]
Found 353 new paths
.Done with file 0/353
.....size getting too big, writing to Db
Inserted almost 255282 lines

Wrote 27098 clean list files
renamed directory /home/akshay/pixel/staging --> /home/akshay/pixel/current
Found 2 save data paths
Read 27098 clean list file
Dir path is /mnt/adnetik/adnetik-uservervillage/prod/userver_log/pixel/2013-08-02/
Read 1245 paths for daylist [2013-08-02]
Found 347 new paths
.Done with file 0/347
....size getting too big, writing to Db
Inserted almost 201152 lines

Wrote 27103 clean list files
renamed directory /home/akshay/pixel/staging --> /home/akshay/pixel/current
Found 2 save data paths
Read 27103 clean list file
Dir path is /mnt/adnetik/adnetik-uservervillage/prod/userver_log/pixel/2013-08-02/
Read 1245 paths for daylist [2013-08-02]
Found 342 new paths
.Done with file 0/342
....size getting too big, writing to Db
Inserted almost 245666 lines

Wrote 27108 clean list files
renamed directory /home/akshay/pixel/staging --> /home/akshay/pixel/current
Found 2 save data paths
Read 27108 clean list file
Dir path is /mnt/adnetik/adnetik-uservervillage/prod/userver_log/pixel/2013-08-02/
Read 1245 paths for daylist [2013-08-02]
Found 337 new paths
.Done with file 0/337
.....size getting too big, writing to Db
Inserted almost 205368 lines

Wrote 27114 clean list files
renamed directory /home/akshay/pixel/staging --> /home/akshay/pixel/current
Found 2 save data paths
Read 27114 clean list file
Dir path is /mnt/adnetik/adnetik-uservervillage/prod/userver_log/pixel/2013-08-02/
Read 1245 paths for daylist [2013-08-02]
Found 331 new paths
.Done with file 0/331
.....size getting too big, writing to Db
Inserted almost 239107 lines

Wrote 27120 clean list files
renamed directory /home/akshay/pixel/staging --> /home/akshay/pixel/current
Found 2 save data paths
Read 27120 clean list file
Dir path is /mnt/adnetik/adnetik-uservervillage/prod/userver_log/pixel/2013-08-02/
Read 1245 paths for daylist [2013-08-02]
Found 325 new paths
.Done with file 0/325
.....size getting too big, writing to Db
Inserted almost 212351 lines

Wrote 27126 clean list files
renamed directory /home/akshay/pixel/staging --> /home/akshay/pixel/current
Found 2 save data paths
Read 27126 clean list file
Dir path is /mnt/adnetik/adnetik-uservervillage/prod/userver_log/pixel/2013-08-02/
Read 1245 paths for daylist [2013-08-02]
Found 319 new paths
.Done with file 0/319
......size getting too big, writing to Db
Inserted almost 259232 lines

Wrote 27133 clean list files
renamed directory /home/akshay/pixel/staging --> /home/akshay/pixel/current
Found 2 save data paths
Read 27133 clean list file
Dir path is /mnt/adnetik/adnetik-uservervillage/prod/userver_log/pixel/2013-08-02/
Read 1245 paths for daylist [2013-08-02]
Found 312 new paths
.Done with file 0/312
......size getting too big, writing to Db
Inserted almost 212046 lines

Wrote 27140 clean list files
renamed directory /home/akshay/pixel/staging --> /home/akshay/pixel/current
Found 2 save data paths
Read 27140 clean list file
Dir path is /mnt/adnetik/adnetik-uservervillage/prod/userver_log/pixel/2013-08-02/
Read 1245 paths for daylist [2013-08-02]
Found 305 new paths
.Done with file 0/305
...size getting too big, writing to Db
Inserted almost 209728 lines

Wrote 27144 clean list files
renamed directory /home/akshay/pixel/staging --> /home/akshay/pixel/current
Found 2 save data paths
Read 27144 clean list file
Dir path is /mnt/adnetik/adnetik-uservervillage/prod/userver_log/pixel/2013-08-02/
Read 1245 paths for daylist [2013-08-02]
Found 301 new paths
.Done with file 0/301
....size getting too big, writing to Db
Inserted almost 222229 lines

Wrote 27149 clean list files
renamed directory /home/akshay/pixel/staging --> /home/akshay/pixel/current
Found 2 save data paths
Read 27149 clean list file
Dir path is /mnt/adnetik/adnetik-uservervillage/prod/userver_log/pixel/2013-08-02/
Read 1245 paths for daylist [2013-08-02]
Found 296 new paths
.Done with file 0/296
.......size getting too big, writing to Db
Inserted almost 230300 lines

Wrote 27157 clean list files
renamed directory /home/akshay/pixel/staging --> /home/akshay/pixel/current
Found 2 save data paths
Read 27157 clean list file
Dir path is /mnt/adnetik/adnetik-uservervillage/prod/userver_log/pixel/2013-08-02/
Read 1245 paths for daylist [2013-08-02]
Found 288 new paths
.Done with file 0/288
.....size getting too big, writing to Db
Inserted almost 208983 lines

Wrote 27163 clean list files
renamed directory /home/akshay/pixel/staging --> /home/akshay/pixel/current
Found 2 save data paths
Read 27163 clean list file
Dir path is /mnt/adnetik/adnetik-uservervillage/prod/userver_log/pixel/2013-08-02/
Read 1245 paths for daylist [2013-08-02]
Found 282 new paths
.Done with file 0/282
.....size getting too big, writing to Db
Inserted almost 201231 lines

Wrote 27169 clean list files
renamed directory /home/akshay/pixel/staging --> /home/akshay/pixel/current
Found 2 save data paths
Read 27169 clean list file
Dir path is /mnt/adnetik/adnetik-uservervillage/prod/userver_log/pixel/2013-08-02/
Read 1245 paths for daylist [2013-08-02]
Found 276 new paths
.Done with file 0/276
.....size getting too big, writing to Db
Inserted almost 206260 lines

Wrote 27175 clean list files
renamed directory /home/akshay/pixel/staging --> /home/akshay/pixel/current
Found 2 save data paths
Read 27175 clean list file
Dir path is /mnt/adnetik/adnetik-uservervillage/prod/userver_log/pixel/2013-08-02/
Read 1245 paths for daylist [2013-08-02]
Found 270 new paths
.Done with file 0/270
......size getting too big, writing to Db
Inserted almost 216644 lines

Wrote 27182 clean list files
renamed directory /home/akshay/pixel/staging --> /home/akshay/pixel/current
Found 2 save data paths
Read 27182 clean list file
Dir path is /mnt/adnetik/adnetik-uservervillage/prod/userver_log/pixel/2013-08-02/
Read 1245 paths for daylist [2013-08-02]
Found 263 new paths
.Done with file 0/263
........size getting too big, writing to Db
Inserted almost 237084 lines

Wrote 27191 clean list files
renamed directory /home/akshay/pixel/staging --> /home/akshay/pixel/current
Found 2 save data paths
Read 27191 clean list file
Dir path is /mnt/adnetik/adnetik-uservervillage/prod/userver_log/pixel/2013-08-02/
Read 1245 paths for daylist [2013-08-02]
Found 254 new paths
.Done with file 0/254
......size getting too big, writing to Db
Inserted almost 219958 lines

Wrote 27198 clean list files
renamed directory /home/akshay/pixel/staging --> /home/akshay/pixel/current
Found 2 save data paths
Read 27198 clean list file
Dir path is /mnt/adnetik/adnetik-uservervillage/prod/userver_log/pixel/2013-08-02/
Read 1245 paths for daylist [2013-08-02]
Found 247 new paths
.Done with file 0/247
......size getting too big, writing to Db
Inserted almost 211656 lines

Wrote 27205 clean list files
renamed directory /home/akshay/pixel/staging --> /home/akshay/pixel/current
Found 2 save data paths
Read 27205 clean list file
Dir path is /mnt/adnetik/adnetik-uservervillage/prod/userver_log/pixel/2013-08-02/
Read 1245 paths for daylist [2013-08-02]
Found 240 new paths
.Done with file 0/240
.........size getting too big, writing to Db
Inserted almost 213483 lines

Wrote 27215 clean list files
renamed directory /home/akshay/pixel/staging --> /home/akshay/pixel/current
Found 2 save data paths
Read 27215 clean list file
Dir path is /mnt/adnetik/adnetik-uservervillage/prod/userver_log/pixel/2013-08-02/
Read 1245 paths for daylist [2013-08-02]
Found 230 new paths
.Done with file 0/230
......size getting too big, writing to Db
Inserted almost 211847 lines

Wrote 27222 clean list files
renamed directory /home/akshay/pixel/staging --> /home/akshay/pixel/current
Found 2 save data paths
Read 27222 clean list file
Dir path is /mnt/adnetik/adnetik-uservervillage/prod/userver_log/pixel/2013-08-02/
Read 1245 paths for daylist [2013-08-02]
Found 223 new paths
.Done with file 0/223
........size getting too big, writing to Db
Inserted almost 228032 lines

Wrote 27231 clean list files
renamed directory /home/akshay/pixel/staging --> /home/akshay/pixel/current
Found 2 save data paths
Read 27231 clean list file
Dir path is /mnt/adnetik/adnetik-uservervillage/prod/userver_log/pixel/2013-08-02/
Read 1245 paths for daylist [2013-08-02]
Found 214 new paths
.Done with file 0/214
........size getting too big, writing to Db
Inserted almost 201697 lines

Wrote 27240 clean list files
renamed directory /home/akshay/pixel/staging --> /home/akshay/pixel/current
Found 2 save data paths
Read 27240 clean list file
Dir path is /mnt/adnetik/adnetik-uservervillage/prod/userver_log/pixel/2013-08-02/
Read 1245 paths for daylist [2013-08-02]
Found 205 new paths
.Done with file 0/205
.......size getting too big, writing to Db
Inserted almost 218119 lines

Wrote 27248 clean list files
renamed directory /home/akshay/pixel/staging --> /home/akshay/pixel/current
Found 2 save data paths
Read 27248 clean list file
Dir path is /mnt/adnetik/adnetik-uservervillage/prod/userver_log/pixel/2013-08-02/
Read 1245 paths for daylist [2013-08-02]
Found 197 new paths
.Done with file 0/197
.........size getting too big, writing to Db
Inserted almost 233033 lines

Wrote 27258 clean list files
renamed directory /home/akshay/pixel/staging --> /home/akshay/pixel/current
Found 2 save data paths
Read 27258 clean list file
Dir path is /mnt/adnetik/adnetik-uservervillage/prod/userver_log/pixel/2013-08-02/
Read 1245 paths for daylist [2013-08-02]
Found 187 new paths
.Done with file 0/187
.......size getting too big, writing to Db
Inserted almost 212129 lines

Wrote 27266 clean list files
renamed directory /home/akshay/pixel/staging --> /home/akshay/pixel/current
Found 2 save data paths
Read 27266 clean list file
Dir path is /mnt/adnetik/adnetik-uservervillage/prod/userver_log/pixel/2013-08-02/
Read 1245 paths for daylist [2013-08-02]
Found 179 new paths
.Done with file 0/179
..........Done with file 10/179
..size getting too big, writing to Db
Inserted almost 202857 lines

Wrote 27279 clean list files
renamed directory /home/akshay/pixel/staging --> /home/akshay/pixel/current
Found 2 save data paths
Read 27279 clean list file
Dir path is /mnt/adnetik/adnetik-uservervillage/prod/userver_log/pixel/2013-08-02/
Read 1245 paths for daylist [2013-08-02]
Found 166 new paths
.Done with file 0/166
.........size getting too big, writing to Db
Inserted almost 243439 lines

Wrote 27289 clean list files
renamed directory /home/akshay/pixel/staging --> /home/akshay/pixel/current
Found 2 save data paths
Read 27289 clean list file
Dir path is /mnt/adnetik/adnetik-uservervillage/prod/userver_log/pixel/2013-08-02/
Read 1245 paths for daylist [2013-08-02]
Found 156 new paths
.Done with file 0/156
..........Done with file 10/156
.size getting too big, writing to Db
Inserted almost 208304 lines

Wrote 27301 clean list files
renamed directory /home/akshay/pixel/staging --> /home/akshay/pixel/current
Found 2 save data paths
Read 27301 clean list file
Dir path is /mnt/adnetik/adnetik-uservervillage/prod/userver_log/pixel/2013-08-02/
Read 1245 paths for daylist [2013-08-02]
Found 144 new paths
.Done with file 0/144
........size getting too big, writing to Db
Inserted almost 201744 lines

Wrote 27310 clean list files
renamed directory /home/akshay/pixel/staging --> /home/akshay/pixel/current
Found 2 save data paths
Read 27310 clean list file
Dir path is /mnt/adnetik/adnetik-uservervillage/prod/userver_log/pixel/2013-08-02/
Read 1245 paths for daylist [2013-08-02]
Found 135 new paths
.Done with file 0/135
..........Done with file 10/135
size getting too big, writing to Db
Inserted almost 210171 lines

Wrote 27321 clean list files
renamed directory /home/akshay/pixel/staging --> /home/akshay/pixel/current
Found 2 save data paths
Read 27321 clean list file
Dir path is /mnt/adnetik/adnetik-uservervillage/prod/userver_log/pixel/2013-08-02/
Read 1245 paths for daylist [2013-08-02]
Found 124 new paths
.Done with file 0/124
..........Done with file 10/124
...size getting too big, writing to Db
Inserted almost 204477 lines

Wrote 27335 clean list files
renamed directory /home/akshay/pixel/staging --> /home/akshay/pixel/current
Found 2 save data paths
Read 27335 clean list file
Dir path is /mnt/adnetik/adnetik-uservervillage/prod/userver_log/pixel/2013-08-02/
Read 1245 paths for daylist [2013-08-02]
Found 110 new paths
.Done with file 0/110
..........Done with file 10/110
.size getting too big, writing to Db
Inserted almost 208910 lines

Wrote 27347 clean list files
renamed directory /home/akshay/pixel/staging --> /home/akshay/pixel/current
Found 2 save data paths
Read 27347 clean list file
Dir path is /mnt/adnetik/adnetik-uservervillage/prod/userver_log/pixel/2013-08-02/
Read 1245 paths for daylist [2013-08-02]
Found 98 new paths
.Done with file 0/98
..........Done with file 10/98
.size getting too big, writing to Db
Inserted almost 213453 lines

Wrote 27359 clean list files
renamed directory /home/akshay/pixel/staging --> /home/akshay/pixel/current
Found 2 save data paths
Read 27359 clean list file
Dir path is /mnt/adnetik/adnetik-uservervillage/prod/userver_log/pixel/2013-08-02/
Read 1245 paths for daylist [2013-08-02]
Found 86 new paths
.Done with file 0/86
..........Done with file 10/86
....size getting too big, writing to Db
Inserted almost 202978 lines

Wrote 27374 clean list files
renamed directory /home/akshay/pixel/staging --> /home/akshay/pixel/current
Found 2 save data paths
Read 27374 clean list file
Dir path is /mnt/adnetik/adnetik-uservervillage/prod/userver_log/pixel/2013-08-02/
Read 1245 paths for daylist [2013-08-02]
Found 71 new paths
.Done with file 0/71
..........Done with file 10/71
..size getting too big, writing to Db
Inserted almost 201632 lines

Wrote 27387 clean list files
renamed directory /home/akshay/pixel/staging --> /home/akshay/pixel/current
Found 2 save data paths
Read 27387 clean list file
Dir path is /mnt/adnetik/adnetik-uservervillage/prod/userver_log/pixel/2013-08-02/
Read 1245 paths for daylist [2013-08-02]
Found 58 new paths
.Done with file 0/58
..........Done with file 10/58
..size getting too big, writing to Db
Inserted almost 212236 lines

Wrote 27400 clean list files
renamed directory /home/akshay/pixel/staging --> /home/akshay/pixel/current
Found 2 save data paths
Read 27400 clean list file
Dir path is /mnt/adnetik/adnetik-uservervillage/prod/userver_log/pixel/2013-08-02/
Read 1245 paths for daylist [2013-08-02]
Found 45 new paths
.Done with file 0/45
..........Done with file 10/45
......size getting too big, writing to Db
Inserted almost 201924 lines

Wrote 27417 clean list files
renamed directory /home/akshay/pixel/staging --> /home/akshay/pixel/current
Found 2 save data paths
Read 27417 clean list file
Dir path is /mnt/adnetik/adnetik-uservervillage/prod/userver_log/pixel/2013-08-02/
Read 1245 paths for daylist [2013-08-02]
Found 28 new paths
.Done with file 0/28
..........Done with file 10/28
......size getting too big, writing to Db
Inserted almost 210475 lines

Wrote 27434 clean list files
renamed directory /home/akshay/pixel/staging --> /home/akshay/pixel/current
Found 2 save data paths
Read 27434 clean list file
Dir path is /mnt/adnetik/adnetik-uservervillage/prod/userver_log/pixel/2013-08-02/
Read 1245 paths for daylist [2013-08-02]
Found 11 new paths
.Done with file 0/11
..........Done with file 10/11
number of broken lines:+0 

writing to Db

Inserted almost 137896 lines

done writing to Db

Wrote 27445 clean list files
renamed directory /home/akshay/pixel/staging --> /home/akshay/pixel/current
