nohup: ignoring input
processing date : 2013-07-09
Found 2 save data paths
Read 0 clean list file
Dir path is /mnt/adnetik/adnetik-uservervillage/prod/userver_log/pixel/2013-07-09/
Read 1251 paths for daylist [2013-07-09]
Found 1251 new paths
.Done with file 0/1251
..........Done with file 10/1251
......size getting too big, writing to Db
Inserted almost 201938 lines

Wrote 17 clean list files
renamed directory /home/armita/pixel/staging --> /home/armita/pixel/current
Found 2 save data paths
Read 17 clean list file
Dir path is /mnt/adnetik/adnetik-uservervillage/prod/userver_log/pixel/2013-07-09/
Read 1251 paths for daylist [2013-07-09]
Found 1234 new paths
.Done with file 0/1234
..........Done with file 10/1234
......size getting too big, writing to Db
Inserted almost 200224 lines

Wrote 34 clean list files
renamed directory /home/armita/pixel/staging --> /home/armita/pixel/current
Found 2 save data paths
Read 34 clean list file
Dir path is /mnt/adnetik/adnetik-uservervillage/prod/userver_log/pixel/2013-07-09/
Read 1251 paths for daylist [2013-07-09]
Found 1217 new paths
.Done with file 0/1217
..........Done with file 10/1217
.......size getting too big, writing to Db
Inserted almost 218805 lines

Wrote 52 clean list files
renamed directory /home/armita/pixel/staging --> /home/armita/pixel/current
Found 2 save data paths
Read 52 clean list file
Dir path is /mnt/adnetik/adnetik-uservervillage/prod/userver_log/pixel/2013-07-09/
Read 1251 paths for daylist [2013-07-09]
Found 1199 new paths
.Done with file 0/1199
..........Done with file 10/1199
........size getting too big, writing to Db
Inserted almost 204255 lines

Wrote 71 clean list files
renamed directory /home/armita/pixel/staging --> /home/armita/pixel/current
Found 2 save data paths
Read 71 clean list file
Dir path is /mnt/adnetik/adnetik-uservervillage/prod/userver_log/pixel/2013-07-09/
Read 1251 paths for daylist [2013-07-09]
Found 1180 new paths
.Done with file 0/1180
..........Done with file 10/1180
....size getting too big, writing to Db
Inserted almost 203691 lines

Wrote 86 clean list files
renamed directory /home/armita/pixel/staging --> /home/armita/pixel/current
Found 2 save data paths
Read 86 clean list file
Dir path is /mnt/adnetik/adnetik-uservervillage/prod/userver_log/pixel/2013-07-09/
Read 1251 paths for daylist [2013-07-09]
Found 1165 new paths
.Done with file 0/1165
..........Done with file 10/1165
....size getting too big, writing to Db
Inserted almost 205810 lines

Wrote 101 clean list files
renamed directory /home/armita/pixel/staging --> /home/armita/pixel/current
Found 2 save data paths
Read 101 clean list file
Dir path is /mnt/adnetik/adnetik-uservervillage/prod/userver_log/pixel/2013-07-09/
Read 1251 paths for daylist [2013-07-09]
Found 1150 new paths
.Done with file 0/1150
..........Done with file 10/1150
size getting too big, writing to Db
Inserted almost 205466 lines

Wrote 112 clean list files
renamed directory /home/armita/pixel/staging --> /home/armita/pixel/current
Found 2 save data paths
Read 112 clean list file
Dir path is /mnt/adnetik/adnetik-uservervillage/prod/userver_log/pixel/2013-07-09/
Read 1251 paths for daylist [2013-07-09]
Found 1139 new paths
.Done with file 0/1139
..........Done with file 10/1139
size getting too big, writing to Db
Inserted almost 211615 lines

Wrote 123 clean list files
renamed directory /home/armita/pixel/staging --> /home/armita/pixel/current
Found 2 save data paths
Read 123 clean list file
Dir path is /mnt/adnetik/adnetik-uservervillage/prod/userver_log/pixel/2013-07-09/
Read 1251 paths for daylist [2013-07-09]
Found 1128 new paths
.Done with file 0/1128
..........Done with file 10/1128
....size getting too big, writing to Db
Inserted almost 203734 lines

Wrote 138 clean list files
renamed directory /home/armita/pixel/staging --> /home/armita/pixel/current
Found 2 save data paths
Read 138 clean list file
Dir path is /mnt/adnetik/adnetik-uservervillage/prod/userver_log/pixel/2013-07-09/
Read 1251 paths for daylist [2013-07-09]
Found 1113 new paths
.Done with file 0/1113
.....size getting too big, writing to Db
Inserted almost 200437 lines

Wrote 144 clean list files
renamed directory /home/armita/pixel/staging --> /home/armita/pixel/current
Found 2 save data paths
Read 144 clean list file
Dir path is /mnt/adnetik/adnetik-uservervillage/prod/userver_log/pixel/2013-07-09/
Read 1251 paths for daylist [2013-07-09]
Found 1107 new paths
.Done with file 0/1107
........size getting too big, writing to Db
Inserted almost 209510 lines

Wrote 153 clean list files
renamed directory /home/armita/pixel/staging --> /home/armita/pixel/current
Found 2 save data paths
Read 153 clean list file
Dir path is /mnt/adnetik/adnetik-uservervillage/prod/userver_log/pixel/2013-07-09/
Read 1251 paths for daylist [2013-07-09]
Found 1098 new paths
.Done with file 0/1098
..........Done with file 10/1098
.size getting too big, writing to Db
Inserted almost 231154 lines

Wrote 165 clean list files
renamed directory /home/armita/pixel/staging --> /home/armita/pixel/current
Found 2 save data paths
Read 165 clean list file
Dir path is /mnt/adnetik/adnetik-uservervillage/prod/userver_log/pixel/2013-07-09/
Read 1251 paths for daylist [2013-07-09]
Found 1086 new paths
.Done with file 0/1086
..........Done with file 10/1086
size getting too big, writing to Db
Inserted almost 203324 lines

Wrote 176 clean list files
renamed directory /home/armita/pixel/staging --> /home/armita/pixel/current
Found 2 save data paths
Read 176 clean list file
Dir path is /mnt/adnetik/adnetik-uservervillage/prod/userver_log/pixel/2013-07-09/
Read 1251 paths for daylist [2013-07-09]
Found 1075 new paths
.Done with file 0/1075
....size getting too big, writing to Db
Inserted almost 225849 lines

Wrote 181 clean list files
renamed directory /home/armita/pixel/staging --> /home/armita/pixel/current
Found 2 save data paths
Read 181 clean list file
Dir path is /mnt/adnetik/adnetik-uservervillage/prod/userver_log/pixel/2013-07-09/
Read 1251 paths for daylist [2013-07-09]
Found 1070 new paths
.Done with file 0/1070
..........Done with file 10/1070
.size getting too big, writing to Db
Inserted almost 247119 lines

Wrote 193 clean list files
renamed directory /home/armita/pixel/staging --> /home/armita/pixel/current
Found 2 save data paths
Read 193 clean list file
Dir path is /mnt/adnetik/adnetik-uservervillage/prod/userver_log/pixel/2013-07-09/
Read 1251 paths for daylist [2013-07-09]
Found 1058 new paths
.Done with file 0/1058
.........size getting too big, writing to Db
Inserted almost 228708 lines

Wrote 203 clean list files
renamed directory /home/armita/pixel/staging --> /home/armita/pixel/current
Found 2 save data paths
Read 203 clean list file
Dir path is /mnt/adnetik/adnetik-uservervillage/prod/userver_log/pixel/2013-07-09/
Read 1251 paths for daylist [2013-07-09]
Found 1048 new paths
.Done with file 0/1048
.........size getting too big, writing to Db
Inserted almost 256717 lines

Wrote 213 clean list files
renamed directory /home/armita/pixel/staging --> /home/armita/pixel/current
Found 2 save data paths
Read 213 clean list file
Dir path is /mnt/adnetik/adnetik-uservervillage/prod/userver_log/pixel/2013-07-09/
Read 1251 paths for daylist [2013-07-09]
Found 1038 new paths
.Done with file 0/1038
.........size getting too big, writing to Db
Inserted almost 245923 lines

Wrote 223 clean list files
renamed directory /home/armita/pixel/staging --> /home/armita/pixel/current
Found 2 save data paths
Read 223 clean list file
Dir path is /mnt/adnetik/adnetik-uservervillage/prod/userver_log/pixel/2013-07-09/
Read 1251 paths for daylist [2013-07-09]
Found 1028 new paths
.Done with file 0/1028
........size getting too big, writing to Db
Inserted almost 238010 lines

Wrote 232 clean list files
renamed directory /home/armita/pixel/staging --> /home/armita/pixel/current
Found 2 save data paths
Read 232 clean list file
Dir path is /mnt/adnetik/adnetik-uservervillage/prod/userver_log/pixel/2013-07-09/
Read 1251 paths for daylist [2013-07-09]
Found 1019 new paths
.Done with file 0/1019
......size getting too big, writing to Db
Inserted almost 220853 lines

Wrote 239 clean list files
renamed directory /home/armita/pixel/staging --> /home/armita/pixel/current
Found 2 save data paths
Read 239 clean list file
Dir path is /mnt/adnetik/adnetik-uservervillage/prod/userver_log/pixel/2013-07-09/
Read 1251 paths for daylist [2013-07-09]
Found 1012 new paths
.Done with file 0/1012
..........Done with file 10/1012
size getting too big, writing to Db
Inserted almost 207423 lines

Wrote 250 clean list files
renamed directory /home/armita/pixel/staging --> /home/armita/pixel/current
Found 2 save data paths
Read 250 clean list file
Dir path is /mnt/adnetik/adnetik-uservervillage/prod/userver_log/pixel/2013-07-09/
Read 1251 paths for daylist [2013-07-09]
Found 1001 new paths
.Done with file 0/1001
.....size getting too big, writing to Db
Inserted almost 227539 lines

Wrote 256 clean list files
renamed directory /home/armita/pixel/staging --> /home/armita/pixel/current
Found 2 save data paths
Read 256 clean list file
Dir path is /mnt/adnetik/adnetik-uservervillage/prod/userver_log/pixel/2013-07-09/
Read 1251 paths for daylist [2013-07-09]
Found 995 new paths
.Done with file 0/995
..........Done with file 10/995
size getting too big, writing to Db
Inserted almost 205281 lines

Wrote 267 clean list files
renamed directory /home/armita/pixel/staging --> /home/armita/pixel/current
Found 2 save data paths
Read 267 clean list file
Dir path is /mnt/adnetik/adnetik-uservervillage/prod/userver_log/pixel/2013-07-09/
Read 1251 paths for daylist [2013-07-09]
Found 984 new paths
.Done with file 0/984
....size getting too big, writing to Db
Inserted almost 215658 lines

Wrote 272 clean list files
renamed directory /home/armita/pixel/staging --> /home/armita/pixel/current
Found 2 save data paths
Read 272 clean list file
Dir path is /mnt/adnetik/adnetik-uservervillage/prod/userver_log/pixel/2013-07-09/
Read 1251 paths for daylist [2013-07-09]
Found 979 new paths
.Done with file 0/979
..........Done with file 10/979
size getting too big, writing to Db
Inserted almost 205390 lines

Wrote 283 clean list files
renamed directory /home/armita/pixel/staging --> /home/armita/pixel/current
Found 2 save data paths
Read 283 clean list file
Dir path is /mnt/adnetik/adnetik-uservervillage/prod/userver_log/pixel/2013-07-09/
Read 1251 paths for daylist [2013-07-09]
Found 968 new paths
.Done with file 0/968
......size getting too big, writing to Db
Inserted almost 225369 lines

Wrote 290 clean list files
renamed directory /home/armita/pixel/staging --> /home/armita/pixel/current
Found 2 save data paths
Read 290 clean list file
Dir path is /mnt/adnetik/adnetik-uservervillage/prod/userver_log/pixel/2013-07-09/
Read 1251 paths for daylist [2013-07-09]
Found 961 new paths
.Done with file 0/961
.........size getting too big, writing to Db
Inserted almost 205030 lines

Wrote 300 clean list files
renamed directory /home/armita/pixel/staging --> /home/armita/pixel/current
Found 2 save data paths
Read 300 clean list file
Dir path is /mnt/adnetik/adnetik-uservervillage/prod/userver_log/pixel/2013-07-09/
Read 1251 paths for daylist [2013-07-09]
Found 951 new paths
.Done with file 0/951
........size getting too big, writing to Db
Inserted almost 253493 lines

Wrote 309 clean list files
renamed directory /home/armita/pixel/staging --> /home/armita/pixel/current
Found 2 save data paths
Read 309 clean list file
Dir path is /mnt/adnetik/adnetik-uservervillage/prod/userver_log/pixel/2013-07-09/
Read 1251 paths for daylist [2013-07-09]
Found 942 new paths
.Done with file 0/942
......size getting too big, writing to Db
Inserted almost 263225 lines

Wrote 316 clean list files
renamed directory /home/armita/pixel/staging --> /home/armita/pixel/current
Found 2 save data paths
Read 316 clean list file
Dir path is /mnt/adnetik/adnetik-uservervillage/prod/userver_log/pixel/2013-07-09/
Read 1251 paths for daylist [2013-07-09]
Found 935 new paths
.Done with file 0/935
........size getting too big, writing to Db
Inserted almost 261127 lines

Wrote 325 clean list files
renamed directory /home/armita/pixel/staging --> /home/armita/pixel/current
Found 2 save data paths
Read 325 clean list file
Dir path is /mnt/adnetik/adnetik-uservervillage/prod/userver_log/pixel/2013-07-09/
Read 1251 paths for daylist [2013-07-09]
Found 926 new paths
.Done with file 0/926
.......size getting too big, writing to Db
Inserted almost 200839 lines

Wrote 333 clean list files
renamed directory /home/armita/pixel/staging --> /home/armita/pixel/current
Found 2 save data paths
Read 333 clean list file
Dir path is /mnt/adnetik/adnetik-uservervillage/prod/userver_log/pixel/2013-07-09/
Read 1251 paths for daylist [2013-07-09]
Found 918 new paths
.Done with file 0/918
......size getting too big, writing to Db
Inserted almost 204271 lines

Wrote 340 clean list files
renamed directory /home/armita/pixel/staging --> /home/armita/pixel/current
Found 2 save data paths
Read 340 clean list file
Dir path is /mnt/adnetik/adnetik-uservervillage/prod/userver_log/pixel/2013-07-09/
Read 1251 paths for daylist [2013-07-09]
Found 911 new paths
.Done with file 0/911
.....size getting too big, writing to Db
Inserted almost 202248 lines

Wrote 346 clean list files
renamed directory /home/armita/pixel/staging --> /home/armita/pixel/current
Found 2 save data paths
Read 346 clean list file
Dir path is /mnt/adnetik/adnetik-uservervillage/prod/userver_log/pixel/2013-07-09/
Read 1251 paths for daylist [2013-07-09]
Found 905 new paths
.Done with file 0/905
......size getting too big, writing to Db
Inserted almost 212986 lines

Wrote 353 clean list files
renamed directory /home/armita/pixel/staging --> /home/armita/pixel/current
Found 2 save data paths
Read 353 clean list file
Dir path is /mnt/adnetik/adnetik-uservervillage/prod/userver_log/pixel/2013-07-09/
Read 1251 paths for daylist [2013-07-09]
Found 898 new paths
.Done with file 0/898
.....size getting too big, writing to Db
Inserted almost 210507 lines

Wrote 359 clean list files
renamed directory /home/armita/pixel/staging --> /home/armita/pixel/current
Found 2 save data paths
Read 359 clean list file
Dir path is /mnt/adnetik/adnetik-uservervillage/prod/userver_log/pixel/2013-07-09/
Read 1251 paths for daylist [2013-07-09]
Found 892 new paths
.Done with file 0/892
......size getting too big, writing to Db
Inserted almost 227626 lines

Wrote 366 clean list files
renamed directory /home/armita/pixel/staging --> /home/armita/pixel/current
Found 2 save data paths
Read 366 clean list file
Dir path is /mnt/adnetik/adnetik-uservervillage/prod/userver_log/pixel/2013-07-09/
Read 1251 paths for daylist [2013-07-09]
Found 885 new paths
.Done with file 0/885
.......size getting too big, writing to Db
Inserted almost 235681 lines

Wrote 374 clean list files
renamed directory /home/armita/pixel/staging --> /home/armita/pixel/current
Found 2 save data paths
Read 374 clean list file
Dir path is /mnt/adnetik/adnetik-uservervillage/prod/userver_log/pixel/2013-07-09/
Read 1251 paths for daylist [2013-07-09]
Found 877 new paths
.Done with file 0/877
....size getting too big, writing to Db
Inserted almost 254568 lines

Wrote 379 clean list files
renamed directory /home/armita/pixel/staging --> /home/armita/pixel/current
Found 2 save data paths
Read 379 clean list file
Dir path is /mnt/adnetik/adnetik-uservervillage/prod/userver_log/pixel/2013-07-09/
Read 1251 paths for daylist [2013-07-09]
Found 872 new paths
.Done with file 0/872
......size getting too big, writing to Db
Inserted almost 231421 lines

Wrote 386 clean list files
renamed directory /home/armita/pixel/staging --> /home/armita/pixel/current
Found 2 save data paths
Read 386 clean list file
Dir path is /mnt/adnetik/adnetik-uservervillage/prod/userver_log/pixel/2013-07-09/
Read 1251 paths for daylist [2013-07-09]
Found 865 new paths
.Done with file 0/865
........size getting too big, writing to Db
Inserted almost 268349 lines

Wrote 395 clean list files
renamed directory /home/armita/pixel/staging --> /home/armita/pixel/current
Found 2 save data paths
Read 395 clean list file
Dir path is /mnt/adnetik/adnetik-uservervillage/prod/userver_log/pixel/2013-07-09/
Read 1251 paths for daylist [2013-07-09]
Found 856 new paths
.Done with file 0/856
.....size getting too big, writing to Db
Inserted almost 211061 lines

Wrote 401 clean list files
renamed directory /home/armita/pixel/staging --> /home/armita/pixel/current
Found 2 save data paths
Read 401 clean list file
Dir path is /mnt/adnetik/adnetik-uservervillage/prod/userver_log/pixel/2013-07-09/
Read 1251 paths for daylist [2013-07-09]
Found 850 new paths
.Done with file 0/850
.....size getting too big, writing to Db
Inserted almost 230859 lines

Wrote 407 clean list files
renamed directory /home/armita/pixel/staging --> /home/armita/pixel/current
Found 2 save data paths
Read 407 clean list file
Dir path is /mnt/adnetik/adnetik-uservervillage/prod/userver_log/pixel/2013-07-09/
Read 1251 paths for daylist [2013-07-09]
Found 844 new paths
.Done with file 0/844
.....size getting too big, writing to Db
Inserted almost 216532 lines

Wrote 413 clean list files
renamed directory /home/armita/pixel/staging --> /home/armita/pixel/current
Found 2 save data paths
Read 413 clean list file
Dir path is /mnt/adnetik/adnetik-uservervillage/prod/userver_log/pixel/2013-07-09/
Read 1251 paths for daylist [2013-07-09]
Found 838 new paths
.Done with file 0/838
.....size getting too big, writing to Db
Inserted almost 202132 lines

Wrote 419 clean list files
renamed directory /home/armita/pixel/staging --> /home/armita/pixel/current
Found 2 save data paths
Read 419 clean list file
Dir path is /mnt/adnetik/adnetik-uservervillage/prod/userver_log/pixel/2013-07-09/
Read 1251 paths for daylist [2013-07-09]
Found 832 new paths
.Done with file 0/832
......size getting too big, writing to Db
Inserted almost 249497 lines

Wrote 426 clean list files
renamed directory /home/armita/pixel/staging --> /home/armita/pixel/current
Found 2 save data paths
Read 426 clean list file
Dir path is /mnt/adnetik/adnetik-uservervillage/prod/userver_log/pixel/2013-07-09/
Read 1251 paths for daylist [2013-07-09]
Found 825 new paths
.Done with file 0/825
......size getting too big, writing to Db
Inserted almost 235323 lines

Wrote 433 clean list files
renamed directory /home/armita/pixel/staging --> /home/armita/pixel/current
Found 2 save data paths
Read 433 clean list file
Dir path is /mnt/adnetik/adnetik-uservervillage/prod/userver_log/pixel/2013-07-09/
Read 1251 paths for daylist [2013-07-09]
Found 818 new paths
.Done with file 0/818
.....size getting too big, writing to Db
Inserted almost 207031 lines

Wrote 439 clean list files
renamed directory /home/armita/pixel/staging --> /home/armita/pixel/current
Found 2 save data paths
Read 439 clean list file
Dir path is /mnt/adnetik/adnetik-uservervillage/prod/userver_log/pixel/2013-07-09/
Read 1251 paths for daylist [2013-07-09]
Found 812 new paths
.Done with file 0/812
......size getting too big, writing to Db
Inserted almost 200897 lines

Wrote 446 clean list files
renamed directory /home/armita/pixel/staging --> /home/armita/pixel/current
Found 2 save data paths
Read 446 clean list file
Dir path is /mnt/adnetik/adnetik-uservervillage/prod/userver_log/pixel/2013-07-09/
Read 1251 paths for daylist [2013-07-09]
Found 805 new paths
.Done with file 0/805
.....size getting too big, writing to Db
Inserted almost 226512 lines

Wrote 452 clean list files
renamed directory /home/armita/pixel/staging --> /home/armita/pixel/current
Found 2 save data paths
Read 452 clean list file
Dir path is /mnt/adnetik/adnetik-uservervillage/prod/userver_log/pixel/2013-07-09/
Read 1251 paths for daylist [2013-07-09]
Found 799 new paths
.Done with file 0/799
....size getting too big, writing to Db
Inserted almost 252252 lines

Wrote 457 clean list files
renamed directory /home/armita/pixel/staging --> /home/armita/pixel/current
Found 2 save data paths
Read 457 clean list file
Dir path is /mnt/adnetik/adnetik-uservervillage/prod/userver_log/pixel/2013-07-09/
Read 1251 paths for daylist [2013-07-09]
Found 794 new paths
.Done with file 0/794
......size getting too big, writing to Db
Inserted almost 201984 lines

Wrote 464 clean list files
renamed directory /home/armita/pixel/staging --> /home/armita/pixel/current
Found 2 save data paths
Read 464 clean list file
Dir path is /mnt/adnetik/adnetik-uservervillage/prod/userver_log/pixel/2013-07-09/
Read 1251 paths for daylist [2013-07-09]
Found 787 new paths
.Done with file 0/787
....size getting too big, writing to Db
Inserted almost 250904 lines

Wrote 469 clean list files
renamed directory /home/armita/pixel/staging --> /home/armita/pixel/current
Found 2 save data paths
Read 469 clean list file
Dir path is /mnt/adnetik/adnetik-uservervillage/prod/userver_log/pixel/2013-07-09/
Read 1251 paths for daylist [2013-07-09]
Found 782 new paths
.Done with file 0/782
........size getting too big, writing to Db
Inserted almost 237139 lines

Wrote 478 clean list files
renamed directory /home/armita/pixel/staging --> /home/armita/pixel/current
Found 2 save data paths
Read 478 clean list file
Dir path is /mnt/adnetik/adnetik-uservervillage/prod/userver_log/pixel/2013-07-09/
Read 1251 paths for daylist [2013-07-09]
Found 773 new paths
.Done with file 0/773
....size getting too big, writing to Db
Inserted almost 211772 lines

Wrote 483 clean list files
renamed directory /home/armita/pixel/staging --> /home/armita/pixel/current
Found 2 save data paths
Read 483 clean list file
Dir path is /mnt/adnetik/adnetik-uservervillage/prod/userver_log/pixel/2013-07-09/
Read 1251 paths for daylist [2013-07-09]
Found 768 new paths
.Done with file 0/768
.......size getting too big, writing to Db
Inserted almost 256722 lines

Wrote 491 clean list files
renamed directory /home/armita/pixel/staging --> /home/armita/pixel/current
Found 2 save data paths
Read 491 clean list file
Dir path is /mnt/adnetik/adnetik-uservervillage/prod/userver_log/pixel/2013-07-09/
Read 1251 paths for daylist [2013-07-09]
Found 760 new paths
.Done with file 0/760
....size getting too big, writing to Db
Inserted almost 228855 lines

Wrote 496 clean list files
renamed directory /home/armita/pixel/staging --> /home/armita/pixel/current
Found 2 save data paths
Read 496 clean list file
Dir path is /mnt/adnetik/adnetik-uservervillage/prod/userver_log/pixel/2013-07-09/
Read 1251 paths for daylist [2013-07-09]
Found 755 new paths
.Done with file 0/755
.....size getting too big, writing to Db
Inserted almost 205291 lines

Wrote 502 clean list files
renamed directory /home/armita/pixel/staging --> /home/armita/pixel/current
Found 2 save data paths
Read 502 clean list file
Dir path is /mnt/adnetik/adnetik-uservervillage/prod/userver_log/pixel/2013-07-09/
Read 1251 paths for daylist [2013-07-09]
Found 749 new paths
.Done with file 0/749
......size getting too big, writing to Db
Inserted almost 237486 lines

Wrote 509 clean list files
renamed directory /home/armita/pixel/staging --> /home/armita/pixel/current
Found 2 save data paths
Read 509 clean list file
Dir path is /mnt/adnetik/adnetik-uservervillage/prod/userver_log/pixel/2013-07-09/
Read 1251 paths for daylist [2013-07-09]
Found 742 new paths
.Done with file 0/742
.....size getting too big, writing to Db
Inserted almost 206463 lines

Wrote 515 clean list files
renamed directory /home/armita/pixel/staging --> /home/armita/pixel/current
Found 2 save data paths
Read 515 clean list file
Dir path is /mnt/adnetik/adnetik-uservervillage/prod/userver_log/pixel/2013-07-09/
Read 1251 paths for daylist [2013-07-09]
Found 736 new paths
.Done with file 0/736
....size getting too big, writing to Db
Inserted almost 229051 lines

Wrote 520 clean list files
renamed directory /home/armita/pixel/staging --> /home/armita/pixel/current
Found 2 save data paths
Read 520 clean list file
Dir path is /mnt/adnetik/adnetik-uservervillage/prod/userver_log/pixel/2013-07-09/
Read 1251 paths for daylist [2013-07-09]
Found 731 new paths
.Done with file 0/731
...size getting too big, writing to Db
Inserted almost 215964 lines

Wrote 524 clean list files
renamed directory /home/armita/pixel/staging --> /home/armita/pixel/current
Found 2 save data paths
Read 524 clean list file
Dir path is /mnt/adnetik/adnetik-uservervillage/prod/userver_log/pixel/2013-07-09/
Read 1251 paths for daylist [2013-07-09]
Found 727 new paths
.Done with file 0/727
.....size getting too big, writing to Db
Inserted almost 228994 lines

Wrote 530 clean list files
renamed directory /home/armita/pixel/staging --> /home/armita/pixel/current
Found 2 save data paths
Read 530 clean list file
Dir path is /mnt/adnetik/adnetik-uservervillage/prod/userver_log/pixel/2013-07-09/
Read 1251 paths for daylist [2013-07-09]
Found 721 new paths
.Done with file 0/721
....size getting too big, writing to Db
Inserted almost 214251 lines

Wrote 535 clean list files
renamed directory /home/armita/pixel/staging --> /home/armita/pixel/current
Found 2 save data paths
Read 535 clean list file
Dir path is /mnt/adnetik/adnetik-uservervillage/prod/userver_log/pixel/2013-07-09/
Read 1251 paths for daylist [2013-07-09]
Found 716 new paths
.Done with file 0/716
.....size getting too big, writing to Db
Inserted almost 213236 lines

Wrote 541 clean list files
renamed directory /home/armita/pixel/staging --> /home/armita/pixel/current
Found 2 save data paths
Read 541 clean list file
Dir path is /mnt/adnetik/adnetik-uservervillage/prod/userver_log/pixel/2013-07-09/
Read 1251 paths for daylist [2013-07-09]
Found 710 new paths
.Done with file 0/710
.....size getting too big, writing to Db
Inserted almost 201311 lines

Wrote 547 clean list files
renamed directory /home/armita/pixel/staging --> /home/armita/pixel/current
Found 2 save data paths
Read 547 clean list file
Dir path is /mnt/adnetik/adnetik-uservervillage/prod/userver_log/pixel/2013-07-09/
Read 1251 paths for daylist [2013-07-09]
Found 704 new paths
.Done with file 0/704
.....size getting too big, writing to Db
Inserted almost 254543 lines

Wrote 553 clean list files
renamed directory /home/armita/pixel/staging --> /home/armita/pixel/current
Found 2 save data paths
Read 553 clean list file
Dir path is /mnt/adnetik/adnetik-uservervillage/prod/userver_log/pixel/2013-07-09/
Read 1251 paths for daylist [2013-07-09]
Found 698 new paths
.Done with file 0/698
....size getting too big, writing to Db
Inserted almost 249647 lines

Wrote 558 clean list files
renamed directory /home/armita/pixel/staging --> /home/armita/pixel/current
Found 2 save data paths
Read 558 clean list file
Dir path is /mnt/adnetik/adnetik-uservervillage/prod/userver_log/pixel/2013-07-09/
Read 1251 paths for daylist [2013-07-09]
Found 693 new paths
.Done with file 0/693
....size getting too big, writing to Db
Inserted almost 217243 lines

Wrote 563 clean list files
renamed directory /home/armita/pixel/staging --> /home/armita/pixel/current
Found 2 save data paths
Read 563 clean list file
Dir path is /mnt/adnetik/adnetik-uservervillage/prod/userver_log/pixel/2013-07-09/
Read 1251 paths for daylist [2013-07-09]
Found 688 new paths
.Done with file 0/688
......size getting too big, writing to Db
Inserted almost 232149 lines

Wrote 570 clean list files
renamed directory /home/armita/pixel/staging --> /home/armita/pixel/current
Found 2 save data paths
Read 570 clean list file
Dir path is /mnt/adnetik/adnetik-uservervillage/prod/userver_log/pixel/2013-07-09/
Read 1251 paths for daylist [2013-07-09]
Found 681 new paths
.Done with file 0/681
.....size getting too big, writing to Db
Inserted almost 213183 lines

Wrote 576 clean list files
renamed directory /home/armita/pixel/staging --> /home/armita/pixel/current
Found 2 save data paths
Read 576 clean list file
Dir path is /mnt/adnetik/adnetik-uservervillage/prod/userver_log/pixel/2013-07-09/
Read 1251 paths for daylist [2013-07-09]
Found 675 new paths
.Done with file 0/675
....size getting too big, writing to Db
Inserted almost 204404 lines

Wrote 581 clean list files
renamed directory /home/armita/pixel/staging --> /home/armita/pixel/current
Found 2 save data paths
Read 581 clean list file
Dir path is /mnt/adnetik/adnetik-uservervillage/prod/userver_log/pixel/2013-07-09/
Read 1251 paths for daylist [2013-07-09]
Found 670 new paths
.Done with file 0/670
....size getting too big, writing to Db
Inserted almost 204325 lines

Wrote 586 clean list files
renamed directory /home/armita/pixel/staging --> /home/armita/pixel/current
Found 2 save data paths
Read 586 clean list file
Dir path is /mnt/adnetik/adnetik-uservervillage/prod/userver_log/pixel/2013-07-09/
Read 1251 paths for daylist [2013-07-09]
Found 665 new paths
.Done with file 0/665
...size getting too big, writing to Db
Inserted almost 228360 lines

Wrote 590 clean list files
renamed directory /home/armita/pixel/staging --> /home/armita/pixel/current
Found 2 save data paths
Read 590 clean list file
Dir path is /mnt/adnetik/adnetik-uservervillage/prod/userver_log/pixel/2013-07-09/
Read 1251 paths for daylist [2013-07-09]
Found 661 new paths
.Done with file 0/661
........size getting too big, writing to Db
Inserted almost 229442 lines

Wrote 599 clean list files
renamed directory /home/armita/pixel/staging --> /home/armita/pixel/current
Found 2 save data paths
Read 599 clean list file
Dir path is /mnt/adnetik/adnetik-uservervillage/prod/userver_log/pixel/2013-07-09/
Read 1251 paths for daylist [2013-07-09]
Found 652 new paths
.Done with file 0/652
....size getting too big, writing to Db
Inserted almost 235952 lines

Wrote 604 clean list files
renamed directory /home/armita/pixel/staging --> /home/armita/pixel/current
Found 2 save data paths
Read 604 clean list file
Dir path is /mnt/adnetik/adnetik-uservervillage/prod/userver_log/pixel/2013-07-09/
Read 1251 paths for daylist [2013-07-09]
Found 647 new paths
.Done with file 0/647
......size getting too big, writing to Db
Inserted almost 266251 lines

Wrote 611 clean list files
renamed directory /home/armita/pixel/staging --> /home/armita/pixel/current
Found 2 save data paths
Read 611 clean list file
Dir path is /mnt/adnetik/adnetik-uservervillage/prod/userver_log/pixel/2013-07-09/
Read 1251 paths for daylist [2013-07-09]
Found 640 new paths
.Done with file 0/640
....size getting too big, writing to Db
Inserted almost 200844 lines

Wrote 616 clean list files
renamed directory /home/armita/pixel/staging --> /home/armita/pixel/current
Found 2 save data paths
Read 616 clean list file
Dir path is /mnt/adnetik/adnetik-uservervillage/prod/userver_log/pixel/2013-07-09/
Read 1251 paths for daylist [2013-07-09]
Found 635 new paths
.Done with file 0/635
....size getting too big, writing to Db
Inserted almost 217087 lines

Wrote 621 clean list files
renamed directory /home/armita/pixel/staging --> /home/armita/pixel/current
Found 2 save data paths
Read 621 clean list file
Dir path is /mnt/adnetik/adnetik-uservervillage/prod/userver_log/pixel/2013-07-09/
Read 1251 paths for daylist [2013-07-09]
Found 630 new paths
.Done with file 0/630
.......size getting too big, writing to Db
Inserted almost 207389 lines

Wrote 629 clean list files
renamed directory /home/armita/pixel/staging --> /home/armita/pixel/current
Found 2 save data paths
Read 629 clean list file
Dir path is /mnt/adnetik/adnetik-uservervillage/prod/userver_log/pixel/2013-07-09/
Read 1251 paths for daylist [2013-07-09]
Found 622 new paths
.Done with file 0/622
...size getting too big, writing to Db
Inserted almost 222115 lines

Wrote 633 clean list files
renamed directory /home/armita/pixel/staging --> /home/armita/pixel/current
Found 2 save data paths
Read 633 clean list file
Dir path is /mnt/adnetik/adnetik-uservervillage/prod/userver_log/pixel/2013-07-09/
Read 1251 paths for daylist [2013-07-09]
Found 618 new paths
.Done with file 0/618
......size getting too big, writing to Db
Inserted almost 215449 lines

Wrote 640 clean list files
renamed directory /home/armita/pixel/staging --> /home/armita/pixel/current
Found 2 save data paths
Read 640 clean list file
Dir path is /mnt/adnetik/adnetik-uservervillage/prod/userver_log/pixel/2013-07-09/
Read 1251 paths for daylist [2013-07-09]
Found 611 new paths
.Done with file 0/611
.....size getting too big, writing to Db
Inserted almost 248067 lines

Wrote 646 clean list files
renamed directory /home/armita/pixel/staging --> /home/armita/pixel/current
Found 2 save data paths
Read 646 clean list file
Dir path is /mnt/adnetik/adnetik-uservervillage/prod/userver_log/pixel/2013-07-09/
Read 1251 paths for daylist [2013-07-09]
Found 605 new paths
.Done with file 0/605
....size getting too big, writing to Db
Inserted almost 212528 lines

Wrote 651 clean list files
renamed directory /home/armita/pixel/staging --> /home/armita/pixel/current
Found 2 save data paths
Read 651 clean list file
Dir path is /mnt/adnetik/adnetik-uservervillage/prod/userver_log/pixel/2013-07-09/
Read 1251 paths for daylist [2013-07-09]
Found 600 new paths
.Done with file 0/600
.....size getting too big, writing to Db
Inserted almost 238020 lines

Wrote 657 clean list files
renamed directory /home/armita/pixel/staging --> /home/armita/pixel/current
Found 2 save data paths
Read 657 clean list file
Dir path is /mnt/adnetik/adnetik-uservervillage/prod/userver_log/pixel/2013-07-09/
Read 1251 paths for daylist [2013-07-09]
Found 594 new paths
.Done with file 0/594
....size getting too big, writing to Db
Inserted almost 219615 lines

Wrote 662 clean list files
renamed directory /home/armita/pixel/staging --> /home/armita/pixel/current
Found 2 save data paths
Read 662 clean list file
Dir path is /mnt/adnetik/adnetik-uservervillage/prod/userver_log/pixel/2013-07-09/
Read 1251 paths for daylist [2013-07-09]
Found 589 new paths
.Done with file 0/589
.....size getting too big, writing to Db
Inserted almost 232332 lines

Wrote 668 clean list files
renamed directory /home/armita/pixel/staging --> /home/armita/pixel/current
Found 2 save data paths
Read 668 clean list file
Dir path is /mnt/adnetik/adnetik-uservervillage/prod/userver_log/pixel/2013-07-09/
Read 1251 paths for daylist [2013-07-09]
Found 583 new paths
.Done with file 0/583
.....size getting too big, writing to Db
Inserted almost 218261 lines

Wrote 674 clean list files
renamed directory /home/armita/pixel/staging --> /home/armita/pixel/current
Found 2 save data paths
Read 674 clean list file
Dir path is /mnt/adnetik/adnetik-uservervillage/prod/userver_log/pixel/2013-07-09/
Read 1251 paths for daylist [2013-07-09]
Found 577 new paths
.Done with file 0/577
.....size getting too big, writing to Db
Inserted almost 232998 lines

Wrote 680 clean list files
renamed directory /home/armita/pixel/staging --> /home/armita/pixel/current
Found 2 save data paths
Read 680 clean list file
Dir path is /mnt/adnetik/adnetik-uservervillage/prod/userver_log/pixel/2013-07-09/
Read 1251 paths for daylist [2013-07-09]
Found 571 new paths
.Done with file 0/571
.....size getting too big, writing to Db
Inserted almost 219620 lines

Wrote 686 clean list files
renamed directory /home/armita/pixel/staging --> /home/armita/pixel/current
Found 2 save data paths
Read 686 clean list file
Dir path is /mnt/adnetik/adnetik-uservervillage/prod/userver_log/pixel/2013-07-09/
Read 1251 paths for daylist [2013-07-09]
Found 565 new paths
.Done with file 0/565
......size getting too big, writing to Db
Inserted almost 222044 lines

Wrote 693 clean list files
renamed directory /home/armita/pixel/staging --> /home/armita/pixel/current
Found 2 save data paths
Read 693 clean list file
Dir path is /mnt/adnetik/adnetik-uservervillage/prod/userver_log/pixel/2013-07-09/
Read 1251 paths for daylist [2013-07-09]
Found 558 new paths
.Done with file 0/558
....size getting too big, writing to Db
Inserted almost 245776 lines

Wrote 698 clean list files
renamed directory /home/armita/pixel/staging --> /home/armita/pixel/current
Found 2 save data paths
Read 698 clean list file
Dir path is /mnt/adnetik/adnetik-uservervillage/prod/userver_log/pixel/2013-07-09/
Read 1251 paths for daylist [2013-07-09]
Found 553 new paths
.Done with file 0/553
....size getting too big, writing to Db
Inserted almost 202619 lines

Wrote 703 clean list files
renamed directory /home/armita/pixel/staging --> /home/armita/pixel/current
Found 2 save data paths
Read 703 clean list file
Dir path is /mnt/adnetik/adnetik-uservervillage/prod/userver_log/pixel/2013-07-09/
Read 1251 paths for daylist [2013-07-09]
Found 548 new paths
.Done with file 0/548
....size getting too big, writing to Db
Inserted almost 206229 lines

Wrote 708 clean list files
renamed directory /home/armita/pixel/staging --> /home/armita/pixel/current
Found 2 save data paths
Read 708 clean list file
Dir path is /mnt/adnetik/adnetik-uservervillage/prod/userver_log/pixel/2013-07-09/
Read 1251 paths for daylist [2013-07-09]
Found 543 new paths
.Done with file 0/543
.....size getting too big, writing to Db
Inserted almost 229696 lines

Wrote 714 clean list files
renamed directory /home/armita/pixel/staging --> /home/armita/pixel/current
Found 2 save data paths
Read 714 clean list file
Dir path is /mnt/adnetik/adnetik-uservervillage/prod/userver_log/pixel/2013-07-09/
Read 1251 paths for daylist [2013-07-09]
Found 537 new paths
.Done with file 0/537
......size getting too big, writing to Db
Inserted almost 226298 lines

Wrote 721 clean list files
renamed directory /home/armita/pixel/staging --> /home/armita/pixel/current
Found 2 save data paths
Read 721 clean list file
Dir path is /mnt/adnetik/adnetik-uservervillage/prod/userver_log/pixel/2013-07-09/
Read 1251 paths for daylist [2013-07-09]
Found 530 new paths
.Done with file 0/530
....size getting too big, writing to Db
Inserted almost 229990 lines

Wrote 726 clean list files
renamed directory /home/armita/pixel/staging --> /home/armita/pixel/current
Found 2 save data paths
Read 726 clean list file
Dir path is /mnt/adnetik/adnetik-uservervillage/prod/userver_log/pixel/2013-07-09/
Read 1251 paths for daylist [2013-07-09]
Found 525 new paths
.Done with file 0/525
.....size getting too big, writing to Db
Inserted almost 206731 lines

Wrote 732 clean list files
renamed directory /home/armita/pixel/staging --> /home/armita/pixel/current
Found 2 save data paths
Read 732 clean list file
Dir path is /mnt/adnetik/adnetik-uservervillage/prod/userver_log/pixel/2013-07-09/
Read 1251 paths for daylist [2013-07-09]
Found 519 new paths
.Done with file 0/519
.....size getting too big, writing to Db
Inserted almost 246821 lines

Wrote 738 clean list files
renamed directory /home/armita/pixel/staging --> /home/armita/pixel/current
Found 2 save data paths
Read 738 clean list file
Dir path is /mnt/adnetik/adnetik-uservervillage/prod/userver_log/pixel/2013-07-09/
Read 1251 paths for daylist [2013-07-09]
Found 513 new paths
.Done with file 0/513
.....size getting too big, writing to Db
Inserted almost 214430 lines

Wrote 744 clean list files
renamed directory /home/armita/pixel/staging --> /home/armita/pixel/current
Found 2 save data paths
Read 744 clean list file
Dir path is /mnt/adnetik/adnetik-uservervillage/prod/userver_log/pixel/2013-07-09/
Read 1251 paths for daylist [2013-07-09]
Found 507 new paths
.Done with file 0/507
.....size getting too big, writing to Db
Inserted almost 227714 lines

Wrote 750 clean list files
renamed directory /home/armita/pixel/staging --> /home/armita/pixel/current
Found 2 save data paths
Read 750 clean list file
Dir path is /mnt/adnetik/adnetik-uservervillage/prod/userver_log/pixel/2013-07-09/
Read 1251 paths for daylist [2013-07-09]
Found 501 new paths
.Done with file 0/501
....size getting too big, writing to Db
Inserted almost 251570 lines

Wrote 755 clean list files
renamed directory /home/armita/pixel/staging --> /home/armita/pixel/current
Found 2 save data paths
Read 755 clean list file
Dir path is /mnt/adnetik/adnetik-uservervillage/prod/userver_log/pixel/2013-07-09/
Read 1251 paths for daylist [2013-07-09]
Found 496 new paths
.Done with file 0/496
.......size getting too big, writing to Db
Inserted almost 249646 lines

Wrote 763 clean list files
renamed directory /home/armita/pixel/staging --> /home/armita/pixel/current
Found 2 save data paths
Read 763 clean list file
Dir path is /mnt/adnetik/adnetik-uservervillage/prod/userver_log/pixel/2013-07-09/
Read 1251 paths for daylist [2013-07-09]
Found 488 new paths
.Done with file 0/488
......size getting too big, writing to Db
Inserted almost 210957 lines

Wrote 770 clean list files
renamed directory /home/armita/pixel/staging --> /home/armita/pixel/current
Found 2 save data paths
Read 770 clean list file
Dir path is /mnt/adnetik/adnetik-uservervillage/prod/userver_log/pixel/2013-07-09/
Read 1251 paths for daylist [2013-07-09]
Found 481 new paths
.Done with file 0/481
...size getting too big, writing to Db
Inserted almost 212248 lines

Wrote 774 clean list files
renamed directory /home/armita/pixel/staging --> /home/armita/pixel/current
Found 2 save data paths
Read 774 clean list file
Dir path is /mnt/adnetik/adnetik-uservervillage/prod/userver_log/pixel/2013-07-09/
Read 1251 paths for daylist [2013-07-09]
Found 477 new paths
.Done with file 0/477
....size getting too big, writing to Db
Inserted almost 201409 lines

Wrote 779 clean list files
renamed directory /home/armita/pixel/staging --> /home/armita/pixel/current
Found 2 save data paths
Read 779 clean list file
Dir path is /mnt/adnetik/adnetik-uservervillage/prod/userver_log/pixel/2013-07-09/
Read 1251 paths for daylist [2013-07-09]
Found 472 new paths
.Done with file 0/472
....size getting too big, writing to Db
Inserted almost 228790 lines

Wrote 784 clean list files
renamed directory /home/armita/pixel/staging --> /home/armita/pixel/current
Found 2 save data paths
Read 784 clean list file
Dir path is /mnt/adnetik/adnetik-uservervillage/prod/userver_log/pixel/2013-07-09/
Read 1251 paths for daylist [2013-07-09]
Found 467 new paths
.Done with file 0/467
.....size getting too big, writing to Db
Inserted almost 210177 lines

Wrote 790 clean list files
renamed directory /home/armita/pixel/staging --> /home/armita/pixel/current
Found 2 save data paths
Read 790 clean list file
Dir path is /mnt/adnetik/adnetik-uservervillage/prod/userver_log/pixel/2013-07-09/
Read 1251 paths for daylist [2013-07-09]
Found 461 new paths
.Done with file 0/461
.....size getting too big, writing to Db
Inserted almost 200739 lines

Wrote 796 clean list files
renamed directory /home/armita/pixel/staging --> /home/armita/pixel/current
Found 2 save data paths
Read 796 clean list file
Dir path is /mnt/adnetik/adnetik-uservervillage/prod/userver_log/pixel/2013-07-09/
Read 1251 paths for daylist [2013-07-09]
Found 455 new paths
.Done with file 0/455
....size getting too big, writing to Db
Inserted almost 228955 lines

Wrote 801 clean list files
renamed directory /home/armita/pixel/staging --> /home/armita/pixel/current
Found 2 save data paths
Read 801 clean list file
Dir path is /mnt/adnetik/adnetik-uservervillage/prod/userver_log/pixel/2013-07-09/
Read 1251 paths for daylist [2013-07-09]
Found 450 new paths
.Done with file 0/450
.....size getting too big, writing to Db
Inserted almost 204054 lines

Wrote 807 clean list files
renamed directory /home/armita/pixel/staging --> /home/armita/pixel/current
Found 2 save data paths
Read 807 clean list file
Dir path is /mnt/adnetik/adnetik-uservervillage/prod/userver_log/pixel/2013-07-09/
Read 1251 paths for daylist [2013-07-09]
Found 444 new paths
.Done with file 0/444
.....size getting too big, writing to Db
Inserted almost 258462 lines

Wrote 813 clean list files
renamed directory /home/armita/pixel/staging --> /home/armita/pixel/current
Found 2 save data paths
Read 813 clean list file
Dir path is /mnt/adnetik/adnetik-uservervillage/prod/userver_log/pixel/2013-07-09/
Read 1251 paths for daylist [2013-07-09]
Found 438 new paths
.Done with file 0/438
.....size getting too big, writing to Db
Inserted almost 204154 lines

Wrote 819 clean list files
renamed directory /home/armita/pixel/staging --> /home/armita/pixel/current
Found 2 save data paths
Read 819 clean list file
Dir path is /mnt/adnetik/adnetik-uservervillage/prod/userver_log/pixel/2013-07-09/
Read 1251 paths for daylist [2013-07-09]
Found 432 new paths
.Done with file 0/432
....size getting too big, writing to Db
Inserted almost 250879 lines

Wrote 824 clean list files
renamed directory /home/armita/pixel/staging --> /home/armita/pixel/current
Found 2 save data paths
Read 824 clean list file
Dir path is /mnt/adnetik/adnetik-uservervillage/prod/userver_log/pixel/2013-07-09/
Read 1251 paths for daylist [2013-07-09]
Found 427 new paths
.Done with file 0/427
......size getting too big, writing to Db
Inserted almost 223431 lines

Wrote 831 clean list files
renamed directory /home/armita/pixel/staging --> /home/armita/pixel/current
Found 2 save data paths
Read 831 clean list file
Dir path is /mnt/adnetik/adnetik-uservervillage/prod/userver_log/pixel/2013-07-09/
Read 1251 paths for daylist [2013-07-09]
Found 420 new paths
.Done with file 0/420
.....size getting too big, writing to Db
Inserted almost 220396 lines

Wrote 837 clean list files
renamed directory /home/armita/pixel/staging --> /home/armita/pixel/current
Found 2 save data paths
Read 837 clean list file
Dir path is /mnt/adnetik/adnetik-uservervillage/prod/userver_log/pixel/2013-07-09/
Read 1251 paths for daylist [2013-07-09]
Found 414 new paths
.Done with file 0/414
.....size getting too big, writing to Db
Inserted almost 219153 lines

Wrote 843 clean list files
renamed directory /home/armita/pixel/staging --> /home/armita/pixel/current
Found 2 save data paths
Read 843 clean list file
Dir path is /mnt/adnetik/adnetik-uservervillage/prod/userver_log/pixel/2013-07-09/
Read 1251 paths for daylist [2013-07-09]
Found 408 new paths
.Done with file 0/408
.....size getting too big, writing to Db
Inserted almost 216741 lines

Wrote 849 clean list files
renamed directory /home/armita/pixel/staging --> /home/armita/pixel/current
Found 2 save data paths
Read 849 clean list file
Dir path is /mnt/adnetik/adnetik-uservervillage/prod/userver_log/pixel/2013-07-09/
Read 1251 paths for daylist [2013-07-09]
Found 402 new paths
.Done with file 0/402
.....size getting too big, writing to Db
Inserted almost 252499 lines

Wrote 855 clean list files
renamed directory /home/armita/pixel/staging --> /home/armita/pixel/current
Found 2 save data paths
Read 855 clean list file
Dir path is /mnt/adnetik/adnetik-uservervillage/prod/userver_log/pixel/2013-07-09/
Read 1251 paths for daylist [2013-07-09]
Found 396 new paths
.Done with file 0/396
.......size getting too big, writing to Db
Inserted almost 255021 lines

Wrote 863 clean list files
renamed directory /home/armita/pixel/staging --> /home/armita/pixel/current
Found 2 save data paths
Read 863 clean list file
Dir path is /mnt/adnetik/adnetik-uservervillage/prod/userver_log/pixel/2013-07-09/
Read 1251 paths for daylist [2013-07-09]
Found 388 new paths
.Done with file 0/388
...size getting too big, writing to Db
Inserted almost 221151 lines

Wrote 867 clean list files
renamed directory /home/armita/pixel/staging --> /home/armita/pixel/current
Found 2 save data paths
Read 867 clean list file
Dir path is /mnt/adnetik/adnetik-uservervillage/prod/userver_log/pixel/2013-07-09/
Read 1251 paths for daylist [2013-07-09]
Found 384 new paths
.Done with file 0/384
......size getting too big, writing to Db
Inserted almost 233486 lines

Wrote 874 clean list files
renamed directory /home/armita/pixel/staging --> /home/armita/pixel/current
Found 2 save data paths
Read 874 clean list file
Dir path is /mnt/adnetik/adnetik-uservervillage/prod/userver_log/pixel/2013-07-09/
Read 1251 paths for daylist [2013-07-09]
Found 377 new paths
.Done with file 0/377
.....size getting too big, writing to Db
Inserted almost 222625 lines

Wrote 880 clean list files
renamed directory /home/armita/pixel/staging --> /home/armita/pixel/current
Found 2 save data paths
Read 880 clean list file
Dir path is /mnt/adnetik/adnetik-uservervillage/prod/userver_log/pixel/2013-07-09/
Read 1251 paths for daylist [2013-07-09]
Found 371 new paths
.Done with file 0/371
.....size getting too big, writing to Db
Inserted almost 266202 lines

Wrote 886 clean list files
renamed directory /home/armita/pixel/staging --> /home/armita/pixel/current
Found 2 save data paths
Read 886 clean list file
Dir path is /mnt/adnetik/adnetik-uservervillage/prod/userver_log/pixel/2013-07-09/
Read 1251 paths for daylist [2013-07-09]
Found 365 new paths
.Done with file 0/365
......size getting too big, writing to Db
Inserted almost 233432 lines

Wrote 893 clean list files
renamed directory /home/armita/pixel/staging --> /home/armita/pixel/current
Found 2 save data paths
Read 893 clean list file
Dir path is /mnt/adnetik/adnetik-uservervillage/prod/userver_log/pixel/2013-07-09/
Read 1251 paths for daylist [2013-07-09]
Found 358 new paths
.Done with file 0/358
.....size getting too big, writing to Db
Inserted almost 222228 lines

Wrote 899 clean list files
renamed directory /home/armita/pixel/staging --> /home/armita/pixel/current
Found 2 save data paths
Read 899 clean list file
Dir path is /mnt/adnetik/adnetik-uservervillage/prod/userver_log/pixel/2013-07-09/
Read 1251 paths for daylist [2013-07-09]
Found 352 new paths
.Done with file 0/352
....size getting too big, writing to Db
Inserted almost 229482 lines

Wrote 904 clean list files
renamed directory /home/armita/pixel/staging --> /home/armita/pixel/current
Found 2 save data paths
Read 904 clean list file
Dir path is /mnt/adnetik/adnetik-uservervillage/prod/userver_log/pixel/2013-07-09/
Read 1251 paths for daylist [2013-07-09]
Found 347 new paths
.Done with file 0/347
......size getting too big, writing to Db
Inserted almost 240663 lines

Wrote 911 clean list files
renamed directory /home/armita/pixel/staging --> /home/armita/pixel/current
Found 2 save data paths
Read 911 clean list file
Dir path is /mnt/adnetik/adnetik-uservervillage/prod/userver_log/pixel/2013-07-09/
Read 1251 paths for daylist [2013-07-09]
Found 340 new paths
.Done with file 0/340
.....size getting too big, writing to Db
Inserted almost 202401 lines

Wrote 917 clean list files
renamed directory /home/armita/pixel/staging --> /home/armita/pixel/current
Found 2 save data paths
Read 917 clean list file
Dir path is /mnt/adnetik/adnetik-uservervillage/prod/userver_log/pixel/2013-07-09/
Read 1251 paths for daylist [2013-07-09]
Found 334 new paths
.Done with file 0/334
.....size getting too big, writing to Db
Inserted almost 255617 lines

Wrote 923 clean list files
renamed directory /home/armita/pixel/staging --> /home/armita/pixel/current
Found 2 save data paths
Read 923 clean list file
Dir path is /mnt/adnetik/adnetik-uservervillage/prod/userver_log/pixel/2013-07-09/
Read 1251 paths for daylist [2013-07-09]
Found 328 new paths
.Done with file 0/328
....size getting too big, writing to Db
Inserted almost 216775 lines

Wrote 928 clean list files
renamed directory /home/armita/pixel/staging --> /home/armita/pixel/current
Found 2 save data paths
Read 928 clean list file
Dir path is /mnt/adnetik/adnetik-uservervillage/prod/userver_log/pixel/2013-07-09/
Read 1251 paths for daylist [2013-07-09]
Found 323 new paths
.Done with file 0/323
........size getting too big, writing to Db
Inserted almost 233395 lines

Wrote 937 clean list files
renamed directory /home/armita/pixel/staging --> /home/armita/pixel/current
Found 2 save data paths
Read 937 clean list file
Dir path is /mnt/adnetik/adnetik-uservervillage/prod/userver_log/pixel/2013-07-09/
Read 1251 paths for daylist [2013-07-09]
Found 314 new paths
.Done with file 0/314
....size getting too big, writing to Db
Inserted almost 230448 lines

Wrote 942 clean list files
renamed directory /home/armita/pixel/staging --> /home/armita/pixel/current
Found 2 save data paths
Read 942 clean list file
Dir path is /mnt/adnetik/adnetik-uservervillage/prod/userver_log/pixel/2013-07-09/
Read 1251 paths for daylist [2013-07-09]
Found 309 new paths
.Done with file 0/309
......size getting too big, writing to Db
Inserted almost 223631 lines

Wrote 949 clean list files
renamed directory /home/armita/pixel/staging --> /home/armita/pixel/current
Found 2 save data paths
Read 949 clean list file
Dir path is /mnt/adnetik/adnetik-uservervillage/prod/userver_log/pixel/2013-07-09/
Read 1251 paths for daylist [2013-07-09]
Found 302 new paths
.Done with file 0/302
........size getting too big, writing to Db
Inserted almost 238076 lines

Wrote 958 clean list files
renamed directory /home/armita/pixel/staging --> /home/armita/pixel/current
Found 2 save data paths
Read 958 clean list file
Dir path is /mnt/adnetik/adnetik-uservervillage/prod/userver_log/pixel/2013-07-09/
Read 1251 paths for daylist [2013-07-09]
Found 293 new paths
.Done with file 0/293
......size getting too big, writing to Db
Inserted almost 211978 lines

Wrote 965 clean list files
renamed directory /home/armita/pixel/staging --> /home/armita/pixel/current
Found 2 save data paths
Read 965 clean list file
Dir path is /mnt/adnetik/adnetik-uservervillage/prod/userver_log/pixel/2013-07-09/
Read 1251 paths for daylist [2013-07-09]
Found 286 new paths
.Done with file 0/286
......size getting too big, writing to Db
Inserted almost 217075 lines

Wrote 972 clean list files
renamed directory /home/armita/pixel/staging --> /home/armita/pixel/current
Found 2 save data paths
Read 972 clean list file
Dir path is /mnt/adnetik/adnetik-uservervillage/prod/userver_log/pixel/2013-07-09/
Read 1251 paths for daylist [2013-07-09]
Found 279 new paths
.Done with file 0/279
.......size getting too big, writing to Db
Inserted almost 207706 lines

Wrote 980 clean list files
renamed directory /home/armita/pixel/staging --> /home/armita/pixel/current
Found 2 save data paths
Read 980 clean list file
Dir path is /mnt/adnetik/adnetik-uservervillage/prod/userver_log/pixel/2013-07-09/
Read 1251 paths for daylist [2013-07-09]
Found 271 new paths
.Done with file 0/271
.....size getting too big, writing to Db
Inserted almost 217237 lines

Wrote 986 clean list files
renamed directory /home/armita/pixel/staging --> /home/armita/pixel/current
Found 2 save data paths
Read 986 clean list file
Dir path is /mnt/adnetik/adnetik-uservervillage/prod/userver_log/pixel/2013-07-09/
Read 1251 paths for daylist [2013-07-09]
Found 265 new paths
.Done with file 0/265
......size getting too big, writing to Db
Inserted almost 209411 lines

Wrote 993 clean list files
renamed directory /home/armita/pixel/staging --> /home/armita/pixel/current
Found 2 save data paths
Read 993 clean list file
Dir path is /mnt/adnetik/adnetik-uservervillage/prod/userver_log/pixel/2013-07-09/
Read 1251 paths for daylist [2013-07-09]
Found 258 new paths
.Done with file 0/258
.......size getting too big, writing to Db
Inserted almost 203372 lines

Wrote 1001 clean list files
renamed directory /home/armita/pixel/staging --> /home/armita/pixel/current
Found 2 save data paths
Read 1001 clean list file
Dir path is /mnt/adnetik/adnetik-uservervillage/prod/userver_log/pixel/2013-07-09/
Read 1251 paths for daylist [2013-07-09]
Found 250 new paths
.Done with file 0/250
.......size getting too big, writing to Db
Inserted almost 205451 lines

Wrote 1009 clean list files
renamed directory /home/armita/pixel/staging --> /home/armita/pixel/current
Found 2 save data paths
Read 1009 clean list file
Dir path is /mnt/adnetik/adnetik-uservervillage/prod/userver_log/pixel/2013-07-09/
Read 1251 paths for daylist [2013-07-09]
Found 242 new paths
.Done with file 0/242
........size getting too big, writing to Db
Inserted almost 224452 lines

Wrote 1018 clean list files
renamed directory /home/armita/pixel/staging --> /home/armita/pixel/current
Found 2 save data paths
Read 1018 clean list file
Dir path is /mnt/adnetik/adnetik-uservervillage/prod/userver_log/pixel/2013-07-09/
Read 1251 paths for daylist [2013-07-09]
Found 233 new paths
.Done with file 0/233
.......size getting too big, writing to Db
Inserted almost 212584 lines

Wrote 1026 clean list files
renamed directory /home/armita/pixel/staging --> /home/armita/pixel/current
Found 2 save data paths
Read 1026 clean list file
Dir path is /mnt/adnetik/adnetik-uservervillage/prod/userver_log/pixel/2013-07-09/
Read 1251 paths for daylist [2013-07-09]
Found 225 new paths
.Done with file 0/225
.........size getting too big, writing to Db
Inserted almost 233638 lines

Wrote 1036 clean list files
renamed directory /home/armita/pixel/staging --> /home/armita/pixel/current
Found 2 save data paths
Read 1036 clean list file
Dir path is /mnt/adnetik/adnetik-uservervillage/prod/userver_log/pixel/2013-07-09/
Read 1251 paths for daylist [2013-07-09]
Found 215 new paths
.Done with file 0/215
........size getting too big, writing to Db
Inserted almost 208970 lines

Wrote 1045 clean list files
renamed directory /home/armita/pixel/staging --> /home/armita/pixel/current
Found 2 save data paths
Read 1045 clean list file
Dir path is /mnt/adnetik/adnetik-uservervillage/prod/userver_log/pixel/2013-07-09/
Read 1251 paths for daylist [2013-07-09]
Found 206 new paths
.Done with file 0/206
.......size getting too big, writing to Db
Inserted almost 203345 lines

Wrote 1053 clean list files
renamed directory /home/armita/pixel/staging --> /home/armita/pixel/current
Found 2 save data paths
Read 1053 clean list file
Dir path is /mnt/adnetik/adnetik-uservervillage/prod/userver_log/pixel/2013-07-09/
Read 1251 paths for daylist [2013-07-09]
Found 198 new paths
.Done with file 0/198
..........Done with file 10/198
..size getting too big, writing to Db
Inserted almost 206907 lines

Wrote 1066 clean list files
renamed directory /home/armita/pixel/staging --> /home/armita/pixel/current
Found 2 save data paths
Read 1066 clean list file
Dir path is /mnt/adnetik/adnetik-uservervillage/prod/userver_log/pixel/2013-07-09/
Read 1251 paths for daylist [2013-07-09]
Found 185 new paths
.Done with file 0/185
..........Done with file 10/185
size getting too big, writing to Db
Inserted almost 230395 lines

Wrote 1077 clean list files
renamed directory /home/armita/pixel/staging --> /home/armita/pixel/current
Found 2 save data paths
Read 1077 clean list file
Dir path is /mnt/adnetik/adnetik-uservervillage/prod/userver_log/pixel/2013-07-09/
Read 1251 paths for daylist [2013-07-09]
Found 174 new paths
.Done with file 0/174
..........Done with file 10/174
size getting too big, writing to Db
Inserted almost 235852 lines

Wrote 1088 clean list files
renamed directory /home/armita/pixel/staging --> /home/armita/pixel/current
Found 2 save data paths
Read 1088 clean list file
Dir path is /mnt/adnetik/adnetik-uservervillage/prod/userver_log/pixel/2013-07-09/
Read 1251 paths for daylist [2013-07-09]
Found 163 new paths
.Done with file 0/163
..........Done with file 10/163
size getting too big, writing to Db
Inserted almost 204724 lines

Wrote 1099 clean list files
renamed directory /home/armita/pixel/staging --> /home/armita/pixel/current
Found 2 save data paths
Read 1099 clean list file
Dir path is /mnt/adnetik/adnetik-uservervillage/prod/userver_log/pixel/2013-07-09/
Read 1251 paths for daylist [2013-07-09]
Found 152 new paths
.Done with file 0/152
..........Done with file 10/152
size getting too big, writing to Db
Inserted almost 237863 lines

Wrote 1110 clean list files
renamed directory /home/armita/pixel/staging --> /home/armita/pixel/current
Found 2 save data paths
Read 1110 clean list file
Dir path is /mnt/adnetik/adnetik-uservervillage/prod/userver_log/pixel/2013-07-09/
Read 1251 paths for daylist [2013-07-09]
Found 141 new paths
.Done with file 0/141
..........Done with file 10/141
...size getting too big, writing to Db
Inserted almost 205456 lines

Wrote 1124 clean list files
renamed directory /home/armita/pixel/staging --> /home/armita/pixel/current
Found 2 save data paths
Read 1124 clean list file
Dir path is /mnt/adnetik/adnetik-uservervillage/prod/userver_log/pixel/2013-07-09/
Read 1251 paths for daylist [2013-07-09]
Found 127 new paths
.Done with file 0/127
..........Done with file 10/127
.size getting too big, writing to Db
Inserted almost 205998 lines

Wrote 1136 clean list files
renamed directory /home/armita/pixel/staging --> /home/armita/pixel/current
Found 2 save data paths
Read 1136 clean list file
Dir path is /mnt/adnetik/adnetik-uservervillage/prod/userver_log/pixel/2013-07-09/
Read 1251 paths for daylist [2013-07-09]
Found 115 new paths
.Done with file 0/115
.........size getting too big, writing to Db
Inserted almost 207181 lines

Wrote 1146 clean list files
renamed directory /home/armita/pixel/staging --> /home/armita/pixel/current
Found 2 save data paths
Read 1146 clean list file
Dir path is /mnt/adnetik/adnetik-uservervillage/prod/userver_log/pixel/2013-07-09/
Read 1251 paths for daylist [2013-07-09]
Found 105 new paths
.Done with file 0/105
..........Done with file 10/105
..size getting too big, writing to Db
Inserted almost 207208 lines

Wrote 1159 clean list files
renamed directory /home/armita/pixel/staging --> /home/armita/pixel/current
Found 2 save data paths
Read 1159 clean list file
Dir path is /mnt/adnetik/adnetik-uservervillage/prod/userver_log/pixel/2013-07-09/
Read 1251 paths for daylist [2013-07-09]
Found 92 new paths
.Done with file 0/92
..........Done with file 10/92
.size getting too big, writing to Db
Inserted almost 211510 lines

Wrote 1171 clean list files
renamed directory /home/armita/pixel/staging --> /home/armita/pixel/current
Found 2 save data paths
Read 1171 clean list file
Dir path is /mnt/adnetik/adnetik-uservervillage/prod/userver_log/pixel/2013-07-09/
Read 1251 paths for daylist [2013-07-09]
Found 80 new paths
.Done with file 0/80
..........Done with file 10/80
.....size getting too big, writing to Db
Inserted almost 206605 lines

Wrote 1187 clean list files
renamed directory /home/armita/pixel/staging --> /home/armita/pixel/current
Found 2 save data paths
Read 1187 clean list file
Dir path is /mnt/adnetik/adnetik-uservervillage/prod/userver_log/pixel/2013-07-09/
Read 1251 paths for daylist [2013-07-09]
Found 64 new paths
.Done with file 0/64
.........size getting too big, writing to Db
Inserted almost 206474 lines

Wrote 1197 clean list files
renamed directory /home/armita/pixel/staging --> /home/armita/pixel/current
Found 2 save data paths
Read 1197 clean list file
Dir path is /mnt/adnetik/adnetik-uservervillage/prod/userver_log/pixel/2013-07-09/
Read 1251 paths for daylist [2013-07-09]
Found 54 new paths
.Done with file 0/54
..........Done with file 10/54
....size getting too big, writing to Db
Inserted almost 217287 lines

Wrote 1212 clean list files
renamed directory /home/armita/pixel/staging --> /home/armita/pixel/current
Found 2 save data paths
Read 1212 clean list file
Dir path is /mnt/adnetik/adnetik-uservervillage/prod/userver_log/pixel/2013-07-09/
Read 1251 paths for daylist [2013-07-09]
Found 39 new paths
.Done with file 0/39
..........Done with file 10/39
.....size getting too big, writing to Db
Inserted almost 202840 lines

Wrote 1228 clean list files
renamed directory /home/armita/pixel/staging --> /home/armita/pixel/current
Found 2 save data paths
Read 1228 clean list file
Dir path is /mnt/adnetik/adnetik-uservervillage/prod/userver_log/pixel/2013-07-09/
Read 1251 paths for daylist [2013-07-09]
Found 23 new paths
.Done with file 0/23
..........Done with file 10/23
......size getting too big, writing to Db
Inserted almost 200084 lines

Wrote 1245 clean list files
renamed directory /home/armita/pixel/staging --> /home/armita/pixel/current
Found 2 save data paths
Read 1245 clean list file
Dir path is /mnt/adnetik/adnetik-uservervillage/prod/userver_log/pixel/2013-07-09/
Read 1251 paths for daylist [2013-07-09]
Found 6 new paths
.Done with file 0/6
.....number of broken lines:+0 

writing to Db

Inserted almost 74770 lines

done writing to Db

Wrote 1251 clean list files
renamed directory /home/armita/pixel/staging --> /home/armita/pixel/current
