nohup: ignoring input
processing date : 2013-07-12
Found 2 save data paths
Read 0 clean list file
Dir path is /mnt/adnetik/adnetik-uservervillage/prod/userver_log/pixel/2013-07-12/
Read 1247 paths for daylist [2013-07-12]
Found 1247 new paths
.Done with file 0/1247
..........Done with file 10/1247
.......size getting too big, writing to Db
Inserted almost 212009 lines

Wrote 18 clean list files
renamed directory /home/akshay/pixel/staging --> /home/akshay/pixel/current
Found 2 save data paths
Read 18 clean list file
Dir path is /mnt/adnetik/adnetik-uservervillage/prod/userver_log/pixel/2013-07-12/
Read 1247 paths for daylist [2013-07-12]
Found 1229 new paths
.Done with file 0/1229
..........Done with file 10/1229
.......size getting too big, writing to Db
Inserted almost 203573 lines

Wrote 36 clean list files
renamed directory /home/akshay/pixel/staging --> /home/akshay/pixel/current
Found 2 save data paths
Read 36 clean list file
Dir path is /mnt/adnetik/adnetik-uservervillage/prod/userver_log/pixel/2013-07-12/
Read 1247 paths for daylist [2013-07-12]
Found 1211 new paths
.Done with file 0/1211
..........Done with file 10/1211
.....size getting too big, writing to Db
Inserted almost 205687 lines

Wrote 52 clean list files
renamed directory /home/akshay/pixel/staging --> /home/akshay/pixel/current
Found 2 save data paths
Read 52 clean list file
Dir path is /mnt/adnetik/adnetik-uservervillage/prod/userver_log/pixel/2013-07-12/
Read 1247 paths for daylist [2013-07-12]
Found 1195 new paths
.Done with file 0/1195
..........Done with file 10/1195
.....size getting too big, writing to Db
Inserted almost 204662 lines

Wrote 68 clean list files
renamed directory /home/akshay/pixel/staging --> /home/akshay/pixel/current
Found 2 save data paths
Read 68 clean list file
Dir path is /mnt/adnetik/adnetik-uservervillage/prod/userver_log/pixel/2013-07-12/
Read 1247 paths for daylist [2013-07-12]
Found 1179 new paths
.Done with file 0/1179
..........Done with file 10/1179
...size getting too big, writing to Db
Inserted almost 208170 lines

Wrote 82 clean list files
renamed directory /home/akshay/pixel/staging --> /home/akshay/pixel/current
Found 2 save data paths
Read 82 clean list file
Dir path is /mnt/adnetik/adnetik-uservervillage/prod/userver_log/pixel/2013-07-12/
Read 1247 paths for daylist [2013-07-12]
Found 1165 new paths
.Done with file 0/1165
..........Done with file 10/1165
...size getting too big, writing to Db
Inserted almost 202037 lines

Wrote 96 clean list files
renamed directory /home/akshay/pixel/staging --> /home/akshay/pixel/current
Found 2 save data paths
Read 96 clean list file
Dir path is /mnt/adnetik/adnetik-uservervillage/prod/userver_log/pixel/2013-07-12/
Read 1247 paths for daylist [2013-07-12]
Found 1151 new paths
.Done with file 0/1151
..........Done with file 10/1151
size getting too big, writing to Db
Inserted almost 204295 lines

Wrote 107 clean list files
renamed directory /home/akshay/pixel/staging --> /home/akshay/pixel/current
Found 2 save data paths
Read 107 clean list file
Dir path is /mnt/adnetik/adnetik-uservervillage/prod/userver_log/pixel/2013-07-12/
Read 1247 paths for daylist [2013-07-12]
Found 1140 new paths
.Done with file 0/1140
..........Done with file 10/1140
size getting too big, writing to Db
Inserted almost 202757 lines

Wrote 118 clean list files
renamed directory /home/akshay/pixel/staging --> /home/akshay/pixel/current
Found 2 save data paths
Read 118 clean list file
Dir path is /mnt/adnetik/adnetik-uservervillage/prod/userver_log/pixel/2013-07-12/
Read 1247 paths for daylist [2013-07-12]
Found 1129 new paths
.Done with file 0/1129
..........Done with file 10/1129
size getting too big, writing to Db
Inserted almost 233088 lines

Wrote 129 clean list files
renamed directory /home/akshay/pixel/staging --> /home/akshay/pixel/current
Found 2 save data paths
Read 129 clean list file
Dir path is /mnt/adnetik/adnetik-uservervillage/prod/userver_log/pixel/2013-07-12/
Read 1247 paths for daylist [2013-07-12]
Found 1118 new paths
.Done with file 0/1118
.....size getting too big, writing to Db
Inserted almost 200845 lines

Wrote 135 clean list files
renamed directory /home/akshay/pixel/staging --> /home/akshay/pixel/current
Found 2 save data paths
Read 135 clean list file
Dir path is /mnt/adnetik/adnetik-uservervillage/prod/userver_log/pixel/2013-07-12/
Read 1247 paths for daylist [2013-07-12]
Found 1112 new paths
.Done with file 0/1112
.....size getting too big, writing to Db
Inserted almost 207154 lines

Wrote 141 clean list files
renamed directory /home/akshay/pixel/staging --> /home/akshay/pixel/current
Found 2 save data paths
Read 141 clean list file
Dir path is /mnt/adnetik/adnetik-uservervillage/prod/userver_log/pixel/2013-07-12/
Read 1247 paths for daylist [2013-07-12]
Found 1106 new paths
.Done with file 0/1106
.........size getting too big, writing to Db
Inserted almost 203313 lines

Wrote 151 clean list files
renamed directory /home/akshay/pixel/staging --> /home/akshay/pixel/current
Found 2 save data paths
Read 151 clean list file
Dir path is /mnt/adnetik/adnetik-uservervillage/prod/userver_log/pixel/2013-07-12/
Read 1247 paths for daylist [2013-07-12]
Found 1096 new paths
.Done with file 0/1096
.........size getting too big, writing to Db
Inserted almost 211129 lines

Wrote 161 clean list files
renamed directory /home/akshay/pixel/staging --> /home/akshay/pixel/current
Found 2 save data paths
Read 161 clean list file
Dir path is /mnt/adnetik/adnetik-uservervillage/prod/userver_log/pixel/2013-07-12/
Read 1247 paths for daylist [2013-07-12]
Found 1086 new paths
.Done with file 0/1086
........size getting too big, writing to Db
Inserted almost 257961 lines

Wrote 170 clean list files
renamed directory /home/akshay/pixel/staging --> /home/akshay/pixel/current
Found 2 save data paths
Read 170 clean list file
Dir path is /mnt/adnetik/adnetik-uservervillage/prod/userver_log/pixel/2013-07-12/
Read 1247 paths for daylist [2013-07-12]
Found 1077 new paths
.Done with file 0/1077
.....size getting too big, writing to Db
Inserted almost 235994 lines

Wrote 176 clean list files
renamed directory /home/akshay/pixel/staging --> /home/akshay/pixel/current
Found 2 save data paths
Read 176 clean list file
Dir path is /mnt/adnetik/adnetik-uservervillage/prod/userver_log/pixel/2013-07-12/
Read 1247 paths for daylist [2013-07-12]
Found 1071 new paths
.Done with file 0/1071
.......size getting too big, writing to Db
Inserted almost 257352 lines

Wrote 184 clean list files
renamed directory /home/akshay/pixel/staging --> /home/akshay/pixel/current
Found 2 save data paths
Read 184 clean list file
Dir path is /mnt/adnetik/adnetik-uservervillage/prod/userver_log/pixel/2013-07-12/
Read 1247 paths for daylist [2013-07-12]
Found 1063 new paths
.Done with file 0/1063
.........size getting too big, writing to Db
Inserted almost 200351 lines

Wrote 194 clean list files
renamed directory /home/akshay/pixel/staging --> /home/akshay/pixel/current
Found 2 save data paths
Read 194 clean list file
Dir path is /mnt/adnetik/adnetik-uservervillage/prod/userver_log/pixel/2013-07-12/
Read 1247 paths for daylist [2013-07-12]
Found 1053 new paths
.Done with file 0/1053
........size getting too big, writing to Db
Inserted almost 210858 lines

Wrote 203 clean list files
renamed directory /home/akshay/pixel/staging --> /home/akshay/pixel/current
Found 2 save data paths
Read 203 clean list file
Dir path is /mnt/adnetik/adnetik-uservervillage/prod/userver_log/pixel/2013-07-12/
Read 1247 paths for daylist [2013-07-12]
Found 1044 new paths
.Done with file 0/1044
....size getting too big, writing to Db
Inserted almost 232184 lines

Wrote 208 clean list files
renamed directory /home/akshay/pixel/staging --> /home/akshay/pixel/current
Found 2 save data paths
Read 208 clean list file
Dir path is /mnt/adnetik/adnetik-uservervillage/prod/userver_log/pixel/2013-07-12/
Read 1247 paths for daylist [2013-07-12]
Found 1039 new paths
.Done with file 0/1039
.........size getting too big, writing to Db
Inserted almost 220183 lines

Wrote 218 clean list files
renamed directory /home/akshay/pixel/staging --> /home/akshay/pixel/current
Found 2 save data paths
Read 218 clean list file
Dir path is /mnt/adnetik/adnetik-uservervillage/prod/userver_log/pixel/2013-07-12/
Read 1247 paths for daylist [2013-07-12]
Found 1029 new paths
.Done with file 0/1029
.......size getting too big, writing to Db
Inserted almost 201425 lines

Wrote 226 clean list files
renamed directory /home/akshay/pixel/staging --> /home/akshay/pixel/current
Found 2 save data paths
Read 226 clean list file
Dir path is /mnt/adnetik/adnetik-uservervillage/prod/userver_log/pixel/2013-07-12/
Read 1247 paths for daylist [2013-07-12]
Found 1021 new paths
.Done with file 0/1021
...size getting too big, writing to Db
Inserted almost 231475 lines

Wrote 230 clean list files
renamed directory /home/akshay/pixel/staging --> /home/akshay/pixel/current
Found 2 save data paths
Read 230 clean list file
Dir path is /mnt/adnetik/adnetik-uservervillage/prod/userver_log/pixel/2013-07-12/
Read 1247 paths for daylist [2013-07-12]
Found 1017 new paths
.Done with file 0/1017
........size getting too big, writing to Db
Inserted almost 208765 lines

Wrote 239 clean list files
renamed directory /home/akshay/pixel/staging --> /home/akshay/pixel/current
Found 2 save data paths
Read 239 clean list file
Dir path is /mnt/adnetik/adnetik-uservervillage/prod/userver_log/pixel/2013-07-12/
Read 1247 paths for daylist [2013-07-12]
Found 1008 new paths
.Done with file 0/1008
........size getting too big, writing to Db
Inserted almost 222063 lines

Wrote 248 clean list files
renamed directory /home/akshay/pixel/staging --> /home/akshay/pixel/current
Found 2 save data paths
Read 248 clean list file
Dir path is /mnt/adnetik/adnetik-uservervillage/prod/userver_log/pixel/2013-07-12/
Read 1247 paths for daylist [2013-07-12]
Found 999 new paths
.Done with file 0/999
......size getting too big, writing to Db
Inserted almost 208062 lines

Wrote 255 clean list files
renamed directory /home/akshay/pixel/staging --> /home/akshay/pixel/current
Found 2 save data paths
Read 255 clean list file
Dir path is /mnt/adnetik/adnetik-uservervillage/prod/userver_log/pixel/2013-07-12/
Read 1247 paths for daylist [2013-07-12]
Found 992 new paths
.Done with file 0/992
......size getting too big, writing to Db
Inserted almost 209985 lines

Wrote 262 clean list files
renamed directory /home/akshay/pixel/staging --> /home/akshay/pixel/current
Found 2 save data paths
Read 262 clean list file
Dir path is /mnt/adnetik/adnetik-uservervillage/prod/userver_log/pixel/2013-07-12/
Read 1247 paths for daylist [2013-07-12]
Found 985 new paths
.Done with file 0/985
....size getting too big, writing to Db
Inserted almost 255922 lines

Wrote 267 clean list files
renamed directory /home/akshay/pixel/staging --> /home/akshay/pixel/current
Found 2 save data paths
Read 267 clean list file
Dir path is /mnt/adnetik/adnetik-uservervillage/prod/userver_log/pixel/2013-07-12/
Read 1247 paths for daylist [2013-07-12]
Found 980 new paths
.Done with file 0/980
......size getting too big, writing to Db
Inserted almost 207135 lines

Wrote 274 clean list files
renamed directory /home/akshay/pixel/staging --> /home/akshay/pixel/current
Found 2 save data paths
Read 274 clean list file
Dir path is /mnt/adnetik/adnetik-uservervillage/prod/userver_log/pixel/2013-07-12/
Read 1247 paths for daylist [2013-07-12]
Found 973 new paths
.Done with file 0/973
.........size getting too big, writing to Db
Inserted almost 226719 lines

Wrote 284 clean list files
renamed directory /home/akshay/pixel/staging --> /home/akshay/pixel/current
Found 2 save data paths
Read 284 clean list file
Dir path is /mnt/adnetik/adnetik-uservervillage/prod/userver_log/pixel/2013-07-12/
Read 1247 paths for daylist [2013-07-12]
Found 963 new paths
.Done with file 0/963
....size getting too big, writing to Db
Inserted almost 202643 lines

Wrote 289 clean list files
renamed directory /home/akshay/pixel/staging --> /home/akshay/pixel/current
Found 2 save data paths
Read 289 clean list file
Dir path is /mnt/adnetik/adnetik-uservervillage/prod/userver_log/pixel/2013-07-12/
Read 1247 paths for daylist [2013-07-12]
Found 958 new paths
.Done with file 0/958
.......size getting too big, writing to Db
Inserted almost 226847 lines

Wrote 297 clean list files
renamed directory /home/akshay/pixel/staging --> /home/akshay/pixel/current
Found 2 save data paths
Read 297 clean list file
Dir path is /mnt/adnetik/adnetik-uservervillage/prod/userver_log/pixel/2013-07-12/
Read 1247 paths for daylist [2013-07-12]
Found 950 new paths
.Done with file 0/950
.....size getting too big, writing to Db
Inserted almost 224478 lines

Wrote 303 clean list files
renamed directory /home/akshay/pixel/staging --> /home/akshay/pixel/current
Found 2 save data paths
Read 303 clean list file
Dir path is /mnt/adnetik/adnetik-uservervillage/prod/userver_log/pixel/2013-07-12/
Read 1247 paths for daylist [2013-07-12]
Found 944 new paths
.Done with file 0/944
.....size getting too big, writing to Db
Inserted almost 215601 lines

Wrote 309 clean list files
renamed directory /home/akshay/pixel/staging --> /home/akshay/pixel/current
Found 2 save data paths
Read 309 clean list file
Dir path is /mnt/adnetik/adnetik-uservervillage/prod/userver_log/pixel/2013-07-12/
Read 1247 paths for daylist [2013-07-12]
Found 938 new paths
.Done with file 0/938
.......size getting too big, writing to Db
Inserted almost 243468 lines

Wrote 317 clean list files
renamed directory /home/akshay/pixel/staging --> /home/akshay/pixel/current
Found 2 save data paths
Read 317 clean list file
Dir path is /mnt/adnetik/adnetik-uservervillage/prod/userver_log/pixel/2013-07-12/
Read 1247 paths for daylist [2013-07-12]
Found 930 new paths
.Done with file 0/930
....size getting too big, writing to Db
Inserted almost 212638 lines

Wrote 322 clean list files
renamed directory /home/akshay/pixel/staging --> /home/akshay/pixel/current
Found 2 save data paths
Read 322 clean list file
Dir path is /mnt/adnetik/adnetik-uservervillage/prod/userver_log/pixel/2013-07-12/
Read 1247 paths for daylist [2013-07-12]
Found 925 new paths
.Done with file 0/925
...size getting too big, writing to Db
Inserted almost 201725 lines

Wrote 326 clean list files
renamed directory /home/akshay/pixel/staging --> /home/akshay/pixel/current
Found 2 save data paths
Read 326 clean list file
Dir path is /mnt/adnetik/adnetik-uservervillage/prod/userver_log/pixel/2013-07-12/
Read 1247 paths for daylist [2013-07-12]
Found 921 new paths
.Done with file 0/921
.......size getting too big, writing to Db
Inserted almost 240157 lines

Wrote 334 clean list files
renamed directory /home/akshay/pixel/staging --> /home/akshay/pixel/current
Found 2 save data paths
Read 334 clean list file
Dir path is /mnt/adnetik/adnetik-uservervillage/prod/userver_log/pixel/2013-07-12/
Read 1247 paths for daylist [2013-07-12]
Found 913 new paths
.Done with file 0/913
...size getting too big, writing to Db
Inserted almost 206885 lines

Wrote 338 clean list files
renamed directory /home/akshay/pixel/staging --> /home/akshay/pixel/current
Found 2 save data paths
Read 338 clean list file
Dir path is /mnt/adnetik/adnetik-uservervillage/prod/userver_log/pixel/2013-07-12/
Read 1247 paths for daylist [2013-07-12]
Found 909 new paths
.Done with file 0/909
..........Done with file 10/909
size getting too big, writing to Db
Inserted almost 270954 lines

Wrote 349 clean list files
renamed directory /home/akshay/pixel/staging --> /home/akshay/pixel/current
Found 2 save data paths
Read 349 clean list file
Dir path is /mnt/adnetik/adnetik-uservervillage/prod/userver_log/pixel/2013-07-12/
Read 1247 paths for daylist [2013-07-12]
Found 898 new paths
.Done with file 0/898
......size getting too big, writing to Db
Inserted almost 253875 lines

Wrote 356 clean list files
renamed directory /home/akshay/pixel/staging --> /home/akshay/pixel/current
Found 2 save data paths
Read 356 clean list file
Dir path is /mnt/adnetik/adnetik-uservervillage/prod/userver_log/pixel/2013-07-12/
Read 1247 paths for daylist [2013-07-12]
Found 891 new paths
.Done with file 0/891
..size getting too big, writing to Db
Inserted almost 213142 lines

Wrote 359 clean list files
renamed directory /home/akshay/pixel/staging --> /home/akshay/pixel/current
Found 2 save data paths
Read 359 clean list file
Dir path is /mnt/adnetik/adnetik-uservervillage/prod/userver_log/pixel/2013-07-12/
Read 1247 paths for daylist [2013-07-12]
Found 888 new paths
.Done with file 0/888
....size getting too big, writing to Db
Inserted almost 236058 lines

Wrote 364 clean list files
renamed directory /home/akshay/pixel/staging --> /home/akshay/pixel/current
Found 2 save data paths
Read 364 clean list file
Dir path is /mnt/adnetik/adnetik-uservervillage/prod/userver_log/pixel/2013-07-12/
Read 1247 paths for daylist [2013-07-12]
Found 883 new paths
.Done with file 0/883
.......size getting too big, writing to Db
Inserted almost 202596 lines

Wrote 372 clean list files
renamed directory /home/akshay/pixel/staging --> /home/akshay/pixel/current
Found 2 save data paths
Read 372 clean list file
Dir path is /mnt/adnetik/adnetik-uservervillage/prod/userver_log/pixel/2013-07-12/
Read 1247 paths for daylist [2013-07-12]
Found 875 new paths
.Done with file 0/875
......size getting too big, writing to Db
Inserted almost 207114 lines

Wrote 379 clean list files
renamed directory /home/akshay/pixel/staging --> /home/akshay/pixel/current
Found 2 save data paths
Read 379 clean list file
Dir path is /mnt/adnetik/adnetik-uservervillage/prod/userver_log/pixel/2013-07-12/
Read 1247 paths for daylist [2013-07-12]
Found 868 new paths
.Done with file 0/868
..size getting too big, writing to Db
Inserted almost 210066 lines

Wrote 382 clean list files
renamed directory /home/akshay/pixel/staging --> /home/akshay/pixel/current
Found 2 save data paths
Read 382 clean list file
Dir path is /mnt/adnetik/adnetik-uservervillage/prod/userver_log/pixel/2013-07-12/
Read 1247 paths for daylist [2013-07-12]
Found 865 new paths
.Done with file 0/865
....size getting too big, writing to Db
Inserted almost 251215 lines

Wrote 387 clean list files
renamed directory /home/akshay/pixel/staging --> /home/akshay/pixel/current
Found 2 save data paths
Read 387 clean list file
Dir path is /mnt/adnetik/adnetik-uservervillage/prod/userver_log/pixel/2013-07-12/
Read 1247 paths for daylist [2013-07-12]
Found 860 new paths
.Done with file 0/860
.....size getting too big, writing to Db
Inserted almost 282821 lines

Wrote 393 clean list files
renamed directory /home/akshay/pixel/staging --> /home/akshay/pixel/current
Found 2 save data paths
Read 393 clean list file
Dir path is /mnt/adnetik/adnetik-uservervillage/prod/userver_log/pixel/2013-07-12/
Read 1247 paths for daylist [2013-07-12]
Found 854 new paths
.Done with file 0/854
......size getting too big, writing to Db
Inserted almost 295840 lines

Wrote 400 clean list files
renamed directory /home/akshay/pixel/staging --> /home/akshay/pixel/current
Found 2 save data paths
Read 400 clean list file
Dir path is /mnt/adnetik/adnetik-uservervillage/prod/userver_log/pixel/2013-07-12/
Read 1247 paths for daylist [2013-07-12]
Found 847 new paths
.Done with file 0/847
.....size getting too big, writing to Db
Inserted almost 256789 lines

Wrote 406 clean list files
renamed directory /home/akshay/pixel/staging --> /home/akshay/pixel/current
Found 2 save data paths
Read 406 clean list file
Dir path is /mnt/adnetik/adnetik-uservervillage/prod/userver_log/pixel/2013-07-12/
Read 1247 paths for daylist [2013-07-12]
Found 841 new paths
.Done with file 0/841
....size getting too big, writing to Db
Inserted almost 266429 lines

Wrote 411 clean list files
renamed directory /home/akshay/pixel/staging --> /home/akshay/pixel/current
Found 2 save data paths
Read 411 clean list file
Dir path is /mnt/adnetik/adnetik-uservervillage/prod/userver_log/pixel/2013-07-12/
Read 1247 paths for daylist [2013-07-12]
Found 836 new paths
.Done with file 0/836
.....size getting too big, writing to Db
Inserted almost 200152 lines

Wrote 417 clean list files
renamed directory /home/akshay/pixel/staging --> /home/akshay/pixel/current
Found 2 save data paths
Read 417 clean list file
Dir path is /mnt/adnetik/adnetik-uservervillage/prod/userver_log/pixel/2013-07-12/
Read 1247 paths for daylist [2013-07-12]
Found 830 new paths
.Done with file 0/830
...size getting too big, writing to Db
Inserted almost 228848 lines

Wrote 421 clean list files
renamed directory /home/akshay/pixel/staging --> /home/akshay/pixel/current
Found 2 save data paths
Read 421 clean list file
Dir path is /mnt/adnetik/adnetik-uservervillage/prod/userver_log/pixel/2013-07-12/
Read 1247 paths for daylist [2013-07-12]
Found 826 new paths
.Done with file 0/826
....size getting too big, writing to Db
Inserted almost 207909 lines

Wrote 426 clean list files
renamed directory /home/akshay/pixel/staging --> /home/akshay/pixel/current
Found 2 save data paths
Read 426 clean list file
Dir path is /mnt/adnetik/adnetik-uservervillage/prod/userver_log/pixel/2013-07-12/
Read 1247 paths for daylist [2013-07-12]
Found 821 new paths
.Done with file 0/821
...size getting too big, writing to Db
Inserted almost 203465 lines

Wrote 430 clean list files
renamed directory /home/akshay/pixel/staging --> /home/akshay/pixel/current
Found 2 save data paths
Read 430 clean list file
Dir path is /mnt/adnetik/adnetik-uservervillage/prod/userver_log/pixel/2013-07-12/
Read 1247 paths for daylist [2013-07-12]
Found 817 new paths
.Done with file 0/817
.......size getting too big, writing to Db
Inserted almost 271143 lines

Wrote 438 clean list files
renamed directory /home/akshay/pixel/staging --> /home/akshay/pixel/current
Found 2 save data paths
Read 438 clean list file
Dir path is /mnt/adnetik/adnetik-uservervillage/prod/userver_log/pixel/2013-07-12/
Read 1247 paths for daylist [2013-07-12]
Found 809 new paths
.Done with file 0/809
....size getting too big, writing to Db
Inserted almost 227319 lines

Wrote 443 clean list files
renamed directory /home/akshay/pixel/staging --> /home/akshay/pixel/current
Found 2 save data paths
Read 443 clean list file
Dir path is /mnt/adnetik/adnetik-uservervillage/prod/userver_log/pixel/2013-07-12/
Read 1247 paths for daylist [2013-07-12]
Found 804 new paths
.Done with file 0/804
....size getting too big, writing to Db
Inserted almost 213798 lines

Wrote 448 clean list files
renamed directory /home/akshay/pixel/staging --> /home/akshay/pixel/current
Found 2 save data paths
Read 448 clean list file
Dir path is /mnt/adnetik/adnetik-uservervillage/prod/userver_log/pixel/2013-07-12/
Read 1247 paths for daylist [2013-07-12]
Found 799 new paths
.Done with file 0/799
....size getting too big, writing to Db
Inserted almost 245869 lines

Wrote 453 clean list files
renamed directory /home/akshay/pixel/staging --> /home/akshay/pixel/current
Found 2 save data paths
Read 453 clean list file
Dir path is /mnt/adnetik/adnetik-uservervillage/prod/userver_log/pixel/2013-07-12/
Read 1247 paths for daylist [2013-07-12]
Found 794 new paths
.Done with file 0/794
......size getting too big, writing to Db
Inserted almost 215221 lines

Wrote 460 clean list files
renamed directory /home/akshay/pixel/staging --> /home/akshay/pixel/current
Found 2 save data paths
Read 460 clean list file
Dir path is /mnt/adnetik/adnetik-uservervillage/prod/userver_log/pixel/2013-07-12/
Read 1247 paths for daylist [2013-07-12]
Found 787 new paths
.Done with file 0/787
.....size getting too big, writing to Db
Inserted almost 255580 lines

Wrote 466 clean list files
renamed directory /home/akshay/pixel/staging --> /home/akshay/pixel/current
Found 2 save data paths
Read 466 clean list file
Dir path is /mnt/adnetik/adnetik-uservervillage/prod/userver_log/pixel/2013-07-12/
Read 1247 paths for daylist [2013-07-12]
Found 781 new paths
.Done with file 0/781
.....size getting too big, writing to Db
Inserted almost 248977 lines

Wrote 472 clean list files
renamed directory /home/akshay/pixel/staging --> /home/akshay/pixel/current
Found 2 save data paths
Read 472 clean list file
Dir path is /mnt/adnetik/adnetik-uservervillage/prod/userver_log/pixel/2013-07-12/
Read 1247 paths for daylist [2013-07-12]
Found 775 new paths
.Done with file 0/775
......size getting too big, writing to Db
Inserted almost 230483 lines

Wrote 479 clean list files
renamed directory /home/akshay/pixel/staging --> /home/akshay/pixel/current
Found 2 save data paths
Read 479 clean list file
Dir path is /mnt/adnetik/adnetik-uservervillage/prod/userver_log/pixel/2013-07-12/
Read 1247 paths for daylist [2013-07-12]
Found 768 new paths
.Done with file 0/768
....size getting too big, writing to Db
Inserted almost 207989 lines

Wrote 484 clean list files
renamed directory /home/akshay/pixel/staging --> /home/akshay/pixel/current
Found 2 save data paths
Read 484 clean list file
Dir path is /mnt/adnetik/adnetik-uservervillage/prod/userver_log/pixel/2013-07-12/
Read 1247 paths for daylist [2013-07-12]
Found 763 new paths
.Done with file 0/763
...size getting too big, writing to Db
Inserted almost 218516 lines

Wrote 488 clean list files
renamed directory /home/akshay/pixel/staging --> /home/akshay/pixel/current
Found 2 save data paths
Read 488 clean list file
Dir path is /mnt/adnetik/adnetik-uservervillage/prod/userver_log/pixel/2013-07-12/
Read 1247 paths for daylist [2013-07-12]
Found 759 new paths
.Done with file 0/759
...size getting too big, writing to Db
Inserted almost 204419 lines

Wrote 492 clean list files
renamed directory /home/akshay/pixel/staging --> /home/akshay/pixel/current
Found 2 save data paths
Read 492 clean list file
Dir path is /mnt/adnetik/adnetik-uservervillage/prod/userver_log/pixel/2013-07-12/
Read 1247 paths for daylist [2013-07-12]
Found 755 new paths
.Done with file 0/755
.......size getting too big, writing to Db
Inserted almost 246688 lines

Wrote 500 clean list files
renamed directory /home/akshay/pixel/staging --> /home/akshay/pixel/current
Found 2 save data paths
Read 500 clean list file
Dir path is /mnt/adnetik/adnetik-uservervillage/prod/userver_log/pixel/2013-07-12/
Read 1247 paths for daylist [2013-07-12]
Found 747 new paths
.Done with file 0/747
.......size getting too big, writing to Db
Inserted almost 210374 lines

Wrote 508 clean list files
renamed directory /home/akshay/pixel/staging --> /home/akshay/pixel/current
Found 2 save data paths
Read 508 clean list file
Dir path is /mnt/adnetik/adnetik-uservervillage/prod/userver_log/pixel/2013-07-12/
Read 1247 paths for daylist [2013-07-12]
Found 739 new paths
.Done with file 0/739
..size getting too big, writing to Db
Inserted almost 210189 lines

Wrote 511 clean list files
renamed directory /home/akshay/pixel/staging --> /home/akshay/pixel/current
Found 2 save data paths
Read 511 clean list file
Dir path is /mnt/adnetik/adnetik-uservervillage/prod/userver_log/pixel/2013-07-12/
Read 1247 paths for daylist [2013-07-12]
Found 736 new paths
.Done with file 0/736
....size getting too big, writing to Db
Inserted almost 273130 lines

Wrote 516 clean list files
renamed directory /home/akshay/pixel/staging --> /home/akshay/pixel/current
Found 2 save data paths
Read 516 clean list file
Dir path is /mnt/adnetik/adnetik-uservervillage/prod/userver_log/pixel/2013-07-12/
Read 1247 paths for daylist [2013-07-12]
Found 731 new paths
.Done with file 0/731
...size getting too big, writing to Db
Inserted almost 228325 lines

Wrote 520 clean list files
renamed directory /home/akshay/pixel/staging --> /home/akshay/pixel/current
Found 2 save data paths
Read 520 clean list file
Dir path is /mnt/adnetik/adnetik-uservervillage/prod/userver_log/pixel/2013-07-12/
Read 1247 paths for daylist [2013-07-12]
Found 727 new paths
.Done with file 0/727
......size getting too big, writing to Db
Inserted almost 201961 lines

Wrote 527 clean list files
renamed directory /home/akshay/pixel/staging --> /home/akshay/pixel/current
Found 2 save data paths
Read 527 clean list file
Dir path is /mnt/adnetik/adnetik-uservervillage/prod/userver_log/pixel/2013-07-12/
Read 1247 paths for daylist [2013-07-12]
Found 720 new paths
.Done with file 0/720
.....size getting too big, writing to Db
Inserted almost 234201 lines

Wrote 533 clean list files
renamed directory /home/akshay/pixel/staging --> /home/akshay/pixel/current
Found 2 save data paths
Read 533 clean list file
Dir path is /mnt/adnetik/adnetik-uservervillage/prod/userver_log/pixel/2013-07-12/
Read 1247 paths for daylist [2013-07-12]
Found 714 new paths
.Done with file 0/714
....size getting too big, writing to Db
Inserted almost 207486 lines

Wrote 538 clean list files
renamed directory /home/akshay/pixel/staging --> /home/akshay/pixel/current
Found 2 save data paths
Read 538 clean list file
Dir path is /mnt/adnetik/adnetik-uservervillage/prod/userver_log/pixel/2013-07-12/
Read 1247 paths for daylist [2013-07-12]
Found 709 new paths
.Done with file 0/709
...size getting too big, writing to Db
Inserted almost 216038 lines

Wrote 542 clean list files
renamed directory /home/akshay/pixel/staging --> /home/akshay/pixel/current
Found 2 save data paths
Read 542 clean list file
Dir path is /mnt/adnetik/adnetik-uservervillage/prod/userver_log/pixel/2013-07-12/
Read 1247 paths for daylist [2013-07-12]
Found 705 new paths
.Done with file 0/705
.....size getting too big, writing to Db
Inserted almost 200043 lines

Wrote 548 clean list files
renamed directory /home/akshay/pixel/staging --> /home/akshay/pixel/current
Found 2 save data paths
Read 548 clean list file
Dir path is /mnt/adnetik/adnetik-uservervillage/prod/userver_log/pixel/2013-07-12/
Read 1247 paths for daylist [2013-07-12]
Found 699 new paths
.Done with file 0/699
...size getting too big, writing to Db
Inserted almost 211300 lines

Wrote 552 clean list files
renamed directory /home/akshay/pixel/staging --> /home/akshay/pixel/current
Found 2 save data paths
Read 552 clean list file
Dir path is /mnt/adnetik/adnetik-uservervillage/prod/userver_log/pixel/2013-07-12/
Read 1247 paths for daylist [2013-07-12]
Found 695 new paths
.Done with file 0/695
.......size getting too big, writing to Db
Inserted almost 273530 lines

Wrote 560 clean list files
renamed directory /home/akshay/pixel/staging --> /home/akshay/pixel/current
Found 2 save data paths
Read 560 clean list file
Dir path is /mnt/adnetik/adnetik-uservervillage/prod/userver_log/pixel/2013-07-12/
Read 1247 paths for daylist [2013-07-12]
Found 687 new paths
.Done with file 0/687
...size getting too big, writing to Db
Inserted almost 235861 lines

Wrote 564 clean list files
renamed directory /home/akshay/pixel/staging --> /home/akshay/pixel/current
Found 2 save data paths
Read 564 clean list file
Dir path is /mnt/adnetik/adnetik-uservervillage/prod/userver_log/pixel/2013-07-12/
Read 1247 paths for daylist [2013-07-12]
Found 683 new paths
.Done with file 0/683
.......size getting too big, writing to Db
Inserted almost 228775 lines

Wrote 572 clean list files
renamed directory /home/akshay/pixel/staging --> /home/akshay/pixel/current
Found 2 save data paths
Read 572 clean list file
Dir path is /mnt/adnetik/adnetik-uservervillage/prod/userver_log/pixel/2013-07-12/
Read 1247 paths for daylist [2013-07-12]
Found 675 new paths
.Done with file 0/675
...size getting too big, writing to Db
Inserted almost 223347 lines

Wrote 576 clean list files
renamed directory /home/akshay/pixel/staging --> /home/akshay/pixel/current
Found 2 save data paths
Read 576 clean list file
Dir path is /mnt/adnetik/adnetik-uservervillage/prod/userver_log/pixel/2013-07-12/
Read 1247 paths for daylist [2013-07-12]
Found 671 new paths
.Done with file 0/671
...size getting too big, writing to Db
Inserted almost 210182 lines

Wrote 580 clean list files
renamed directory /home/akshay/pixel/staging --> /home/akshay/pixel/current
Found 2 save data paths
Read 580 clean list file
Dir path is /mnt/adnetik/adnetik-uservervillage/prod/userver_log/pixel/2013-07-12/
Read 1247 paths for daylist [2013-07-12]
Found 667 new paths
.Done with file 0/667
......size getting too big, writing to Db
Inserted almost 227867 lines

Wrote 587 clean list files
renamed directory /home/akshay/pixel/staging --> /home/akshay/pixel/current
Found 2 save data paths
Read 587 clean list file
Dir path is /mnt/adnetik/adnetik-uservervillage/prod/userver_log/pixel/2013-07-12/
Read 1247 paths for daylist [2013-07-12]
Found 660 new paths
.Done with file 0/660
...size getting too big, writing to Db
Inserted almost 230069 lines

Wrote 591 clean list files
renamed directory /home/akshay/pixel/staging --> /home/akshay/pixel/current
Found 2 save data paths
Read 591 clean list file
Dir path is /mnt/adnetik/adnetik-uservervillage/prod/userver_log/pixel/2013-07-12/
Read 1247 paths for daylist [2013-07-12]
Found 656 new paths
.Done with file 0/656
......size getting too big, writing to Db
Inserted almost 202696 lines

Wrote 598 clean list files
renamed directory /home/akshay/pixel/staging --> /home/akshay/pixel/current
Found 2 save data paths
Read 598 clean list file
Dir path is /mnt/adnetik/adnetik-uservervillage/prod/userver_log/pixel/2013-07-12/
Read 1247 paths for daylist [2013-07-12]
Found 649 new paths
.Done with file 0/649
....size getting too big, writing to Db
Inserted almost 252281 lines

Wrote 603 clean list files
renamed directory /home/akshay/pixel/staging --> /home/akshay/pixel/current
Found 2 save data paths
Read 603 clean list file
Dir path is /mnt/adnetik/adnetik-uservervillage/prod/userver_log/pixel/2013-07-12/
Read 1247 paths for daylist [2013-07-12]
Found 644 new paths
.Done with file 0/644
....size getting too big, writing to Db
Inserted almost 251376 lines

Wrote 608 clean list files
renamed directory /home/akshay/pixel/staging --> /home/akshay/pixel/current
Found 2 save data paths
Read 608 clean list file
Dir path is /mnt/adnetik/adnetik-uservervillage/prod/userver_log/pixel/2013-07-12/
Read 1247 paths for daylist [2013-07-12]
Found 639 new paths
.Done with file 0/639
....size getting too big, writing to Db
Inserted almost 228452 lines

Wrote 613 clean list files
renamed directory /home/akshay/pixel/staging --> /home/akshay/pixel/current
Found 2 save data paths
Read 613 clean list file
Dir path is /mnt/adnetik/adnetik-uservervillage/prod/userver_log/pixel/2013-07-12/
Read 1247 paths for daylist [2013-07-12]
Found 634 new paths
.Done with file 0/634
.....size getting too big, writing to Db
Inserted almost 201072 lines

Wrote 619 clean list files
renamed directory /home/akshay/pixel/staging --> /home/akshay/pixel/current
Found 2 save data paths
Read 619 clean list file
Dir path is /mnt/adnetik/adnetik-uservervillage/prod/userver_log/pixel/2013-07-12/
Read 1247 paths for daylist [2013-07-12]
Found 628 new paths
.Done with file 0/628
....size getting too big, writing to Db
Inserted almost 215454 lines

Wrote 624 clean list files
renamed directory /home/akshay/pixel/staging --> /home/akshay/pixel/current
Found 2 save data paths
Read 624 clean list file
Dir path is /mnt/adnetik/adnetik-uservervillage/prod/userver_log/pixel/2013-07-12/
Read 1247 paths for daylist [2013-07-12]
Found 623 new paths
.Done with file 0/623
....size getting too big, writing to Db
Inserted almost 235879 lines

Wrote 629 clean list files
renamed directory /home/akshay/pixel/staging --> /home/akshay/pixel/current
Found 2 save data paths
Read 629 clean list file
Dir path is /mnt/adnetik/adnetik-uservervillage/prod/userver_log/pixel/2013-07-12/
Read 1247 paths for daylist [2013-07-12]
Found 618 new paths
.Done with file 0/618
.....size getting too big, writing to Db
Inserted almost 245061 lines

Wrote 635 clean list files
renamed directory /home/akshay/pixel/staging --> /home/akshay/pixel/current
Found 2 save data paths
Read 635 clean list file
Dir path is /mnt/adnetik/adnetik-uservervillage/prod/userver_log/pixel/2013-07-12/
Read 1247 paths for daylist [2013-07-12]
Found 612 new paths
.Done with file 0/612
.....size getting too big, writing to Db
Inserted almost 254957 lines

Wrote 641 clean list files
renamed directory /home/akshay/pixel/staging --> /home/akshay/pixel/current
Found 2 save data paths
Read 641 clean list file
Dir path is /mnt/adnetik/adnetik-uservervillage/prod/userver_log/pixel/2013-07-12/
Read 1247 paths for daylist [2013-07-12]
Found 606 new paths
.Done with file 0/606
.....size getting too big, writing to Db
Inserted almost 227142 lines

Wrote 647 clean list files
renamed directory /home/akshay/pixel/staging --> /home/akshay/pixel/current
Found 2 save data paths
Read 647 clean list file
Dir path is /mnt/adnetik/adnetik-uservervillage/prod/userver_log/pixel/2013-07-12/
Read 1247 paths for daylist [2013-07-12]
Found 600 new paths
.Done with file 0/600
....size getting too big, writing to Db
Inserted almost 203480 lines

Wrote 652 clean list files
renamed directory /home/akshay/pixel/staging --> /home/akshay/pixel/current
Found 2 save data paths
Read 652 clean list file
Dir path is /mnt/adnetik/adnetik-uservervillage/prod/userver_log/pixel/2013-07-12/
Read 1247 paths for daylist [2013-07-12]
Found 595 new paths
.Done with file 0/595
...size getting too big, writing to Db
Inserted almost 200802 lines

Wrote 656 clean list files
renamed directory /home/akshay/pixel/staging --> /home/akshay/pixel/current
Found 2 save data paths
Read 656 clean list file
Dir path is /mnt/adnetik/adnetik-uservervillage/prod/userver_log/pixel/2013-07-12/
Read 1247 paths for daylist [2013-07-12]
Found 591 new paths
.Done with file 0/591
.......size getting too big, writing to Db
Inserted almost 236034 lines

Wrote 664 clean list files
renamed directory /home/akshay/pixel/staging --> /home/akshay/pixel/current
Found 2 save data paths
Read 664 clean list file
Dir path is /mnt/adnetik/adnetik-uservervillage/prod/userver_log/pixel/2013-07-12/
Read 1247 paths for daylist [2013-07-12]
Found 583 new paths
.Done with file 0/583
....size getting too big, writing to Db
Inserted almost 241179 lines

Wrote 669 clean list files
renamed directory /home/akshay/pixel/staging --> /home/akshay/pixel/current
Found 2 save data paths
Read 669 clean list file
Dir path is /mnt/adnetik/adnetik-uservervillage/prod/userver_log/pixel/2013-07-12/
Read 1247 paths for daylist [2013-07-12]
Found 578 new paths
.Done with file 0/578
......size getting too big, writing to Db
Inserted almost 202076 lines

Wrote 676 clean list files
renamed directory /home/akshay/pixel/staging --> /home/akshay/pixel/current
Found 2 save data paths
Read 676 clean list file
Dir path is /mnt/adnetik/adnetik-uservervillage/prod/userver_log/pixel/2013-07-12/
Read 1247 paths for daylist [2013-07-12]
Found 571 new paths
.Done with file 0/571
...size getting too big, writing to Db
Inserted almost 210038 lines

Wrote 680 clean list files
renamed directory /home/akshay/pixel/staging --> /home/akshay/pixel/current
Found 2 save data paths
Read 680 clean list file
Dir path is /mnt/adnetik/adnetik-uservervillage/prod/userver_log/pixel/2013-07-12/
Read 1247 paths for daylist [2013-07-12]
Found 567 new paths
.Done with file 0/567
....size getting too big, writing to Db
Inserted almost 233109 lines

Wrote 685 clean list files
renamed directory /home/akshay/pixel/staging --> /home/akshay/pixel/current
Found 2 save data paths
Read 685 clean list file
Dir path is /mnt/adnetik/adnetik-uservervillage/prod/userver_log/pixel/2013-07-12/
Read 1247 paths for daylist [2013-07-12]
Found 562 new paths
.Done with file 0/562
...size getting too big, writing to Db
Inserted almost 200313 lines

Wrote 689 clean list files
renamed directory /home/akshay/pixel/staging --> /home/akshay/pixel/current
Found 2 save data paths
Read 689 clean list file
Dir path is /mnt/adnetik/adnetik-uservervillage/prod/userver_log/pixel/2013-07-12/
Read 1247 paths for daylist [2013-07-12]
Found 558 new paths
.Done with file 0/558
.....size getting too big, writing to Db
Inserted almost 203943 lines

Wrote 695 clean list files
renamed directory /home/akshay/pixel/staging --> /home/akshay/pixel/current
Found 2 save data paths
Read 695 clean list file
Dir path is /mnt/adnetik/adnetik-uservervillage/prod/userver_log/pixel/2013-07-12/
Read 1247 paths for daylist [2013-07-12]
Found 552 new paths
.Done with file 0/552
....size getting too big, writing to Db
Inserted almost 227089 lines

Wrote 700 clean list files
renamed directory /home/akshay/pixel/staging --> /home/akshay/pixel/current
Found 2 save data paths
Read 700 clean list file
Dir path is /mnt/adnetik/adnetik-uservervillage/prod/userver_log/pixel/2013-07-12/
Read 1247 paths for daylist [2013-07-12]
Found 547 new paths
.Done with file 0/547
......size getting too big, writing to Db
Inserted almost 240371 lines

Wrote 707 clean list files
renamed directory /home/akshay/pixel/staging --> /home/akshay/pixel/current
Found 2 save data paths
Read 707 clean list file
Dir path is /mnt/adnetik/adnetik-uservervillage/prod/userver_log/pixel/2013-07-12/
Read 1247 paths for daylist [2013-07-12]
Found 540 new paths
.Done with file 0/540
.....size getting too big, writing to Db
Inserted almost 236309 lines

Wrote 713 clean list files
renamed directory /home/akshay/pixel/staging --> /home/akshay/pixel/current
Found 2 save data paths
Read 713 clean list file
Dir path is /mnt/adnetik/adnetik-uservervillage/prod/userver_log/pixel/2013-07-12/
Read 1247 paths for daylist [2013-07-12]
Found 534 new paths
.Done with file 0/534
.....size getting too big, writing to Db
Inserted almost 222063 lines

Wrote 719 clean list files
renamed directory /home/akshay/pixel/staging --> /home/akshay/pixel/current
Found 2 save data paths
Read 719 clean list file
Dir path is /mnt/adnetik/adnetik-uservervillage/prod/userver_log/pixel/2013-07-12/
Read 1247 paths for daylist [2013-07-12]
Found 528 new paths
.Done with file 0/528
...size getting too big, writing to Db
Inserted almost 211399 lines

Wrote 723 clean list files
renamed directory /home/akshay/pixel/staging --> /home/akshay/pixel/current
Found 2 save data paths
Read 723 clean list file
Dir path is /mnt/adnetik/adnetik-uservervillage/prod/userver_log/pixel/2013-07-12/
Read 1247 paths for daylist [2013-07-12]
Found 524 new paths
.Done with file 0/524
....size getting too big, writing to Db
Inserted almost 208403 lines

Wrote 728 clean list files
renamed directory /home/akshay/pixel/staging --> /home/akshay/pixel/current
Found 2 save data paths
Read 728 clean list file
Dir path is /mnt/adnetik/adnetik-uservervillage/prod/userver_log/pixel/2013-07-12/
Read 1247 paths for daylist [2013-07-12]
Found 519 new paths
.Done with file 0/519
......size getting too big, writing to Db
Inserted almost 210339 lines

Wrote 735 clean list files
renamed directory /home/akshay/pixel/staging --> /home/akshay/pixel/current
Found 2 save data paths
Read 735 clean list file
Dir path is /mnt/adnetik/adnetik-uservervillage/prod/userver_log/pixel/2013-07-12/
Read 1247 paths for daylist [2013-07-12]
Found 512 new paths
.Done with file 0/512
.....size getting too big, writing to Db
Inserted almost 212196 lines

Wrote 741 clean list files
renamed directory /home/akshay/pixel/staging --> /home/akshay/pixel/current
Found 2 save data paths
Read 741 clean list file
Dir path is /mnt/adnetik/adnetik-uservervillage/prod/userver_log/pixel/2013-07-12/
Read 1247 paths for daylist [2013-07-12]
Found 506 new paths
.Done with file 0/506
....size getting too big, writing to Db
Inserted almost 245121 lines

Wrote 746 clean list files
renamed directory /home/akshay/pixel/staging --> /home/akshay/pixel/current
Found 2 save data paths
Read 746 clean list file
Dir path is /mnt/adnetik/adnetik-uservervillage/prod/userver_log/pixel/2013-07-12/
Read 1247 paths for daylist [2013-07-12]
Found 501 new paths
.Done with file 0/501
......size getting too big, writing to Db
Inserted almost 231756 lines

Wrote 753 clean list files
renamed directory /home/akshay/pixel/staging --> /home/akshay/pixel/current
Found 2 save data paths
Read 753 clean list file
Dir path is /mnt/adnetik/adnetik-uservervillage/prod/userver_log/pixel/2013-07-12/
Read 1247 paths for daylist [2013-07-12]
Found 494 new paths
.Done with file 0/494
.....size getting too big, writing to Db
Inserted almost 228858 lines

Wrote 759 clean list files
renamed directory /home/akshay/pixel/staging --> /home/akshay/pixel/current
Found 2 save data paths
Read 759 clean list file
Dir path is /mnt/adnetik/adnetik-uservervillage/prod/userver_log/pixel/2013-07-12/
Read 1247 paths for daylist [2013-07-12]
Found 488 new paths
.Done with file 0/488
......size getting too big, writing to Db
Inserted almost 206788 lines

Wrote 766 clean list files
renamed directory /home/akshay/pixel/staging --> /home/akshay/pixel/current
Found 2 save data paths
Read 766 clean list file
Dir path is /mnt/adnetik/adnetik-uservervillage/prod/userver_log/pixel/2013-07-12/
Read 1247 paths for daylist [2013-07-12]
Found 481 new paths
.Done with file 0/481
.....size getting too big, writing to Db
Inserted almost 224417 lines

Wrote 772 clean list files
renamed directory /home/akshay/pixel/staging --> /home/akshay/pixel/current
Found 2 save data paths
Read 772 clean list file
Dir path is /mnt/adnetik/adnetik-uservervillage/prod/userver_log/pixel/2013-07-12/
Read 1247 paths for daylist [2013-07-12]
Found 475 new paths
.Done with file 0/475
....size getting too big, writing to Db
Inserted almost 213237 lines

Wrote 777 clean list files
renamed directory /home/akshay/pixel/staging --> /home/akshay/pixel/current
Found 2 save data paths
Read 777 clean list file
Dir path is /mnt/adnetik/adnetik-uservervillage/prod/userver_log/pixel/2013-07-12/
Read 1247 paths for daylist [2013-07-12]
Found 470 new paths
.Done with file 0/470
....size getting too big, writing to Db
Inserted almost 202301 lines

Wrote 782 clean list files
renamed directory /home/akshay/pixel/staging --> /home/akshay/pixel/current
Found 2 save data paths
Read 782 clean list file
Dir path is /mnt/adnetik/adnetik-uservervillage/prod/userver_log/pixel/2013-07-12/
Read 1247 paths for daylist [2013-07-12]
Found 465 new paths
.Done with file 0/465
.....size getting too big, writing to Db
Inserted almost 203294 lines

Wrote 788 clean list files
renamed directory /home/akshay/pixel/staging --> /home/akshay/pixel/current
Found 2 save data paths
Read 788 clean list file
Dir path is /mnt/adnetik/adnetik-uservervillage/prod/userver_log/pixel/2013-07-12/
Read 1247 paths for daylist [2013-07-12]
Found 459 new paths
.Done with file 0/459
....size getting too big, writing to Db
Inserted almost 225806 lines

Wrote 793 clean list files
renamed directory /home/akshay/pixel/staging --> /home/akshay/pixel/current
Found 2 save data paths
Read 793 clean list file
Dir path is /mnt/adnetik/adnetik-uservervillage/prod/userver_log/pixel/2013-07-12/
Read 1247 paths for daylist [2013-07-12]
Found 454 new paths
.Done with file 0/454
......size getting too big, writing to Db
Inserted almost 215769 lines

Wrote 800 clean list files
renamed directory /home/akshay/pixel/staging --> /home/akshay/pixel/current
Found 2 save data paths
Read 800 clean list file
Dir path is /mnt/adnetik/adnetik-uservervillage/prod/userver_log/pixel/2013-07-12/
Read 1247 paths for daylist [2013-07-12]
Found 447 new paths
.Done with file 0/447
......size getting too big, writing to Db
Inserted almost 235182 lines

Wrote 807 clean list files
renamed directory /home/akshay/pixel/staging --> /home/akshay/pixel/current
Found 2 save data paths
Read 807 clean list file
Dir path is /mnt/adnetik/adnetik-uservervillage/prod/userver_log/pixel/2013-07-12/
Read 1247 paths for daylist [2013-07-12]
Found 440 new paths
.Done with file 0/440
.....size getting too big, writing to Db
Inserted almost 220711 lines

Wrote 813 clean list files
renamed directory /home/akshay/pixel/staging --> /home/akshay/pixel/current
Found 2 save data paths
Read 813 clean list file
Dir path is /mnt/adnetik/adnetik-uservervillage/prod/userver_log/pixel/2013-07-12/
Read 1247 paths for daylist [2013-07-12]
Found 434 new paths
.Done with file 0/434
......size getting too big, writing to Db
Inserted almost 203631 lines

Wrote 820 clean list files
renamed directory /home/akshay/pixel/staging --> /home/akshay/pixel/current
Found 2 save data paths
Read 820 clean list file
Dir path is /mnt/adnetik/adnetik-uservervillage/prod/userver_log/pixel/2013-07-12/
Read 1247 paths for daylist [2013-07-12]
Found 427 new paths
.Done with file 0/427
....size getting too big, writing to Db
Inserted almost 208904 lines

Wrote 825 clean list files
renamed directory /home/akshay/pixel/staging --> /home/akshay/pixel/current
Found 2 save data paths
Read 825 clean list file
Dir path is /mnt/adnetik/adnetik-uservervillage/prod/userver_log/pixel/2013-07-12/
Read 1247 paths for daylist [2013-07-12]
Found 422 new paths
.Done with file 0/422
.....size getting too big, writing to Db
Inserted almost 242046 lines

Wrote 831 clean list files
renamed directory /home/akshay/pixel/staging --> /home/akshay/pixel/current
Found 2 save data paths
Read 831 clean list file
Dir path is /mnt/adnetik/adnetik-uservervillage/prod/userver_log/pixel/2013-07-12/
Read 1247 paths for daylist [2013-07-12]
Found 416 new paths
.Done with file 0/416
......size getting too big, writing to Db
Inserted almost 200582 lines

Wrote 838 clean list files
renamed directory /home/akshay/pixel/staging --> /home/akshay/pixel/current
Found 2 save data paths
Read 838 clean list file
Dir path is /mnt/adnetik/adnetik-uservervillage/prod/userver_log/pixel/2013-07-12/
Read 1247 paths for daylist [2013-07-12]
Found 409 new paths
.Done with file 0/409
......size getting too big, writing to Db
Inserted almost 202697 lines

Wrote 845 clean list files
renamed directory /home/akshay/pixel/staging --> /home/akshay/pixel/current
Found 2 save data paths
Read 845 clean list file
Dir path is /mnt/adnetik/adnetik-uservervillage/prod/userver_log/pixel/2013-07-12/
Read 1247 paths for daylist [2013-07-12]
Found 402 new paths
.Done with file 0/402
.....size getting too big, writing to Db
Inserted almost 242758 lines

Wrote 851 clean list files
renamed directory /home/akshay/pixel/staging --> /home/akshay/pixel/current
Found 2 save data paths
Read 851 clean list file
Dir path is /mnt/adnetik/adnetik-uservervillage/prod/userver_log/pixel/2013-07-12/
Read 1247 paths for daylist [2013-07-12]
Found 396 new paths
.Done with file 0/396
......size getting too big, writing to Db
Inserted almost 217154 lines

Wrote 858 clean list files
renamed directory /home/akshay/pixel/staging --> /home/akshay/pixel/current
Found 2 save data paths
Read 858 clean list file
Dir path is /mnt/adnetik/adnetik-uservervillage/prod/userver_log/pixel/2013-07-12/
Read 1247 paths for daylist [2013-07-12]
Found 389 new paths
.Done with file 0/389
.....size getting too big, writing to Db
Inserted almost 215719 lines

Wrote 864 clean list files
renamed directory /home/akshay/pixel/staging --> /home/akshay/pixel/current
Found 2 save data paths
Read 864 clean list file
Dir path is /mnt/adnetik/adnetik-uservervillage/prod/userver_log/pixel/2013-07-12/
Read 1247 paths for daylist [2013-07-12]
Found 383 new paths
.Done with file 0/383
.....size getting too big, writing to Db
Inserted almost 201678 lines

Wrote 870 clean list files
renamed directory /home/akshay/pixel/staging --> /home/akshay/pixel/current
Found 2 save data paths
Read 870 clean list file
Dir path is /mnt/adnetik/adnetik-uservervillage/prod/userver_log/pixel/2013-07-12/
Read 1247 paths for daylist [2013-07-12]
Found 377 new paths
.Done with file 0/377
......size getting too big, writing to Db
Inserted almost 220061 lines

Wrote 877 clean list files
renamed directory /home/akshay/pixel/staging --> /home/akshay/pixel/current
Found 2 save data paths
Read 877 clean list file
Dir path is /mnt/adnetik/adnetik-uservervillage/prod/userver_log/pixel/2013-07-12/
Read 1247 paths for daylist [2013-07-12]
Found 370 new paths
.Done with file 0/370
......size getting too big, writing to Db
Inserted almost 205760 lines

Wrote 884 clean list files
renamed directory /home/akshay/pixel/staging --> /home/akshay/pixel/current
Found 2 save data paths
Read 884 clean list file
Dir path is /mnt/adnetik/adnetik-uservervillage/prod/userver_log/pixel/2013-07-12/
Read 1247 paths for daylist [2013-07-12]
Found 363 new paths
.Done with file 0/363
.....size getting too big, writing to Db
Inserted almost 210322 lines

Wrote 890 clean list files
renamed directory /home/akshay/pixel/staging --> /home/akshay/pixel/current
Found 2 save data paths
Read 890 clean list file
Dir path is /mnt/adnetik/adnetik-uservervillage/prod/userver_log/pixel/2013-07-12/
Read 1247 paths for daylist [2013-07-12]
Found 357 new paths
.Done with file 0/357
.....size getting too big, writing to Db
Inserted almost 201158 lines

Wrote 896 clean list files
renamed directory /home/akshay/pixel/staging --> /home/akshay/pixel/current
Found 2 save data paths
Read 896 clean list file
Dir path is /mnt/adnetik/adnetik-uservervillage/prod/userver_log/pixel/2013-07-12/
Read 1247 paths for daylist [2013-07-12]
Found 351 new paths
.Done with file 0/351
......size getting too big, writing to Db
Inserted almost 228205 lines

Wrote 903 clean list files
renamed directory /home/akshay/pixel/staging --> /home/akshay/pixel/current
Found 2 save data paths
Read 903 clean list file
Dir path is /mnt/adnetik/adnetik-uservervillage/prod/userver_log/pixel/2013-07-12/
Read 1247 paths for daylist [2013-07-12]
Found 344 new paths
.Done with file 0/344
....size getting too big, writing to Db
Inserted almost 210290 lines

Wrote 908 clean list files
renamed directory /home/akshay/pixel/staging --> /home/akshay/pixel/current
Found 2 save data paths
Read 908 clean list file
Dir path is /mnt/adnetik/adnetik-uservervillage/prod/userver_log/pixel/2013-07-12/
Read 1247 paths for daylist [2013-07-12]
Found 339 new paths
.Done with file 0/339
.......size getting too big, writing to Db
Inserted almost 200124 lines

Wrote 916 clean list files
renamed directory /home/akshay/pixel/staging --> /home/akshay/pixel/current
Found 2 save data paths
Read 916 clean list file
Dir path is /mnt/adnetik/adnetik-uservervillage/prod/userver_log/pixel/2013-07-12/
Read 1247 paths for daylist [2013-07-12]
Found 331 new paths
.Done with file 0/331
......size getting too big, writing to Db
Inserted almost 237548 lines

Wrote 923 clean list files
renamed directory /home/akshay/pixel/staging --> /home/akshay/pixel/current
Found 2 save data paths
Read 923 clean list file
Dir path is /mnt/adnetik/adnetik-uservervillage/prod/userver_log/pixel/2013-07-12/
Read 1247 paths for daylist [2013-07-12]
Found 324 new paths
.Done with file 0/324
.......size getting too big, writing to Db
Inserted almost 211527 lines

Wrote 931 clean list files
renamed directory /home/akshay/pixel/staging --> /home/akshay/pixel/current
Found 2 save data paths
Read 931 clean list file
Dir path is /mnt/adnetik/adnetik-uservervillage/prod/userver_log/pixel/2013-07-12/
Read 1247 paths for daylist [2013-07-12]
Found 316 new paths
.Done with file 0/316
.......size getting too big, writing to Db
Inserted almost 225934 lines

Wrote 939 clean list files
renamed directory /home/akshay/pixel/staging --> /home/akshay/pixel/current
Found 2 save data paths
Read 939 clean list file
Dir path is /mnt/adnetik/adnetik-uservervillage/prod/userver_log/pixel/2013-07-12/
Read 1247 paths for daylist [2013-07-12]
Found 308 new paths
.Done with file 0/308
.....size getting too big, writing to Db
Inserted almost 228483 lines

Wrote 945 clean list files
renamed directory /home/akshay/pixel/staging --> /home/akshay/pixel/current
Found 2 save data paths
Read 945 clean list file
Dir path is /mnt/adnetik/adnetik-uservervillage/prod/userver_log/pixel/2013-07-12/
Read 1247 paths for daylist [2013-07-12]
Found 302 new paths
.Done with file 0/302
.......size getting too big, writing to Db
Inserted almost 220830 lines

Wrote 953 clean list files
renamed directory /home/akshay/pixel/staging --> /home/akshay/pixel/current
Found 2 save data paths
Read 953 clean list file
Dir path is /mnt/adnetik/adnetik-uservervillage/prod/userver_log/pixel/2013-07-12/
Read 1247 paths for daylist [2013-07-12]
Found 294 new paths
.Done with file 0/294
........size getting too big, writing to Db
Inserted almost 202100 lines

Wrote 962 clean list files
renamed directory /home/akshay/pixel/staging --> /home/akshay/pixel/current
Found 2 save data paths
Read 962 clean list file
Dir path is /mnt/adnetik/adnetik-uservervillage/prod/userver_log/pixel/2013-07-12/
Read 1247 paths for daylist [2013-07-12]
Found 285 new paths
.Done with file 0/285
.....size getting too big, writing to Db
Inserted almost 209328 lines

Wrote 968 clean list files
renamed directory /home/akshay/pixel/staging --> /home/akshay/pixel/current
Found 2 save data paths
Read 968 clean list file
Dir path is /mnt/adnetik/adnetik-uservervillage/prod/userver_log/pixel/2013-07-12/
Read 1247 paths for daylist [2013-07-12]
Found 279 new paths
.Done with file 0/279
........size getting too big, writing to Db
Inserted almost 213151 lines

Wrote 977 clean list files
renamed directory /home/akshay/pixel/staging --> /home/akshay/pixel/current
Found 2 save data paths
Read 977 clean list file
Dir path is /mnt/adnetik/adnetik-uservervillage/prod/userver_log/pixel/2013-07-12/
Read 1247 paths for daylist [2013-07-12]
Found 270 new paths
.Done with file 0/270
.....size getting too big, writing to Db
Inserted almost 210657 lines

Wrote 983 clean list files
renamed directory /home/akshay/pixel/staging --> /home/akshay/pixel/current
Found 2 save data paths
Read 983 clean list file
Dir path is /mnt/adnetik/adnetik-uservervillage/prod/userver_log/pixel/2013-07-12/
Read 1247 paths for daylist [2013-07-12]
Found 264 new paths
.Done with file 0/264
........size getting too big, writing to Db
Inserted almost 242910 lines

Wrote 992 clean list files
renamed directory /home/akshay/pixel/staging --> /home/akshay/pixel/current
Found 2 save data paths
Read 992 clean list file
Dir path is /mnt/adnetik/adnetik-uservervillage/prod/userver_log/pixel/2013-07-12/
Read 1247 paths for daylist [2013-07-12]
Found 255 new paths
.Done with file 0/255
..........Done with file 10/255
.size getting too big, writing to Db
Inserted almost 217129 lines

Wrote 1004 clean list files
renamed directory /home/akshay/pixel/staging --> /home/akshay/pixel/current
Found 2 save data paths
Read 1004 clean list file
Dir path is /mnt/adnetik/adnetik-uservervillage/prod/userver_log/pixel/2013-07-12/
Read 1247 paths for daylist [2013-07-12]
Found 243 new paths
.Done with file 0/243
.......size getting too big, writing to Db
Inserted almost 209674 lines

Wrote 1012 clean list files
renamed directory /home/akshay/pixel/staging --> /home/akshay/pixel/current
Found 2 save data paths
Read 1012 clean list file
Dir path is /mnt/adnetik/adnetik-uservervillage/prod/userver_log/pixel/2013-07-12/
Read 1247 paths for daylist [2013-07-12]
Found 235 new paths
.Done with file 0/235
........size getting too big, writing to Db
Inserted almost 207904 lines

Wrote 1021 clean list files
renamed directory /home/akshay/pixel/staging --> /home/akshay/pixel/current
Found 2 save data paths
Read 1021 clean list file
Dir path is /mnt/adnetik/adnetik-uservervillage/prod/userver_log/pixel/2013-07-12/
Read 1247 paths for daylist [2013-07-12]
Found 226 new paths
.Done with file 0/226
..........Done with file 10/226
size getting too big, writing to Db
Inserted almost 213624 lines

Wrote 1032 clean list files
renamed directory /home/akshay/pixel/staging --> /home/akshay/pixel/current
Found 2 save data paths
Read 1032 clean list file
Dir path is /mnt/adnetik/adnetik-uservervillage/prod/userver_log/pixel/2013-07-12/
Read 1247 paths for daylist [2013-07-12]
Found 215 new paths
.Done with file 0/215
.......size getting too big, writing to Db
Inserted almost 211752 lines

Wrote 1040 clean list files
renamed directory /home/akshay/pixel/staging --> /home/akshay/pixel/current
Found 2 save data paths
Read 1040 clean list file
Dir path is /mnt/adnetik/adnetik-uservervillage/prod/userver_log/pixel/2013-07-12/
Read 1247 paths for daylist [2013-07-12]
Found 207 new paths
.Done with file 0/207
..........Done with file 10/207
size getting too big, writing to Db
Inserted almost 227183 lines

Wrote 1051 clean list files
renamed directory /home/akshay/pixel/staging --> /home/akshay/pixel/current
Found 2 save data paths
Read 1051 clean list file
Dir path is /mnt/adnetik/adnetik-uservervillage/prod/userver_log/pixel/2013-07-12/
Read 1247 paths for daylist [2013-07-12]
Found 196 new paths
.Done with file 0/196
..........Done with file 10/196
size getting too big, writing to Db
Inserted almost 209022 lines

Wrote 1062 clean list files
renamed directory /home/akshay/pixel/staging --> /home/akshay/pixel/current
Found 2 save data paths
Read 1062 clean list file
Dir path is /mnt/adnetik/adnetik-uservervillage/prod/userver_log/pixel/2013-07-12/
Read 1247 paths for daylist [2013-07-12]
Found 185 new paths
.Done with file 0/185
..........Done with file 10/185
..size getting too big, writing to Db
Inserted almost 204591 lines

Wrote 1075 clean list files
renamed directory /home/akshay/pixel/staging --> /home/akshay/pixel/current
Found 2 save data paths
Read 1075 clean list file
Dir path is /mnt/adnetik/adnetik-uservervillage/prod/userver_log/pixel/2013-07-12/
Read 1247 paths for daylist [2013-07-12]
Found 172 new paths
.Done with file 0/172
..........Done with file 10/172
size getting too big, writing to Db
Inserted almost 223100 lines

Wrote 1086 clean list files
renamed directory /home/akshay/pixel/staging --> /home/akshay/pixel/current
Found 2 save data paths
Read 1086 clean list file
Dir path is /mnt/adnetik/adnetik-uservervillage/prod/userver_log/pixel/2013-07-12/
Read 1247 paths for daylist [2013-07-12]
Found 161 new paths
.Done with file 0/161
..........Done with file 10/161
...size getting too big, writing to Db
Inserted almost 227968 lines

Wrote 1100 clean list files
renamed directory /home/akshay/pixel/staging --> /home/akshay/pixel/current
Found 2 save data paths
Read 1100 clean list file
Dir path is /mnt/adnetik/adnetik-uservervillage/prod/userver_log/pixel/2013-07-12/
Read 1247 paths for daylist [2013-07-12]
Found 147 new paths
.Done with file 0/147
..........Done with file 10/147
..size getting too big, writing to Db
Inserted almost 212390 lines

Wrote 1113 clean list files
renamed directory /home/akshay/pixel/staging --> /home/akshay/pixel/current
Found 2 save data paths
Read 1113 clean list file
Dir path is /mnt/adnetik/adnetik-uservervillage/prod/userver_log/pixel/2013-07-12/
Read 1247 paths for daylist [2013-07-12]
Found 134 new paths
.Done with file 0/134
..........Done with file 10/134
..size getting too big, writing to Db
Inserted almost 203880 lines

Wrote 1126 clean list files
renamed directory /home/akshay/pixel/staging --> /home/akshay/pixel/current
Found 2 save data paths
Read 1126 clean list file
Dir path is /mnt/adnetik/adnetik-uservervillage/prod/userver_log/pixel/2013-07-12/
Read 1247 paths for daylist [2013-07-12]
Found 121 new paths
.Done with file 0/121
..........Done with file 10/121
..size getting too big, writing to Db
Inserted almost 204251 lines

Wrote 1139 clean list files
renamed directory /home/akshay/pixel/staging --> /home/akshay/pixel/current
Found 2 save data paths
Read 1139 clean list file
Dir path is /mnt/adnetik/adnetik-uservervillage/prod/userver_log/pixel/2013-07-12/
Read 1247 paths for daylist [2013-07-12]
Found 108 new paths
.Done with file 0/108
..........Done with file 10/108
......size getting too big, writing to Db
Inserted almost 218642 lines

Wrote 1156 clean list files
renamed directory /home/akshay/pixel/staging --> /home/akshay/pixel/current
Found 2 save data paths
Read 1156 clean list file
Dir path is /mnt/adnetik/adnetik-uservervillage/prod/userver_log/pixel/2013-07-12/
Read 1247 paths for daylist [2013-07-12]
Found 91 new paths
.Done with file 0/91
..........Done with file 10/91
.....size getting too big, writing to Db
Inserted almost 205183 lines

Wrote 1172 clean list files
renamed directory /home/akshay/pixel/staging --> /home/akshay/pixel/current
Found 2 save data paths
Read 1172 clean list file
Dir path is /mnt/adnetik/adnetik-uservervillage/prod/userver_log/pixel/2013-07-12/
Read 1247 paths for daylist [2013-07-12]
Found 75 new paths
.Done with file 0/75
..........Done with file 10/75
....size getting too big, writing to Db
Inserted almost 203668 lines

Wrote 1187 clean list files
renamed directory /home/akshay/pixel/staging --> /home/akshay/pixel/current
Found 2 save data paths
Read 1187 clean list file
Dir path is /mnt/adnetik/adnetik-uservervillage/prod/userver_log/pixel/2013-07-12/
Read 1247 paths for daylist [2013-07-12]
Found 60 new paths
.Done with file 0/60
..........Done with file 10/60
......size getting too big, writing to Db
Inserted almost 207963 lines

Wrote 1204 clean list files
renamed directory /home/akshay/pixel/staging --> /home/akshay/pixel/current
Found 2 save data paths
Read 1204 clean list file
Dir path is /mnt/adnetik/adnetik-uservervillage/prod/userver_log/pixel/2013-07-12/
Read 1247 paths for daylist [2013-07-12]
Found 43 new paths
.Done with file 0/43
..........Done with file 10/43
.........size getting too big, writing to Db
Inserted almost 209445 lines

Wrote 1224 clean list files
renamed directory /home/akshay/pixel/staging --> /home/akshay/pixel/current
Found 2 save data paths
Read 1224 clean list file
Dir path is /mnt/adnetik/adnetik-uservervillage/prod/userver_log/pixel/2013-07-12/
Read 1247 paths for daylist [2013-07-12]
Found 23 new paths
.Done with file 0/23
..........Done with file 10/23
.........size getting too big, writing to Db
Inserted almost 210359 lines

Wrote 1244 clean list files
renamed directory /home/akshay/pixel/staging --> /home/akshay/pixel/current
Found 2 save data paths
Read 1244 clean list file
Dir path is /mnt/adnetik/adnetik-uservervillage/prod/userver_log/pixel/2013-07-12/
Read 1247 paths for daylist [2013-07-12]
Found 3 new paths
.Done with file 0/3
..number of broken lines:+0 

writing to Db

Inserted almost 36005 lines

done writing to Db

Wrote 1247 clean list files
renamed directory /home/akshay/pixel/staging --> /home/akshay/pixel/current
