nohup: ignoring input
processing date : 2013-07-10
Found 2 save data paths
Read 115 clean list file
Dir path is /mnt/adnetik/adnetik-uservervillage/prod/userver_log/pixel/2013-07-10/
Read 1244 paths for daylist [2013-07-10]
Found 1129 new paths
.Done with file 0/1129
..........Done with file 10/1129
size getting too big, writing to Db
Inserted almost 228849 lines

Wrote 126 clean list files
renamed directory /home/akshay/pixel/staging --> /home/akshay/pixel/current
Found 2 save data paths
Read 126 clean list file
Dir path is /mnt/adnetik/adnetik-uservervillage/prod/userver_log/pixel/2013-07-10/
Read 1244 paths for daylist [2013-07-10]
Found 1118 new paths
.Done with file 0/1118
..........Done with file 10/1118
.size getting too big, writing to Db
Inserted almost 211375 lines

Wrote 138 clean list files
renamed directory /home/akshay/pixel/staging --> /home/akshay/pixel/current
Found 2 save data paths
Read 138 clean list file
Dir path is /mnt/adnetik/adnetik-uservervillage/prod/userver_log/pixel/2013-07-10/
Read 1244 paths for daylist [2013-07-10]
Found 1106 new paths
.Done with file 0/1106
.........size getting too big, writing to Db
Inserted almost 207629 lines

Wrote 148 clean list files
renamed directory /home/akshay/pixel/staging --> /home/akshay/pixel/current
Found 2 save data paths
Read 148 clean list file
Dir path is /mnt/adnetik/adnetik-uservervillage/prod/userver_log/pixel/2013-07-10/
Read 1244 paths for daylist [2013-07-10]
Found 1096 new paths
.Done with file 0/1096
.........size getting too big, writing to Db
Inserted almost 240892 lines

Wrote 158 clean list files
renamed directory /home/akshay/pixel/staging --> /home/akshay/pixel/current
Found 2 save data paths
Read 158 clean list file
Dir path is /mnt/adnetik/adnetik-uservervillage/prod/userver_log/pixel/2013-07-10/
Read 1244 paths for daylist [2013-07-10]
Found 1086 new paths
.Done with file 0/1086
.........size getting too big, writing to Db
Inserted almost 245709 lines

Wrote 168 clean list files
renamed directory /home/akshay/pixel/staging --> /home/akshay/pixel/current
Found 2 save data paths
Read 168 clean list file
Dir path is /mnt/adnetik/adnetik-uservervillage/prod/userver_log/pixel/2013-07-10/
Read 1244 paths for daylist [2013-07-10]
Found 1076 new paths
.Done with file 0/1076
..........Done with file 10/1076
size getting too big, writing to Db
Inserted almost 251804 lines

Wrote 179 clean list files
renamed directory /home/akshay/pixel/staging --> /home/akshay/pixel/current
Found 2 save data paths
Read 179 clean list file
Dir path is /mnt/adnetik/adnetik-uservervillage/prod/userver_log/pixel/2013-07-10/
Read 1244 paths for daylist [2013-07-10]
Found 1065 new paths
.Done with file 0/1065
........size getting too big, writing to Db
Inserted almost 214365 lines

Wrote 188 clean list files
renamed directory /home/akshay/pixel/staging --> /home/akshay/pixel/current
Found 2 save data paths
Read 188 clean list file
Dir path is /mnt/adnetik/adnetik-uservervillage/prod/userver_log/pixel/2013-07-10/
Read 1244 paths for daylist [2013-07-10]
Found 1056 new paths
.Done with file 0/1056
.........size getting too big, writing to Db
Inserted almost 241864 lines

Wrote 198 clean list files
renamed directory /home/akshay/pixel/staging --> /home/akshay/pixel/current
Found 2 save data paths
Read 198 clean list file
Dir path is /mnt/adnetik/adnetik-uservervillage/prod/userver_log/pixel/2013-07-10/
Read 1244 paths for daylist [2013-07-10]
Found 1046 new paths
.Done with file 0/1046
..........Done with file 10/1046
.size getting too big, writing to Db
Inserted almost 224268 lines

Wrote 210 clean list files
renamed directory /home/akshay/pixel/staging --> /home/akshay/pixel/current
Found 2 save data paths
Read 210 clean list file
Dir path is /mnt/adnetik/adnetik-uservervillage/prod/userver_log/pixel/2013-07-10/
Read 1244 paths for daylist [2013-07-10]
Found 1034 new paths
.Done with file 0/1034
...size getting too big, writing to Db
Inserted almost 202059 lines

Wrote 214 clean list files
renamed directory /home/akshay/pixel/staging --> /home/akshay/pixel/current
Found 2 save data paths
Read 214 clean list file
Dir path is /mnt/adnetik/adnetik-uservervillage/prod/userver_log/pixel/2013-07-10/
Read 1244 paths for daylist [2013-07-10]
Found 1030 new paths
.Done with file 0/1030
..........Done with file 10/1030
.size getting too big, writing to Db
Inserted almost 205856 lines

Wrote 226 clean list files
renamed directory /home/akshay/pixel/staging --> /home/akshay/pixel/current
Found 2 save data paths
Read 226 clean list file
Dir path is /mnt/adnetik/adnetik-uservervillage/prod/userver_log/pixel/2013-07-10/
Read 1244 paths for daylist [2013-07-10]
Found 1018 new paths
.Done with file 0/1018
......size getting too big, writing to Db
Inserted almost 210197 lines

Wrote 233 clean list files
renamed directory /home/akshay/pixel/staging --> /home/akshay/pixel/current
Found 2 save data paths
Read 233 clean list file
Dir path is /mnt/adnetik/adnetik-uservervillage/prod/userver_log/pixel/2013-07-10/
Read 1244 paths for daylist [2013-07-10]
Found 1011 new paths
.Done with file 0/1011
....size getting too big, writing to Db
Inserted almost 209589 lines

Wrote 238 clean list files
renamed directory /home/akshay/pixel/staging --> /home/akshay/pixel/current
Found 2 save data paths
Read 238 clean list file
Dir path is /mnt/adnetik/adnetik-uservervillage/prod/userver_log/pixel/2013-07-10/
Read 1244 paths for daylist [2013-07-10]
Found 1006 new paths
.Done with file 0/1006
..........Done with file 10/1006
..size getting too big, writing to Db
Inserted almost 246045 lines

Wrote 251 clean list files
renamed directory /home/akshay/pixel/staging --> /home/akshay/pixel/current
Found 2 save data paths
Read 251 clean list file
Dir path is /mnt/adnetik/adnetik-uservervillage/prod/userver_log/pixel/2013-07-10/
Read 1244 paths for daylist [2013-07-10]
Found 993 new paths
.Done with file 0/993
......size getting too big, writing to Db
Inserted almost 255369 lines

Wrote 258 clean list files
renamed directory /home/akshay/pixel/staging --> /home/akshay/pixel/current
Found 2 save data paths
Read 258 clean list file
Dir path is /mnt/adnetik/adnetik-uservervillage/prod/userver_log/pixel/2013-07-10/
Read 1244 paths for daylist [2013-07-10]
Found 986 new paths
.Done with file 0/986
..........Done with file 10/986
size getting too big, writing to Db
Inserted almost 241691 lines

Wrote 269 clean list files
renamed directory /home/akshay/pixel/staging --> /home/akshay/pixel/current
Found 2 save data paths
Read 269 clean list file
Dir path is /mnt/adnetik/adnetik-uservervillage/prod/userver_log/pixel/2013-07-10/
Read 1244 paths for daylist [2013-07-10]
Found 975 new paths
.Done with file 0/975
..........Done with file 10/975
size getting too big, writing to Db
Inserted almost 200880 lines

Wrote 280 clean list files
renamed directory /home/akshay/pixel/staging --> /home/akshay/pixel/current
Found 2 save data paths
Read 280 clean list file
Dir path is /mnt/adnetik/adnetik-uservervillage/prod/userver_log/pixel/2013-07-10/
Read 1244 paths for daylist [2013-07-10]
Found 964 new paths
.Done with file 0/964
......size getting too big, writing to Db
Inserted almost 236318 lines

Wrote 287 clean list files
renamed directory /home/akshay/pixel/staging --> /home/akshay/pixel/current
Found 2 save data paths
Read 287 clean list file
Dir path is /mnt/adnetik/adnetik-uservervillage/prod/userver_log/pixel/2013-07-10/
Read 1244 paths for daylist [2013-07-10]
Found 957 new paths
.Done with file 0/957
........size getting too big, writing to Db
Inserted almost 234266 lines

Wrote 296 clean list files
renamed directory /home/akshay/pixel/staging --> /home/akshay/pixel/current
Found 2 save data paths
Read 296 clean list file
Dir path is /mnt/adnetik/adnetik-uservervillage/prod/userver_log/pixel/2013-07-10/
Read 1244 paths for daylist [2013-07-10]
Found 948 new paths
.Done with file 0/948
.........size getting too big, writing to Db
Inserted almost 208973 lines

Wrote 306 clean list files
renamed directory /home/akshay/pixel/staging --> /home/akshay/pixel/current
Found 2 save data paths
Read 306 clean list file
Dir path is /mnt/adnetik/adnetik-uservervillage/prod/userver_log/pixel/2013-07-10/
Read 1244 paths for daylist [2013-07-10]
Found 938 new paths
.Done with file 0/938
......size getting too big, writing to Db
Inserted almost 249665 lines

Wrote 313 clean list files
renamed directory /home/akshay/pixel/staging --> /home/akshay/pixel/current
Found 2 save data paths
Read 313 clean list file
Dir path is /mnt/adnetik/adnetik-uservervillage/prod/userver_log/pixel/2013-07-10/
Read 1244 paths for daylist [2013-07-10]
Found 931 new paths
.Done with file 0/931
.........size getting too big, writing to Db
Inserted almost 205521 lines

Wrote 323 clean list files
renamed directory /home/akshay/pixel/staging --> /home/akshay/pixel/current
Found 2 save data paths
Read 323 clean list file
Dir path is /mnt/adnetik/adnetik-uservervillage/prod/userver_log/pixel/2013-07-10/
Read 1244 paths for daylist [2013-07-10]
Found 921 new paths
.Done with file 0/921
...size getting too big, writing to Db
Inserted almost 214544 lines

Wrote 327 clean list files
renamed directory /home/akshay/pixel/staging --> /home/akshay/pixel/current
Found 2 save data paths
Read 327 clean list file
Dir path is /mnt/adnetik/adnetik-uservervillage/prod/userver_log/pixel/2013-07-10/
Read 1244 paths for daylist [2013-07-10]
Found 917 new paths
.Done with file 0/917
........size getting too big, writing to Db
Inserted almost 203843 lines

Wrote 336 clean list files
renamed directory /home/akshay/pixel/staging --> /home/akshay/pixel/current
Found 2 save data paths
Read 336 clean list file
Dir path is /mnt/adnetik/adnetik-uservervillage/prod/userver_log/pixel/2013-07-10/
Read 1244 paths for daylist [2013-07-10]
Found 908 new paths
.Done with file 0/908
........size getting too big, writing to Db
Inserted almost 208737 lines

Wrote 345 clean list files
renamed directory /home/akshay/pixel/staging --> /home/akshay/pixel/current
Found 2 save data paths
Read 345 clean list file
Dir path is /mnt/adnetik/adnetik-uservervillage/prod/userver_log/pixel/2013-07-10/
Read 1244 paths for daylist [2013-07-10]
Found 899 new paths
.Done with file 0/899
.......size getting too big, writing to Db
Inserted almost 207588 lines

Wrote 353 clean list files
renamed directory /home/akshay/pixel/staging --> /home/akshay/pixel/current
Found 2 save data paths
Read 353 clean list file
Dir path is /mnt/adnetik/adnetik-uservervillage/prod/userver_log/pixel/2013-07-10/
Read 1244 paths for daylist [2013-07-10]
Found 891 new paths
.Done with file 0/891
.....size getting too big, writing to Db
Inserted almost 237679 lines

Wrote 359 clean list files
renamed directory /home/akshay/pixel/staging --> /home/akshay/pixel/current
Found 2 save data paths
Read 359 clean list file
Dir path is /mnt/adnetik/adnetik-uservervillage/prod/userver_log/pixel/2013-07-10/
Read 1244 paths for daylist [2013-07-10]
Found 885 new paths
.Done with file 0/885
........size getting too big, writing to Db
Inserted almost 229856 lines

Wrote 368 clean list files
renamed directory /home/akshay/pixel/staging --> /home/akshay/pixel/current
Found 2 save data paths
Read 368 clean list file
Dir path is /mnt/adnetik/adnetik-uservervillage/prod/userver_log/pixel/2013-07-10/
Read 1244 paths for daylist [2013-07-10]
Found 876 new paths
.Done with file 0/876
.....size getting too big, writing to Db
Inserted almost 202593 lines

Wrote 374 clean list files
renamed directory /home/akshay/pixel/staging --> /home/akshay/pixel/current
Found 2 save data paths
Read 374 clean list file
Dir path is /mnt/adnetik/adnetik-uservervillage/prod/userver_log/pixel/2013-07-10/
Read 1244 paths for daylist [2013-07-10]
Found 870 new paths
.Done with file 0/870
....size getting too big, writing to Db
Inserted almost 246627 lines

Wrote 379 clean list files
renamed directory /home/akshay/pixel/staging --> /home/akshay/pixel/current
Found 2 save data paths
Read 379 clean list file
Dir path is /mnt/adnetik/adnetik-uservervillage/prod/userver_log/pixel/2013-07-10/
Read 1244 paths for daylist [2013-07-10]
Found 865 new paths
.Done with file 0/865
........size getting too big, writing to Db
Inserted almost 244508 lines

Wrote 388 clean list files
renamed directory /home/akshay/pixel/staging --> /home/akshay/pixel/current
Found 2 save data paths
Read 388 clean list file
Dir path is /mnt/adnetik/adnetik-uservervillage/prod/userver_log/pixel/2013-07-10/
Read 1244 paths for daylist [2013-07-10]
Found 856 new paths
.Done with file 0/856
...size getting too big, writing to Db
Inserted almost 211685 lines

Wrote 392 clean list files
renamed directory /home/akshay/pixel/staging --> /home/akshay/pixel/current
Found 2 save data paths
Read 392 clean list file
Dir path is /mnt/adnetik/adnetik-uservervillage/prod/userver_log/pixel/2013-07-10/
Read 1244 paths for daylist [2013-07-10]
Found 852 new paths
.Done with file 0/852
.......size getting too big, writing to Db
Inserted almost 212329 lines

Wrote 400 clean list files
renamed directory /home/akshay/pixel/staging --> /home/akshay/pixel/current
Found 2 save data paths
Read 400 clean list file
Dir path is /mnt/adnetik/adnetik-uservervillage/prod/userver_log/pixel/2013-07-10/
Read 1244 paths for daylist [2013-07-10]
Found 844 new paths
.Done with file 0/844
.....size getting too big, writing to Db
Inserted almost 234572 lines

Wrote 406 clean list files
renamed directory /home/akshay/pixel/staging --> /home/akshay/pixel/current
Found 2 save data paths
Read 406 clean list file
Dir path is /mnt/adnetik/adnetik-uservervillage/prod/userver_log/pixel/2013-07-10/
Read 1244 paths for daylist [2013-07-10]
Found 838 new paths
.Done with file 0/838
....size getting too big, writing to Db
Inserted almost 218288 lines

Wrote 411 clean list files
renamed directory /home/akshay/pixel/staging --> /home/akshay/pixel/current
Found 2 save data paths
Read 411 clean list file
Dir path is /mnt/adnetik/adnetik-uservervillage/prod/userver_log/pixel/2013-07-10/
Read 1244 paths for daylist [2013-07-10]
Found 833 new paths
.Done with file 0/833
....size getting too big, writing to Db
Inserted almost 249361 lines

Wrote 416 clean list files
renamed directory /home/akshay/pixel/staging --> /home/akshay/pixel/current
Found 2 save data paths
Read 416 clean list file
Dir path is /mnt/adnetik/adnetik-uservervillage/prod/userver_log/pixel/2013-07-10/
Read 1244 paths for daylist [2013-07-10]
Found 828 new paths
.Done with file 0/828
.......size getting too big, writing to Db
Inserted almost 245314 lines

Wrote 424 clean list files
renamed directory /home/akshay/pixel/staging --> /home/akshay/pixel/current
Found 2 save data paths
Read 424 clean list file
Dir path is /mnt/adnetik/adnetik-uservervillage/prod/userver_log/pixel/2013-07-10/
Read 1244 paths for daylist [2013-07-10]
Found 820 new paths
.Done with file 0/820
...size getting too big, writing to Db
Inserted almost 203380 lines

Wrote 428 clean list files
renamed directory /home/akshay/pixel/staging --> /home/akshay/pixel/current
Found 2 save data paths
Read 428 clean list file
Dir path is /mnt/adnetik/adnetik-uservervillage/prod/userver_log/pixel/2013-07-10/
Read 1244 paths for daylist [2013-07-10]
Found 816 new paths
.Done with file 0/816
......size getting too big, writing to Db
Inserted almost 223483 lines

Wrote 435 clean list files
renamed directory /home/akshay/pixel/staging --> /home/akshay/pixel/current
Found 2 save data paths
Read 435 clean list file
Dir path is /mnt/adnetik/adnetik-uservervillage/prod/userver_log/pixel/2013-07-10/
Read 1244 paths for daylist [2013-07-10]
Found 809 new paths
.Done with file 0/809
....size getting too big, writing to Db
Inserted almost 203028 lines

Wrote 440 clean list files
renamed directory /home/akshay/pixel/staging --> /home/akshay/pixel/current
Found 2 save data paths
Read 440 clean list file
Dir path is /mnt/adnetik/adnetik-uservervillage/prod/userver_log/pixel/2013-07-10/
Read 1244 paths for daylist [2013-07-10]
Found 804 new paths
.Done with file 0/804
......size getting too big, writing to Db
Inserted almost 206644 lines

Wrote 447 clean list files
renamed directory /home/akshay/pixel/staging --> /home/akshay/pixel/current
Found 2 save data paths
Read 447 clean list file
Dir path is /mnt/adnetik/adnetik-uservervillage/prod/userver_log/pixel/2013-07-10/
Read 1244 paths for daylist [2013-07-10]
Found 797 new paths
.Done with file 0/797
...size getting too big, writing to Db
Inserted almost 214772 lines

Wrote 451 clean list files
renamed directory /home/akshay/pixel/staging --> /home/akshay/pixel/current
Found 2 save data paths
Read 451 clean list file
Dir path is /mnt/adnetik/adnetik-uservervillage/prod/userver_log/pixel/2013-07-10/
Read 1244 paths for daylist [2013-07-10]
Found 793 new paths
.Done with file 0/793
....size getting too big, writing to Db
Inserted almost 212622 lines

Wrote 456 clean list files
renamed directory /home/akshay/pixel/staging --> /home/akshay/pixel/current
Found 2 save data paths
Read 456 clean list file
Dir path is /mnt/adnetik/adnetik-uservervillage/prod/userver_log/pixel/2013-07-10/
Read 1244 paths for daylist [2013-07-10]
Found 788 new paths
.Done with file 0/788
.....size getting too big, writing to Db
Inserted almost 216956 lines

Wrote 462 clean list files
renamed directory /home/akshay/pixel/staging --> /home/akshay/pixel/current
Found 2 save data paths
Read 462 clean list file
Dir path is /mnt/adnetik/adnetik-uservervillage/prod/userver_log/pixel/2013-07-10/
Read 1244 paths for daylist [2013-07-10]
Found 782 new paths
.Done with file 0/782
......size getting too big, writing to Db
Inserted almost 275171 lines

Wrote 469 clean list files
renamed directory /home/akshay/pixel/staging --> /home/akshay/pixel/current
Found 2 save data paths
Read 469 clean list file
Dir path is /mnt/adnetik/adnetik-uservervillage/prod/userver_log/pixel/2013-07-10/
Read 1244 paths for daylist [2013-07-10]
Found 775 new paths
.Done with file 0/775
...size getting too big, writing to Db
Inserted almost 204148 lines

Wrote 473 clean list files
renamed directory /home/akshay/pixel/staging --> /home/akshay/pixel/current
Found 2 save data paths
Read 473 clean list file
Dir path is /mnt/adnetik/adnetik-uservervillage/prod/userver_log/pixel/2013-07-10/
Read 1244 paths for daylist [2013-07-10]
Found 771 new paths
.Done with file 0/771
......size getting too big, writing to Db
Inserted almost 272710 lines

Wrote 480 clean list files
renamed directory /home/akshay/pixel/staging --> /home/akshay/pixel/current
Found 2 save data paths
Read 480 clean list file
Dir path is /mnt/adnetik/adnetik-uservervillage/prod/userver_log/pixel/2013-07-10/
Read 1244 paths for daylist [2013-07-10]
Found 764 new paths
.Done with file 0/764
.....size getting too big, writing to Db
Inserted almost 253609 lines

Wrote 486 clean list files
renamed directory /home/akshay/pixel/staging --> /home/akshay/pixel/current
Found 2 save data paths
Read 486 clean list file
Dir path is /mnt/adnetik/adnetik-uservervillage/prod/userver_log/pixel/2013-07-10/
Read 1244 paths for daylist [2013-07-10]
Found 758 new paths
.Done with file 0/758
......size getting too big, writing to Db
Inserted almost 264322 lines

Wrote 493 clean list files
renamed directory /home/akshay/pixel/staging --> /home/akshay/pixel/current
Found 2 save data paths
Read 493 clean list file
Dir path is /mnt/adnetik/adnetik-uservervillage/prod/userver_log/pixel/2013-07-10/
Read 1244 paths for daylist [2013-07-10]
Found 751 new paths
.Done with file 0/751
....size getting too big, writing to Db
Inserted almost 231103 lines

Wrote 498 clean list files
renamed directory /home/akshay/pixel/staging --> /home/akshay/pixel/current
Found 2 save data paths
Read 498 clean list file
Dir path is /mnt/adnetik/adnetik-uservervillage/prod/userver_log/pixel/2013-07-10/
Read 1244 paths for daylist [2013-07-10]
Found 746 new paths
.Done with file 0/746
....size getting too big, writing to Db
Inserted almost 203455 lines

Wrote 503 clean list files
renamed directory /home/akshay/pixel/staging --> /home/akshay/pixel/current
Found 2 save data paths
Read 503 clean list file
Dir path is /mnt/adnetik/adnetik-uservervillage/prod/userver_log/pixel/2013-07-10/
Read 1244 paths for daylist [2013-07-10]
Found 741 new paths
.Done with file 0/741
....size getting too big, writing to Db
Inserted almost 230807 lines

Wrote 508 clean list files
renamed directory /home/akshay/pixel/staging --> /home/akshay/pixel/current
Found 2 save data paths
Read 508 clean list file
Dir path is /mnt/adnetik/adnetik-uservervillage/prod/userver_log/pixel/2013-07-10/
Read 1244 paths for daylist [2013-07-10]
Found 736 new paths
.Done with file 0/736
.....size getting too big, writing to Db
Inserted almost 207760 lines

Wrote 514 clean list files
renamed directory /home/akshay/pixel/staging --> /home/akshay/pixel/current
Found 2 save data paths
Read 514 clean list file
Dir path is /mnt/adnetik/adnetik-uservervillage/prod/userver_log/pixel/2013-07-10/
Read 1244 paths for daylist [2013-07-10]
Found 730 new paths
.Done with file 0/730
..size getting too big, writing to Db
Inserted almost 208306 lines

Wrote 517 clean list files
renamed directory /home/akshay/pixel/staging --> /home/akshay/pixel/current
Found 2 save data paths
Read 517 clean list file
Dir path is /mnt/adnetik/adnetik-uservervillage/prod/userver_log/pixel/2013-07-10/
Read 1244 paths for daylist [2013-07-10]
Found 727 new paths
.Done with file 0/727
....size getting too big, writing to Db
Inserted almost 214915 lines

Wrote 522 clean list files
renamed directory /home/akshay/pixel/staging --> /home/akshay/pixel/current
Found 2 save data paths
Read 522 clean list file
Dir path is /mnt/adnetik/adnetik-uservervillage/prod/userver_log/pixel/2013-07-10/
Read 1244 paths for daylist [2013-07-10]
Found 722 new paths
.Done with file 0/722
....size getting too big, writing to Db
Inserted almost 200890 lines

Wrote 527 clean list files
renamed directory /home/akshay/pixel/staging --> /home/akshay/pixel/current
Found 2 save data paths
Read 527 clean list file
Dir path is /mnt/adnetik/adnetik-uservervillage/prod/userver_log/pixel/2013-07-10/
Read 1244 paths for daylist [2013-07-10]
Found 717 new paths
.Done with file 0/717
....size getting too big, writing to Db
Inserted almost 237799 lines

Wrote 532 clean list files
renamed directory /home/akshay/pixel/staging --> /home/akshay/pixel/current
Found 2 save data paths
Read 532 clean list file
Dir path is /mnt/adnetik/adnetik-uservervillage/prod/userver_log/pixel/2013-07-10/
Read 1244 paths for daylist [2013-07-10]
Found 712 new paths
.Done with file 0/712
.....size getting too big, writing to Db
Inserted almost 231927 lines

Wrote 538 clean list files
renamed directory /home/akshay/pixel/staging --> /home/akshay/pixel/current
Found 2 save data paths
Read 538 clean list file
Dir path is /mnt/adnetik/adnetik-uservervillage/prod/userver_log/pixel/2013-07-10/
Read 1244 paths for daylist [2013-07-10]
Found 706 new paths
.Done with file 0/706
.....size getting too big, writing to Db
Inserted almost 237438 lines

Wrote 544 clean list files
renamed directory /home/akshay/pixel/staging --> /home/akshay/pixel/current
Found 2 save data paths
Read 544 clean list file
Dir path is /mnt/adnetik/adnetik-uservervillage/prod/userver_log/pixel/2013-07-10/
Read 1244 paths for daylist [2013-07-10]
Found 700 new paths
.Done with file 0/700
...size getting too big, writing to Db
Inserted almost 215148 lines

Wrote 548 clean list files
renamed directory /home/akshay/pixel/staging --> /home/akshay/pixel/current
Found 2 save data paths
Read 548 clean list file
Dir path is /mnt/adnetik/adnetik-uservervillage/prod/userver_log/pixel/2013-07-10/
Read 1244 paths for daylist [2013-07-10]
Found 696 new paths
.Done with file 0/696
...size getting too big, writing to Db
Inserted almost 213760 lines

Wrote 552 clean list files
renamed directory /home/akshay/pixel/staging --> /home/akshay/pixel/current
Found 2 save data paths
Read 552 clean list file
Dir path is /mnt/adnetik/adnetik-uservervillage/prod/userver_log/pixel/2013-07-10/
Read 1244 paths for daylist [2013-07-10]
Found 692 new paths
.Done with file 0/692
.....size getting too big, writing to Db
Inserted almost 221548 lines

Wrote 558 clean list files
renamed directory /home/akshay/pixel/staging --> /home/akshay/pixel/current
Found 2 save data paths
Read 558 clean list file
Dir path is /mnt/adnetik/adnetik-uservervillage/prod/userver_log/pixel/2013-07-10/
Read 1244 paths for daylist [2013-07-10]
Found 686 new paths
.Done with file 0/686
...size getting too big, writing to Db
Inserted almost 216282 lines

Wrote 562 clean list files
renamed directory /home/akshay/pixel/staging --> /home/akshay/pixel/current
Found 2 save data paths
Read 562 clean list file
Dir path is /mnt/adnetik/adnetik-uservervillage/prod/userver_log/pixel/2013-07-10/
Read 1244 paths for daylist [2013-07-10]
Found 682 new paths
.Done with file 0/682
....size getting too big, writing to Db
Inserted almost 212515 lines

Wrote 567 clean list files
renamed directory /home/akshay/pixel/staging --> /home/akshay/pixel/current
Found 2 save data paths
Read 567 clean list file
Dir path is /mnt/adnetik/adnetik-uservervillage/prod/userver_log/pixel/2013-07-10/
Read 1244 paths for daylist [2013-07-10]
Found 677 new paths
.Done with file 0/677
...size getting too big, writing to Db
Inserted almost 226116 lines

Wrote 571 clean list files
renamed directory /home/akshay/pixel/staging --> /home/akshay/pixel/current
Found 2 save data paths
Read 571 clean list file
Dir path is /mnt/adnetik/adnetik-uservervillage/prod/userver_log/pixel/2013-07-10/
Read 1244 paths for daylist [2013-07-10]
Found 673 new paths
.Done with file 0/673
...size getting too big, writing to Db
Inserted almost 217613 lines

Wrote 575 clean list files
renamed directory /home/akshay/pixel/staging --> /home/akshay/pixel/current
Found 2 save data paths
Read 575 clean list file
Dir path is /mnt/adnetik/adnetik-uservervillage/prod/userver_log/pixel/2013-07-10/
Read 1244 paths for daylist [2013-07-10]
Found 669 new paths
.Done with file 0/669
.....size getting too big, writing to Db
Inserted almost 230354 lines

Wrote 581 clean list files
renamed directory /home/akshay/pixel/staging --> /home/akshay/pixel/current
Found 2 save data paths
Read 581 clean list file
Dir path is /mnt/adnetik/adnetik-uservervillage/prod/userver_log/pixel/2013-07-10/
Read 1244 paths for daylist [2013-07-10]
Found 663 new paths
.Done with file 0/663
....size getting too big, writing to Db
Inserted almost 210384 lines

Wrote 586 clean list files
renamed directory /home/akshay/pixel/staging --> /home/akshay/pixel/current
Found 2 save data paths
Read 586 clean list file
Dir path is /mnt/adnetik/adnetik-uservervillage/prod/userver_log/pixel/2013-07-10/
Read 1244 paths for daylist [2013-07-10]
Found 658 new paths
.Done with file 0/658
....size getting too big, writing to Db
Inserted almost 241099 lines

Wrote 591 clean list files
renamed directory /home/akshay/pixel/staging --> /home/akshay/pixel/current
Found 2 save data paths
Read 591 clean list file
Dir path is /mnt/adnetik/adnetik-uservervillage/prod/userver_log/pixel/2013-07-10/
Read 1244 paths for daylist [2013-07-10]
Found 653 new paths
.Done with file 0/653
...size getting too big, writing to Db
Inserted almost 205215 lines

Wrote 595 clean list files
renamed directory /home/akshay/pixel/staging --> /home/akshay/pixel/current
Found 2 save data paths
Read 595 clean list file
Dir path is /mnt/adnetik/adnetik-uservervillage/prod/userver_log/pixel/2013-07-10/
Read 1244 paths for daylist [2013-07-10]
Found 649 new paths
.Done with file 0/649
...size getting too big, writing to Db
Inserted almost 230108 lines

Wrote 599 clean list files
renamed directory /home/akshay/pixel/staging --> /home/akshay/pixel/current
Found 2 save data paths
Read 599 clean list file
Dir path is /mnt/adnetik/adnetik-uservervillage/prod/userver_log/pixel/2013-07-10/
Read 1244 paths for daylist [2013-07-10]
Found 645 new paths
.Done with file 0/645
.....size getting too big, writing to Db
Inserted almost 275150 lines

Wrote 605 clean list files
renamed directory /home/akshay/pixel/staging --> /home/akshay/pixel/current
Found 2 save data paths
Read 605 clean list file
Dir path is /mnt/adnetik/adnetik-uservervillage/prod/userver_log/pixel/2013-07-10/
Read 1244 paths for daylist [2013-07-10]
Found 639 new paths
.Done with file 0/639
....size getting too big, writing to Db
Inserted almost 223725 lines

Wrote 610 clean list files
renamed directory /home/akshay/pixel/staging --> /home/akshay/pixel/current
Found 2 save data paths
Read 610 clean list file
Dir path is /mnt/adnetik/adnetik-uservervillage/prod/userver_log/pixel/2013-07-10/
Read 1244 paths for daylist [2013-07-10]
Found 634 new paths
.Done with file 0/634
...size getting too big, writing to Db
Inserted almost 211902 lines

Wrote 614 clean list files
renamed directory /home/akshay/pixel/staging --> /home/akshay/pixel/current
Found 2 save data paths
Read 614 clean list file
Dir path is /mnt/adnetik/adnetik-uservervillage/prod/userver_log/pixel/2013-07-10/
Read 1244 paths for daylist [2013-07-10]
Found 630 new paths
.Done with file 0/630
....size getting too big, writing to Db
Inserted almost 232343 lines

Wrote 619 clean list files
renamed directory /home/akshay/pixel/staging --> /home/akshay/pixel/current
Found 2 save data paths
Read 619 clean list file
Dir path is /mnt/adnetik/adnetik-uservervillage/prod/userver_log/pixel/2013-07-10/
Read 1244 paths for daylist [2013-07-10]
Found 625 new paths
.Done with file 0/625
....size getting too big, writing to Db
Inserted almost 235018 lines

Wrote 624 clean list files
renamed directory /home/akshay/pixel/staging --> /home/akshay/pixel/current
Found 2 save data paths
Read 624 clean list file
Dir path is /mnt/adnetik/adnetik-uservervillage/prod/userver_log/pixel/2013-07-10/
Read 1244 paths for daylist [2013-07-10]
Found 620 new paths
.Done with file 0/620
.....size getting too big, writing to Db
Inserted almost 254808 lines

Wrote 630 clean list files
renamed directory /home/akshay/pixel/staging --> /home/akshay/pixel/current
Found 2 save data paths
Read 630 clean list file
Dir path is /mnt/adnetik/adnetik-uservervillage/prod/userver_log/pixel/2013-07-10/
Read 1244 paths for daylist [2013-07-10]
Found 614 new paths
.Done with file 0/614
....size getting too big, writing to Db
Inserted almost 229253 lines

Wrote 635 clean list files
renamed directory /home/akshay/pixel/staging --> /home/akshay/pixel/current
Found 2 save data paths
Read 635 clean list file
Dir path is /mnt/adnetik/adnetik-uservervillage/prod/userver_log/pixel/2013-07-10/
Read 1244 paths for daylist [2013-07-10]
Found 609 new paths
.Done with file 0/609
...size getting too big, writing to Db
Inserted almost 204321 lines

Wrote 639 clean list files
renamed directory /home/akshay/pixel/staging --> /home/akshay/pixel/current
Found 2 save data paths
Read 639 clean list file
Dir path is /mnt/adnetik/adnetik-uservervillage/prod/userver_log/pixel/2013-07-10/
Read 1244 paths for daylist [2013-07-10]
Found 605 new paths
.Done with file 0/605
....size getting too big, writing to Db
Inserted almost 230045 lines

Wrote 644 clean list files
renamed directory /home/akshay/pixel/staging --> /home/akshay/pixel/current
Found 2 save data paths
Read 644 clean list file
Dir path is /mnt/adnetik/adnetik-uservervillage/prod/userver_log/pixel/2013-07-10/
Read 1244 paths for daylist [2013-07-10]
Found 600 new paths
.Done with file 0/600
....size getting too big, writing to Db
Inserted almost 233167 lines

Wrote 649 clean list files
renamed directory /home/akshay/pixel/staging --> /home/akshay/pixel/current
Found 2 save data paths
Read 649 clean list file
Dir path is /mnt/adnetik/adnetik-uservervillage/prod/userver_log/pixel/2013-07-10/
Read 1244 paths for daylist [2013-07-10]
Found 595 new paths
.Done with file 0/595
....size getting too big, writing to Db
Inserted almost 248613 lines

Wrote 654 clean list files
renamed directory /home/akshay/pixel/staging --> /home/akshay/pixel/current
Found 2 save data paths
Read 654 clean list file
Dir path is /mnt/adnetik/adnetik-uservervillage/prod/userver_log/pixel/2013-07-10/
Read 1244 paths for daylist [2013-07-10]
Found 590 new paths
.Done with file 0/590
...size getting too big, writing to Db
Inserted almost 206605 lines

Wrote 658 clean list files
renamed directory /home/akshay/pixel/staging --> /home/akshay/pixel/current
Found 2 save data paths
Read 658 clean list file
Dir path is /mnt/adnetik/adnetik-uservervillage/prod/userver_log/pixel/2013-07-10/
Read 1244 paths for daylist [2013-07-10]
Found 586 new paths
.Done with file 0/586
.....size getting too big, writing to Db
Inserted almost 213327 lines

Wrote 664 clean list files
renamed directory /home/akshay/pixel/staging --> /home/akshay/pixel/current
Found 2 save data paths
Read 664 clean list file
Dir path is /mnt/adnetik/adnetik-uservervillage/prod/userver_log/pixel/2013-07-10/
Read 1244 paths for daylist [2013-07-10]
Found 580 new paths
.Done with file 0/580
...size getting too big, writing to Db
Inserted almost 224963 lines

Wrote 668 clean list files
renamed directory /home/akshay/pixel/staging --> /home/akshay/pixel/current
Found 2 save data paths
Read 668 clean list file
Dir path is /mnt/adnetik/adnetik-uservervillage/prod/userver_log/pixel/2013-07-10/
Read 1244 paths for daylist [2013-07-10]
Found 576 new paths
.Done with file 0/576
.....size getting too big, writing to Db
Inserted almost 201479 lines

Wrote 674 clean list files
renamed directory /home/akshay/pixel/staging --> /home/akshay/pixel/current
Found 2 save data paths
Read 674 clean list file
Dir path is /mnt/adnetik/adnetik-uservervillage/prod/userver_log/pixel/2013-07-10/
Read 1244 paths for daylist [2013-07-10]
Found 570 new paths
.Done with file 0/570
....size getting too big, writing to Db
Inserted almost 260471 lines

Wrote 679 clean list files
renamed directory /home/akshay/pixel/staging --> /home/akshay/pixel/current
Found 2 save data paths
Read 679 clean list file
Dir path is /mnt/adnetik/adnetik-uservervillage/prod/userver_log/pixel/2013-07-10/
Read 1244 paths for daylist [2013-07-10]
Found 565 new paths
.Done with file 0/565
...size getting too big, writing to Db
Inserted almost 234934 lines

Wrote 683 clean list files
renamed directory /home/akshay/pixel/staging --> /home/akshay/pixel/current
Found 2 save data paths
Read 683 clean list file
Dir path is /mnt/adnetik/adnetik-uservervillage/prod/userver_log/pixel/2013-07-10/
Read 1244 paths for daylist [2013-07-10]
Found 561 new paths
.Done with file 0/561
......size getting too big, writing to Db
Inserted almost 250306 lines

Wrote 690 clean list files
renamed directory /home/akshay/pixel/staging --> /home/akshay/pixel/current
Found 2 save data paths
Read 690 clean list file
Dir path is /mnt/adnetik/adnetik-uservervillage/prod/userver_log/pixel/2013-07-10/
Read 1244 paths for daylist [2013-07-10]
Found 554 new paths
.Done with file 0/554
..size getting too big, writing to Db
Inserted almost 207835 lines

Wrote 693 clean list files
renamed directory /home/akshay/pixel/staging --> /home/akshay/pixel/current
Found 2 save data paths
Read 693 clean list file
Dir path is /mnt/adnetik/adnetik-uservervillage/prod/userver_log/pixel/2013-07-10/
Read 1244 paths for daylist [2013-07-10]
Found 551 new paths
.Done with file 0/551
....size getting too big, writing to Db
Inserted almost 239054 lines

Wrote 698 clean list files
renamed directory /home/akshay/pixel/staging --> /home/akshay/pixel/current
Found 2 save data paths
Read 698 clean list file
Dir path is /mnt/adnetik/adnetik-uservervillage/prod/userver_log/pixel/2013-07-10/
Read 1244 paths for daylist [2013-07-10]
Found 546 new paths
.Done with file 0/546
.....size getting too big, writing to Db
Inserted almost 210902 lines

Wrote 704 clean list files
renamed directory /home/akshay/pixel/staging --> /home/akshay/pixel/current
Found 2 save data paths
Read 704 clean list file
Dir path is /mnt/adnetik/adnetik-uservervillage/prod/userver_log/pixel/2013-07-10/
Read 1244 paths for daylist [2013-07-10]
Found 540 new paths
.Done with file 0/540
...size getting too big, writing to Db
Inserted almost 222490 lines

Wrote 708 clean list files
renamed directory /home/akshay/pixel/staging --> /home/akshay/pixel/current
Found 2 save data paths
Read 708 clean list file
Dir path is /mnt/adnetik/adnetik-uservervillage/prod/userver_log/pixel/2013-07-10/
Read 1244 paths for daylist [2013-07-10]
Found 536 new paths
.Done with file 0/536
.....size getting too big, writing to Db
Inserted almost 243335 lines

Wrote 714 clean list files
renamed directory /home/akshay/pixel/staging --> /home/akshay/pixel/current
Found 2 save data paths
Read 714 clean list file
Dir path is /mnt/adnetik/adnetik-uservervillage/prod/userver_log/pixel/2013-07-10/
Read 1244 paths for daylist [2013-07-10]
Found 530 new paths
.Done with file 0/530
...size getting too big, writing to Db
Inserted almost 200320 lines

Wrote 718 clean list files
renamed directory /home/akshay/pixel/staging --> /home/akshay/pixel/current
Found 2 save data paths
Read 718 clean list file
Dir path is /mnt/adnetik/adnetik-uservervillage/prod/userver_log/pixel/2013-07-10/
Read 1244 paths for daylist [2013-07-10]
Found 526 new paths
.Done with file 0/526
...size getting too big, writing to Db
Inserted almost 205909 lines

Wrote 722 clean list files
renamed directory /home/akshay/pixel/staging --> /home/akshay/pixel/current
Found 2 save data paths
Read 722 clean list file
Dir path is /mnt/adnetik/adnetik-uservervillage/prod/userver_log/pixel/2013-07-10/
Read 1244 paths for daylist [2013-07-10]
Found 522 new paths
.Done with file 0/522
....size getting too big, writing to Db
Inserted almost 208981 lines

Wrote 727 clean list files
renamed directory /home/akshay/pixel/staging --> /home/akshay/pixel/current
Found 2 save data paths
Read 727 clean list file
Dir path is /mnt/adnetik/adnetik-uservervillage/prod/userver_log/pixel/2013-07-10/
Read 1244 paths for daylist [2013-07-10]
Found 517 new paths
.Done with file 0/517
...size getting too big, writing to Db
Inserted almost 200444 lines

Wrote 731 clean list files
renamed directory /home/akshay/pixel/staging --> /home/akshay/pixel/current
Found 2 save data paths
Read 731 clean list file
Dir path is /mnt/adnetik/adnetik-uservervillage/prod/userver_log/pixel/2013-07-10/
Read 1244 paths for daylist [2013-07-10]
Found 513 new paths
.Done with file 0/513
....size getting too big, writing to Db
Inserted almost 226393 lines

Wrote 736 clean list files
renamed directory /home/akshay/pixel/staging --> /home/akshay/pixel/current
Found 2 save data paths
Read 736 clean list file
Dir path is /mnt/adnetik/adnetik-uservervillage/prod/userver_log/pixel/2013-07-10/
Read 1244 paths for daylist [2013-07-10]
Found 508 new paths
.Done with file 0/508
....size getting too big, writing to Db
Inserted almost 223302 lines

Wrote 741 clean list files
renamed directory /home/akshay/pixel/staging --> /home/akshay/pixel/current
Found 2 save data paths
Read 741 clean list file
Dir path is /mnt/adnetik/adnetik-uservervillage/prod/userver_log/pixel/2013-07-10/
Read 1244 paths for daylist [2013-07-10]
Found 503 new paths
.Done with file 0/503
....size getting too big, writing to Db
Inserted almost 211011 lines

Wrote 746 clean list files
renamed directory /home/akshay/pixel/staging --> /home/akshay/pixel/current
Found 2 save data paths
Read 746 clean list file
Dir path is /mnt/adnetik/adnetik-uservervillage/prod/userver_log/pixel/2013-07-10/
Read 1244 paths for daylist [2013-07-10]
Found 498 new paths
.Done with file 0/498
....size getting too big, writing to Db
Inserted almost 205392 lines

Wrote 751 clean list files
renamed directory /home/akshay/pixel/staging --> /home/akshay/pixel/current
Found 2 save data paths
Read 751 clean list file
Dir path is /mnt/adnetik/adnetik-uservervillage/prod/userver_log/pixel/2013-07-10/
Read 1244 paths for daylist [2013-07-10]
Found 493 new paths
.Done with file 0/493
.....size getting too big, writing to Db
Inserted almost 266255 lines

Wrote 757 clean list files
renamed directory /home/akshay/pixel/staging --> /home/akshay/pixel/current
Found 2 save data paths
Read 757 clean list file
Dir path is /mnt/adnetik/adnetik-uservervillage/prod/userver_log/pixel/2013-07-10/
Read 1244 paths for daylist [2013-07-10]
Found 487 new paths
.Done with file 0/487
...size getting too big, writing to Db
Inserted almost 210617 lines

Wrote 761 clean list files
renamed directory /home/akshay/pixel/staging --> /home/akshay/pixel/current
Found 2 save data paths
Read 761 clean list file
Dir path is /mnt/adnetik/adnetik-uservervillage/prod/userver_log/pixel/2013-07-10/
Read 1244 paths for daylist [2013-07-10]
Found 483 new paths
.Done with file 0/483
.......size getting too big, writing to Db
Inserted almost 259406 lines

Wrote 769 clean list files
renamed directory /home/akshay/pixel/staging --> /home/akshay/pixel/current
Found 2 save data paths
Read 769 clean list file
Dir path is /mnt/adnetik/adnetik-uservervillage/prod/userver_log/pixel/2013-07-10/
Read 1244 paths for daylist [2013-07-10]
Found 475 new paths
.Done with file 0/475
....size getting too big, writing to Db
Inserted almost 258352 lines

Wrote 774 clean list files
renamed directory /home/akshay/pixel/staging --> /home/akshay/pixel/current
Found 2 save data paths
Read 774 clean list file
Dir path is /mnt/adnetik/adnetik-uservervillage/prod/userver_log/pixel/2013-07-10/
Read 1244 paths for daylist [2013-07-10]
Found 470 new paths
.Done with file 0/470
..size getting too big, writing to Db
Inserted almost 200178 lines

Wrote 777 clean list files
renamed directory /home/akshay/pixel/staging --> /home/akshay/pixel/current
Found 2 save data paths
Read 777 clean list file
Dir path is /mnt/adnetik/adnetik-uservervillage/prod/userver_log/pixel/2013-07-10/
Read 1244 paths for daylist [2013-07-10]
Found 467 new paths
.Done with file 0/467
.....size getting too big, writing to Db
Inserted almost 214437 lines

Wrote 783 clean list files
renamed directory /home/akshay/pixel/staging --> /home/akshay/pixel/current
Found 2 save data paths
Read 783 clean list file
Dir path is /mnt/adnetik/adnetik-uservervillage/prod/userver_log/pixel/2013-07-10/
Read 1244 paths for daylist [2013-07-10]
Found 461 new paths
.Done with file 0/461
....size getting too big, writing to Db
Inserted almost 239499 lines

Wrote 788 clean list files
renamed directory /home/akshay/pixel/staging --> /home/akshay/pixel/current
Found 2 save data paths
Read 788 clean list file
Dir path is /mnt/adnetik/adnetik-uservervillage/prod/userver_log/pixel/2013-07-10/
Read 1244 paths for daylist [2013-07-10]
Found 456 new paths
.Done with file 0/456
....size getting too big, writing to Db
Inserted almost 246978 lines

Wrote 793 clean list files
renamed directory /home/akshay/pixel/staging --> /home/akshay/pixel/current
Found 2 save data paths
Read 793 clean list file
Dir path is /mnt/adnetik/adnetik-uservervillage/prod/userver_log/pixel/2013-07-10/
Read 1244 paths for daylist [2013-07-10]
Found 451 new paths
.Done with file 0/451
......size getting too big, writing to Db
Inserted almost 211390 lines

Wrote 800 clean list files
renamed directory /home/akshay/pixel/staging --> /home/akshay/pixel/current
Found 2 save data paths
Read 800 clean list file
Dir path is /mnt/adnetik/adnetik-uservervillage/prod/userver_log/pixel/2013-07-10/
Read 1244 paths for daylist [2013-07-10]
Found 444 new paths
.Done with file 0/444
.....size getting too big, writing to Db
Inserted almost 208792 lines

Wrote 806 clean list files
renamed directory /home/akshay/pixel/staging --> /home/akshay/pixel/current
Found 2 save data paths
Read 806 clean list file
Dir path is /mnt/adnetik/adnetik-uservervillage/prod/userver_log/pixel/2013-07-10/
Read 1244 paths for daylist [2013-07-10]
Found 438 new paths
.Done with file 0/438
....size getting too big, writing to Db
Inserted almost 257501 lines

Wrote 811 clean list files
renamed directory /home/akshay/pixel/staging --> /home/akshay/pixel/current
Found 2 save data paths
Read 811 clean list file
Dir path is /mnt/adnetik/adnetik-uservervillage/prod/userver_log/pixel/2013-07-10/
Read 1244 paths for daylist [2013-07-10]
Found 433 new paths
.Done with file 0/433
...size getting too big, writing to Db
Inserted almost 207835 lines

Wrote 815 clean list files
renamed directory /home/akshay/pixel/staging --> /home/akshay/pixel/current
Found 2 save data paths
Read 815 clean list file
Dir path is /mnt/adnetik/adnetik-uservervillage/prod/userver_log/pixel/2013-07-10/
Read 1244 paths for daylist [2013-07-10]
Found 429 new paths
.Done with file 0/429
...size getting too big, writing to Db
Inserted almost 203766 lines

Wrote 819 clean list files
renamed directory /home/akshay/pixel/staging --> /home/akshay/pixel/current
Found 2 save data paths
Read 819 clean list file
Dir path is /mnt/adnetik/adnetik-uservervillage/prod/userver_log/pixel/2013-07-10/
Read 1244 paths for daylist [2013-07-10]
Found 425 new paths
.Done with file 0/425
....size getting too big, writing to Db
Inserted almost 216254 lines

Wrote 824 clean list files
renamed directory /home/akshay/pixel/staging --> /home/akshay/pixel/current
Found 2 save data paths
Read 824 clean list file
Dir path is /mnt/adnetik/adnetik-uservervillage/prod/userver_log/pixel/2013-07-10/
Read 1244 paths for daylist [2013-07-10]
Found 420 new paths
.Done with file 0/420
......size getting too big, writing to Db
Inserted almost 257232 lines

Wrote 831 clean list files
renamed directory /home/akshay/pixel/staging --> /home/akshay/pixel/current
Found 2 save data paths
Read 831 clean list file
Dir path is /mnt/adnetik/adnetik-uservervillage/prod/userver_log/pixel/2013-07-10/
Read 1244 paths for daylist [2013-07-10]
Found 413 new paths
.Done with file 0/413
...size getting too big, writing to Db
Inserted almost 240861 lines

Wrote 835 clean list files
renamed directory /home/akshay/pixel/staging --> /home/akshay/pixel/current
Found 2 save data paths
Read 835 clean list file
Dir path is /mnt/adnetik/adnetik-uservervillage/prod/userver_log/pixel/2013-07-10/
Read 1244 paths for daylist [2013-07-10]
Found 409 new paths
.Done with file 0/409
......size getting too big, writing to Db
Inserted almost 201833 lines

Wrote 842 clean list files
renamed directory /home/akshay/pixel/staging --> /home/akshay/pixel/current
Found 2 save data paths
Read 842 clean list file
Dir path is /mnt/adnetik/adnetik-uservervillage/prod/userver_log/pixel/2013-07-10/
Read 1244 paths for daylist [2013-07-10]
Found 402 new paths
.Done with file 0/402
....size getting too big, writing to Db
Inserted almost 222802 lines

Wrote 847 clean list files
renamed directory /home/akshay/pixel/staging --> /home/akshay/pixel/current
Found 2 save data paths
Read 847 clean list file
Dir path is /mnt/adnetik/adnetik-uservervillage/prod/userver_log/pixel/2013-07-10/
Read 1244 paths for daylist [2013-07-10]
Found 397 new paths
.Done with file 0/397
...size getting too big, writing to Db
Inserted almost 227284 lines

Wrote 851 clean list files
renamed directory /home/akshay/pixel/staging --> /home/akshay/pixel/current
Found 2 save data paths
Read 851 clean list file
Dir path is /mnt/adnetik/adnetik-uservervillage/prod/userver_log/pixel/2013-07-10/
Read 1244 paths for daylist [2013-07-10]
Found 393 new paths
.Done with file 0/393
....size getting too big, writing to Db
Inserted almost 227759 lines

Wrote 856 clean list files
renamed directory /home/akshay/pixel/staging --> /home/akshay/pixel/current
Found 2 save data paths
Read 856 clean list file
Dir path is /mnt/adnetik/adnetik-uservervillage/prod/userver_log/pixel/2013-07-10/
Read 1244 paths for daylist [2013-07-10]
Found 388 new paths
.Done with file 0/388
....size getting too big, writing to Db
Inserted almost 214182 lines

Wrote 861 clean list files
renamed directory /home/akshay/pixel/staging --> /home/akshay/pixel/current
Found 2 save data paths
Read 861 clean list file
Dir path is /mnt/adnetik/adnetik-uservervillage/prod/userver_log/pixel/2013-07-10/
Read 1244 paths for daylist [2013-07-10]
Found 383 new paths
.Done with file 0/383
....size getting too big, writing to Db
Inserted almost 214764 lines

Wrote 866 clean list files
renamed directory /home/akshay/pixel/staging --> /home/akshay/pixel/current
Found 2 save data paths
Read 866 clean list file
Dir path is /mnt/adnetik/adnetik-uservervillage/prod/userver_log/pixel/2013-07-10/
Read 1244 paths for daylist [2013-07-10]
Found 378 new paths
.Done with file 0/378
....size getting too big, writing to Db
Inserted almost 202137 lines

Wrote 871 clean list files
renamed directory /home/akshay/pixel/staging --> /home/akshay/pixel/current
Found 2 save data paths
Read 871 clean list file
Dir path is /mnt/adnetik/adnetik-uservervillage/prod/userver_log/pixel/2013-07-10/
Read 1244 paths for daylist [2013-07-10]
Found 373 new paths
.Done with file 0/373
....size getting too big, writing to Db
Inserted almost 249561 lines

Wrote 876 clean list files
renamed directory /home/akshay/pixel/staging --> /home/akshay/pixel/current
Found 2 save data paths
Read 876 clean list file
Dir path is /mnt/adnetik/adnetik-uservervillage/prod/userver_log/pixel/2013-07-10/
Read 1244 paths for daylist [2013-07-10]
Found 368 new paths
.Done with file 0/368
......size getting too big, writing to Db
Inserted almost 253247 lines

Wrote 883 clean list files
renamed directory /home/akshay/pixel/staging --> /home/akshay/pixel/current
Found 2 save data paths
Read 883 clean list file
Dir path is /mnt/adnetik/adnetik-uservervillage/prod/userver_log/pixel/2013-07-10/
Read 1244 paths for daylist [2013-07-10]
Found 361 new paths
.Done with file 0/361
...size getting too big, writing to Db
Inserted almost 218971 lines

Wrote 887 clean list files
renamed directory /home/akshay/pixel/staging --> /home/akshay/pixel/current
Found 2 save data paths
Read 887 clean list file
Dir path is /mnt/adnetik/adnetik-uservervillage/prod/userver_log/pixel/2013-07-10/
Read 1244 paths for daylist [2013-07-10]
Found 357 new paths
.Done with file 0/357
.....size getting too big, writing to Db
Inserted almost 200220 lines

Wrote 893 clean list files
renamed directory /home/akshay/pixel/staging --> /home/akshay/pixel/current
Found 2 save data paths
Read 893 clean list file
Dir path is /mnt/adnetik/adnetik-uservervillage/prod/userver_log/pixel/2013-07-10/
Read 1244 paths for daylist [2013-07-10]
Found 351 new paths
.Done with file 0/351
.....size getting too big, writing to Db
Inserted almost 226893 lines

Wrote 899 clean list files
renamed directory /home/akshay/pixel/staging --> /home/akshay/pixel/current
Found 2 save data paths
Read 899 clean list file
Dir path is /mnt/adnetik/adnetik-uservervillage/prod/userver_log/pixel/2013-07-10/
Read 1244 paths for daylist [2013-07-10]
Found 345 new paths
.Done with file 0/345
....size getting too big, writing to Db
Inserted almost 248301 lines

Wrote 904 clean list files
renamed directory /home/akshay/pixel/staging --> /home/akshay/pixel/current
Found 2 save data paths
Read 904 clean list file
Dir path is /mnt/adnetik/adnetik-uservervillage/prod/userver_log/pixel/2013-07-10/
Read 1244 paths for daylist [2013-07-10]
Found 340 new paths
.Done with file 0/340
....size getting too big, writing to Db
Inserted almost 212058 lines

Wrote 909 clean list files
renamed directory /home/akshay/pixel/staging --> /home/akshay/pixel/current
Found 2 save data paths
Read 909 clean list file
Dir path is /mnt/adnetik/adnetik-uservervillage/prod/userver_log/pixel/2013-07-10/
Read 1244 paths for daylist [2013-07-10]
Found 335 new paths
.Done with file 0/335
....size getting too big, writing to Db
Inserted almost 233825 lines

Wrote 914 clean list files
renamed directory /home/akshay/pixel/staging --> /home/akshay/pixel/current
Found 2 save data paths
Read 914 clean list file
Dir path is /mnt/adnetik/adnetik-uservervillage/prod/userver_log/pixel/2013-07-10/
Read 1244 paths for daylist [2013-07-10]
Found 330 new paths
.Done with file 0/330
.....size getting too big, writing to Db
Inserted almost 229380 lines

Wrote 920 clean list files
renamed directory /home/akshay/pixel/staging --> /home/akshay/pixel/current
Found 2 save data paths
Read 920 clean list file
Dir path is /mnt/adnetik/adnetik-uservervillage/prod/userver_log/pixel/2013-07-10/
Read 1244 paths for daylist [2013-07-10]
Found 324 new paths
.Done with file 0/324
......size getting too big, writing to Db
Inserted almost 226393 lines

Wrote 927 clean list files
renamed directory /home/akshay/pixel/staging --> /home/akshay/pixel/current
Found 2 save data paths
Read 927 clean list file
Dir path is /mnt/adnetik/adnetik-uservervillage/prod/userver_log/pixel/2013-07-10/
Read 1244 paths for daylist [2013-07-10]
Found 317 new paths
.Done with file 0/317
....size getting too big, writing to Db
Inserted almost 207859 lines

Wrote 932 clean list files
renamed directory /home/akshay/pixel/staging --> /home/akshay/pixel/current
Found 2 save data paths
Read 932 clean list file
Dir path is /mnt/adnetik/adnetik-uservervillage/prod/userver_log/pixel/2013-07-10/
Read 1244 paths for daylist [2013-07-10]
Found 312 new paths
.Done with file 0/312
.....size getting too big, writing to Db
Inserted almost 217154 lines

Wrote 938 clean list files
renamed directory /home/akshay/pixel/staging --> /home/akshay/pixel/current
Found 2 save data paths
Read 938 clean list file
Dir path is /mnt/adnetik/adnetik-uservervillage/prod/userver_log/pixel/2013-07-10/
Read 1244 paths for daylist [2013-07-10]
Found 306 new paths
.Done with file 0/306
....size getting too big, writing to Db
Inserted almost 207741 lines

Wrote 943 clean list files
renamed directory /home/akshay/pixel/staging --> /home/akshay/pixel/current
Found 2 save data paths
Read 943 clean list file
Dir path is /mnt/adnetik/adnetik-uservervillage/prod/userver_log/pixel/2013-07-10/
Read 1244 paths for daylist [2013-07-10]
Found 301 new paths
.Done with file 0/301
....size getting too big, writing to Db
Inserted almost 225062 lines

Wrote 948 clean list files
renamed directory /home/akshay/pixel/staging --> /home/akshay/pixel/current
Found 2 save data paths
Read 948 clean list file
Dir path is /mnt/adnetik/adnetik-uservervillage/prod/userver_log/pixel/2013-07-10/
Read 1244 paths for daylist [2013-07-10]
Found 296 new paths
.Done with file 0/296
......size getting too big, writing to Db
Inserted almost 210574 lines

Wrote 955 clean list files
renamed directory /home/akshay/pixel/staging --> /home/akshay/pixel/current
Found 2 save data paths
Read 955 clean list file
Dir path is /mnt/adnetik/adnetik-uservervillage/prod/userver_log/pixel/2013-07-10/
Read 1244 paths for daylist [2013-07-10]
Found 289 new paths
.Done with file 0/289
....size getting too big, writing to Db
Inserted almost 205572 lines

Wrote 960 clean list files
renamed directory /home/akshay/pixel/staging --> /home/akshay/pixel/current
Found 2 save data paths
Read 960 clean list file
Dir path is /mnt/adnetik/adnetik-uservervillage/prod/userver_log/pixel/2013-07-10/
Read 1244 paths for daylist [2013-07-10]
Found 284 new paths
.Done with file 0/284
.......size getting too big, writing to Db
Inserted almost 244925 lines

Wrote 968 clean list files
renamed directory /home/akshay/pixel/staging --> /home/akshay/pixel/current
Found 2 save data paths
Read 968 clean list file
Dir path is /mnt/adnetik/adnetik-uservervillage/prod/userver_log/pixel/2013-07-10/
Read 1244 paths for daylist [2013-07-10]
Found 276 new paths
.Done with file 0/276
.......size getting too big, writing to Db
Inserted almost 228823 lines

Wrote 976 clean list files
renamed directory /home/akshay/pixel/staging --> /home/akshay/pixel/current
Found 2 save data paths
Read 976 clean list file
Dir path is /mnt/adnetik/adnetik-uservervillage/prod/userver_log/pixel/2013-07-10/
Read 1244 paths for daylist [2013-07-10]
Found 268 new paths
.Done with file 0/268
.....size getting too big, writing to Db
Inserted almost 204224 lines

Wrote 982 clean list files
renamed directory /home/akshay/pixel/staging --> /home/akshay/pixel/current
Found 2 save data paths
Read 982 clean list file
Dir path is /mnt/adnetik/adnetik-uservervillage/prod/userver_log/pixel/2013-07-10/
Read 1244 paths for daylist [2013-07-10]
Found 262 new paths
.Done with file 0/262
.......size getting too big, writing to Db
Inserted almost 235274 lines

Wrote 990 clean list files
renamed directory /home/akshay/pixel/staging --> /home/akshay/pixel/current
Found 2 save data paths
Read 990 clean list file
Dir path is /mnt/adnetik/adnetik-uservervillage/prod/userver_log/pixel/2013-07-10/
Read 1244 paths for daylist [2013-07-10]
Found 254 new paths
.Done with file 0/254
.......size getting too big, writing to Db
Inserted almost 248098 lines

Wrote 998 clean list files
renamed directory /home/akshay/pixel/staging --> /home/akshay/pixel/current
Found 2 save data paths
Read 998 clean list file
Dir path is /mnt/adnetik/adnetik-uservervillage/prod/userver_log/pixel/2013-07-10/
Read 1244 paths for daylist [2013-07-10]
Found 246 new paths
.Done with file 0/246
......size getting too big, writing to Db
Inserted almost 226222 lines

Wrote 1005 clean list files
renamed directory /home/akshay/pixel/staging --> /home/akshay/pixel/current
Found 2 save data paths
Read 1005 clean list file
Dir path is /mnt/adnetik/adnetik-uservervillage/prod/userver_log/pixel/2013-07-10/
Read 1244 paths for daylist [2013-07-10]
Found 239 new paths
.Done with file 0/239
........size getting too big, writing to Db
Inserted almost 224039 lines

Wrote 1014 clean list files
renamed directory /home/akshay/pixel/staging --> /home/akshay/pixel/current
Found 2 save data paths
Read 1014 clean list file
Dir path is /mnt/adnetik/adnetik-uservervillage/prod/userver_log/pixel/2013-07-10/
Read 1244 paths for daylist [2013-07-10]
Found 230 new paths
.Done with file 0/230
........size getting too big, writing to Db
Inserted almost 212661 lines

Wrote 1023 clean list files
renamed directory /home/akshay/pixel/staging --> /home/akshay/pixel/current
Found 2 save data paths
Read 1023 clean list file
Dir path is /mnt/adnetik/adnetik-uservervillage/prod/userver_log/pixel/2013-07-10/
Read 1244 paths for daylist [2013-07-10]
Found 221 new paths
.Done with file 0/221
......size getting too big, writing to Db
Inserted almost 221000 lines

Wrote 1030 clean list files
renamed directory /home/akshay/pixel/staging --> /home/akshay/pixel/current
Found 2 save data paths
Read 1030 clean list file
Dir path is /mnt/adnetik/adnetik-uservervillage/prod/userver_log/pixel/2013-07-10/
Read 1244 paths for daylist [2013-07-10]
Found 214 new paths
.Done with file 0/214
........size getting too big, writing to Db
Inserted almost 219787 lines

Wrote 1039 clean list files
renamed directory /home/akshay/pixel/staging --> /home/akshay/pixel/current
Found 2 save data paths
Read 1039 clean list file
Dir path is /mnt/adnetik/adnetik-uservervillage/prod/userver_log/pixel/2013-07-10/
Read 1244 paths for daylist [2013-07-10]
Found 205 new paths
.Done with file 0/205
.........size getting too big, writing to Db
Inserted almost 203049 lines

Wrote 1049 clean list files
renamed directory /home/akshay/pixel/staging --> /home/akshay/pixel/current
Found 2 save data paths
Read 1049 clean list file
Dir path is /mnt/adnetik/adnetik-uservervillage/prod/userver_log/pixel/2013-07-10/
Read 1244 paths for daylist [2013-07-10]
Found 195 new paths
.Done with file 0/195
.......size getting too big, writing to Db
Inserted almost 205390 lines

Wrote 1057 clean list files
renamed directory /home/akshay/pixel/staging --> /home/akshay/pixel/current
Found 2 save data paths
Read 1057 clean list file
Dir path is /mnt/adnetik/adnetik-uservervillage/prod/userver_log/pixel/2013-07-10/
Read 1244 paths for daylist [2013-07-10]
Found 187 new paths
.Done with file 0/187
..........Done with file 10/187
size getting too big, writing to Db
Inserted almost 202493 lines

Wrote 1068 clean list files
renamed directory /home/akshay/pixel/staging --> /home/akshay/pixel/current
Found 2 save data paths
Read 1068 clean list file
Dir path is /mnt/adnetik/adnetik-uservervillage/prod/userver_log/pixel/2013-07-10/
Read 1244 paths for daylist [2013-07-10]
Found 176 new paths
.Done with file 0/176
........size getting too big, writing to Db
Inserted almost 201842 lines

Wrote 1077 clean list files
renamed directory /home/akshay/pixel/staging --> /home/akshay/pixel/current
Found 2 save data paths
Read 1077 clean list file
Dir path is /mnt/adnetik/adnetik-uservervillage/prod/userver_log/pixel/2013-07-10/
Read 1244 paths for daylist [2013-07-10]
Found 167 new paths
.Done with file 0/167
.........size getting too big, writing to Db
Inserted almost 220488 lines

Wrote 1087 clean list files
renamed directory /home/akshay/pixel/staging --> /home/akshay/pixel/current
Found 2 save data paths
Read 1087 clean list file
Dir path is /mnt/adnetik/adnetik-uservervillage/prod/userver_log/pixel/2013-07-10/
Read 1244 paths for daylist [2013-07-10]
Found 157 new paths
.Done with file 0/157
..........Done with file 10/157
size getting too big, writing to Db
Inserted almost 226679 lines

Wrote 1098 clean list files
renamed directory /home/akshay/pixel/staging --> /home/akshay/pixel/current
Found 2 save data paths
Read 1098 clean list file
Dir path is /mnt/adnetik/adnetik-uservervillage/prod/userver_log/pixel/2013-07-10/
Read 1244 paths for daylist [2013-07-10]
Found 146 new paths
.Done with file 0/146
..........Done with file 10/146
.size getting too big, writing to Db
Inserted almost 215591 lines

Wrote 1110 clean list files
renamed directory /home/akshay/pixel/staging --> /home/akshay/pixel/current
Found 2 save data paths
Read 1110 clean list file
Dir path is /mnt/adnetik/adnetik-uservervillage/prod/userver_log/pixel/2013-07-10/
Read 1244 paths for daylist [2013-07-10]
Found 134 new paths
.Done with file 0/134
.......size getting too big, writing to Db
Inserted almost 205241 lines

Wrote 1118 clean list files
renamed directory /home/akshay/pixel/staging --> /home/akshay/pixel/current
Found 2 save data paths
Read 1118 clean list file
Dir path is /mnt/adnetik/adnetik-uservervillage/prod/userver_log/pixel/2013-07-10/
Read 1244 paths for daylist [2013-07-10]
Found 126 new paths
.Done with file 0/126
..........Done with file 10/126
size getting too big, writing to Db
Inserted almost 216324 lines

Wrote 1129 clean list files
renamed directory /home/akshay/pixel/staging --> /home/akshay/pixel/current
Found 2 save data paths
Read 1129 clean list file
Dir path is /mnt/adnetik/adnetik-uservervillage/prod/userver_log/pixel/2013-07-10/
Read 1244 paths for daylist [2013-07-10]
Found 115 new paths
.Done with file 0/115
..........Done with file 10/115
size getting too big, writing to Db
Inserted almost 202134 lines

Wrote 1140 clean list files
renamed directory /home/akshay/pixel/staging --> /home/akshay/pixel/current
Found 2 save data paths
Read 1140 clean list file
Dir path is /mnt/adnetik/adnetik-uservervillage/prod/userver_log/pixel/2013-07-10/
Read 1244 paths for daylist [2013-07-10]
Found 104 new paths
.Done with file 0/104
..........Done with file 10/104
.size getting too big, writing to Db
Inserted almost 206843 lines

Wrote 1152 clean list files
renamed directory /home/akshay/pixel/staging --> /home/akshay/pixel/current
Found 2 save data paths
Read 1152 clean list file
Dir path is /mnt/adnetik/adnetik-uservervillage/prod/userver_log/pixel/2013-07-10/
Read 1244 paths for daylist [2013-07-10]
Found 92 new paths
.Done with file 0/92
..........Done with file 10/92
..size getting too big, writing to Db
Inserted almost 218124 lines

Wrote 1165 clean list files
renamed directory /home/akshay/pixel/staging --> /home/akshay/pixel/current
Found 2 save data paths
Read 1165 clean list file
Dir path is /mnt/adnetik/adnetik-uservervillage/prod/userver_log/pixel/2013-07-10/
Read 1244 paths for daylist [2013-07-10]
Found 79 new paths
.Done with file 0/79
..........Done with file 10/79
..size getting too big, writing to Db
Inserted almost 211620 lines

Wrote 1178 clean list files
renamed directory /home/akshay/pixel/staging --> /home/akshay/pixel/current
Found 2 save data paths
Read 1178 clean list file
Dir path is /mnt/adnetik/adnetik-uservervillage/prod/userver_log/pixel/2013-07-10/
Read 1244 paths for daylist [2013-07-10]
Found 66 new paths
.Done with file 0/66
..........Done with file 10/66
...size getting too big, writing to Db
Inserted almost 209896 lines

Wrote 1192 clean list files
renamed directory /home/akshay/pixel/staging --> /home/akshay/pixel/current
Found 2 save data paths
Read 1192 clean list file
Dir path is /mnt/adnetik/adnetik-uservervillage/prod/userver_log/pixel/2013-07-10/
Read 1244 paths for daylist [2013-07-10]
Found 52 new paths
.Done with file 0/52
..........Done with file 10/52
...size getting too big, writing to Db
Inserted almost 218374 lines

Wrote 1206 clean list files
renamed directory /home/akshay/pixel/staging --> /home/akshay/pixel/current
Found 2 save data paths
Read 1206 clean list file
Dir path is /mnt/adnetik/adnetik-uservervillage/prod/userver_log/pixel/2013-07-10/
Read 1244 paths for daylist [2013-07-10]
Found 38 new paths
.Done with file 0/38
..........Done with file 10/38
...size getting too big, writing to Db
Inserted almost 203059 lines

Wrote 1220 clean list files
renamed directory /home/akshay/pixel/staging --> /home/akshay/pixel/current
Found 2 save data paths
Read 1220 clean list file
Dir path is /mnt/adnetik/adnetik-uservervillage/prod/userver_log/pixel/2013-07-10/
Read 1244 paths for daylist [2013-07-10]
Found 24 new paths
.Done with file 0/24
..........Done with file 10/24
...size getting too big, writing to Db
Inserted almost 218254 lines

Wrote 1234 clean list files
renamed directory /home/akshay/pixel/staging --> /home/akshay/pixel/current
Found 2 save data paths
Read 1234 clean list file
Dir path is /mnt/adnetik/adnetik-uservervillage/prod/userver_log/pixel/2013-07-10/
Read 1244 paths for daylist [2013-07-10]
Found 10 new paths
.Done with file 0/10
.........number of broken lines:+0 

writing to Db

Inserted almost 133190 lines

done writing to Db

Wrote 1244 clean list files
renamed directory /home/akshay/pixel/staging --> /home/akshay/pixel/current
