nohup: ignoring input
processing date : 2013-07-08
Found 3 save data paths
Read 46906 clean list file
Dir path is /mnt/adnetik/adnetik-uservervillage/prod/userver_log/pixel/2013-07-08/
Read 1246 paths for daylist [2013-07-08]
Found 726 new paths
.Done with file 0/726
...size getting too big, writing to Db
Inserted almost 217840 lines

Wrote 46910 clean list files
renamed directory /home/armita/pixel/staging --> /home/armita/pixel/current
Found 2 save data paths
Read 46910 clean list file
Dir path is /mnt/adnetik/adnetik-uservervillage/prod/userver_log/pixel/2013-07-08/
Read 1246 paths for daylist [2013-07-08]
Found 722 new paths
.Done with file 0/722
.....size getting too big, writing to Db
Inserted almost 260939 lines

Wrote 46916 clean list files
renamed directory /home/armita/pixel/staging --> /home/armita/pixel/current
Found 2 save data paths
Read 46916 clean list file
Dir path is /mnt/adnetik/adnetik-uservervillage/prod/userver_log/pixel/2013-07-08/
Read 1246 paths for daylist [2013-07-08]
Found 716 new paths
.Done with file 0/716
......size getting too big, writing to Db
Inserted almost 241577 lines

Wrote 46923 clean list files
renamed directory /home/armita/pixel/staging --> /home/armita/pixel/current
Found 2 save data paths
Read 46923 clean list file
Dir path is /mnt/adnetik/adnetik-uservervillage/prod/userver_log/pixel/2013-07-08/
Read 1246 paths for daylist [2013-07-08]
Found 709 new paths
.Done with file 0/709
....size getting too big, writing to Db
Inserted almost 236159 lines

Wrote 46928 clean list files
renamed directory /home/armita/pixel/staging --> /home/armita/pixel/current
Found 2 save data paths
Read 46928 clean list file
Dir path is /mnt/adnetik/adnetik-uservervillage/prod/userver_log/pixel/2013-07-08/
Read 1246 paths for daylist [2013-07-08]
Found 704 new paths
.Done with file 0/704
......size getting too big, writing to Db
Inserted almost 256968 lines

Wrote 46935 clean list files
renamed directory /home/armita/pixel/staging --> /home/armita/pixel/current
Found 2 save data paths
Read 46935 clean list file
Dir path is /mnt/adnetik/adnetik-uservervillage/prod/userver_log/pixel/2013-07-08/
Read 1246 paths for daylist [2013-07-08]
Found 697 new paths
.Done with file 0/697
....size getting too big, writing to Db
Inserted almost 218338 lines

Wrote 46940 clean list files
renamed directory /home/armita/pixel/staging --> /home/armita/pixel/current
Found 2 save data paths
Read 46940 clean list file
Dir path is /mnt/adnetik/adnetik-uservervillage/prod/userver_log/pixel/2013-07-08/
Read 1246 paths for daylist [2013-07-08]
Found 692 new paths
.Done with file 0/692
....size getting too big, writing to Db
Inserted almost 216472 lines

Wrote 46945 clean list files
renamed directory /home/armita/pixel/staging --> /home/armita/pixel/current
Found 2 save data paths
Read 46945 clean list file
Dir path is /mnt/adnetik/adnetik-uservervillage/prod/userver_log/pixel/2013-07-08/
Read 1246 paths for daylist [2013-07-08]
Found 687 new paths
.Done with file 0/687
.....size getting too big, writing to Db
Inserted almost 239294 lines

Wrote 46951 clean list files
renamed directory /home/armita/pixel/staging --> /home/armita/pixel/current
Found 2 save data paths
Read 46951 clean list file
Dir path is /mnt/adnetik/adnetik-uservervillage/prod/userver_log/pixel/2013-07-08/
Read 1246 paths for daylist [2013-07-08]
Found 681 new paths
.Done with file 0/681
.....size getting too big, writing to Db
Inserted almost 265484 lines

Wrote 46957 clean list files
renamed directory /home/armita/pixel/staging --> /home/armita/pixel/current
Found 2 save data paths
Read 46957 clean list file
Dir path is /mnt/adnetik/adnetik-uservervillage/prod/userver_log/pixel/2013-07-08/
Read 1246 paths for daylist [2013-07-08]
Found 675 new paths
.Done with file 0/675
....size getting too big, writing to Db
Inserted almost 221186 lines

Wrote 46962 clean list files
renamed directory /home/armita/pixel/staging --> /home/armita/pixel/current
Found 2 save data paths
Read 46962 clean list file
Dir path is /mnt/adnetik/adnetik-uservervillage/prod/userver_log/pixel/2013-07-08/
Read 1246 paths for daylist [2013-07-08]
Found 670 new paths
.Done with file 0/670
...size getting too big, writing to Db
Inserted almost 204727 lines

Wrote 46966 clean list files
renamed directory /home/armita/pixel/staging --> /home/armita/pixel/current
Found 2 save data paths
Read 46966 clean list file
Dir path is /mnt/adnetik/adnetik-uservervillage/prod/userver_log/pixel/2013-07-08/
Read 1246 paths for daylist [2013-07-08]
Found 666 new paths
.Done with file 0/666
...size getting too big, writing to Db
Inserted almost 211987 lines

Wrote 46970 clean list files
renamed directory /home/armita/pixel/staging --> /home/armita/pixel/current
Found 2 save data paths
Read 46970 clean list file
Dir path is /mnt/adnetik/adnetik-uservervillage/prod/userver_log/pixel/2013-07-08/
Read 1246 paths for daylist [2013-07-08]
Found 662 new paths
.Done with file 0/662
.....size getting too big, writing to Db
Inserted almost 207355 lines

Wrote 46976 clean list files
renamed directory /home/armita/pixel/staging --> /home/armita/pixel/current
Found 2 save data paths
Read 46976 clean list file
Dir path is /mnt/adnetik/adnetik-uservervillage/prod/userver_log/pixel/2013-07-08/
Read 1246 paths for daylist [2013-07-08]
Found 656 new paths
.Done with file 0/656
...size getting too big, writing to Db
Inserted almost 227763 lines

Wrote 46980 clean list files
renamed directory /home/armita/pixel/staging --> /home/armita/pixel/current
Found 2 save data paths
Read 46980 clean list file
Dir path is /mnt/adnetik/adnetik-uservervillage/prod/userver_log/pixel/2013-07-08/
Read 1246 paths for daylist [2013-07-08]
Found 652 new paths
.Done with file 0/652
....size getting too big, writing to Db
Inserted almost 240569 lines

Wrote 46985 clean list files
renamed directory /home/armita/pixel/staging --> /home/armita/pixel/current
Found 2 save data paths
Read 46985 clean list file
Dir path is /mnt/adnetik/adnetik-uservervillage/prod/userver_log/pixel/2013-07-08/
Read 1246 paths for daylist [2013-07-08]
Found 647 new paths
.Done with file 0/647
.....size getting too big, writing to Db
Inserted almost 233447 lines

Wrote 46991 clean list files
renamed directory /home/armita/pixel/staging --> /home/armita/pixel/current
Found 2 save data paths
Read 46991 clean list file
Dir path is /mnt/adnetik/adnetik-uservervillage/prod/userver_log/pixel/2013-07-08/
Read 1246 paths for daylist [2013-07-08]
Found 641 new paths
.Done with file 0/641
.....size getting too big, writing to Db
Inserted almost 208944 lines

Wrote 46997 clean list files
renamed directory /home/armita/pixel/staging --> /home/armita/pixel/current
Found 2 save data paths
Read 46997 clean list file
Dir path is /mnt/adnetik/adnetik-uservervillage/prod/userver_log/pixel/2013-07-08/
Read 1246 paths for daylist [2013-07-08]
Found 635 new paths
.Done with file 0/635
...size getting too big, writing to Db
Inserted almost 209709 lines

Wrote 47001 clean list files
renamed directory /home/armita/pixel/staging --> /home/armita/pixel/current
Found 2 save data paths
Read 47001 clean list file
Dir path is /mnt/adnetik/adnetik-uservervillage/prod/userver_log/pixel/2013-07-08/
Read 1246 paths for daylist [2013-07-08]
Found 631 new paths
.Done with file 0/631
...size getting too big, writing to Db
Inserted almost 215829 lines

Wrote 47005 clean list files
renamed directory /home/armita/pixel/staging --> /home/armita/pixel/current
Found 2 save data paths
Read 47005 clean list file
Dir path is /mnt/adnetik/adnetik-uservervillage/prod/userver_log/pixel/2013-07-08/
Read 1246 paths for daylist [2013-07-08]
Found 627 new paths
.Done with file 0/627
.....size getting too big, writing to Db
Inserted almost 240297 lines

Wrote 47011 clean list files
renamed directory /home/armita/pixel/staging --> /home/armita/pixel/current
Found 2 save data paths
Read 47011 clean list file
Dir path is /mnt/adnetik/adnetik-uservervillage/prod/userver_log/pixel/2013-07-08/
Read 1246 paths for daylist [2013-07-08]
Found 621 new paths
.Done with file 0/621
....size getting too big, writing to Db
Inserted almost 209839 lines

Wrote 47016 clean list files
renamed directory /home/armita/pixel/staging --> /home/armita/pixel/current
Found 2 save data paths
Read 47016 clean list file
Dir path is /mnt/adnetik/adnetik-uservervillage/prod/userver_log/pixel/2013-07-08/
Read 1246 paths for daylist [2013-07-08]
Found 616 new paths
.Done with file 0/616
...size getting too big, writing to Db
Inserted almost 202826 lines

Wrote 47020 clean list files
renamed directory /home/armita/pixel/staging --> /home/armita/pixel/current
Found 2 save data paths
Read 47020 clean list file
Dir path is /mnt/adnetik/adnetik-uservervillage/prod/userver_log/pixel/2013-07-08/
Read 1246 paths for daylist [2013-07-08]
Found 612 new paths
.Done with file 0/612
.....size getting too big, writing to Db
Inserted almost 262140 lines

Wrote 47026 clean list files
renamed directory /home/armita/pixel/staging --> /home/armita/pixel/current
Found 2 save data paths
Read 47026 clean list file
Dir path is /mnt/adnetik/adnetik-uservervillage/prod/userver_log/pixel/2013-07-08/
Read 1246 paths for daylist [2013-07-08]
Found 606 new paths
.Done with file 0/606
....size getting too big, writing to Db
Inserted almost 257528 lines

Wrote 47031 clean list files
renamed directory /home/armita/pixel/staging --> /home/armita/pixel/current
Found 2 save data paths
Read 47031 clean list file
Dir path is /mnt/adnetik/adnetik-uservervillage/prod/userver_log/pixel/2013-07-08/
Read 1246 paths for daylist [2013-07-08]
Found 601 new paths
.Done with file 0/601
.....size getting too big, writing to Db
Inserted almost 233031 lines

Wrote 47037 clean list files
renamed directory /home/armita/pixel/staging --> /home/armita/pixel/current
Found 2 save data paths
Read 47037 clean list file
Dir path is /mnt/adnetik/adnetik-uservervillage/prod/userver_log/pixel/2013-07-08/
Read 1246 paths for daylist [2013-07-08]
Found 595 new paths
.Done with file 0/595
....size getting too big, writing to Db
Inserted almost 260489 lines

Wrote 47042 clean list files
renamed directory /home/armita/pixel/staging --> /home/armita/pixel/current
Found 2 save data paths
Read 47042 clean list file
Dir path is /mnt/adnetik/adnetik-uservervillage/prod/userver_log/pixel/2013-07-08/
Read 1246 paths for daylist [2013-07-08]
Found 590 new paths
.Done with file 0/590
.....size getting too big, writing to Db
Inserted almost 239029 lines

Wrote 47048 clean list files
renamed directory /home/armita/pixel/staging --> /home/armita/pixel/current
Found 2 save data paths
Read 47048 clean list file
Dir path is /mnt/adnetik/adnetik-uservervillage/prod/userver_log/pixel/2013-07-08/
Read 1246 paths for daylist [2013-07-08]
Found 584 new paths
.Done with file 0/584
....size getting too big, writing to Db
Inserted almost 213368 lines

Wrote 47053 clean list files
renamed directory /home/armita/pixel/staging --> /home/armita/pixel/current
Found 2 save data paths
Read 47053 clean list file
Dir path is /mnt/adnetik/adnetik-uservervillage/prod/userver_log/pixel/2013-07-08/
Read 1246 paths for daylist [2013-07-08]
Found 579 new paths
.Done with file 0/579
....size getting too big, writing to Db
Inserted almost 221426 lines

Wrote 47058 clean list files
renamed directory /home/armita/pixel/staging --> /home/armita/pixel/current
Found 2 save data paths
Read 47058 clean list file
Dir path is /mnt/adnetik/adnetik-uservervillage/prod/userver_log/pixel/2013-07-08/
Read 1246 paths for daylist [2013-07-08]
Found 574 new paths
.Done with file 0/574
.....size getting too big, writing to Db
Inserted almost 210953 lines

Wrote 47064 clean list files
renamed directory /home/armita/pixel/staging --> /home/armita/pixel/current
Found 2 save data paths
Read 47064 clean list file
Dir path is /mnt/adnetik/adnetik-uservervillage/prod/userver_log/pixel/2013-07-08/
Read 1246 paths for daylist [2013-07-08]
Found 568 new paths
.Done with file 0/568
....size getting too big, writing to Db
Inserted almost 236867 lines

Wrote 47069 clean list files
renamed directory /home/armita/pixel/staging --> /home/armita/pixel/current
Found 2 save data paths
Read 47069 clean list file
Dir path is /mnt/adnetik/adnetik-uservervillage/prod/userver_log/pixel/2013-07-08/
Read 1246 paths for daylist [2013-07-08]
Found 563 new paths
.Done with file 0/563
...size getting too big, writing to Db
Inserted almost 200940 lines

Wrote 47073 clean list files
renamed directory /home/armita/pixel/staging --> /home/armita/pixel/current
Found 2 save data paths
Read 47073 clean list file
Dir path is /mnt/adnetik/adnetik-uservervillage/prod/userver_log/pixel/2013-07-08/
Read 1246 paths for daylist [2013-07-08]
Found 559 new paths
.Done with file 0/559
.....size getting too big, writing to Db
Inserted almost 200890 lines

Wrote 47079 clean list files
renamed directory /home/armita/pixel/staging --> /home/armita/pixel/current
Found 2 save data paths
Read 47079 clean list file
Dir path is /mnt/adnetik/adnetik-uservervillage/prod/userver_log/pixel/2013-07-08/
Read 1246 paths for daylist [2013-07-08]
Found 553 new paths
.Done with file 0/553
...size getting too big, writing to Db
Inserted almost 206836 lines

Wrote 47083 clean list files
renamed directory /home/armita/pixel/staging --> /home/armita/pixel/current
Found 2 save data paths
Read 47083 clean list file
Dir path is /mnt/adnetik/adnetik-uservervillage/prod/userver_log/pixel/2013-07-08/
Read 1246 paths for daylist [2013-07-08]
Found 549 new paths
.Done with file 0/549
.....size getting too big, writing to Db
Inserted almost 205514 lines

Wrote 47089 clean list files
renamed directory /home/armita/pixel/staging --> /home/armita/pixel/current
Found 2 save data paths
Read 47089 clean list file
Dir path is /mnt/adnetik/adnetik-uservervillage/prod/userver_log/pixel/2013-07-08/
Read 1246 paths for daylist [2013-07-08]
Found 543 new paths
.Done with file 0/543
....size getting too big, writing to Db
Inserted almost 233899 lines

Wrote 47094 clean list files
renamed directory /home/armita/pixel/staging --> /home/armita/pixel/current
Found 2 save data paths
Read 47094 clean list file
Dir path is /mnt/adnetik/adnetik-uservervillage/prod/userver_log/pixel/2013-07-08/
Read 1246 paths for daylist [2013-07-08]
Found 538 new paths
.Done with file 0/538
....size getting too big, writing to Db
Inserted almost 247286 lines

Wrote 47099 clean list files
renamed directory /home/armita/pixel/staging --> /home/armita/pixel/current
Found 2 save data paths
Read 47099 clean list file
Dir path is /mnt/adnetik/adnetik-uservervillage/prod/userver_log/pixel/2013-07-08/
Read 1246 paths for daylist [2013-07-08]
Found 533 new paths
.Done with file 0/533
......size getting too big, writing to Db
Inserted almost 267865 lines

Wrote 47106 clean list files
renamed directory /home/armita/pixel/staging --> /home/armita/pixel/current
Found 2 save data paths
Read 47106 clean list file
Dir path is /mnt/adnetik/adnetik-uservervillage/prod/userver_log/pixel/2013-07-08/
Read 1246 paths for daylist [2013-07-08]
Found 526 new paths
.Done with file 0/526
....size getting too big, writing to Db
Inserted almost 205327 lines

Wrote 47111 clean list files
renamed directory /home/armita/pixel/staging --> /home/armita/pixel/current
Found 2 save data paths
Read 47111 clean list file
Dir path is /mnt/adnetik/adnetik-uservervillage/prod/userver_log/pixel/2013-07-08/
Read 1246 paths for daylist [2013-07-08]
Found 521 new paths
.Done with file 0/521
......size getting too big, writing to Db
Inserted almost 209675 lines

Wrote 47118 clean list files
renamed directory /home/armita/pixel/staging --> /home/armita/pixel/current
Found 2 save data paths
Read 47118 clean list file
Dir path is /mnt/adnetik/adnetik-uservervillage/prod/userver_log/pixel/2013-07-08/
Read 1246 paths for daylist [2013-07-08]
Found 514 new paths
.Done with file 0/514
....size getting too big, writing to Db
Inserted almost 232284 lines

Wrote 47123 clean list files
renamed directory /home/armita/pixel/staging --> /home/armita/pixel/current
Found 2 save data paths
Read 47123 clean list file
Dir path is /mnt/adnetik/adnetik-uservervillage/prod/userver_log/pixel/2013-07-08/
Read 1246 paths for daylist [2013-07-08]
Found 509 new paths
.Done with file 0/509
....size getting too big, writing to Db
Inserted almost 201631 lines

Wrote 47128 clean list files
renamed directory /home/armita/pixel/staging --> /home/armita/pixel/current
Found 2 save data paths
Read 47128 clean list file
Dir path is /mnt/adnetik/adnetik-uservervillage/prod/userver_log/pixel/2013-07-08/
Read 1246 paths for daylist [2013-07-08]
Found 504 new paths
.Done with file 0/504
....size getting too big, writing to Db
Inserted almost 226420 lines

Wrote 47133 clean list files
renamed directory /home/armita/pixel/staging --> /home/armita/pixel/current
Found 2 save data paths
Read 47133 clean list file
Dir path is /mnt/adnetik/adnetik-uservervillage/prod/userver_log/pixel/2013-07-08/
Read 1246 paths for daylist [2013-07-08]
Found 499 new paths
.Done with file 0/499
....size getting too big, writing to Db
Inserted almost 206411 lines

Wrote 47138 clean list files
renamed directory /home/armita/pixel/staging --> /home/armita/pixel/current
Found 2 save data paths
Read 47138 clean list file
Dir path is /mnt/adnetik/adnetik-uservervillage/prod/userver_log/pixel/2013-07-08/
Read 1246 paths for daylist [2013-07-08]
Found 494 new paths
.Done with file 0/494
....size getting too big, writing to Db
Inserted almost 213648 lines

Wrote 47143 clean list files
renamed directory /home/armita/pixel/staging --> /home/armita/pixel/current
Found 2 save data paths
Read 47143 clean list file
Dir path is /mnt/adnetik/adnetik-uservervillage/prod/userver_log/pixel/2013-07-08/
Read 1246 paths for daylist [2013-07-08]
Found 489 new paths
.Done with file 0/489
.....size getting too big, writing to Db
Inserted almost 206211 lines

Wrote 47149 clean list files
renamed directory /home/armita/pixel/staging --> /home/armita/pixel/current
Found 2 save data paths
Read 47149 clean list file
Dir path is /mnt/adnetik/adnetik-uservervillage/prod/userver_log/pixel/2013-07-08/
Read 1246 paths for daylist [2013-07-08]
Found 483 new paths
.Done with file 0/483
.....size getting too big, writing to Db
Inserted almost 237102 lines

Wrote 47155 clean list files
renamed directory /home/armita/pixel/staging --> /home/armita/pixel/current
Found 2 save data paths
Read 47155 clean list file
Dir path is /mnt/adnetik/adnetik-uservervillage/prod/userver_log/pixel/2013-07-08/
Read 1246 paths for daylist [2013-07-08]
Found 477 new paths
.Done with file 0/477
...size getting too big, writing to Db
Inserted almost 212005 lines

Wrote 47159 clean list files
renamed directory /home/armita/pixel/staging --> /home/armita/pixel/current
Found 2 save data paths
Read 47159 clean list file
Dir path is /mnt/adnetik/adnetik-uservervillage/prod/userver_log/pixel/2013-07-08/
Read 1246 paths for daylist [2013-07-08]
Found 473 new paths
.Done with file 0/473
......size getting too big, writing to Db
Inserted almost 232461 lines

Wrote 47166 clean list files
renamed directory /home/armita/pixel/staging --> /home/armita/pixel/current
Found 2 save data paths
Read 47166 clean list file
Dir path is /mnt/adnetik/adnetik-uservervillage/prod/userver_log/pixel/2013-07-08/
Read 1246 paths for daylist [2013-07-08]
Found 466 new paths
.Done with file 0/466
....size getting too big, writing to Db
Inserted almost 206717 lines

Wrote 47171 clean list files
renamed directory /home/armita/pixel/staging --> /home/armita/pixel/current
Found 2 save data paths
Read 47171 clean list file
Dir path is /mnt/adnetik/adnetik-uservervillage/prod/userver_log/pixel/2013-07-08/
Read 1246 paths for daylist [2013-07-08]
Found 461 new paths
.Done with file 0/461
....size getting too big, writing to Db
Inserted almost 248446 lines

Wrote 47176 clean list files
renamed directory /home/armita/pixel/staging --> /home/armita/pixel/current
Found 2 save data paths
Read 47176 clean list file
Dir path is /mnt/adnetik/adnetik-uservervillage/prod/userver_log/pixel/2013-07-08/
Read 1246 paths for daylist [2013-07-08]
Found 456 new paths
.Done with file 0/456
...size getting too big, writing to Db
Inserted almost 206813 lines

Wrote 47180 clean list files
renamed directory /home/armita/pixel/staging --> /home/armita/pixel/current
Found 2 save data paths
Read 47180 clean list file
Dir path is /mnt/adnetik/adnetik-uservervillage/prod/userver_log/pixel/2013-07-08/
Read 1246 paths for daylist [2013-07-08]
Found 452 new paths
.Done with file 0/452
.....size getting too big, writing to Db
Inserted almost 205477 lines

Wrote 47186 clean list files
renamed directory /home/armita/pixel/staging --> /home/armita/pixel/current
Found 2 save data paths
Read 47186 clean list file
Dir path is /mnt/adnetik/adnetik-uservervillage/prod/userver_log/pixel/2013-07-08/
Read 1246 paths for daylist [2013-07-08]
Found 446 new paths
.Done with file 0/446
....size getting too big, writing to Db
Inserted almost 217638 lines

Wrote 47191 clean list files
renamed directory /home/armita/pixel/staging --> /home/armita/pixel/current
Found 2 save data paths
Read 47191 clean list file
Dir path is /mnt/adnetik/adnetik-uservervillage/prod/userver_log/pixel/2013-07-08/
Read 1246 paths for daylist [2013-07-08]
Found 441 new paths
.Done with file 0/441
.....size getting too big, writing to Db
Inserted almost 213605 lines

Wrote 47197 clean list files
renamed directory /home/armita/pixel/staging --> /home/armita/pixel/current
Found 2 save data paths
Read 47197 clean list file
Dir path is /mnt/adnetik/adnetik-uservervillage/prod/userver_log/pixel/2013-07-08/
Read 1246 paths for daylist [2013-07-08]
Found 435 new paths
.Done with file 0/435
....size getting too big, writing to Db
Inserted almost 218850 lines

Wrote 47202 clean list files
renamed directory /home/armita/pixel/staging --> /home/armita/pixel/current
Found 2 save data paths
Read 47202 clean list file
Dir path is /mnt/adnetik/adnetik-uservervillage/prod/userver_log/pixel/2013-07-08/
Read 1246 paths for daylist [2013-07-08]
Found 430 new paths
.Done with file 0/430
.....size getting too big, writing to Db
Inserted almost 224711 lines

Wrote 47208 clean list files
renamed directory /home/armita/pixel/staging --> /home/armita/pixel/current
Found 2 save data paths
Read 47208 clean list file
Dir path is /mnt/adnetik/adnetik-uservervillage/prod/userver_log/pixel/2013-07-08/
Read 1246 paths for daylist [2013-07-08]
Found 424 new paths
.Done with file 0/424
....size getting too big, writing to Db
Inserted almost 247558 lines

Wrote 47213 clean list files
renamed directory /home/armita/pixel/staging --> /home/armita/pixel/current
Found 2 save data paths
Read 47213 clean list file
Dir path is /mnt/adnetik/adnetik-uservervillage/prod/userver_log/pixel/2013-07-08/
Read 1246 paths for daylist [2013-07-08]
Found 419 new paths
.Done with file 0/419
.....size getting too big, writing to Db
Inserted almost 229764 lines

Wrote 47219 clean list files
renamed directory /home/armita/pixel/staging --> /home/armita/pixel/current
Found 2 save data paths
Read 47219 clean list file
Dir path is /mnt/adnetik/adnetik-uservervillage/prod/userver_log/pixel/2013-07-08/
Read 1246 paths for daylist [2013-07-08]
Found 413 new paths
.Done with file 0/413
.....size getting too big, writing to Db
Inserted almost 215803 lines

Wrote 47225 clean list files
renamed directory /home/armita/pixel/staging --> /home/armita/pixel/current
Found 2 save data paths
Read 47225 clean list file
Dir path is /mnt/adnetik/adnetik-uservervillage/prod/userver_log/pixel/2013-07-08/
Read 1246 paths for daylist [2013-07-08]
Found 407 new paths
.Done with file 0/407
...size getting too big, writing to Db
Inserted almost 211814 lines

Wrote 47229 clean list files
renamed directory /home/armita/pixel/staging --> /home/armita/pixel/current
Found 2 save data paths
Read 47229 clean list file
Dir path is /mnt/adnetik/adnetik-uservervillage/prod/userver_log/pixel/2013-07-08/
Read 1246 paths for daylist [2013-07-08]
Found 403 new paths
.Done with file 0/403
....size getting too big, writing to Db
Inserted almost 215326 lines

Wrote 47234 clean list files
renamed directory /home/armita/pixel/staging --> /home/armita/pixel/current
Found 2 save data paths
Read 47234 clean list file
Dir path is /mnt/adnetik/adnetik-uservervillage/prod/userver_log/pixel/2013-07-08/
Read 1246 paths for daylist [2013-07-08]
Found 398 new paths
.Done with file 0/398
.....size getting too big, writing to Db
Inserted almost 221035 lines

Wrote 47240 clean list files
renamed directory /home/armita/pixel/staging --> /home/armita/pixel/current
Found 2 save data paths
Read 47240 clean list file
Dir path is /mnt/adnetik/adnetik-uservervillage/prod/userver_log/pixel/2013-07-08/
Read 1246 paths for daylist [2013-07-08]
Found 392 new paths
.Done with file 0/392
......size getting too big, writing to Db
Inserted almost 250189 lines

Wrote 47247 clean list files
renamed directory /home/armita/pixel/staging --> /home/armita/pixel/current
Found 2 save data paths
Read 47247 clean list file
Dir path is /mnt/adnetik/adnetik-uservervillage/prod/userver_log/pixel/2013-07-08/
Read 1246 paths for daylist [2013-07-08]
Found 385 new paths
.Done with file 0/385
....size getting too big, writing to Db
Inserted almost 245847 lines

Wrote 47252 clean list files
renamed directory /home/armita/pixel/staging --> /home/armita/pixel/current
Found 2 save data paths
Read 47252 clean list file
Dir path is /mnt/adnetik/adnetik-uservervillage/prod/userver_log/pixel/2013-07-08/
Read 1246 paths for daylist [2013-07-08]
Found 380 new paths
.Done with file 0/380
....size getting too big, writing to Db
Inserted almost 220925 lines

Wrote 47257 clean list files
renamed directory /home/armita/pixel/staging --> /home/armita/pixel/current
Found 2 save data paths
Read 47257 clean list file
Dir path is /mnt/adnetik/adnetik-uservervillage/prod/userver_log/pixel/2013-07-08/
Read 1246 paths for daylist [2013-07-08]
Found 375 new paths
.Done with file 0/375
......size getting too big, writing to Db
Inserted almost 225711 lines

Wrote 47264 clean list files
renamed directory /home/armita/pixel/staging --> /home/armita/pixel/current
Found 2 save data paths
Read 47264 clean list file
Dir path is /mnt/adnetik/adnetik-uservervillage/prod/userver_log/pixel/2013-07-08/
Read 1246 paths for daylist [2013-07-08]
Found 368 new paths
.Done with file 0/368
.....size getting too big, writing to Db
Inserted almost 248621 lines

Wrote 47270 clean list files
renamed directory /home/armita/pixel/staging --> /home/armita/pixel/current
Found 2 save data paths
Read 47270 clean list file
Dir path is /mnt/adnetik/adnetik-uservervillage/prod/userver_log/pixel/2013-07-08/
Read 1246 paths for daylist [2013-07-08]
Found 362 new paths
.Done with file 0/362
......size getting too big, writing to Db
Inserted almost 253694 lines

Wrote 47277 clean list files
renamed directory /home/armita/pixel/staging --> /home/armita/pixel/current
Found 2 save data paths
Read 47277 clean list file
Dir path is /mnt/adnetik/adnetik-uservervillage/prod/userver_log/pixel/2013-07-08/
Read 1246 paths for daylist [2013-07-08]
Found 355 new paths
.Done with file 0/355
...size getting too big, writing to Db
Inserted almost 223542 lines

Wrote 47281 clean list files
renamed directory /home/armita/pixel/staging --> /home/armita/pixel/current
Found 2 save data paths
Read 47281 clean list file
Dir path is /mnt/adnetik/adnetik-uservervillage/prod/userver_log/pixel/2013-07-08/
Read 1246 paths for daylist [2013-07-08]
Found 351 new paths
.Done with file 0/351
.....size getting too big, writing to Db
Inserted almost 219442 lines

Wrote 47287 clean list files
renamed directory /home/armita/pixel/staging --> /home/armita/pixel/current
Found 2 save data paths
Read 47287 clean list file
Dir path is /mnt/adnetik/adnetik-uservervillage/prod/userver_log/pixel/2013-07-08/
Read 1246 paths for daylist [2013-07-08]
Found 345 new paths
.Done with file 0/345
.....size getting too big, writing to Db
Inserted almost 226061 lines

Wrote 47293 clean list files
renamed directory /home/armita/pixel/staging --> /home/armita/pixel/current
Found 2 save data paths
Read 47293 clean list file
Dir path is /mnt/adnetik/adnetik-uservervillage/prod/userver_log/pixel/2013-07-08/
Read 1246 paths for daylist [2013-07-08]
Found 339 new paths
.Done with file 0/339
......size getting too big, writing to Db
Inserted almost 220719 lines

Wrote 47300 clean list files
renamed directory /home/armita/pixel/staging --> /home/armita/pixel/current
Found 2 save data paths
Read 47300 clean list file
Dir path is /mnt/adnetik/adnetik-uservervillage/prod/userver_log/pixel/2013-07-08/
Read 1246 paths for daylist [2013-07-08]
Found 332 new paths
.Done with file 0/332
....size getting too big, writing to Db
Inserted almost 219245 lines

Wrote 47305 clean list files
renamed directory /home/armita/pixel/staging --> /home/armita/pixel/current
Found 2 save data paths
Read 47305 clean list file
Dir path is /mnt/adnetik/adnetik-uservervillage/prod/userver_log/pixel/2013-07-08/
Read 1246 paths for daylist [2013-07-08]
Found 327 new paths
.Done with file 0/327
.....size getting too big, writing to Db
Inserted almost 215909 lines

Wrote 47311 clean list files
renamed directory /home/armita/pixel/staging --> /home/armita/pixel/current
Found 2 save data paths
Read 47311 clean list file
Dir path is /mnt/adnetik/adnetik-uservervillage/prod/userver_log/pixel/2013-07-08/
Read 1246 paths for daylist [2013-07-08]
Found 321 new paths
.Done with file 0/321
....size getting too big, writing to Db
Inserted almost 243636 lines

Wrote 47316 clean list files
renamed directory /home/armita/pixel/staging --> /home/armita/pixel/current
Found 2 save data paths
Read 47316 clean list file
Dir path is /mnt/adnetik/adnetik-uservervillage/prod/userver_log/pixel/2013-07-08/
Read 1246 paths for daylist [2013-07-08]
Found 316 new paths
.Done with file 0/316
......size getting too big, writing to Db
Inserted almost 208911 lines

Wrote 47323 clean list files
renamed directory /home/armita/pixel/staging --> /home/armita/pixel/current
Found 2 save data paths
Read 47323 clean list file
Dir path is /mnt/adnetik/adnetik-uservervillage/prod/userver_log/pixel/2013-07-08/
Read 1246 paths for daylist [2013-07-08]
Found 309 new paths
.Done with file 0/309
.....size getting too big, writing to Db
Inserted almost 212226 lines

Wrote 47329 clean list files
renamed directory /home/armita/pixel/staging --> /home/armita/pixel/current
Found 2 save data paths
Read 47329 clean list file
Dir path is /mnt/adnetik/adnetik-uservervillage/prod/userver_log/pixel/2013-07-08/
Read 1246 paths for daylist [2013-07-08]
Found 303 new paths
.Done with file 0/303
......size getting too big, writing to Db
Inserted almost 205836 lines

Wrote 47336 clean list files
renamed directory /home/armita/pixel/staging --> /home/armita/pixel/current
Found 2 save data paths
Read 47336 clean list file
Dir path is /mnt/adnetik/adnetik-uservervillage/prod/userver_log/pixel/2013-07-08/
Read 1246 paths for daylist [2013-07-08]
Found 296 new paths
.Done with file 0/296
.....size getting too big, writing to Db
Inserted almost 203788 lines

Wrote 47342 clean list files
renamed directory /home/armita/pixel/staging --> /home/armita/pixel/current
Found 2 save data paths
Read 47342 clean list file
Dir path is /mnt/adnetik/adnetik-uservervillage/prod/userver_log/pixel/2013-07-08/
Read 1246 paths for daylist [2013-07-08]
Found 290 new paths
.Done with file 0/290
......size getting too big, writing to Db
Inserted almost 224336 lines

Wrote 47349 clean list files
renamed directory /home/armita/pixel/staging --> /home/armita/pixel/current
Found 2 save data paths
Read 47349 clean list file
Dir path is /mnt/adnetik/adnetik-uservervillage/prod/userver_log/pixel/2013-07-08/
Read 1246 paths for daylist [2013-07-08]
Found 283 new paths
.Done with file 0/283
......size getting too big, writing to Db
Inserted almost 226160 lines

Wrote 47356 clean list files
renamed directory /home/armita/pixel/staging --> /home/armita/pixel/current
Found 2 save data paths
Read 47356 clean list file
Dir path is /mnt/adnetik/adnetik-uservervillage/prod/userver_log/pixel/2013-07-08/
Read 1246 paths for daylist [2013-07-08]
Found 276 new paths
.Done with file 0/276
......size getting too big, writing to Db
Inserted almost 223932 lines

Wrote 47363 clean list files
renamed directory /home/armita/pixel/staging --> /home/armita/pixel/current
Found 2 save data paths
Read 47363 clean list file
Dir path is /mnt/adnetik/adnetik-uservervillage/prod/userver_log/pixel/2013-07-08/
Read 1246 paths for daylist [2013-07-08]
Found 269 new paths
.Done with file 0/269
......size getting too big, writing to Db
Inserted almost 207227 lines

Wrote 47370 clean list files
renamed directory /home/armita/pixel/staging --> /home/armita/pixel/current
Found 2 save data paths
Read 47370 clean list file
Dir path is /mnt/adnetik/adnetik-uservervillage/prod/userver_log/pixel/2013-07-08/
Read 1246 paths for daylist [2013-07-08]
Found 262 new paths
.Done with file 0/262
.......size getting too big, writing to Db
Inserted almost 206204 lines

Wrote 47378 clean list files
renamed directory /home/armita/pixel/staging --> /home/armita/pixel/current
Found 2 save data paths
Read 47378 clean list file
Dir path is /mnt/adnetik/adnetik-uservervillage/prod/userver_log/pixel/2013-07-08/
Read 1246 paths for daylist [2013-07-08]
Found 254 new paths
.Done with file 0/254
........size getting too big, writing to Db
Inserted almost 219542 lines

Wrote 47387 clean list files
renamed directory /home/armita/pixel/staging --> /home/armita/pixel/current
Found 2 save data paths
Read 47387 clean list file
Dir path is /mnt/adnetik/adnetik-uservervillage/prod/userver_log/pixel/2013-07-08/
Read 1246 paths for daylist [2013-07-08]
Found 245 new paths
.Done with file 0/245
......size getting too big, writing to Db
Inserted almost 229489 lines

Wrote 47394 clean list files
renamed directory /home/armita/pixel/staging --> /home/armita/pixel/current
Found 2 save data paths
Read 47394 clean list file
Dir path is /mnt/adnetik/adnetik-uservervillage/prod/userver_log/pixel/2013-07-08/
Read 1246 paths for daylist [2013-07-08]
Found 238 new paths
.Done with file 0/238
........size getting too big, writing to Db
Inserted almost 216190 lines

Wrote 47403 clean list files
renamed directory /home/armita/pixel/staging --> /home/armita/pixel/current
Found 2 save data paths
Read 47403 clean list file
Dir path is /mnt/adnetik/adnetik-uservervillage/prod/userver_log/pixel/2013-07-08/
Read 1246 paths for daylist [2013-07-08]
Found 229 new paths
.Done with file 0/229
........size getting too big, writing to Db
Inserted almost 207670 lines

Wrote 47412 clean list files
renamed directory /home/armita/pixel/staging --> /home/armita/pixel/current
Found 2 save data paths
Read 47412 clean list file
Dir path is /mnt/adnetik/adnetik-uservervillage/prod/userver_log/pixel/2013-07-08/
Read 1246 paths for daylist [2013-07-08]
Found 220 new paths
.Done with file 0/220
........size getting too big, writing to Db
Inserted almost 233671 lines

Wrote 47421 clean list files
renamed directory /home/armita/pixel/staging --> /home/armita/pixel/current
Found 2 save data paths
Read 47421 clean list file
Dir path is /mnt/adnetik/adnetik-uservervillage/prod/userver_log/pixel/2013-07-08/
Read 1246 paths for daylist [2013-07-08]
Found 211 new paths
.Done with file 0/211
.........size getting too big, writing to Db
Inserted almost 240807 lines

Wrote 47431 clean list files
renamed directory /home/armita/pixel/staging --> /home/armita/pixel/current
Found 2 save data paths
Read 47431 clean list file
Dir path is /mnt/adnetik/adnetik-uservervillage/prod/userver_log/pixel/2013-07-08/
Read 1246 paths for daylist [2013-07-08]
Found 201 new paths
.Done with file 0/201
..........Done with file 10/201
...size getting too big, writing to Db
Inserted almost 250666 lines

Wrote 47445 clean list files
renamed directory /home/armita/pixel/staging --> /home/armita/pixel/current
Found 2 save data paths
Read 47445 clean list file
Dir path is /mnt/adnetik/adnetik-uservervillage/prod/userver_log/pixel/2013-07-08/
Read 1246 paths for daylist [2013-07-08]
Found 187 new paths
.Done with file 0/187
......size getting too big, writing to Db
Inserted almost 202542 lines

Wrote 47452 clean list files
renamed directory /home/armita/pixel/staging --> /home/armita/pixel/current
Found 2 save data paths
Read 47452 clean list file
Dir path is /mnt/adnetik/adnetik-uservervillage/prod/userver_log/pixel/2013-07-08/
Read 1246 paths for daylist [2013-07-08]
Found 180 new paths
.Done with file 0/180
..........Done with file 10/180
size getting too big, writing to Db
Inserted almost 240256 lines

Wrote 47463 clean list files
renamed directory /home/armita/pixel/staging --> /home/armita/pixel/current
Found 2 save data paths
Read 47463 clean list file
Dir path is /mnt/adnetik/adnetik-uservervillage/prod/userver_log/pixel/2013-07-08/
Read 1246 paths for daylist [2013-07-08]
Found 169 new paths
.Done with file 0/169
..........Done with file 10/169
size getting too big, writing to Db
Inserted almost 207673 lines

Wrote 47474 clean list files
renamed directory /home/armita/pixel/staging --> /home/armita/pixel/current
Found 2 save data paths
Read 47474 clean list file
Dir path is /mnt/adnetik/adnetik-uservervillage/prod/userver_log/pixel/2013-07-08/
Read 1246 paths for daylist [2013-07-08]
Found 158 new paths
.Done with file 0/158
..........Done with file 10/158
size getting too big, writing to Db
Inserted almost 200071 lines

Wrote 47485 clean list files
renamed directory /home/armita/pixel/staging --> /home/armita/pixel/current
Found 2 save data paths
Read 47485 clean list file
Dir path is /mnt/adnetik/adnetik-uservervillage/prod/userver_log/pixel/2013-07-08/
Read 1246 paths for daylist [2013-07-08]
Found 147 new paths
.Done with file 0/147
........size getting too big, writing to Db
Inserted almost 215759 lines

Wrote 47494 clean list files
renamed directory /home/armita/pixel/staging --> /home/armita/pixel/current
Found 2 save data paths
Read 47494 clean list file
Dir path is /mnt/adnetik/adnetik-uservervillage/prod/userver_log/pixel/2013-07-08/
Read 1246 paths for daylist [2013-07-08]
Found 138 new paths
.Done with file 0/138
........size getting too big, writing to Db
Inserted almost 208940 lines

Wrote 47503 clean list files
renamed directory /home/armita/pixel/staging --> /home/armita/pixel/current
Found 2 save data paths
Read 47503 clean list file
Dir path is /mnt/adnetik/adnetik-uservervillage/prod/userver_log/pixel/2013-07-08/
Read 1246 paths for daylist [2013-07-08]
Found 129 new paths
.Done with file 0/129
..........Done with file 10/129
...size getting too big, writing to Db
Inserted almost 215098 lines

Wrote 47517 clean list files
renamed directory /home/armita/pixel/staging --> /home/armita/pixel/current
Found 2 save data paths
Read 47517 clean list file
Dir path is /mnt/adnetik/adnetik-uservervillage/prod/userver_log/pixel/2013-07-08/
Read 1246 paths for daylist [2013-07-08]
Found 115 new paths
.Done with file 0/115
..........Done with file 10/115
size getting too big, writing to Db
Inserted almost 205266 lines

Wrote 47528 clean list files
renamed directory /home/armita/pixel/staging --> /home/armita/pixel/current
Found 2 save data paths
Read 47528 clean list file
Dir path is /mnt/adnetik/adnetik-uservervillage/prod/userver_log/pixel/2013-07-08/
Read 1246 paths for daylist [2013-07-08]
Found 104 new paths
.Done with file 0/104
..........Done with file 10/104
....size getting too big, writing to Db
Inserted almost 231818 lines

Wrote 47543 clean list files
renamed directory /home/armita/pixel/staging --> /home/armita/pixel/current
Found 2 save data paths
Read 47543 clean list file
Dir path is /mnt/adnetik/adnetik-uservervillage/prod/userver_log/pixel/2013-07-08/
Read 1246 paths for daylist [2013-07-08]
Found 89 new paths
.Done with file 0/89
..........Done with file 10/89
.size getting too big, writing to Db
Inserted almost 206496 lines

Wrote 47555 clean list files
renamed directory /home/armita/pixel/staging --> /home/armita/pixel/current
Found 2 save data paths
Read 47555 clean list file
Dir path is /mnt/adnetik/adnetik-uservervillage/prod/userver_log/pixel/2013-07-08/
Read 1246 paths for daylist [2013-07-08]
Found 77 new paths
.Done with file 0/77
..........Done with file 10/77
...size getting too big, writing to Db
Inserted almost 221395 lines

Wrote 47569 clean list files
renamed directory /home/armita/pixel/staging --> /home/armita/pixel/current
Found 2 save data paths
Read 47569 clean list file
Dir path is /mnt/adnetik/adnetik-uservervillage/prod/userver_log/pixel/2013-07-08/
Read 1246 paths for daylist [2013-07-08]
Found 63 new paths
.Done with file 0/63
..........Done with file 10/63
..size getting too big, writing to Db
Inserted almost 208924 lines

Wrote 47582 clean list files
renamed directory /home/armita/pixel/staging --> /home/armita/pixel/current
Found 2 save data paths
Read 47582 clean list file
Dir path is /mnt/adnetik/adnetik-uservervillage/prod/userver_log/pixel/2013-07-08/
Read 1246 paths for daylist [2013-07-08]
Found 50 new paths
.Done with file 0/50
..........Done with file 10/50
...size getting too big, writing to Db
Inserted almost 203133 lines

Wrote 47596 clean list files
renamed directory /home/armita/pixel/staging --> /home/armita/pixel/current
Found 2 save data paths
Read 47596 clean list file
Dir path is /mnt/adnetik/adnetik-uservervillage/prod/userver_log/pixel/2013-07-08/
Read 1246 paths for daylist [2013-07-08]
Found 36 new paths
.Done with file 0/36
..........Done with file 10/36
.....size getting too big, writing to Db
Inserted almost 201361 lines

Wrote 47612 clean list files
renamed directory /home/armita/pixel/staging --> /home/armita/pixel/current
Found 2 save data paths
Read 47612 clean list file
Dir path is /mnt/adnetik/adnetik-uservervillage/prod/userver_log/pixel/2013-07-08/
Read 1246 paths for daylist [2013-07-08]
Found 20 new paths
.Done with file 0/20
..........Done with file 10/20
......size getting too big, writing to Db
Inserted almost 214049 lines

Wrote 47629 clean list files
renamed directory /home/armita/pixel/staging --> /home/armita/pixel/current
Found 2 save data paths
Read 47629 clean list file
Dir path is /mnt/adnetik/adnetik-uservervillage/prod/userver_log/pixel/2013-07-08/
Read 1246 paths for daylist [2013-07-08]
Found 3 new paths
.Done with file 0/3
..number of broken lines:+0 

writing to Db

Inserted almost 41011 lines

done writing to Db

Wrote 47632 clean list files
renamed directory /home/armita/pixel/staging --> /home/armita/pixel/current
