nohup: ignoring input
processing date : 2013-07-03
Found 3 save data paths
Read 35690 clean list file
Dir path is /mnt/adnetik/adnetik-uservervillage/prod/userver_log/pixel/2013-07-03/
Read 514 paths for daylist [2013-07-03]
Found 514 new paths
.Done with file 0/514
..........Done with file 10/514
........size getting too big, writing to Db
Inserted almost 215083 lines

Wrote 35709 clean list files
renamed directory /home/armita/pixel/staging --> /home/armita/pixel/current
Found 2 save data paths
Read 35709 clean list file
Dir path is /mnt/adnetik/adnetik-uservervillage/prod/userver_log/pixel/2013-07-03/
Read 514 paths for daylist [2013-07-03]
Found 495 new paths
.Done with file 0/495
..........Done with file 10/495
......size getting too big, writing to Db
Inserted almost 208999 lines

Wrote 35726 clean list files
renamed directory /home/armita/pixel/staging --> /home/armita/pixel/current
Found 2 save data paths
Read 35726 clean list file
Dir path is /mnt/adnetik/adnetik-uservervillage/prod/userver_log/pixel/2013-07-03/
Read 514 paths for daylist [2013-07-03]
Found 478 new paths
.Done with file 0/478
..........Done with file 10/478
.....size getting too big, writing to Db
Inserted almost 200756 lines

Wrote 35742 clean list files
renamed directory /home/armita/pixel/staging --> /home/armita/pixel/current
Found 2 save data paths
Read 35742 clean list file
Dir path is /mnt/adnetik/adnetik-uservervillage/prod/userver_log/pixel/2013-07-03/
Read 514 paths for daylist [2013-07-03]
Found 462 new paths
.Done with file 0/462
..........Done with file 10/462
......size getting too big, writing to Db
Inserted almost 200059 lines

Wrote 35759 clean list files
renamed directory /home/armita/pixel/staging --> /home/armita/pixel/current
Found 2 save data paths
Read 35759 clean list file
Dir path is /mnt/adnetik/adnetik-uservervillage/prod/userver_log/pixel/2013-07-03/
Read 514 paths for daylist [2013-07-03]
Found 445 new paths
.Done with file 0/445
..........Done with file 10/445
....size getting too big, writing to Db
Inserted almost 207255 lines

Wrote 35774 clean list files
renamed directory /home/armita/pixel/staging --> /home/armita/pixel/current
Found 2 save data paths
Read 35774 clean list file
Dir path is /mnt/adnetik/adnetik-uservervillage/prod/userver_log/pixel/2013-07-03/
Read 514 paths for daylist [2013-07-03]
Found 430 new paths
.Done with file 0/430
..........Done with file 10/430
....size getting too big, writing to Db
Inserted almost 206693 lines

Wrote 35789 clean list files
renamed directory /home/armita/pixel/staging --> /home/armita/pixel/current
Found 2 save data paths
Read 35789 clean list file
Dir path is /mnt/adnetik/adnetik-uservervillage/prod/userver_log/pixel/2013-07-03/
Read 514 paths for daylist [2013-07-03]
Found 415 new paths
.Done with file 0/415
..........Done with file 10/415
..size getting too big, writing to Db
Inserted almost 209775 lines

Wrote 35802 clean list files
renamed directory /home/armita/pixel/staging --> /home/armita/pixel/current
Found 2 save data paths
Read 35802 clean list file
Dir path is /mnt/adnetik/adnetik-uservervillage/prod/userver_log/pixel/2013-07-03/
Read 514 paths for daylist [2013-07-03]
Found 402 new paths
.Done with file 0/402
..........Done with file 10/402
size getting too big, writing to Db
Inserted almost 209955 lines

Wrote 35813 clean list files
renamed directory /home/armita/pixel/staging --> /home/armita/pixel/current
Found 2 save data paths
Read 35813 clean list file
Dir path is /mnt/adnetik/adnetik-uservervillage/prod/userver_log/pixel/2013-07-03/
Read 514 paths for daylist [2013-07-03]
Found 391 new paths
.Done with file 0/391
..........Done with file 10/391
.size getting too big, writing to Db
Inserted almost 233660 lines

Wrote 35825 clean list files
renamed directory /home/armita/pixel/staging --> /home/armita/pixel/current
Found 2 save data paths
Read 35825 clean list file
Dir path is /mnt/adnetik/adnetik-uservervillage/prod/userver_log/pixel/2013-07-03/
Read 514 paths for daylist [2013-07-03]
Found 379 new paths
.Done with file 0/379
..........Done with file 10/379
...size getting too big, writing to Db
Inserted almost 236389 lines

Wrote 35839 clean list files
renamed directory /home/armita/pixel/staging --> /home/armita/pixel/current
Found 2 save data paths
Read 35839 clean list file
Dir path is /mnt/adnetik/adnetik-uservervillage/prod/userver_log/pixel/2013-07-03/
Read 514 paths for daylist [2013-07-03]
Found 365 new paths
.Done with file 0/365
.........size getting too big, writing to Db
Inserted almost 217858 lines

Wrote 35849 clean list files
renamed directory /home/armita/pixel/staging --> /home/armita/pixel/current
Found 2 save data paths
Read 35849 clean list file
Dir path is /mnt/adnetik/adnetik-uservervillage/prod/userver_log/pixel/2013-07-03/
Read 514 paths for daylist [2013-07-03]
Found 355 new paths
.Done with file 0/355
.....size getting too big, writing to Db
Inserted almost 205163 lines

Wrote 35855 clean list files
renamed directory /home/armita/pixel/staging --> /home/armita/pixel/current
Found 2 save data paths
Read 35855 clean list file
Dir path is /mnt/adnetik/adnetik-uservervillage/prod/userver_log/pixel/2013-07-03/
Read 514 paths for daylist [2013-07-03]
Found 349 new paths
.Done with file 0/349
..........Done with file 10/349
size getting too big, writing to Db
Inserted almost 236695 lines

Wrote 35866 clean list files
renamed directory /home/armita/pixel/staging --> /home/armita/pixel/current
Found 2 save data paths
Read 35866 clean list file
Dir path is /mnt/adnetik/adnetik-uservervillage/prod/userver_log/pixel/2013-07-03/
Read 514 paths for daylist [2013-07-03]
Found 338 new paths
.Done with file 0/338
..........Done with file 10/338
size getting too big, writing to Db
Inserted almost 247525 lines

Wrote 35877 clean list files
renamed directory /home/armita/pixel/staging --> /home/armita/pixel/current
Found 2 save data paths
Read 35877 clean list file
Dir path is /mnt/adnetik/adnetik-uservervillage/prod/userver_log/pixel/2013-07-03/
Read 514 paths for daylist [2013-07-03]
Found 327 new paths
.Done with file 0/327
..........Done with file 10/327
size getting too big, writing to Db
Inserted almost 237669 lines

Wrote 35888 clean list files
renamed directory /home/armita/pixel/staging --> /home/armita/pixel/current
Found 2 save data paths
Read 35888 clean list file
Dir path is /mnt/adnetik/adnetik-uservervillage/prod/userver_log/pixel/2013-07-03/
Read 514 paths for daylist [2013-07-03]
Found 316 new paths
.Done with file 0/316
..........Done with file 10/316
size getting too big, writing to Db
Inserted almost 264581 lines

Wrote 35899 clean list files
renamed directory /home/armita/pixel/staging --> /home/armita/pixel/current
Found 2 save data paths
Read 35899 clean list file
Dir path is /mnt/adnetik/adnetik-uservervillage/prod/userver_log/pixel/2013-07-03/
Read 514 paths for daylist [2013-07-03]
Found 305 new paths
.Done with file 0/305
.....size getting too big, writing to Db
Inserted almost 210614 lines

Wrote 35905 clean list files
renamed directory /home/armita/pixel/staging --> /home/armita/pixel/current
Found 2 save data paths
Read 35905 clean list file
Dir path is /mnt/adnetik/adnetik-uservervillage/prod/userver_log/pixel/2013-07-03/
Read 514 paths for daylist [2013-07-03]
Found 299 new paths
.Done with file 0/299
.......size getting too big, writing to Db
Inserted almost 238696 lines

Wrote 35913 clean list files
renamed directory /home/armita/pixel/staging --> /home/armita/pixel/current
Found 2 save data paths
Read 35913 clean list file
Dir path is /mnt/adnetik/adnetik-uservervillage/prod/userver_log/pixel/2013-07-03/
Read 514 paths for daylist [2013-07-03]
Found 291 new paths
.Done with file 0/291
..........Done with file 10/291
...size getting too big, writing to Db
Inserted almost 247006 lines

Wrote 35927 clean list files
renamed directory /home/armita/pixel/staging --> /home/armita/pixel/current
Found 2 save data paths
Read 35927 clean list file
Dir path is /mnt/adnetik/adnetik-uservervillage/prod/userver_log/pixel/2013-07-03/
Read 514 paths for daylist [2013-07-03]
Found 277 new paths
.Done with file 0/277
....size getting too big, writing to Db
Inserted almost 218262 lines

Wrote 35932 clean list files
renamed directory /home/armita/pixel/staging --> /home/armita/pixel/current
Found 2 save data paths
Read 35932 clean list file
Dir path is /mnt/adnetik/adnetik-uservervillage/prod/userver_log/pixel/2013-07-03/
Read 514 paths for daylist [2013-07-03]
Found 272 new paths
.Done with file 0/272
..........Done with file 10/272
size getting too big, writing to Db
Inserted almost 250811 lines

Wrote 35943 clean list files
renamed directory /home/armita/pixel/staging --> /home/armita/pixel/current
Found 2 save data paths
Read 35943 clean list file
Dir path is /mnt/adnetik/adnetik-uservervillage/prod/userver_log/pixel/2013-07-03/
Read 514 paths for daylist [2013-07-03]
Found 261 new paths
.Done with file 0/261
..........Done with file 10/261
.size getting too big, writing to Db
Inserted almost 253837 lines

Wrote 35955 clean list files
renamed directory /home/armita/pixel/staging --> /home/armita/pixel/current
Found 2 save data paths
Read 35955 clean list file
Dir path is /mnt/adnetik/adnetik-uservervillage/prod/userver_log/pixel/2013-07-03/
Read 514 paths for daylist [2013-07-03]
Found 249 new paths
.Done with file 0/249
.........size getting too big, writing to Db
Inserted almost 241336 lines

Wrote 35965 clean list files
renamed directory /home/armita/pixel/staging --> /home/armita/pixel/current
Found 2 save data paths
Read 35965 clean list file
Dir path is /mnt/adnetik/adnetik-uservervillage/prod/userver_log/pixel/2013-07-03/
Read 514 paths for daylist [2013-07-03]
Found 239 new paths
.Done with file 0/239
.......size getting too big, writing to Db
Inserted almost 232856 lines

Wrote 35973 clean list files
renamed directory /home/armita/pixel/staging --> /home/armita/pixel/current
Found 2 save data paths
Read 35973 clean list file
Dir path is /mnt/adnetik/adnetik-uservervillage/prod/userver_log/pixel/2013-07-03/
Read 517 paths for daylist [2013-07-03]
Found 234 new paths
.Done with file 0/234
.........size getting too big, writing to Db
Inserted almost 257204 lines

Wrote 35983 clean list files
renamed directory /home/armita/pixel/staging --> /home/armita/pixel/current
Found 2 save data paths
Read 35983 clean list file
Dir path is /mnt/adnetik/adnetik-uservervillage/prod/userver_log/pixel/2013-07-03/
Read 518 paths for daylist [2013-07-03]
Found 225 new paths
.Done with file 0/225
.....size getting too big, writing to Db
Inserted almost 232761 lines

Wrote 35989 clean list files
renamed directory /home/armita/pixel/staging --> /home/armita/pixel/current
Found 2 save data paths
Read 35989 clean list file
Dir path is /mnt/adnetik/adnetik-uservervillage/prod/userver_log/pixel/2013-07-03/
Read 519 paths for daylist [2013-07-03]
Found 220 new paths
.Done with file 0/220
..........Done with file 10/220
.size getting too big, writing to Db
Inserted almost 235722 lines

Wrote 36001 clean list files
renamed directory /home/armita/pixel/staging --> /home/armita/pixel/current
Found 2 save data paths
Read 36001 clean list file
Dir path is /mnt/adnetik/adnetik-uservervillage/prod/userver_log/pixel/2013-07-03/
Read 520 paths for daylist [2013-07-03]
Found 209 new paths
.Done with file 0/209
......size getting too big, writing to Db
Inserted almost 239302 lines

Wrote 36008 clean list files
renamed directory /home/armita/pixel/staging --> /home/armita/pixel/current
Found 2 save data paths
Read 36008 clean list file
Dir path is /mnt/adnetik/adnetik-uservervillage/prod/userver_log/pixel/2013-07-03/
Read 520 paths for daylist [2013-07-03]
Found 202 new paths
.Done with file 0/202
.........size getting too big, writing to Db
Inserted almost 208380 lines

Wrote 36018 clean list files
renamed directory /home/armita/pixel/staging --> /home/armita/pixel/current
Found 2 save data paths
Read 36018 clean list file
Dir path is /mnt/adnetik/adnetik-uservervillage/prod/userver_log/pixel/2013-07-03/
Read 520 paths for daylist [2013-07-03]
Found 192 new paths
.Done with file 0/192
......size getting too big, writing to Db
Inserted almost 244465 lines

Wrote 36025 clean list files
renamed directory /home/armita/pixel/staging --> /home/armita/pixel/current
Found 2 save data paths
Read 36025 clean list file
Dir path is /mnt/adnetik/adnetik-uservervillage/prod/userver_log/pixel/2013-07-03/
Read 520 paths for daylist [2013-07-03]
Found 185 new paths
.Done with file 0/185
........size getting too big, writing to Db
Inserted almost 218504 lines

Wrote 36034 clean list files
renamed directory /home/armita/pixel/staging --> /home/armita/pixel/current
Found 2 save data paths
Read 36034 clean list file
Dir path is /mnt/adnetik/adnetik-uservervillage/prod/userver_log/pixel/2013-07-03/
Read 522 paths for daylist [2013-07-03]
Found 178 new paths
.Done with file 0/178
....size getting too big, writing to Db
Inserted almost 238012 lines

Wrote 36039 clean list files
renamed directory /home/armita/pixel/staging --> /home/armita/pixel/current
Found 2 save data paths
Read 36039 clean list file
Dir path is /mnt/adnetik/adnetik-uservervillage/prod/userver_log/pixel/2013-07-03/
Read 522 paths for daylist [2013-07-03]
Found 173 new paths
.Done with file 0/173
........size getting too big, writing to Db
Inserted almost 226817 lines

Wrote 36048 clean list files
renamed directory /home/armita/pixel/staging --> /home/armita/pixel/current
Found 2 save data paths
Read 36048 clean list file
Dir path is /mnt/adnetik/adnetik-uservervillage/prod/userver_log/pixel/2013-07-03/
Read 522 paths for daylist [2013-07-03]
Found 164 new paths
.Done with file 0/164
.....size getting too big, writing to Db
Inserted almost 209001 lines

Wrote 36054 clean list files
renamed directory /home/armita/pixel/staging --> /home/armita/pixel/current
Found 2 save data paths
Read 36054 clean list file
Dir path is /mnt/adnetik/adnetik-uservervillage/prod/userver_log/pixel/2013-07-03/
Read 524 paths for daylist [2013-07-03]
Found 160 new paths
.Done with file 0/160
.....size getting too big, writing to Db
Inserted almost 202393 lines

Wrote 36060 clean list files
renamed directory /home/armita/pixel/staging --> /home/armita/pixel/current
Found 2 save data paths
Read 36060 clean list file
Dir path is /mnt/adnetik/adnetik-uservervillage/prod/userver_log/pixel/2013-07-03/
Read 524 paths for daylist [2013-07-03]
Found 154 new paths
.Done with file 0/154
.........size getting too big, writing to Db
Inserted almost 256085 lines

Wrote 36070 clean list files
renamed directory /home/armita/pixel/staging --> /home/armita/pixel/current
Found 2 save data paths
Read 36070 clean list file
Dir path is /mnt/adnetik/adnetik-uservervillage/prod/userver_log/pixel/2013-07-03/
Read 524 paths for daylist [2013-07-03]
Found 144 new paths
.Done with file 0/144
....size getting too big, writing to Db
Inserted almost 257789 lines

Wrote 36075 clean list files
renamed directory /home/armita/pixel/staging --> /home/armita/pixel/current
Found 2 save data paths
Read 36075 clean list file
Dir path is /mnt/adnetik/adnetik-uservervillage/prod/userver_log/pixel/2013-07-03/
Read 524 paths for daylist [2013-07-03]
Found 139 new paths
.Done with file 0/139
........size getting too big, writing to Db
Inserted almost 262967 lines

Wrote 36084 clean list files
renamed directory /home/armita/pixel/staging --> /home/armita/pixel/current
Found 2 save data paths
Read 36084 clean list file
Dir path is /mnt/adnetik/adnetik-uservervillage/prod/userver_log/pixel/2013-07-03/
Read 527 paths for daylist [2013-07-03]
Found 133 new paths
.Done with file 0/133
........size getting too big, writing to Db
Inserted almost 274829 lines

Wrote 36093 clean list files
renamed directory /home/armita/pixel/staging --> /home/armita/pixel/current
Found 2 save data paths
Read 36093 clean list file
Dir path is /mnt/adnetik/adnetik-uservervillage/prod/userver_log/pixel/2013-07-03/
Read 527 paths for daylist [2013-07-03]
Found 124 new paths
.Done with file 0/124
....size getting too big, writing to Db
Inserted almost 208365 lines

Wrote 36098 clean list files
renamed directory /home/armita/pixel/staging --> /home/armita/pixel/current
Found 2 save data paths
Read 36098 clean list file
Dir path is /mnt/adnetik/adnetik-uservervillage/prod/userver_log/pixel/2013-07-03/
Read 527 paths for daylist [2013-07-03]
Found 119 new paths
.Done with file 0/119
....size getting too big, writing to Db
Inserted almost 227067 lines

Wrote 36103 clean list files
renamed directory /home/armita/pixel/staging --> /home/armita/pixel/current
Found 2 save data paths
Read 36103 clean list file
Dir path is /mnt/adnetik/adnetik-uservervillage/prod/userver_log/pixel/2013-07-03/
Read 527 paths for daylist [2013-07-03]
Found 114 new paths
.Done with file 0/114
......size getting too big, writing to Db
Inserted almost 240007 lines

Wrote 36110 clean list files
renamed directory /home/armita/pixel/staging --> /home/armita/pixel/current
Found 2 save data paths
Read 36110 clean list file
Dir path is /mnt/adnetik/adnetik-uservervillage/prod/userver_log/pixel/2013-07-03/
Read 527 paths for daylist [2013-07-03]
Found 107 new paths
.Done with file 0/107
......size getting too big, writing to Db
Inserted almost 212599 lines

Wrote 36117 clean list files
renamed directory /home/armita/pixel/staging --> /home/armita/pixel/current
Found 2 save data paths
Read 36117 clean list file
Dir path is /mnt/adnetik/adnetik-uservervillage/prod/userver_log/pixel/2013-07-03/
Read 527 paths for daylist [2013-07-03]
Found 100 new paths
.Done with file 0/100
...size getting too big, writing to Db
Inserted almost 227158 lines

Wrote 36121 clean list files
renamed directory /home/armita/pixel/staging --> /home/armita/pixel/current
Found 2 save data paths
Read 36121 clean list file
Dir path is /mnt/adnetik/adnetik-uservervillage/prod/userver_log/pixel/2013-07-03/
Read 527 paths for daylist [2013-07-03]
Found 96 new paths
.Done with file 0/96
......size getting too big, writing to Db
Inserted almost 255070 lines

Wrote 36128 clean list files
renamed directory /home/armita/pixel/staging --> /home/armita/pixel/current
Found 2 save data paths
Read 36128 clean list file
Dir path is /mnt/adnetik/adnetik-uservervillage/prod/userver_log/pixel/2013-07-03/
Read 527 paths for daylist [2013-07-03]
Found 89 new paths
.Done with file 0/89
.....size getting too big, writing to Db
Inserted almost 200694 lines

Wrote 36134 clean list files
renamed directory /home/armita/pixel/staging --> /home/armita/pixel/current
Found 2 save data paths
Read 36134 clean list file
Dir path is /mnt/adnetik/adnetik-uservervillage/prod/userver_log/pixel/2013-07-03/
Read 527 paths for daylist [2013-07-03]
Found 83 new paths
.Done with file 0/83
....size getting too big, writing to Db
Inserted almost 215869 lines

Wrote 36139 clean list files
renamed directory /home/armita/pixel/staging --> /home/armita/pixel/current
Found 2 save data paths
Read 36139 clean list file
Dir path is /mnt/adnetik/adnetik-uservervillage/prod/userver_log/pixel/2013-07-03/
Read 527 paths for daylist [2013-07-03]
Found 78 new paths
.Done with file 0/78
.....size getting too big, writing to Db
Inserted almost 206699 lines

Wrote 36145 clean list files
renamed directory /home/armita/pixel/staging --> /home/armita/pixel/current
Found 2 save data paths
Read 36145 clean list file
Dir path is /mnt/adnetik/adnetik-uservervillage/prod/userver_log/pixel/2013-07-03/
Read 527 paths for daylist [2013-07-03]
Found 72 new paths
.Done with file 0/72
....size getting too big, writing to Db
Inserted almost 208337 lines

Wrote 36150 clean list files
renamed directory /home/armita/pixel/staging --> /home/armita/pixel/current
Found 2 save data paths
Read 36150 clean list file
Dir path is /mnt/adnetik/adnetik-uservervillage/prod/userver_log/pixel/2013-07-03/
Read 527 paths for daylist [2013-07-03]
Found 67 new paths
.Done with file 0/67
......size getting too big, writing to Db
Inserted almost 228627 lines

Wrote 36157 clean list files
renamed directory /home/armita/pixel/staging --> /home/armita/pixel/current
Found 2 save data paths
Read 36157 clean list file
Dir path is /mnt/adnetik/adnetik-uservervillage/prod/userver_log/pixel/2013-07-03/
Read 527 paths for daylist [2013-07-03]
Found 60 new paths
.Done with file 0/60
...size getting too big, writing to Db
Inserted almost 205110 lines

Wrote 36161 clean list files
renamed directory /home/armita/pixel/staging --> /home/armita/pixel/current
Found 2 save data paths
Read 36161 clean list file
Dir path is /mnt/adnetik/adnetik-uservervillage/prod/userver_log/pixel/2013-07-03/
Read 527 paths for daylist [2013-07-03]
Found 56 new paths
.Done with file 0/56
......size getting too big, writing to Db
Inserted almost 206604 lines

Wrote 36168 clean list files
renamed directory /home/armita/pixel/staging --> /home/armita/pixel/current
Found 2 save data paths
Read 36168 clean list file
Dir path is /mnt/adnetik/adnetik-uservervillage/prod/userver_log/pixel/2013-07-03/
Read 527 paths for daylist [2013-07-03]
Found 49 new paths
.Done with file 0/49
....size getting too big, writing to Db
Inserted almost 203682 lines

Wrote 36173 clean list files
renamed directory /home/armita/pixel/staging --> /home/armita/pixel/current
Found 2 save data paths
Read 36173 clean list file
Dir path is /mnt/adnetik/adnetik-uservervillage/prod/userver_log/pixel/2013-07-03/
Read 527 paths for daylist [2013-07-03]
Found 44 new paths
.Done with file 0/44
...size getting too big, writing to Db
Inserted almost 207339 lines

Wrote 36177 clean list files
renamed directory /home/armita/pixel/staging --> /home/armita/pixel/current
Found 2 save data paths
Read 36177 clean list file
Dir path is /mnt/adnetik/adnetik-uservervillage/prod/userver_log/pixel/2013-07-03/
Read 527 paths for daylist [2013-07-03]
Found 40 new paths
.Done with file 0/40
....size getting too big, writing to Db
Inserted almost 211008 lines

Wrote 36182 clean list files
renamed directory /home/armita/pixel/staging --> /home/armita/pixel/current
Found 2 save data paths
Read 36182 clean list file
Dir path is /mnt/adnetik/adnetik-uservervillage/prod/userver_log/pixel/2013-07-03/
Read 527 paths for daylist [2013-07-03]
Found 35 new paths
.Done with file 0/35
....size getting too big, writing to Db
Inserted almost 208185 lines

Wrote 36187 clean list files
renamed directory /home/armita/pixel/staging --> /home/armita/pixel/current
Found 2 save data paths
Read 36187 clean list file
Dir path is /mnt/adnetik/adnetik-uservervillage/prod/userver_log/pixel/2013-07-03/
Read 527 paths for daylist [2013-07-03]
Found 30 new paths
.Done with file 0/30
.......size getting too big, writing to Db
Inserted almost 252174 lines

Wrote 36195 clean list files
renamed directory /home/armita/pixel/staging --> /home/armita/pixel/current
Found 2 save data paths
Read 36195 clean list file
Dir path is /mnt/adnetik/adnetik-uservervillage/prod/userver_log/pixel/2013-07-03/
Read 527 paths for daylist [2013-07-03]
Found 22 new paths
.Done with file 0/22
.....size getting too big, writing to Db
Inserted almost 249520 lines

Wrote 36201 clean list files
renamed directory /home/armita/pixel/staging --> /home/armita/pixel/current
Found 2 save data paths
Read 36201 clean list file
Dir path is /mnt/adnetik/adnetik-uservervillage/prod/userver_log/pixel/2013-07-03/
Read 527 paths for daylist [2013-07-03]
Found 16 new paths
.Done with file 0/16
.....size getting too big, writing to Db
Inserted almost 224234 lines

Wrote 36207 clean list files
renamed directory /home/armita/pixel/staging --> /home/armita/pixel/current
Found 2 save data paths
Read 36207 clean list file
Dir path is /mnt/adnetik/adnetik-uservervillage/prod/userver_log/pixel/2013-07-03/
Read 527 paths for daylist [2013-07-03]
Found 10 new paths
.Done with file 0/10
...size getting too big, writing to Db
Inserted almost 225250 lines

Wrote 36211 clean list files
renamed directory /home/armita/pixel/staging --> /home/armita/pixel/current
Found 2 save data paths
Read 36211 clean list file
Dir path is /mnt/adnetik/adnetik-uservervillage/prod/userver_log/pixel/2013-07-03/
Read 527 paths for daylist [2013-07-03]
Found 6 new paths
.Done with file 0/6
....size getting too big, writing to Db
Inserted almost 210088 lines

Wrote 36216 clean list files
renamed directory /home/armita/pixel/staging --> /home/armita/pixel/current
Found 2 save data paths
Read 36216 clean list file
Dir path is /mnt/adnetik/adnetik-uservervillage/prod/userver_log/pixel/2013-07-03/
Read 527 paths for daylist [2013-07-03]
Found 1 new paths
.Done with file 0/1
number of broken lines:+0 

writing to Db

Inserted almost 37952 lines

done writing to Db

Wrote 36217 clean list files
renamed directory /home/armita/pixel/staging --> /home/armita/pixel/current
Found 3 save data paths
Read 36217 clean list file
Dir path is /mnt/adnetik/adnetik-uservervillage/prod/userver_log/pixel/2013-07-02/
Read 1200 paths for daylist [2013-07-02]
Found 1200 new paths
.Done with file 0/1200
..........Done with file 10/1200
...size getting too big, writing to Db
Inserted almost 201037 lines

Wrote 36231 clean list files
renamed directory /home/armita/pixel/staging --> /home/armita/pixel/current
Found 2 save data paths
Read 36231 clean list file
Dir path is /mnt/adnetik/adnetik-uservervillage/prod/userver_log/pixel/2013-07-02/
Read 1200 paths for daylist [2013-07-02]
Found 1186 new paths
.Done with file 0/1186
..........Done with file 10/1186
.......size getting too big, writing to Db
Inserted almost 200322 lines

Wrote 36249 clean list files
renamed directory /home/armita/pixel/staging --> /home/armita/pixel/current
Found 2 save data paths
Read 36249 clean list file
Dir path is /mnt/adnetik/adnetik-uservervillage/prod/userver_log/pixel/2013-07-02/
Read 1200 paths for daylist [2013-07-02]
Found 1168 new paths
.Done with file 0/1168
..........Done with file 10/1168
...size getting too big, writing to Db
Inserted almost 206654 lines

Wrote 36263 clean list files
renamed directory /home/armita/pixel/staging --> /home/armita/pixel/current
Found 2 save data paths
Read 36263 clean list file
Dir path is /mnt/adnetik/adnetik-uservervillage/prod/userver_log/pixel/2013-07-02/
Read 1200 paths for daylist [2013-07-02]
Found 1154 new paths
.Done with file 0/1154
..........Done with file 10/1154
......size getting too big, writing to Db
Inserted almost 211064 lines

Wrote 36280 clean list files
renamed directory /home/armita/pixel/staging --> /home/armita/pixel/current
Found 2 save data paths
Read 36280 clean list file
Dir path is /mnt/adnetik/adnetik-uservervillage/prod/userver_log/pixel/2013-07-02/
Read 1200 paths for daylist [2013-07-02]
Found 1137 new paths
.Done with file 0/1137
..........Done with file 10/1137
......size getting too big, writing to Db
Inserted almost 213189 lines

Wrote 36297 clean list files
renamed directory /home/armita/pixel/staging --> /home/armita/pixel/current
Found 2 save data paths
Read 36297 clean list file
Dir path is /mnt/adnetik/adnetik-uservervillage/prod/userver_log/pixel/2013-07-02/
Read 1200 paths for daylist [2013-07-02]
Found 1120 new paths
.Done with file 0/1120
..........Done with file 10/1120
..size getting too big, writing to Db
Inserted almost 210587 lines

Wrote 36310 clean list files
renamed directory /home/armita/pixel/staging --> /home/armita/pixel/current
Found 2 save data paths
Read 36310 clean list file
Dir path is /mnt/adnetik/adnetik-uservervillage/prod/userver_log/pixel/2013-07-02/
Read 1200 paths for daylist [2013-07-02]
Found 1107 new paths
.Done with file 0/1107
..........Done with file 10/1107
...size getting too big, writing to Db
Inserted almost 223857 lines

Wrote 36324 clean list files
renamed directory /home/armita/pixel/staging --> /home/armita/pixel/current
Found 2 save data paths
Read 36324 clean list file
Dir path is /mnt/adnetik/adnetik-uservervillage/prod/userver_log/pixel/2013-07-02/
Read 1200 paths for daylist [2013-07-02]
Found 1093 new paths
.Done with file 0/1093
..........Done with file 10/1093
.size getting too big, writing to Db
Inserted almost 219012 lines

Wrote 36336 clean list files
renamed directory /home/armita/pixel/staging --> /home/armita/pixel/current
Found 2 save data paths
Read 36336 clean list file
Dir path is /mnt/adnetik/adnetik-uservervillage/prod/userver_log/pixel/2013-07-02/
Read 1200 paths for daylist [2013-07-02]
Found 1081 new paths
.Done with file 0/1081
..........Done with file 10/1081
size getting too big, writing to Db
Inserted almost 201753 lines

Wrote 36347 clean list files
renamed directory /home/armita/pixel/staging --> /home/armita/pixel/current
Found 2 save data paths
Read 36347 clean list file
Dir path is /mnt/adnetik/adnetik-uservervillage/prod/userver_log/pixel/2013-07-02/
Read 1200 paths for daylist [2013-07-02]
Found 1070 new paths
.Done with file 0/1070
..........Done with file 10/1070
..size getting too big, writing to Db
Inserted almost 243562 lines

Wrote 36360 clean list files
renamed directory /home/armita/pixel/staging --> /home/armita/pixel/current
Found 2 save data paths
Read 36360 clean list file
Dir path is /mnt/adnetik/adnetik-uservervillage/prod/userver_log/pixel/2013-07-02/
Read 1200 paths for daylist [2013-07-02]
Found 1057 new paths
.Done with file 0/1057
.......size getting too big, writing to Db
Inserted almost 233594 lines

Wrote 36368 clean list files
renamed directory /home/armita/pixel/staging --> /home/armita/pixel/current
Found 2 save data paths
Read 36368 clean list file
Dir path is /mnt/adnetik/adnetik-uservervillage/prod/userver_log/pixel/2013-07-02/
Read 1200 paths for daylist [2013-07-02]
Found 1049 new paths
.Done with file 0/1049
........size getting too big, writing to Db
Inserted almost 208762 lines

Wrote 36377 clean list files
renamed directory /home/armita/pixel/staging --> /home/armita/pixel/current
Found 2 save data paths
Read 36377 clean list file
Dir path is /mnt/adnetik/adnetik-uservervillage/prod/userver_log/pixel/2013-07-02/
Read 1200 paths for daylist [2013-07-02]
Found 1040 new paths
.Done with file 0/1040
..........Done with file 10/1040
.size getting too big, writing to Db
Inserted almost 223253 lines

Wrote 36389 clean list files
renamed directory /home/armita/pixel/staging --> /home/armita/pixel/current
Found 2 save data paths
Read 36389 clean list file
Dir path is /mnt/adnetik/adnetik-uservervillage/prod/userver_log/pixel/2013-07-02/
Read 1200 paths for daylist [2013-07-02]
Found 1028 new paths
.Done with file 0/1028
.........size getting too big, writing to Db
Inserted almost 211185 lines

Wrote 36399 clean list files
renamed directory /home/armita/pixel/staging --> /home/armita/pixel/current
Found 2 save data paths
Read 36399 clean list file
Dir path is /mnt/adnetik/adnetik-uservervillage/prod/userver_log/pixel/2013-07-02/
Read 1200 paths for daylist [2013-07-02]
Found 1018 new paths
.Done with file 0/1018
........size getting too big, writing to Db
Inserted almost 228987 lines

Wrote 36408 clean list files
renamed directory /home/armita/pixel/staging --> /home/armita/pixel/current
Found 2 save data paths
Read 36408 clean list file
Dir path is /mnt/adnetik/adnetik-uservervillage/prod/userver_log/pixel/2013-07-02/
Read 1200 paths for daylist [2013-07-02]
Found 1009 new paths
.Done with file 0/1009
......size getting too big, writing to Db
Inserted almost 232831 lines

Wrote 36415 clean list files
renamed directory /home/armita/pixel/staging --> /home/armita/pixel/current
Found 2 save data paths
Read 36415 clean list file
Dir path is /mnt/adnetik/adnetik-uservervillage/prod/userver_log/pixel/2013-07-02/
Read 1200 paths for daylist [2013-07-02]
Found 1002 new paths
.Done with file 0/1002
........size getting too big, writing to Db
Inserted almost 214815 lines

Wrote 36424 clean list files
renamed directory /home/armita/pixel/staging --> /home/armita/pixel/current
Found 2 save data paths
Read 36424 clean list file
Dir path is /mnt/adnetik/adnetik-uservervillage/prod/userver_log/pixel/2013-07-02/
Read 1200 paths for daylist [2013-07-02]
Found 993 new paths
.Done with file 0/993
..........Done with file 10/993
.size getting too big, writing to Db
Inserted almost 245393 lines

Wrote 36436 clean list files
renamed directory /home/armita/pixel/staging --> /home/armita/pixel/current
Found 2 save data paths
Read 36436 clean list file
Dir path is /mnt/adnetik/adnetik-uservervillage/prod/userver_log/pixel/2013-07-02/
Read 1200 paths for daylist [2013-07-02]
Found 981 new paths
.Done with file 0/981
.........size getting too big, writing to Db
Inserted almost 217742 lines

Wrote 36446 clean list files
renamed directory /home/armita/pixel/staging --> /home/armita/pixel/current
Found 2 save data paths
Read 36446 clean list file
Dir path is /mnt/adnetik/adnetik-uservervillage/prod/userver_log/pixel/2013-07-02/
Read 1200 paths for daylist [2013-07-02]
Found 971 new paths
.Done with file 0/971
........size getting too big, writing to Db
Inserted almost 230937 lines

Wrote 36455 clean list files
renamed directory /home/armita/pixel/staging --> /home/armita/pixel/current
Found 2 save data paths
Read 36455 clean list file
Dir path is /mnt/adnetik/adnetik-uservervillage/prod/userver_log/pixel/2013-07-02/
Read 1200 paths for daylist [2013-07-02]
Found 962 new paths
.Done with file 0/962
......size getting too big, writing to Db
Inserted almost 210944 lines

Wrote 36462 clean list files
renamed directory /home/armita/pixel/staging --> /home/armita/pixel/current
Found 2 save data paths
Read 36462 clean list file
Dir path is /mnt/adnetik/adnetik-uservervillage/prod/userver_log/pixel/2013-07-02/
Read 1200 paths for daylist [2013-07-02]
Found 955 new paths
.Done with file 0/955
........size getting too big, writing to Db
Inserted almost 207132 lines

Wrote 36471 clean list files
renamed directory /home/armita/pixel/staging --> /home/armita/pixel/current
Found 2 save data paths
Read 36471 clean list file
Dir path is /mnt/adnetik/adnetik-uservervillage/prod/userver_log/pixel/2013-07-02/
Read 1200 paths for daylist [2013-07-02]
Found 946 new paths
.Done with file 0/946
........size getting too big, writing to Db
Inserted almost 234674 lines

Wrote 36480 clean list files
renamed directory /home/armita/pixel/staging --> /home/armita/pixel/current
Found 2 save data paths
Read 36480 clean list file
Dir path is /mnt/adnetik/adnetik-uservervillage/prod/userver_log/pixel/2013-07-02/
Read 1200 paths for daylist [2013-07-02]
Found 937 new paths
.Done with file 0/937
..........Done with file 10/937
size getting too big, writing to Db
Inserted almost 231228 lines

Wrote 36491 clean list files
renamed directory /home/armita/pixel/staging --> /home/armita/pixel/current
Found 2 save data paths
Read 36491 clean list file
Dir path is /mnt/adnetik/adnetik-uservervillage/prod/userver_log/pixel/2013-07-02/
Read 1200 paths for daylist [2013-07-02]
Found 926 new paths
.Done with file 0/926
......size getting too big, writing to Db
Inserted almost 227951 lines

Wrote 36498 clean list files
renamed directory /home/armita/pixel/staging --> /home/armita/pixel/current
Found 2 save data paths
Read 36498 clean list file
Dir path is /mnt/adnetik/adnetik-uservervillage/prod/userver_log/pixel/2013-07-02/
Read 1200 paths for daylist [2013-07-02]
Found 919 new paths
.Done with file 0/919
........size getting too big, writing to Db
Inserted almost 203350 lines

Wrote 36507 clean list files
renamed directory /home/armita/pixel/staging --> /home/armita/pixel/current
Found 2 save data paths
Read 36507 clean list file
Dir path is /mnt/adnetik/adnetik-uservervillage/prod/userver_log/pixel/2013-07-02/
Read 1200 paths for daylist [2013-07-02]
Found 910 new paths
.Done with file 0/910
.......size getting too big, writing to Db
Inserted almost 243737 lines

Wrote 36515 clean list files
renamed directory /home/armita/pixel/staging --> /home/armita/pixel/current
Found 2 save data paths
Read 36515 clean list file
Dir path is /mnt/adnetik/adnetik-uservervillage/prod/userver_log/pixel/2013-07-02/
Read 1200 paths for daylist [2013-07-02]
Found 902 new paths
.Done with file 0/902
......size getting too big, writing to Db
Inserted almost 239326 lines

Wrote 36522 clean list files
renamed directory /home/armita/pixel/staging --> /home/armita/pixel/current
Found 2 save data paths
Read 36522 clean list file
Dir path is /mnt/adnetik/adnetik-uservervillage/prod/userver_log/pixel/2013-07-02/
Read 1200 paths for daylist [2013-07-02]
Found 895 new paths
.Done with file 0/895
.......size getting too big, writing to Db
Inserted almost 238928 lines

Wrote 36530 clean list files
renamed directory /home/armita/pixel/staging --> /home/armita/pixel/current
Found 2 save data paths
Read 36530 clean list file
Dir path is /mnt/adnetik/adnetik-uservervillage/prod/userver_log/pixel/2013-07-02/
Read 1200 paths for daylist [2013-07-02]
Found 887 new paths
.Done with file 0/887
......size getting too big, writing to Db
Inserted almost 218106 lines

Wrote 36537 clean list files
renamed directory /home/armita/pixel/staging --> /home/armita/pixel/current
Found 2 save data paths
Read 36537 clean list file
Dir path is /mnt/adnetik/adnetik-uservervillage/prod/userver_log/pixel/2013-07-02/
Read 1200 paths for daylist [2013-07-02]
Found 880 new paths
.Done with file 0/880
.....size getting too big, writing to Db
Inserted almost 203079 lines

Wrote 36543 clean list files
renamed directory /home/armita/pixel/staging --> /home/armita/pixel/current
Found 2 save data paths
Read 36543 clean list file
Dir path is /mnt/adnetik/adnetik-uservervillage/prod/userver_log/pixel/2013-07-02/
Read 1200 paths for daylist [2013-07-02]
Found 874 new paths
.Done with file 0/874
.......size getting too big, writing to Db
Inserted almost 213577 lines

Wrote 36551 clean list files
renamed directory /home/armita/pixel/staging --> /home/armita/pixel/current
Found 2 save data paths
Read 36551 clean list file
Dir path is /mnt/adnetik/adnetik-uservervillage/prod/userver_log/pixel/2013-07-02/
Read 1200 paths for daylist [2013-07-02]
Found 866 new paths
.Done with file 0/866
.....size getting too big, writing to Db
Inserted almost 217868 lines

Wrote 36557 clean list files
renamed directory /home/armita/pixel/staging --> /home/armita/pixel/current
Found 2 save data paths
Read 36557 clean list file
Dir path is /mnt/adnetik/adnetik-uservervillage/prod/userver_log/pixel/2013-07-02/
Read 1200 paths for daylist [2013-07-02]
Found 860 new paths
.Done with file 0/860
....size getting too big, writing to Db
Inserted almost 202948 lines

Wrote 36562 clean list files
renamed directory /home/armita/pixel/staging --> /home/armita/pixel/current
Found 2 save data paths
Read 36562 clean list file
Dir path is /mnt/adnetik/adnetik-uservervillage/prod/userver_log/pixel/2013-07-02/
Read 1200 paths for daylist [2013-07-02]
Found 855 new paths
.Done with file 0/855
......size getting too big, writing to Db
Inserted almost 257611 lines

Wrote 36569 clean list files
renamed directory /home/armita/pixel/staging --> /home/armita/pixel/current
Found 2 save data paths
Read 36569 clean list file
Dir path is /mnt/adnetik/adnetik-uservervillage/prod/userver_log/pixel/2013-07-02/
Read 1200 paths for daylist [2013-07-02]
Found 848 new paths
.Done with file 0/848
.......size getting too big, writing to Db
Inserted almost 208408 lines

Wrote 36577 clean list files
renamed directory /home/armita/pixel/staging --> /home/armita/pixel/current
Found 2 save data paths
Read 36577 clean list file
Dir path is /mnt/adnetik/adnetik-uservervillage/prod/userver_log/pixel/2013-07-02/
Read 1200 paths for daylist [2013-07-02]
Found 840 new paths
.Done with file 0/840
....size getting too big, writing to Db
Inserted almost 249620 lines

Wrote 36582 clean list files
renamed directory /home/armita/pixel/staging --> /home/armita/pixel/current
Found 2 save data paths
Read 36582 clean list file
Dir path is /mnt/adnetik/adnetik-uservervillage/prod/userver_log/pixel/2013-07-02/
Read 1200 paths for daylist [2013-07-02]
Found 835 new paths
.Done with file 0/835
.......size getting too big, writing to Db
Inserted almost 263687 lines

Wrote 36590 clean list files
renamed directory /home/armita/pixel/staging --> /home/armita/pixel/current
Found 2 save data paths
Read 36590 clean list file
Dir path is /mnt/adnetik/adnetik-uservervillage/prod/userver_log/pixel/2013-07-02/
Read 1200 paths for daylist [2013-07-02]
Found 827 new paths
.Done with file 0/827
....size getting too big, writing to Db
Inserted almost 228496 lines

Wrote 36595 clean list files
renamed directory /home/armita/pixel/staging --> /home/armita/pixel/current
Found 2 save data paths
Read 36595 clean list file
Dir path is /mnt/adnetik/adnetik-uservervillage/prod/userver_log/pixel/2013-07-02/
Read 1200 paths for daylist [2013-07-02]
Found 822 new paths
.Done with file 0/822
......size getting too big, writing to Db
Inserted almost 206270 lines

Wrote 36602 clean list files
renamed directory /home/armita/pixel/staging --> /home/armita/pixel/current
Found 2 save data paths
Read 36602 clean list file
Dir path is /mnt/adnetik/adnetik-uservervillage/prod/userver_log/pixel/2013-07-02/
Read 1200 paths for daylist [2013-07-02]
Found 815 new paths
.Done with file 0/815
..size getting too big, writing to Db
Inserted almost 203025 lines

Wrote 36605 clean list files
renamed directory /home/armita/pixel/staging --> /home/armita/pixel/current
Found 2 save data paths
Read 36605 clean list file
Dir path is /mnt/adnetik/adnetik-uservervillage/prod/userver_log/pixel/2013-07-02/
Read 1200 paths for daylist [2013-07-02]
Found 812 new paths
.Done with file 0/812
......size getting too big, writing to Db
Inserted almost 207081 lines

Wrote 36612 clean list files
renamed directory /home/armita/pixel/staging --> /home/armita/pixel/current
Found 2 save data paths
Read 36612 clean list file
Dir path is /mnt/adnetik/adnetik-uservervillage/prod/userver_log/pixel/2013-07-02/
Read 1200 paths for daylist [2013-07-02]
Found 805 new paths
.Done with file 0/805
...size getting too big, writing to Db
Inserted almost 207483 lines

Wrote 36616 clean list files
renamed directory /home/armita/pixel/staging --> /home/armita/pixel/current
Found 2 save data paths
Read 36616 clean list file
Dir path is /mnt/adnetik/adnetik-uservervillage/prod/userver_log/pixel/2013-07-02/
Read 1200 paths for daylist [2013-07-02]
Found 801 new paths
.Done with file 0/801
....size getting too big, writing to Db
Inserted almost 204091 lines

Wrote 36621 clean list files
renamed directory /home/armita/pixel/staging --> /home/armita/pixel/current
Found 2 save data paths
Read 36621 clean list file
Dir path is /mnt/adnetik/adnetik-uservervillage/prod/userver_log/pixel/2013-07-02/
Read 1200 paths for daylist [2013-07-02]
Found 796 new paths
.Done with file 0/796
..size getting too big, writing to Db
Inserted almost 201511 lines

Wrote 36624 clean list files
renamed directory /home/armita/pixel/staging --> /home/armita/pixel/current
Found 2 save data paths
Read 36624 clean list file
Dir path is /mnt/adnetik/adnetik-uservervillage/prod/userver_log/pixel/2013-07-02/
Read 1200 paths for daylist [2013-07-02]
Found 793 new paths
.Done with file 0/793
.........size getting too big, writing to Db
Inserted almost 231547 lines

Wrote 36634 clean list files
renamed directory /home/armita/pixel/staging --> /home/armita/pixel/current
Found 2 save data paths
Read 36634 clean list file
Dir path is /mnt/adnetik/adnetik-uservervillage/prod/userver_log/pixel/2013-07-02/
Read 1200 paths for daylist [2013-07-02]
Found 783 new paths
.Done with file 0/783
....size getting too big, writing to Db
Inserted almost 201075 lines

Wrote 36639 clean list files
renamed directory /home/armita/pixel/staging --> /home/armita/pixel/current
Found 2 save data paths
Read 36639 clean list file
Dir path is /mnt/adnetik/adnetik-uservervillage/prod/userver_log/pixel/2013-07-02/
Read 1200 paths for daylist [2013-07-02]
Found 778 new paths
.Done with file 0/778
...size getting too big, writing to Db
Inserted almost 202576 lines

Wrote 36643 clean list files
renamed directory /home/armita/pixel/staging --> /home/armita/pixel/current
Found 2 save data paths
Read 36643 clean list file
Dir path is /mnt/adnetik/adnetik-uservervillage/prod/userver_log/pixel/2013-07-02/
Read 1200 paths for daylist [2013-07-02]
Found 774 new paths
.Done with file 0/774
.....size getting too big, writing to Db
Inserted almost 219581 lines

Wrote 36649 clean list files
renamed directory /home/armita/pixel/staging --> /home/armita/pixel/current
Found 2 save data paths
Read 36649 clean list file
Dir path is /mnt/adnetik/adnetik-uservervillage/prod/userver_log/pixel/2013-07-02/
Read 1200 paths for daylist [2013-07-02]
Found 768 new paths
.Done with file 0/768
...size getting too big, writing to Db
Inserted almost 233252 lines

Wrote 36653 clean list files
renamed directory /home/armita/pixel/staging --> /home/armita/pixel/current
Found 2 save data paths
Read 36653 clean list file
Dir path is /mnt/adnetik/adnetik-uservervillage/prod/userver_log/pixel/2013-07-02/
Read 1200 paths for daylist [2013-07-02]
Found 764 new paths
.Done with file 0/764
......size getting too big, writing to Db
Inserted almost 200708 lines

Wrote 36660 clean list files
renamed directory /home/armita/pixel/staging --> /home/armita/pixel/current
Found 2 save data paths
Read 36660 clean list file
Dir path is /mnt/adnetik/adnetik-uservervillage/prod/userver_log/pixel/2013-07-02/
Read 1200 paths for daylist [2013-07-02]
Found 757 new paths
.Done with file 0/757
...size getting too big, writing to Db
Inserted almost 219387 lines

Wrote 36664 clean list files
renamed directory /home/armita/pixel/staging --> /home/armita/pixel/current
Found 2 save data paths
Read 36664 clean list file
Dir path is /mnt/adnetik/adnetik-uservervillage/prod/userver_log/pixel/2013-07-02/
Read 1200 paths for daylist [2013-07-02]
Found 753 new paths
.Done with file 0/753
....size getting too big, writing to Db
Inserted almost 215793 lines

Wrote 36669 clean list files
renamed directory /home/armita/pixel/staging --> /home/armita/pixel/current
Found 2 save data paths
Read 36669 clean list file
Dir path is /mnt/adnetik/adnetik-uservervillage/prod/userver_log/pixel/2013-07-02/
Read 1200 paths for daylist [2013-07-02]
Found 748 new paths
.Done with file 0/748
.....size getting too big, writing to Db
Inserted almost 255789 lines

Wrote 36675 clean list files
renamed directory /home/armita/pixel/staging --> /home/armita/pixel/current
Found 2 save data paths
Read 36675 clean list file
Dir path is /mnt/adnetik/adnetik-uservervillage/prod/userver_log/pixel/2013-07-02/
Read 1200 paths for daylist [2013-07-02]
Found 742 new paths
.Done with file 0/742
.....size getting too big, writing to Db
Inserted almost 232080 lines

Wrote 36681 clean list files
renamed directory /home/armita/pixel/staging --> /home/armita/pixel/current
Found 2 save data paths
Read 36681 clean list file
Dir path is /mnt/adnetik/adnetik-uservervillage/prod/userver_log/pixel/2013-07-02/
Read 1200 paths for daylist [2013-07-02]
Found 736 new paths
.Done with file 0/736
....size getting too big, writing to Db
Inserted almost 225278 lines

Wrote 36686 clean list files
renamed directory /home/armita/pixel/staging --> /home/armita/pixel/current
Found 2 save data paths
Read 36686 clean list file
Dir path is /mnt/adnetik/adnetik-uservervillage/prod/userver_log/pixel/2013-07-02/
Read 1200 paths for daylist [2013-07-02]
Found 731 new paths
.Done with file 0/731
...size getting too big, writing to Db
Inserted almost 203617 lines

Wrote 36690 clean list files
renamed directory /home/armita/pixel/staging --> /home/armita/pixel/current
Found 2 save data paths
Read 36690 clean list file
Dir path is /mnt/adnetik/adnetik-uservervillage/prod/userver_log/pixel/2013-07-02/
Read 1200 paths for daylist [2013-07-02]
Found 727 new paths
.Done with file 0/727
....size getting too big, writing to Db
Inserted almost 249879 lines

Wrote 36695 clean list files
renamed directory /home/armita/pixel/staging --> /home/armita/pixel/current
Found 2 save data paths
Read 36695 clean list file
Dir path is /mnt/adnetik/adnetik-uservervillage/prod/userver_log/pixel/2013-07-02/
Read 1200 paths for daylist [2013-07-02]
Found 722 new paths
.Done with file 0/722
....size getting too big, writing to Db
Inserted almost 211469 lines

Wrote 36700 clean list files
renamed directory /home/armita/pixel/staging --> /home/armita/pixel/current
Found 2 save data paths
Read 36700 clean list file
Dir path is /mnt/adnetik/adnetik-uservervillage/prod/userver_log/pixel/2013-07-02/
Read 1200 paths for daylist [2013-07-02]
Found 717 new paths
.Done with file 0/717
...size getting too big, writing to Db
Inserted almost 209001 lines

Wrote 36704 clean list files
renamed directory /home/armita/pixel/staging --> /home/armita/pixel/current
Found 2 save data paths
Read 36704 clean list file
Dir path is /mnt/adnetik/adnetik-uservervillage/prod/userver_log/pixel/2013-07-02/
Read 1200 paths for daylist [2013-07-02]
Found 713 new paths
.Done with file 0/713
.....size getting too big, writing to Db
Inserted almost 223216 lines

Wrote 36710 clean list files
renamed directory /home/armita/pixel/staging --> /home/armita/pixel/current
Found 2 save data paths
Read 36710 clean list file
Dir path is /mnt/adnetik/adnetik-uservervillage/prod/userver_log/pixel/2013-07-02/
Read 1200 paths for daylist [2013-07-02]
Found 707 new paths
.Done with file 0/707
...size getting too big, writing to Db
Inserted almost 206550 lines

Wrote 36714 clean list files
renamed directory /home/armita/pixel/staging --> /home/armita/pixel/current
Found 2 save data paths
Read 36714 clean list file
Dir path is /mnt/adnetik/adnetik-uservervillage/prod/userver_log/pixel/2013-07-02/
Read 1200 paths for daylist [2013-07-02]
Found 703 new paths
.Done with file 0/703
....size getting too big, writing to Db
Inserted almost 204392 lines

Wrote 36719 clean list files
renamed directory /home/armita/pixel/staging --> /home/armita/pixel/current
Found 2 save data paths
Read 36719 clean list file
Dir path is /mnt/adnetik/adnetik-uservervillage/prod/userver_log/pixel/2013-07-02/
Read 1200 paths for daylist [2013-07-02]
Found 698 new paths
.Done with file 0/698
....size getting too big, writing to Db
Inserted almost 246355 lines

Wrote 36724 clean list files
renamed directory /home/armita/pixel/staging --> /home/armita/pixel/current
Found 2 save data paths
Read 36724 clean list file
Dir path is /mnt/adnetik/adnetik-uservervillage/prod/userver_log/pixel/2013-07-02/
Read 1200 paths for daylist [2013-07-02]
Found 693 new paths
.Done with file 0/693
...size getting too big, writing to Db
Inserted almost 201884 lines

Wrote 36728 clean list files
renamed directory /home/armita/pixel/staging --> /home/armita/pixel/current
Found 2 save data paths
Read 36728 clean list file
Dir path is /mnt/adnetik/adnetik-uservervillage/prod/userver_log/pixel/2013-07-02/
Read 1200 paths for daylist [2013-07-02]
Found 689 new paths
.Done with file 0/689
.....size getting too big, writing to Db
Inserted almost 227312 lines

Wrote 36734 clean list files
renamed directory /home/armita/pixel/staging --> /home/armita/pixel/current
Found 2 save data paths
Read 36734 clean list file
Dir path is /mnt/adnetik/adnetik-uservervillage/prod/userver_log/pixel/2013-07-02/
Read 1200 paths for daylist [2013-07-02]
Found 683 new paths
.Done with file 0/683
...size getting too big, writing to Db
Inserted almost 205005 lines

Wrote 36738 clean list files
renamed directory /home/armita/pixel/staging --> /home/armita/pixel/current
Found 2 save data paths
Read 36738 clean list file
Dir path is /mnt/adnetik/adnetik-uservervillage/prod/userver_log/pixel/2013-07-02/
Read 1200 paths for daylist [2013-07-02]
Found 679 new paths
.Done with file 0/679
.....size getting too big, writing to Db
Inserted almost 244018 lines

Wrote 36744 clean list files
renamed directory /home/armita/pixel/staging --> /home/armita/pixel/current
Found 2 save data paths
Read 36744 clean list file
Dir path is /mnt/adnetik/adnetik-uservervillage/prod/userver_log/pixel/2013-07-02/
Read 1200 paths for daylist [2013-07-02]
Found 673 new paths
.Done with file 0/673
...size getting too big, writing to Db
Inserted almost 213955 lines

Wrote 36748 clean list files
renamed directory /home/armita/pixel/staging --> /home/armita/pixel/current
Found 2 save data paths
Read 36748 clean list file
Dir path is /mnt/adnetik/adnetik-uservervillage/prod/userver_log/pixel/2013-07-02/
Read 1200 paths for daylist [2013-07-02]
Found 669 new paths
.Done with file 0/669
....size getting too big, writing to Db
Inserted almost 225123 lines

Wrote 36753 clean list files
renamed directory /home/armita/pixel/staging --> /home/armita/pixel/current
Found 2 save data paths
Read 36753 clean list file
Dir path is /mnt/adnetik/adnetik-uservervillage/prod/userver_log/pixel/2013-07-02/
Read 1200 paths for daylist [2013-07-02]
Found 664 new paths
.Done with file 0/664
.....size getting too big, writing to Db
Inserted almost 217229 lines

Wrote 36759 clean list files
renamed directory /home/armita/pixel/staging --> /home/armita/pixel/current
Found 2 save data paths
Read 36759 clean list file
Dir path is /mnt/adnetik/adnetik-uservervillage/prod/userver_log/pixel/2013-07-02/
Read 1200 paths for daylist [2013-07-02]
Found 658 new paths
.Done with file 0/658
...size getting too big, writing to Db
Inserted almost 217443 lines

Wrote 36763 clean list files
renamed directory /home/armita/pixel/staging --> /home/armita/pixel/current
Found 2 save data paths
Read 36763 clean list file
Dir path is /mnt/adnetik/adnetik-uservervillage/prod/userver_log/pixel/2013-07-02/
Read 1200 paths for daylist [2013-07-02]
Found 654 new paths
.Done with file 0/654
....size getting too big, writing to Db
Inserted almost 248059 lines

Wrote 36768 clean list files
renamed directory /home/armita/pixel/staging --> /home/armita/pixel/current
Found 2 save data paths
Read 36768 clean list file
Dir path is /mnt/adnetik/adnetik-uservervillage/prod/userver_log/pixel/2013-07-02/
Read 1200 paths for daylist [2013-07-02]
Found 649 new paths
.Done with file 0/649
....size getting too big, writing to Db
Inserted almost 225765 lines

Wrote 36773 clean list files
renamed directory /home/armita/pixel/staging --> /home/armita/pixel/current
Found 2 save data paths
Read 36773 clean list file
Dir path is /mnt/adnetik/adnetik-uservervillage/prod/userver_log/pixel/2013-07-02/
Read 1200 paths for daylist [2013-07-02]
Found 644 new paths
.Done with file 0/644
....size getting too big, writing to Db
Inserted almost 212180 lines

Wrote 36778 clean list files
renamed directory /home/armita/pixel/staging --> /home/armita/pixel/current
Found 2 save data paths
Read 36778 clean list file
Dir path is /mnt/adnetik/adnetik-uservervillage/prod/userver_log/pixel/2013-07-02/
Read 1200 paths for daylist [2013-07-02]
Found 639 new paths
.Done with file 0/639
...size getting too big, writing to Db
Inserted almost 205858 lines

Wrote 36782 clean list files
renamed directory /home/armita/pixel/staging --> /home/armita/pixel/current
Found 2 save data paths
Read 36782 clean list file
Dir path is /mnt/adnetik/adnetik-uservervillage/prod/userver_log/pixel/2013-07-02/
Read 1200 paths for daylist [2013-07-02]
Found 635 new paths
.Done with file 0/635
......size getting too big, writing to Db
Inserted almost 238661 lines

Wrote 36789 clean list files
renamed directory /home/armita/pixel/staging --> /home/armita/pixel/current
Found 2 save data paths
Read 36789 clean list file
Dir path is /mnt/adnetik/adnetik-uservervillage/prod/userver_log/pixel/2013-07-02/
Read 1200 paths for daylist [2013-07-02]
Found 628 new paths
.Done with file 0/628
...size getting too big, writing to Db
Inserted almost 214702 lines

Wrote 36793 clean list files
renamed directory /home/armita/pixel/staging --> /home/armita/pixel/current
Found 2 save data paths
Read 36793 clean list file
Dir path is /mnt/adnetik/adnetik-uservervillage/prod/userver_log/pixel/2013-07-02/
Read 1200 paths for daylist [2013-07-02]
Found 624 new paths
.Done with file 0/624
.....size getting too big, writing to Db
Inserted almost 211912 lines

Wrote 36799 clean list files
renamed directory /home/armita/pixel/staging --> /home/armita/pixel/current
Found 2 save data paths
Read 36799 clean list file
Dir path is /mnt/adnetik/adnetik-uservervillage/prod/userver_log/pixel/2013-07-02/
Read 1200 paths for daylist [2013-07-02]
Found 618 new paths
.Done with file 0/618
....size getting too big, writing to Db
Inserted almost 220814 lines

Wrote 36804 clean list files
renamed directory /home/armita/pixel/staging --> /home/armita/pixel/current
Found 2 save data paths
Read 36804 clean list file
Dir path is /mnt/adnetik/adnetik-uservervillage/prod/userver_log/pixel/2013-07-02/
Read 1200 paths for daylist [2013-07-02]
Found 613 new paths
.Done with file 0/613
......size getting too big, writing to Db
Inserted almost 248619 lines

Wrote 36811 clean list files
renamed directory /home/armita/pixel/staging --> /home/armita/pixel/current
Found 2 save data paths
Read 36811 clean list file
Dir path is /mnt/adnetik/adnetik-uservervillage/prod/userver_log/pixel/2013-07-02/
Read 1200 paths for daylist [2013-07-02]
Found 606 new paths
.Done with file 0/606
...size getting too big, writing to Db
Inserted almost 207527 lines

Wrote 36815 clean list files
renamed directory /home/armita/pixel/staging --> /home/armita/pixel/current
Found 2 save data paths
Read 36815 clean list file
Dir path is /mnt/adnetik/adnetik-uservervillage/prod/userver_log/pixel/2013-07-02/
Read 1200 paths for daylist [2013-07-02]
Found 602 new paths
.Done with file 0/602
...size getting too big, writing to Db
Inserted almost 209053 lines

Wrote 36819 clean list files
renamed directory /home/armita/pixel/staging --> /home/armita/pixel/current
Found 2 save data paths
Read 36819 clean list file
Dir path is /mnt/adnetik/adnetik-uservervillage/prod/userver_log/pixel/2013-07-02/
Read 1200 paths for daylist [2013-07-02]
Found 598 new paths
.Done with file 0/598
.....size getting too big, writing to Db
Inserted almost 206978 lines

Wrote 36825 clean list files
renamed directory /home/armita/pixel/staging --> /home/armita/pixel/current
Found 2 save data paths
Read 36825 clean list file
Dir path is /mnt/adnetik/adnetik-uservervillage/prod/userver_log/pixel/2013-07-02/
Read 1200 paths for daylist [2013-07-02]
Found 592 new paths
.Done with file 0/592
...size getting too big, writing to Db
Inserted almost 208402 lines

Wrote 36829 clean list files
renamed directory /home/armita/pixel/staging --> /home/armita/pixel/current
Found 2 save data paths
Read 36829 clean list file
Dir path is /mnt/adnetik/adnetik-uservervillage/prod/userver_log/pixel/2013-07-02/
Read 1200 paths for daylist [2013-07-02]
Found 588 new paths
.Done with file 0/588
......size getting too big, writing to Db
Inserted almost 222422 lines

Wrote 36836 clean list files
renamed directory /home/armita/pixel/staging --> /home/armita/pixel/current
Found 2 save data paths
Read 36836 clean list file
Dir path is /mnt/adnetik/adnetik-uservervillage/prod/userver_log/pixel/2013-07-02/
Read 1200 paths for daylist [2013-07-02]
Found 581 new paths
.Done with file 0/581
...size getting too big, writing to Db
Inserted almost 234292 lines

Wrote 36840 clean list files
renamed directory /home/armita/pixel/staging --> /home/armita/pixel/current
Found 2 save data paths
Read 36840 clean list file
Dir path is /mnt/adnetik/adnetik-uservervillage/prod/userver_log/pixel/2013-07-02/
Read 1200 paths for daylist [2013-07-02]
Found 577 new paths
.Done with file 0/577
.....size getting too big, writing to Db
Inserted almost 203523 lines

Wrote 36846 clean list files
renamed directory /home/armita/pixel/staging --> /home/armita/pixel/current
Found 2 save data paths
Read 36846 clean list file
Dir path is /mnt/adnetik/adnetik-uservervillage/prod/userver_log/pixel/2013-07-02/
Read 1200 paths for daylist [2013-07-02]
Found 571 new paths
.Done with file 0/571
...size getting too big, writing to Db
Inserted almost 205274 lines

Wrote 36850 clean list files
renamed directory /home/armita/pixel/staging --> /home/armita/pixel/current
Found 2 save data paths
Read 36850 clean list file
Dir path is /mnt/adnetik/adnetik-uservervillage/prod/userver_log/pixel/2013-07-02/
Read 1200 paths for daylist [2013-07-02]
Found 567 new paths
.Done with file 0/567
......size getting too big, writing to Db
Inserted almost 213849 lines

Wrote 36857 clean list files
renamed directory /home/armita/pixel/staging --> /home/armita/pixel/current
Found 2 save data paths
Read 36857 clean list file
Dir path is /mnt/adnetik/adnetik-uservervillage/prod/userver_log/pixel/2013-07-02/
Read 1200 paths for daylist [2013-07-02]
Found 560 new paths
.Done with file 0/560
...size getting too big, writing to Db
Inserted almost 230411 lines

Wrote 36861 clean list files
renamed directory /home/armita/pixel/staging --> /home/armita/pixel/current
Found 2 save data paths
Read 36861 clean list file
Dir path is /mnt/adnetik/adnetik-uservervillage/prod/userver_log/pixel/2013-07-02/
Read 1200 paths for daylist [2013-07-02]
Found 556 new paths
.Done with file 0/556
.....size getting too big, writing to Db
Inserted almost 245902 lines

Wrote 36867 clean list files
renamed directory /home/armita/pixel/staging --> /home/armita/pixel/current
Found 2 save data paths
Read 36867 clean list file
Dir path is /mnt/adnetik/adnetik-uservervillage/prod/userver_log/pixel/2013-07-02/
Read 1200 paths for daylist [2013-07-02]
Found 550 new paths
.Done with file 0/550
....size getting too big, writing to Db
Inserted almost 235779 lines

Wrote 36872 clean list files
renamed directory /home/armita/pixel/staging --> /home/armita/pixel/current
Found 2 save data paths
Read 36872 clean list file
Dir path is /mnt/adnetik/adnetik-uservervillage/prod/userver_log/pixel/2013-07-02/
Read 1200 paths for daylist [2013-07-02]
Found 545 new paths
.Done with file 0/545
....size getting too big, writing to Db
Inserted almost 209035 lines

Wrote 36877 clean list files
renamed directory /home/armita/pixel/staging --> /home/armita/pixel/current
Found 2 save data paths
Read 36877 clean list file
Dir path is /mnt/adnetik/adnetik-uservervillage/prod/userver_log/pixel/2013-07-02/
Read 1200 paths for daylist [2013-07-02]
Found 540 new paths
.Done with file 0/540
.....size getting too big, writing to Db
Inserted almost 216387 lines

Wrote 36883 clean list files
renamed directory /home/armita/pixel/staging --> /home/armita/pixel/current
Found 2 save data paths
Read 36883 clean list file
Dir path is /mnt/adnetik/adnetik-uservervillage/prod/userver_log/pixel/2013-07-02/
Read 1200 paths for daylist [2013-07-02]
Found 534 new paths
.Done with file 0/534
....size getting too big, writing to Db
Inserted almost 215868 lines

Wrote 36888 clean list files
renamed directory /home/armita/pixel/staging --> /home/armita/pixel/current
Found 2 save data paths
Read 36888 clean list file
Dir path is /mnt/adnetik/adnetik-uservervillage/prod/userver_log/pixel/2013-07-02/
Read 1200 paths for daylist [2013-07-02]
Found 529 new paths
.Done with file 0/529
....size getting too big, writing to Db
Inserted almost 236815 lines

Wrote 36893 clean list files
renamed directory /home/armita/pixel/staging --> /home/armita/pixel/current
Found 2 save data paths
Read 36893 clean list file
Dir path is /mnt/adnetik/adnetik-uservervillage/prod/userver_log/pixel/2013-07-02/
Read 1200 paths for daylist [2013-07-02]
Found 524 new paths
.Done with file 0/524
......size getting too big, writing to Db
Inserted almost 233277 lines

Wrote 36900 clean list files
renamed directory /home/armita/pixel/staging --> /home/armita/pixel/current
Found 2 save data paths
Read 36900 clean list file
Dir path is /mnt/adnetik/adnetik-uservervillage/prod/userver_log/pixel/2013-07-02/
Read 1200 paths for daylist [2013-07-02]
Found 517 new paths
.Done with file 0/517
.....size getting too big, writing to Db
Inserted almost 250322 lines

Wrote 36906 clean list files
renamed directory /home/armita/pixel/staging --> /home/armita/pixel/current
Found 2 save data paths
Read 36906 clean list file
Dir path is /mnt/adnetik/adnetik-uservervillage/prod/userver_log/pixel/2013-07-02/
Read 1200 paths for daylist [2013-07-02]
Found 511 new paths
.Done with file 0/511
....size getting too big, writing to Db
Inserted almost 201496 lines

Wrote 36911 clean list files
renamed directory /home/armita/pixel/staging --> /home/armita/pixel/current
Found 2 save data paths
Read 36911 clean list file
Dir path is /mnt/adnetik/adnetik-uservervillage/prod/userver_log/pixel/2013-07-02/
Read 1200 paths for daylist [2013-07-02]
Found 506 new paths
.Done with file 0/506
....size getting too big, writing to Db
Inserted almost 205171 lines

Wrote 36916 clean list files
renamed directory /home/armita/pixel/staging --> /home/armita/pixel/current
Found 2 save data paths
Read 36916 clean list file
Dir path is /mnt/adnetik/adnetik-uservervillage/prod/userver_log/pixel/2013-07-02/
Read 1200 paths for daylist [2013-07-02]
Found 501 new paths
.Done with file 0/501
....size getting too big, writing to Db
Inserted almost 247047 lines

Wrote 36921 clean list files
renamed directory /home/armita/pixel/staging --> /home/armita/pixel/current
Found 2 save data paths
Read 36921 clean list file
Dir path is /mnt/adnetik/adnetik-uservervillage/prod/userver_log/pixel/2013-07-02/
Read 1200 paths for daylist [2013-07-02]
Found 496 new paths
.Done with file 0/496
....size getting too big, writing to Db
Inserted almost 218704 lines

Wrote 36926 clean list files
renamed directory /home/armita/pixel/staging --> /home/armita/pixel/current
Found 2 save data paths
Read 36926 clean list file
Dir path is /mnt/adnetik/adnetik-uservervillage/prod/userver_log/pixel/2013-07-02/
Read 1200 paths for daylist [2013-07-02]
Found 491 new paths
.Done with file 0/491
.....size getting too big, writing to Db
Inserted almost 212484 lines

Wrote 36932 clean list files
renamed directory /home/armita/pixel/staging --> /home/armita/pixel/current
Found 2 save data paths
Read 36932 clean list file
Dir path is /mnt/adnetik/adnetik-uservervillage/prod/userver_log/pixel/2013-07-02/
Read 1200 paths for daylist [2013-07-02]
Found 485 new paths
.Done with file 0/485
.....size getting too big, writing to Db
Inserted almost 209742 lines

Wrote 36938 clean list files
renamed directory /home/armita/pixel/staging --> /home/armita/pixel/current
Found 2 save data paths
Read 36938 clean list file
Dir path is /mnt/adnetik/adnetik-uservervillage/prod/userver_log/pixel/2013-07-02/
Read 1200 paths for daylist [2013-07-02]
Found 479 new paths
.Done with file 0/479
....size getting too big, writing to Db
Inserted almost 229857 lines

Wrote 36943 clean list files
renamed directory /home/armita/pixel/staging --> /home/armita/pixel/current
Found 2 save data paths
Read 36943 clean list file
Dir path is /mnt/adnetik/adnetik-uservervillage/prod/userver_log/pixel/2013-07-02/
Read 1200 paths for daylist [2013-07-02]
Found 474 new paths
.Done with file 0/474
...size getting too big, writing to Db
Inserted almost 206983 lines

Wrote 36947 clean list files
renamed directory /home/armita/pixel/staging --> /home/armita/pixel/current
Found 2 save data paths
Read 36947 clean list file
Dir path is /mnt/adnetik/adnetik-uservervillage/prod/userver_log/pixel/2013-07-02/
Read 1200 paths for daylist [2013-07-02]
Found 470 new paths
.Done with file 0/470
.....size getting too big, writing to Db
Inserted almost 227865 lines

Wrote 36953 clean list files
renamed directory /home/armita/pixel/staging --> /home/armita/pixel/current
Found 2 save data paths
Read 36953 clean list file
Dir path is /mnt/adnetik/adnetik-uservervillage/prod/userver_log/pixel/2013-07-02/
Read 1200 paths for daylist [2013-07-02]
Found 464 new paths
.Done with file 0/464
......size getting too big, writing to Db
Inserted almost 210335 lines

Wrote 36960 clean list files
renamed directory /home/armita/pixel/staging --> /home/armita/pixel/current
Found 2 save data paths
Read 36960 clean list file
Dir path is /mnt/adnetik/adnetik-uservervillage/prod/userver_log/pixel/2013-07-02/
Read 1200 paths for daylist [2013-07-02]
Found 457 new paths
.Done with file 0/457
....size getting too big, writing to Db
Inserted almost 244443 lines

Wrote 36965 clean list files
renamed directory /home/armita/pixel/staging --> /home/armita/pixel/current
Found 2 save data paths
Read 36965 clean list file
Dir path is /mnt/adnetik/adnetik-uservervillage/prod/userver_log/pixel/2013-07-02/
Read 1200 paths for daylist [2013-07-02]
Found 452 new paths
.Done with file 0/452
....size getting too big, writing to Db
Inserted almost 205236 lines

Wrote 36970 clean list files
renamed directory /home/armita/pixel/staging --> /home/armita/pixel/current
Found 2 save data paths
Read 36970 clean list file
Dir path is /mnt/adnetik/adnetik-uservervillage/prod/userver_log/pixel/2013-07-02/
Read 1200 paths for daylist [2013-07-02]
Found 447 new paths
.Done with file 0/447
......size getting too big, writing to Db
Inserted almost 251839 lines

Wrote 36977 clean list files
renamed directory /home/armita/pixel/staging --> /home/armita/pixel/current
Found 2 save data paths
Read 36977 clean list file
Dir path is /mnt/adnetik/adnetik-uservervillage/prod/userver_log/pixel/2013-07-02/
Read 1200 paths for daylist [2013-07-02]
Found 440 new paths
.Done with file 0/440
...size getting too big, writing to Db
Inserted almost 213122 lines

Wrote 36981 clean list files
renamed directory /home/armita/pixel/staging --> /home/armita/pixel/current
Found 2 save data paths
Read 36981 clean list file
Dir path is /mnt/adnetik/adnetik-uservervillage/prod/userver_log/pixel/2013-07-02/
Read 1200 paths for daylist [2013-07-02]
Found 436 new paths
.Done with file 0/436
....size getting too big, writing to Db
Inserted almost 217832 lines

Wrote 36986 clean list files
renamed directory /home/armita/pixel/staging --> /home/armita/pixel/current
Found 2 save data paths
Read 36986 clean list file
Dir path is /mnt/adnetik/adnetik-uservervillage/prod/userver_log/pixel/2013-07-02/
Read 1200 paths for daylist [2013-07-02]
Found 431 new paths
.Done with file 0/431
......size getting too big, writing to Db
Inserted almost 235926 lines

Wrote 36993 clean list files
renamed directory /home/armita/pixel/staging --> /home/armita/pixel/current
Found 2 save data paths
Read 36993 clean list file
Dir path is /mnt/adnetik/adnetik-uservervillage/prod/userver_log/pixel/2013-07-02/
Read 1200 paths for daylist [2013-07-02]
Found 424 new paths
.Done with file 0/424
......size getting too big, writing to Db
Inserted almost 266909 lines

Wrote 37000 clean list files
renamed directory /home/armita/pixel/staging --> /home/armita/pixel/current
Found 2 save data paths
Read 37000 clean list file
Dir path is /mnt/adnetik/adnetik-uservervillage/prod/userver_log/pixel/2013-07-02/
Read 1200 paths for daylist [2013-07-02]
Found 417 new paths
.Done with file 0/417
...size getting too big, writing to Db
Inserted almost 206664 lines

Wrote 37004 clean list files
renamed directory /home/armita/pixel/staging --> /home/armita/pixel/current
Found 2 save data paths
Read 37004 clean list file
Dir path is /mnt/adnetik/adnetik-uservervillage/prod/userver_log/pixel/2013-07-02/
Read 1200 paths for daylist [2013-07-02]
Found 413 new paths
.Done with file 0/413
...size getting too big, writing to Db
Inserted almost 206570 lines

Wrote 37008 clean list files
renamed directory /home/armita/pixel/staging --> /home/armita/pixel/current
Found 2 save data paths
Read 37008 clean list file
Dir path is /mnt/adnetik/adnetik-uservervillage/prod/userver_log/pixel/2013-07-02/
Read 1200 paths for daylist [2013-07-02]
Found 409 new paths
.Done with file 0/409
.....size getting too big, writing to Db
Inserted almost 218312 lines

Wrote 37014 clean list files
renamed directory /home/armita/pixel/staging --> /home/armita/pixel/current
Found 2 save data paths
Read 37014 clean list file
Dir path is /mnt/adnetik/adnetik-uservervillage/prod/userver_log/pixel/2013-07-02/
Read 1200 paths for daylist [2013-07-02]
Found 403 new paths
.Done with file 0/403
....size getting too big, writing to Db
Inserted almost 221469 lines

Wrote 37019 clean list files
renamed directory /home/armita/pixel/staging --> /home/armita/pixel/current
Found 2 save data paths
Read 37019 clean list file
Dir path is /mnt/adnetik/adnetik-uservervillage/prod/userver_log/pixel/2013-07-02/
Read 1200 paths for daylist [2013-07-02]
Found 398 new paths
.Done with file 0/398
...size getting too big, writing to Db
Inserted almost 201432 lines

Wrote 37023 clean list files
renamed directory /home/armita/pixel/staging --> /home/armita/pixel/current
Found 2 save data paths
Read 37023 clean list file
Dir path is /mnt/adnetik/adnetik-uservervillage/prod/userver_log/pixel/2013-07-02/
Read 1200 paths for daylist [2013-07-02]
Found 394 new paths
.Done with file 0/394
.....size getting too big, writing to Db
Inserted almost 234631 lines

Wrote 37029 clean list files
renamed directory /home/armita/pixel/staging --> /home/armita/pixel/current
Found 2 save data paths
Read 37029 clean list file
Dir path is /mnt/adnetik/adnetik-uservervillage/prod/userver_log/pixel/2013-07-02/
Read 1200 paths for daylist [2013-07-02]
Found 388 new paths
.Done with file 0/388
.....size getting too big, writing to Db
Inserted almost 242574 lines

Wrote 37035 clean list files
renamed directory /home/armita/pixel/staging --> /home/armita/pixel/current
Found 2 save data paths
Read 37035 clean list file
Dir path is /mnt/adnetik/adnetik-uservervillage/prod/userver_log/pixel/2013-07-02/
Read 1200 paths for daylist [2013-07-02]
Found 382 new paths
.Done with file 0/382
......size getting too big, writing to Db
Inserted almost 226191 lines

Wrote 37042 clean list files
renamed directory /home/armita/pixel/staging --> /home/armita/pixel/current
Found 2 save data paths
Read 37042 clean list file
Dir path is /mnt/adnetik/adnetik-uservervillage/prod/userver_log/pixel/2013-07-02/
Read 1200 paths for daylist [2013-07-02]
Found 375 new paths
.Done with file 0/375
...size getting too big, writing to Db
Inserted almost 200111 lines

Wrote 37046 clean list files
renamed directory /home/armita/pixel/staging --> /home/armita/pixel/current
Found 2 save data paths
Read 37046 clean list file
Dir path is /mnt/adnetik/adnetik-uservervillage/prod/userver_log/pixel/2013-07-02/
Read 1200 paths for daylist [2013-07-02]
Found 371 new paths
.Done with file 0/371
....size getting too big, writing to Db
Inserted almost 215740 lines

Wrote 37051 clean list files
renamed directory /home/armita/pixel/staging --> /home/armita/pixel/current
Found 2 save data paths
Read 37051 clean list file
Dir path is /mnt/adnetik/adnetik-uservervillage/prod/userver_log/pixel/2013-07-02/
Read 1200 paths for daylist [2013-07-02]
Found 366 new paths
.Done with file 0/366
.......size getting too big, writing to Db
Inserted almost 255873 lines

Wrote 37059 clean list files
renamed directory /home/armita/pixel/staging --> /home/armita/pixel/current
Found 2 save data paths
Read 37059 clean list file
Dir path is /mnt/adnetik/adnetik-uservervillage/prod/userver_log/pixel/2013-07-02/
Read 1200 paths for daylist [2013-07-02]
Found 358 new paths
.Done with file 0/358
......size getting too big, writing to Db
Inserted almost 259052 lines

Wrote 37066 clean list files
renamed directory /home/armita/pixel/staging --> /home/armita/pixel/current
Found 2 save data paths
Read 37066 clean list file
Dir path is /mnt/adnetik/adnetik-uservervillage/prod/userver_log/pixel/2013-07-02/
Read 1200 paths for daylist [2013-07-02]
Found 351 new paths
.Done with file 0/351
.....size getting too big, writing to Db
Inserted almost 223094 lines

Wrote 37072 clean list files
renamed directory /home/armita/pixel/staging --> /home/armita/pixel/current
Found 2 save data paths
Read 37072 clean list file
Dir path is /mnt/adnetik/adnetik-uservervillage/prod/userver_log/pixel/2013-07-02/
Read 1200 paths for daylist [2013-07-02]
Found 345 new paths
.Done with file 0/345
.......size getting too big, writing to Db
Inserted almost 222307 lines

Wrote 37080 clean list files
renamed directory /home/armita/pixel/staging --> /home/armita/pixel/current
Found 2 save data paths
Read 37080 clean list file
Dir path is /mnt/adnetik/adnetik-uservervillage/prod/userver_log/pixel/2013-07-02/
Read 1200 paths for daylist [2013-07-02]
Found 337 new paths
.Done with file 0/337
...size getting too big, writing to Db
Inserted almost 205442 lines

Wrote 37084 clean list files
renamed directory /home/armita/pixel/staging --> /home/armita/pixel/current
Found 2 save data paths
Read 37084 clean list file
Dir path is /mnt/adnetik/adnetik-uservervillage/prod/userver_log/pixel/2013-07-02/
Read 1200 paths for daylist [2013-07-02]
Found 333 new paths
.Done with file 0/333
....size getting too big, writing to Db
Inserted almost 216813 lines

Wrote 37089 clean list files
renamed directory /home/armita/pixel/staging --> /home/armita/pixel/current
Found 2 save data paths
Read 37089 clean list file
Dir path is /mnt/adnetik/adnetik-uservervillage/prod/userver_log/pixel/2013-07-02/
Read 1200 paths for daylist [2013-07-02]
Found 328 new paths
.Done with file 0/328
.......size getting too big, writing to Db
Inserted almost 239150 lines

Wrote 37097 clean list files
renamed directory /home/armita/pixel/staging --> /home/armita/pixel/current
Found 2 save data paths
Read 37097 clean list file
Dir path is /mnt/adnetik/adnetik-uservervillage/prod/userver_log/pixel/2013-07-02/
Read 1200 paths for daylist [2013-07-02]
Found 320 new paths
.Done with file 0/320
......size getting too big, writing to Db
Inserted almost 219345 lines

Wrote 37104 clean list files
renamed directory /home/armita/pixel/staging --> /home/armita/pixel/current
Found 2 save data paths
Read 37104 clean list file
Dir path is /mnt/adnetik/adnetik-uservervillage/prod/userver_log/pixel/2013-07-02/
Read 1200 paths for daylist [2013-07-02]
Found 313 new paths
.Done with file 0/313
.....size getting too big, writing to Db
Inserted almost 200002 lines

Wrote 37110 clean list files
renamed directory /home/armita/pixel/staging --> /home/armita/pixel/current
Found 2 save data paths
Read 37110 clean list file
Dir path is /mnt/adnetik/adnetik-uservervillage/prod/userver_log/pixel/2013-07-02/
Read 1200 paths for daylist [2013-07-02]
Found 307 new paths
.Done with file 0/307
.....size getting too big, writing to Db
Inserted almost 205395 lines

Wrote 37116 clean list files
renamed directory /home/armita/pixel/staging --> /home/armita/pixel/current
Found 2 save data paths
Read 37116 clean list file
Dir path is /mnt/adnetik/adnetik-uservervillage/prod/userver_log/pixel/2013-07-02/
Read 1200 paths for daylist [2013-07-02]
Found 301 new paths
.Done with file 0/301
......size getting too big, writing to Db
Inserted almost 207743 lines

Wrote 37123 clean list files
renamed directory /home/armita/pixel/staging --> /home/armita/pixel/current
Found 2 save data paths
Read 37123 clean list file
Dir path is /mnt/adnetik/adnetik-uservervillage/prod/userver_log/pixel/2013-07-02/
Read 1200 paths for daylist [2013-07-02]
Found 294 new paths
.Done with file 0/294
......size getting too big, writing to Db
Inserted almost 239060 lines

Wrote 37130 clean list files
renamed directory /home/armita/pixel/staging --> /home/armita/pixel/current
Found 2 save data paths
Read 37130 clean list file
Dir path is /mnt/adnetik/adnetik-uservervillage/prod/userver_log/pixel/2013-07-02/
Read 1200 paths for daylist [2013-07-02]
Found 287 new paths
.Done with file 0/287
.......size getting too big, writing to Db
Inserted almost 236802 lines

Wrote 37138 clean list files
renamed directory /home/armita/pixel/staging --> /home/armita/pixel/current
Found 2 save data paths
Read 37138 clean list file
Dir path is /mnt/adnetik/adnetik-uservervillage/prod/userver_log/pixel/2013-07-02/
Read 1200 paths for daylist [2013-07-02]
Found 279 new paths
.Done with file 0/279
......size getting too big, writing to Db
Inserted almost 203110 lines

Wrote 37145 clean list files
renamed directory /home/armita/pixel/staging --> /home/armita/pixel/current
Found 2 save data paths
Read 37145 clean list file
Dir path is /mnt/adnetik/adnetik-uservervillage/prod/userver_log/pixel/2013-07-02/
Read 1200 paths for daylist [2013-07-02]
Found 272 new paths
.Done with file 0/272
......size getting too big, writing to Db
Inserted almost 234096 lines

Wrote 37152 clean list files
renamed directory /home/armita/pixel/staging --> /home/armita/pixel/current
Found 2 save data paths
Read 37152 clean list file
Dir path is /mnt/adnetik/adnetik-uservervillage/prod/userver_log/pixel/2013-07-02/
Read 1200 paths for daylist [2013-07-02]
Found 265 new paths
.Done with file 0/265
......size getting too big, writing to Db
Inserted almost 213476 lines

Wrote 37159 clean list files
renamed directory /home/armita/pixel/staging --> /home/armita/pixel/current
Found 2 save data paths
Read 37159 clean list file
Dir path is /mnt/adnetik/adnetik-uservervillage/prod/userver_log/pixel/2013-07-02/
Read 1200 paths for daylist [2013-07-02]
Found 258 new paths
.Done with file 0/258
........size getting too big, writing to Db
Inserted almost 214661 lines

Wrote 37168 clean list files
renamed directory /home/armita/pixel/staging --> /home/armita/pixel/current
Found 2 save data paths
Read 37168 clean list file
Dir path is /mnt/adnetik/adnetik-uservervillage/prod/userver_log/pixel/2013-07-02/
Read 1200 paths for daylist [2013-07-02]
Found 249 new paths
.Done with file 0/249
......size getting too big, writing to Db
Inserted almost 203294 lines

Wrote 37175 clean list files
renamed directory /home/armita/pixel/staging --> /home/armita/pixel/current
Found 2 save data paths
Read 37175 clean list file
Dir path is /mnt/adnetik/adnetik-uservervillage/prod/userver_log/pixel/2013-07-02/
Read 1200 paths for daylist [2013-07-02]
Found 242 new paths
.Done with file 0/242
.....size getting too big, writing to Db
Inserted almost 218504 lines

Wrote 37181 clean list files
renamed directory /home/armita/pixel/staging --> /home/armita/pixel/current
Found 2 save data paths
Read 37181 clean list file
Dir path is /mnt/adnetik/adnetik-uservervillage/prod/userver_log/pixel/2013-07-02/
Read 1200 paths for daylist [2013-07-02]
Found 236 new paths
.Done with file 0/236
..........Done with file 10/236
size getting too big, writing to Db
Inserted almost 207934 lines

Wrote 37192 clean list files
renamed directory /home/armita/pixel/staging --> /home/armita/pixel/current
Found 2 save data paths
Read 37192 clean list file
Dir path is /mnt/adnetik/adnetik-uservervillage/prod/userver_log/pixel/2013-07-02/
Read 1200 paths for daylist [2013-07-02]
Found 225 new paths
.Done with file 0/225
.........size getting too big, writing to Db
Inserted almost 238068 lines

Wrote 37202 clean list files
renamed directory /home/armita/pixel/staging --> /home/armita/pixel/current
Found 2 save data paths
Read 37202 clean list file
Dir path is /mnt/adnetik/adnetik-uservervillage/prod/userver_log/pixel/2013-07-02/
Read 1200 paths for daylist [2013-07-02]
Found 215 new paths
.Done with file 0/215
........size getting too big, writing to Db
Inserted almost 215620 lines

Wrote 37211 clean list files
renamed directory /home/armita/pixel/staging --> /home/armita/pixel/current
Found 2 save data paths
Read 37211 clean list file
Dir path is /mnt/adnetik/adnetik-uservervillage/prod/userver_log/pixel/2013-07-02/
Read 1200 paths for daylist [2013-07-02]
Found 206 new paths
.Done with file 0/206
.........size getting too big, writing to Db
Inserted almost 214652 lines

Wrote 37221 clean list files
renamed directory /home/armita/pixel/staging --> /home/armita/pixel/current
Found 2 save data paths
Read 37221 clean list file
Dir path is /mnt/adnetik/adnetik-uservervillage/prod/userver_log/pixel/2013-07-02/
Read 1200 paths for daylist [2013-07-02]
Found 196 new paths
.Done with file 0/196
.......size getting too big, writing to Db
Inserted almost 204595 lines

Wrote 37229 clean list files
renamed directory /home/armita/pixel/staging --> /home/armita/pixel/current
Found 2 save data paths
Read 37229 clean list file
Dir path is /mnt/adnetik/adnetik-uservervillage/prod/userver_log/pixel/2013-07-02/
Read 1200 paths for daylist [2013-07-02]
Found 188 new paths
.Done with file 0/188
........size getting too big, writing to Db
Inserted almost 217719 lines

Wrote 37238 clean list files
renamed directory /home/armita/pixel/staging --> /home/armita/pixel/current
Found 2 save data paths
Read 37238 clean list file
Dir path is /mnt/adnetik/adnetik-uservervillage/prod/userver_log/pixel/2013-07-02/
Read 1200 paths for daylist [2013-07-02]
Found 179 new paths
.Done with file 0/179
..........Done with file 10/179
size getting too big, writing to Db
Inserted almost 215571 lines

Wrote 37249 clean list files
renamed directory /home/armita/pixel/staging --> /home/armita/pixel/current
Found 2 save data paths
Read 37249 clean list file
Dir path is /mnt/adnetik/adnetik-uservervillage/prod/userver_log/pixel/2013-07-02/
Read 1200 paths for daylist [2013-07-02]
Found 168 new paths
.Done with file 0/168
..........Done with file 10/168
.size getting too big, writing to Db
Inserted almost 235348 lines

Wrote 37261 clean list files
renamed directory /home/armita/pixel/staging --> /home/armita/pixel/current
Found 2 save data paths
Read 37261 clean list file
Dir path is /mnt/adnetik/adnetik-uservervillage/prod/userver_log/pixel/2013-07-02/
Read 1200 paths for daylist [2013-07-02]
Found 156 new paths
.Done with file 0/156
..........Done with file 10/156
.size getting too big, writing to Db
Inserted almost 230479 lines

Wrote 37273 clean list files
renamed directory /home/armita/pixel/staging --> /home/armita/pixel/current
Found 2 save data paths
Read 37273 clean list file
Dir path is /mnt/adnetik/adnetik-uservervillage/prod/userver_log/pixel/2013-07-02/
Read 1200 paths for daylist [2013-07-02]
Found 144 new paths
.Done with file 0/144
..........Done with file 10/144
size getting too big, writing to Db
Inserted almost 236052 lines

Wrote 37284 clean list files
renamed directory /home/armita/pixel/staging --> /home/armita/pixel/current
Found 2 save data paths
Read 37284 clean list file
Dir path is /mnt/adnetik/adnetik-uservervillage/prod/userver_log/pixel/2013-07-02/
Read 1200 paths for daylist [2013-07-02]
Found 133 new paths
.Done with file 0/133
..........Done with file 10/133
size getting too big, writing to Db
Inserted almost 200170 lines

Wrote 37295 clean list files
renamed directory /home/armita/pixel/staging --> /home/armita/pixel/current
Found 2 save data paths
Read 37295 clean list file
Dir path is /mnt/adnetik/adnetik-uservervillage/prod/userver_log/pixel/2013-07-02/
Read 1200 paths for daylist [2013-07-02]
Found 122 new paths
.Done with file 0/122
..........Done with file 10/122
size getting too big, writing to Db
Inserted almost 204596 lines

Wrote 37306 clean list files
renamed directory /home/armita/pixel/staging --> /home/armita/pixel/current
Found 2 save data paths
Read 37306 clean list file
Dir path is /mnt/adnetik/adnetik-uservervillage/prod/userver_log/pixel/2013-07-02/
Read 1200 paths for daylist [2013-07-02]
Found 111 new paths
.Done with file 0/111
..........Done with file 10/111
size getting too big, writing to Db
Inserted almost 200127 lines

Wrote 37317 clean list files
renamed directory /home/armita/pixel/staging --> /home/armita/pixel/current
Found 2 save data paths
Read 37317 clean list file
Dir path is /mnt/adnetik/adnetik-uservervillage/prod/userver_log/pixel/2013-07-02/
Read 1200 paths for daylist [2013-07-02]
Found 100 new paths
.Done with file 0/100
........size getting too big, writing to Db
Inserted almost 206850 lines

Wrote 37326 clean list files
renamed directory /home/armita/pixel/staging --> /home/armita/pixel/current
Found 2 save data paths
Read 37326 clean list file
Dir path is /mnt/adnetik/adnetik-uservervillage/prod/userver_log/pixel/2013-07-02/
Read 1200 paths for daylist [2013-07-02]
Found 91 new paths
.Done with file 0/91
..........Done with file 10/91
.....size getting too big, writing to Db
Inserted almost 203064 lines

Wrote 37342 clean list files
renamed directory /home/armita/pixel/staging --> /home/armita/pixel/current
Found 2 save data paths
Read 37342 clean list file
Dir path is /mnt/adnetik/adnetik-uservervillage/prod/userver_log/pixel/2013-07-02/
Read 1200 paths for daylist [2013-07-02]
Found 75 new paths
.Done with file 0/75
..........Done with file 10/75
...size getting too big, writing to Db
Inserted almost 205369 lines

Wrote 37356 clean list files
renamed directory /home/armita/pixel/staging --> /home/armita/pixel/current
Found 2 save data paths
Read 37356 clean list file
Dir path is /mnt/adnetik/adnetik-uservervillage/prod/userver_log/pixel/2013-07-02/
Read 1200 paths for daylist [2013-07-02]
Found 61 new paths
.Done with file 0/61
..........Done with file 10/61
size getting too big, writing to Db
Inserted almost 220626 lines

Wrote 37367 clean list files
renamed directory /home/armita/pixel/staging --> /home/armita/pixel/current
Found 2 save data paths
Read 37367 clean list file
Dir path is /mnt/adnetik/adnetik-uservervillage/prod/userver_log/pixel/2013-07-02/
Read 1200 paths for daylist [2013-07-02]
Found 50 new paths
.Done with file 0/50
..........Done with file 10/50
......size getting too big, writing to Db
Inserted almost 211176 lines

Wrote 37384 clean list files
renamed directory /home/armita/pixel/staging --> /home/armita/pixel/current
Found 2 save data paths
Read 37384 clean list file
Dir path is /mnt/adnetik/adnetik-uservervillage/prod/userver_log/pixel/2013-07-02/
Read 1200 paths for daylist [2013-07-02]
Found 33 new paths
.Done with file 0/33
..........Done with file 10/33
...size getting too big, writing to Db
Inserted almost 201674 lines

Wrote 37398 clean list files
renamed directory /home/armita/pixel/staging --> /home/armita/pixel/current
Found 2 save data paths
Read 37398 clean list file
Dir path is /mnt/adnetik/adnetik-uservervillage/prod/userver_log/pixel/2013-07-02/
Read 1200 paths for daylist [2013-07-02]
Found 19 new paths
.Done with file 0/19
..........Done with file 10/19
....size getting too big, writing to Db
Inserted almost 216564 lines

Wrote 37413 clean list files
renamed directory /home/armita/pixel/staging --> /home/armita/pixel/current
Found 2 save data paths
Read 37413 clean list file
Dir path is /mnt/adnetik/adnetik-uservervillage/prod/userver_log/pixel/2013-07-02/
Read 1200 paths for daylist [2013-07-02]
Found 4 new paths
.Done with file 0/4
...number of broken lines:+0 

writing to Db

Inserted almost 47622 lines

done writing to Db

Wrote 37417 clean list files
renamed directory /home/armita/pixel/staging --> /home/armita/pixel/current
