nohup: ignoring input
processing date : 2013-07-02
Found 2 save data paths
Read 0 clean list file
Dir path is /mnt/adnetik/adnetik-uservervillage/prod/userver_log/pixel/2013-07-02/
Read 1200 paths for daylist [2013-07-02]
Found 1200 new paths
.Done with file 0/1200
..........Done with file 10/1200
...size getting too big, writing to Db
Inserted almost 201037 lines

Wrote 14 clean list files
renamed directory /home/armita/pixel/staging --> /home/armita/pixel/current
Found 2 save data paths
Read 14 clean list file
Dir path is /mnt/adnetik/adnetik-uservervillage/prod/userver_log/pixel/2013-07-02/
Read 1200 paths for daylist [2013-07-02]
Found 1186 new paths
.Done with file 0/1186
..........Done with file 10/1186
.......size getting too big, writing to Db
Inserted almost 200322 lines

Wrote 32 clean list files
renamed directory /home/armita/pixel/staging --> /home/armita/pixel/current
Found 2 save data paths
Read 32 clean list file
Dir path is /mnt/adnetik/adnetik-uservervillage/prod/userver_log/pixel/2013-07-02/
Read 1200 paths for daylist [2013-07-02]
Found 1168 new paths
.Done with file 0/1168
..........Done with file 10/1168
...size getting too big, writing to Db
Inserted almost 206654 lines

Wrote 46 clean list files
renamed directory /home/armita/pixel/staging --> /home/armita/pixel/current
Found 2 save data paths
Read 46 clean list file
Dir path is /mnt/adnetik/adnetik-uservervillage/prod/userver_log/pixel/2013-07-02/
Read 1200 paths for daylist [2013-07-02]
Found 1154 new paths
.Done with file 0/1154
..........Done with file 10/1154
......size getting too big, writing to Db
Inserted almost 211064 lines

Wrote 63 clean list files
renamed directory /home/armita/pixel/staging --> /home/armita/pixel/current
Found 2 save data paths
Read 63 clean list file
Dir path is /mnt/adnetik/adnetik-uservervillage/prod/userver_log/pixel/2013-07-02/
Read 1200 paths for daylist [2013-07-02]
Found 1137 new paths
.Done with file 0/1137
..........Done with file 10/1137
......size getting too big, writing to Db
Inserted almost 213189 lines

Wrote 80 clean list files
renamed directory /home/armita/pixel/staging --> /home/armita/pixel/current
Found 2 save data paths
Read 80 clean list file
Dir path is /mnt/adnetik/adnetik-uservervillage/prod/userver_log/pixel/2013-07-02/
Read 1200 paths for daylist [2013-07-02]
Found 1120 new paths
.Done with file 0/1120
..........Done with file 10/1120
..size getting too big, writing to Db
Inserted almost 210587 lines

Wrote 93 clean list files
renamed directory /home/armita/pixel/staging --> /home/armita/pixel/current
Found 2 save data paths
Read 93 clean list file
Dir path is /mnt/adnetik/adnetik-uservervillage/prod/userver_log/pixel/2013-07-02/
Read 1200 paths for daylist [2013-07-02]
Found 1107 new paths
.Done with file 0/1107
..........Done with file 10/1107
...size getting too big, writing to Db
Inserted almost 223857 lines

Wrote 107 clean list files
renamed directory /home/armita/pixel/staging --> /home/armita/pixel/current
Found 2 save data paths
Read 107 clean list file
Dir path is /mnt/adnetik/adnetik-uservervillage/prod/userver_log/pixel/2013-07-02/
Read 1200 paths for daylist [2013-07-02]
Found 1093 new paths
.Done with file 0/1093
..........Done with file 10/1093
.size getting too big, writing to Db
Inserted almost 219012 lines

Wrote 119 clean list files
renamed directory /home/armita/pixel/staging --> /home/armita/pixel/current
Found 2 save data paths
Read 119 clean list file
Dir path is /mnt/adnetik/adnetik-uservervillage/prod/userver_log/pixel/2013-07-02/
Read 1200 paths for daylist [2013-07-02]
Found 1081 new paths
.Done with file 0/1081
..........Done with file 10/1081
size getting too big, writing to Db
Inserted almost 201753 lines

Wrote 130 clean list files
renamed directory /home/armita/pixel/staging --> /home/armita/pixel/current
Found 2 save data paths
Read 130 clean list file
Dir path is /mnt/adnetik/adnetik-uservervillage/prod/userver_log/pixel/2013-07-02/
Read 1200 paths for daylist [2013-07-02]
Found 1070 new paths
.Done with file 0/1070
..........Done with file 10/1070
..size getting too big, writing to Db
Inserted almost 243562 lines

Wrote 143 clean list files
renamed directory /home/armita/pixel/staging --> /home/armita/pixel/current
Found 2 save data paths
Read 143 clean list file
Dir path is /mnt/adnetik/adnetik-uservervillage/prod/userver_log/pixel/2013-07-02/
Read 1200 paths for daylist [2013-07-02]
Found 1057 new paths
.Done with file 0/1057
.......size getting too big, writing to Db
Inserted almost 233594 lines

Wrote 151 clean list files
renamed directory /home/armita/pixel/staging --> /home/armita/pixel/current
Found 2 save data paths
Read 151 clean list file
Dir path is /mnt/adnetik/adnetik-uservervillage/prod/userver_log/pixel/2013-07-02/
Read 1200 paths for daylist [2013-07-02]
Found 1049 new paths
.Done with file 0/1049
........size getting too big, writing to Db
Inserted almost 208762 lines

Wrote 160 clean list files
renamed directory /home/armita/pixel/staging --> /home/armita/pixel/current
Found 2 save data paths
Read 160 clean list file
Dir path is /mnt/adnetik/adnetik-uservervillage/prod/userver_log/pixel/2013-07-02/
Read 1200 paths for daylist [2013-07-02]
Found 1040 new paths
.Done with file 0/1040
..........Done with file 10/1040
.size getting too big, writing to Db
Inserted almost 223253 lines

Wrote 172 clean list files
renamed directory /home/armita/pixel/staging --> /home/armita/pixel/current
Found 2 save data paths
Read 172 clean list file
Dir path is /mnt/adnetik/adnetik-uservervillage/prod/userver_log/pixel/2013-07-02/
Read 1200 paths for daylist [2013-07-02]
Found 1028 new paths
.Done with file 0/1028
.........size getting too big, writing to Db
Inserted almost 211185 lines

Wrote 182 clean list files
renamed directory /home/armita/pixel/staging --> /home/armita/pixel/current
Found 2 save data paths
Read 182 clean list file
Dir path is /mnt/adnetik/adnetik-uservervillage/prod/userver_log/pixel/2013-07-02/
Read 1200 paths for daylist [2013-07-02]
Found 1018 new paths
.Done with file 0/1018
........size getting too big, writing to Db
Inserted almost 228987 lines

Wrote 191 clean list files
renamed directory /home/armita/pixel/staging --> /home/armita/pixel/current
Found 2 save data paths
Read 191 clean list file
Dir path is /mnt/adnetik/adnetik-uservervillage/prod/userver_log/pixel/2013-07-02/
Read 1200 paths for daylist [2013-07-02]
Found 1009 new paths
.Done with file 0/1009
......size getting too big, writing to Db
Inserted almost 232831 lines

Wrote 198 clean list files
renamed directory /home/armita/pixel/staging --> /home/armita/pixel/current
Found 2 save data paths
Read 198 clean list file
Dir path is /mnt/adnetik/adnetik-uservervillage/prod/userver_log/pixel/2013-07-02/
Read 1200 paths for daylist [2013-07-02]
Found 1002 new paths
.Done with file 0/1002
........size getting too big, writing to Db
Inserted almost 214815 lines

Wrote 207 clean list files
renamed directory /home/armita/pixel/staging --> /home/armita/pixel/current
Found 2 save data paths
Read 207 clean list file
Dir path is /mnt/adnetik/adnetik-uservervillage/prod/userver_log/pixel/2013-07-02/
Read 1200 paths for daylist [2013-07-02]
Found 993 new paths
.Done with file 0/993
..........Done with file 10/993
.size getting too big, writing to Db
Inserted almost 245393 lines

Wrote 219 clean list files
renamed directory /home/armita/pixel/staging --> /home/armita/pixel/current
Found 2 save data paths
Read 219 clean list file
Dir path is /mnt/adnetik/adnetik-uservervillage/prod/userver_log/pixel/2013-07-02/
Read 1200 paths for daylist [2013-07-02]
Found 981 new paths
.Done with file 0/981
.........size getting too big, writing to Db
Inserted almost 217742 lines

Wrote 229 clean list files
renamed directory /home/armita/pixel/staging --> /home/armita/pixel/current
Found 2 save data paths
Read 229 clean list file
Dir path is /mnt/adnetik/adnetik-uservervillage/prod/userver_log/pixel/2013-07-02/
Read 1200 paths for daylist [2013-07-02]
Found 971 new paths
.Done with file 0/971
........size getting too big, writing to Db
Inserted almost 230937 lines

Wrote 238 clean list files
renamed directory /home/armita/pixel/staging --> /home/armita/pixel/current
Found 2 save data paths
Read 238 clean list file
Dir path is /mnt/adnetik/adnetik-uservervillage/prod/userver_log/pixel/2013-07-02/
Read 1200 paths for daylist [2013-07-02]
Found 962 new paths
.Done with file 0/962
......size getting too big, writing to Db
Inserted almost 210944 lines

Wrote 245 clean list files
renamed directory /home/armita/pixel/staging --> /home/armita/pixel/current
Found 2 save data paths
Read 245 clean list file
Dir path is /mnt/adnetik/adnetik-uservervillage/prod/userver_log/pixel/2013-07-02/
Read 1200 paths for daylist [2013-07-02]
Found 955 new paths
.Done with file 0/955
........size getting too big, writing to Db
Inserted almost 207132 lines

Wrote 254 clean list files
renamed directory /home/armita/pixel/staging --> /home/armita/pixel/current
Found 2 save data paths
Read 254 clean list file
Dir path is /mnt/adnetik/adnetik-uservervillage/prod/userver_log/pixel/2013-07-02/
Read 1200 paths for daylist [2013-07-02]
Found 946 new paths
.Done with file 0/946
........size getting too big, writing to Db
Inserted almost 234674 lines

Wrote 263 clean list files
renamed directory /home/armita/pixel/staging --> /home/armita/pixel/current
Found 2 save data paths
Read 263 clean list file
Dir path is /mnt/adnetik/adnetik-uservervillage/prod/userver_log/pixel/2013-07-02/
Read 1200 paths for daylist [2013-07-02]
Found 937 new paths
.Done with file 0/937
..........Done with file 10/937
size getting too big, writing to Db
Inserted almost 231228 lines

Wrote 274 clean list files
renamed directory /home/armita/pixel/staging --> /home/armita/pixel/current
Found 2 save data paths
Read 274 clean list file
Dir path is /mnt/adnetik/adnetik-uservervillage/prod/userver_log/pixel/2013-07-02/
Read 1200 paths for daylist [2013-07-02]
Found 926 new paths
.Done with file 0/926
......size getting too big, writing to Db
Inserted almost 227951 lines

Wrote 281 clean list files
renamed directory /home/armita/pixel/staging --> /home/armita/pixel/current
Found 2 save data paths
Read 281 clean list file
Dir path is /mnt/adnetik/adnetik-uservervillage/prod/userver_log/pixel/2013-07-02/
Read 1200 paths for daylist [2013-07-02]
Found 919 new paths
.Done with file 0/919
........size getting too big, writing to Db
Inserted almost 203350 lines

Wrote 290 clean list files
renamed directory /home/armita/pixel/staging --> /home/armita/pixel/current
Found 2 save data paths
Read 290 clean list file
Dir path is /mnt/adnetik/adnetik-uservervillage/prod/userver_log/pixel/2013-07-02/
Read 1200 paths for daylist [2013-07-02]
Found 910 new paths
.Done with file 0/910
.......size getting too big, writing to Db
Inserted almost 243737 lines

Wrote 298 clean list files
renamed directory /home/armita/pixel/staging --> /home/armita/pixel/current
Found 2 save data paths
Read 298 clean list file
Dir path is /mnt/adnetik/adnetik-uservervillage/prod/userver_log/pixel/2013-07-02/
Read 1200 paths for daylist [2013-07-02]
Found 902 new paths
.Done with file 0/902
......size getting too big, writing to Db
Inserted almost 239326 lines

Wrote 305 clean list files
renamed directory /home/armita/pixel/staging --> /home/armita/pixel/current
Found 2 save data paths
Read 305 clean list file
Dir path is /mnt/adnetik/adnetik-uservervillage/prod/userver_log/pixel/2013-07-02/
Read 1200 paths for daylist [2013-07-02]
Found 895 new paths
.Done with file 0/895
.......size getting too big, writing to Db
Inserted almost 238928 lines

Wrote 313 clean list files
renamed directory /home/armita/pixel/staging --> /home/armita/pixel/current
Found 2 save data paths
Read 313 clean list file
Dir path is /mnt/adnetik/adnetik-uservervillage/prod/userver_log/pixel/2013-07-02/
Read 1200 paths for daylist [2013-07-02]
Found 887 new paths
.Done with file 0/887
......size getting too big, writing to Db
Inserted almost 218106 lines

Wrote 320 clean list files
renamed directory /home/armita/pixel/staging --> /home/armita/pixel/current
Found 2 save data paths
Read 320 clean list file
Dir path is /mnt/adnetik/adnetik-uservervillage/prod/userver_log/pixel/2013-07-02/
Read 1200 paths for daylist [2013-07-02]
Found 880 new paths
.Done with file 0/880
.....size getting too big, writing to Db
Inserted almost 203079 lines

Wrote 326 clean list files
renamed directory /home/armita/pixel/staging --> /home/armita/pixel/current
Found 2 save data paths
Read 326 clean list file
Dir path is /mnt/adnetik/adnetik-uservervillage/prod/userver_log/pixel/2013-07-02/
Read 1200 paths for daylist [2013-07-02]
Found 874 new paths
.Done with file 0/874
.......size getting too big, writing to Db
Inserted almost 213577 lines

Wrote 334 clean list files
renamed directory /home/armita/pixel/staging --> /home/armita/pixel/current
Found 2 save data paths
Read 334 clean list file
Dir path is /mnt/adnetik/adnetik-uservervillage/prod/userver_log/pixel/2013-07-02/
Read 1200 paths for daylist [2013-07-02]
Found 866 new paths
.Done with file 0/866
.....size getting too big, writing to Db
Inserted almost 217868 lines

Wrote 340 clean list files
renamed directory /home/armita/pixel/staging --> /home/armita/pixel/current
Found 2 save data paths
Read 340 clean list file
Dir path is /mnt/adnetik/adnetik-uservervillage/prod/userver_log/pixel/2013-07-02/
Read 1200 paths for daylist [2013-07-02]
Found 860 new paths
.Done with file 0/860
....size getting too big, writing to Db
Inserted almost 202948 lines

Wrote 345 clean list files
renamed directory /home/armita/pixel/staging --> /home/armita/pixel/current
Found 2 save data paths
Read 345 clean list file
Dir path is /mnt/adnetik/adnetik-uservervillage/prod/userver_log/pixel/2013-07-02/
Read 1200 paths for daylist [2013-07-02]
Found 855 new paths
.Done with file 0/855
......size getting too big, writing to Db
Inserted almost 257611 lines

Wrote 352 clean list files
renamed directory /home/armita/pixel/staging --> /home/armita/pixel/current
Found 2 save data paths
Read 352 clean list file
Dir path is /mnt/adnetik/adnetik-uservervillage/prod/userver_log/pixel/2013-07-02/
Read 1200 paths for daylist [2013-07-02]
Found 848 new paths
.Done with file 0/848
.......size getting too big, writing to Db
Inserted almost 208408 lines

Wrote 360 clean list files
renamed directory /home/armita/pixel/staging --> /home/armita/pixel/current
Found 2 save data paths
Read 360 clean list file
Dir path is /mnt/adnetik/adnetik-uservervillage/prod/userver_log/pixel/2013-07-02/
Read 1200 paths for daylist [2013-07-02]
Found 840 new paths
.Done with file 0/840
....size getting too big, writing to Db
Inserted almost 249620 lines

Wrote 365 clean list files
renamed directory /home/armita/pixel/staging --> /home/armita/pixel/current
Found 2 save data paths
Read 365 clean list file
Dir path is /mnt/adnetik/adnetik-uservervillage/prod/userver_log/pixel/2013-07-02/
Read 1200 paths for daylist [2013-07-02]
Found 835 new paths
.Done with file 0/835
.......size getting too big, writing to Db
Inserted almost 263687 lines

Wrote 373 clean list files
renamed directory /home/armita/pixel/staging --> /home/armita/pixel/current
Found 2 save data paths
Read 373 clean list file
Dir path is /mnt/adnetik/adnetik-uservervillage/prod/userver_log/pixel/2013-07-02/
Read 1200 paths for daylist [2013-07-02]
Found 827 new paths
.Done with file 0/827
....size getting too big, writing to Db
Inserted almost 228496 lines

Wrote 378 clean list files
renamed directory /home/armita/pixel/staging --> /home/armita/pixel/current
Found 2 save data paths
Read 378 clean list file
Dir path is /mnt/adnetik/adnetik-uservervillage/prod/userver_log/pixel/2013-07-02/
Read 1200 paths for daylist [2013-07-02]
Found 822 new paths
.Done with file 0/822
......size getting too big, writing to Db
Inserted almost 206270 lines

Wrote 385 clean list files
renamed directory /home/armita/pixel/staging --> /home/armita/pixel/current
Found 2 save data paths
Read 385 clean list file
Dir path is /mnt/adnetik/adnetik-uservervillage/prod/userver_log/pixel/2013-07-02/
Read 1200 paths for daylist [2013-07-02]
Found 815 new paths
.Done with file 0/815
..size getting too big, writing to Db
Inserted almost 203025 lines

Wrote 388 clean list files
renamed directory /home/armita/pixel/staging --> /home/armita/pixel/current
Found 2 save data paths
Read 388 clean list file
Dir path is /mnt/adnetik/adnetik-uservervillage/prod/userver_log/pixel/2013-07-02/
Read 1200 paths for daylist [2013-07-02]
Found 812 new paths
.Done with file 0/812
......size getting too big, writing to Db
Inserted almost 207081 lines

Wrote 395 clean list files
renamed directory /home/armita/pixel/staging --> /home/armita/pixel/current
Found 2 save data paths
Read 395 clean list file
Dir path is /mnt/adnetik/adnetik-uservervillage/prod/userver_log/pixel/2013-07-02/
Read 1200 paths for daylist [2013-07-02]
Found 805 new paths
.Done with file 0/805
...size getting too big, writing to Db
Inserted almost 207483 lines

Wrote 399 clean list files
renamed directory /home/armita/pixel/staging --> /home/armita/pixel/current
Found 2 save data paths
Read 399 clean list file
Dir path is /mnt/adnetik/adnetik-uservervillage/prod/userver_log/pixel/2013-07-02/
Read 1200 paths for daylist [2013-07-02]
Found 801 new paths
.Done with file 0/801
....size getting too big, writing to Db
Inserted almost 204091 lines

Wrote 404 clean list files
renamed directory /home/armita/pixel/staging --> /home/armita/pixel/current
Found 2 save data paths
Read 404 clean list file
Dir path is /mnt/adnetik/adnetik-uservervillage/prod/userver_log/pixel/2013-07-02/
Read 1200 paths for daylist [2013-07-02]
Found 796 new paths
.Done with file 0/796
..size getting too big, writing to Db
Inserted almost 201511 lines

Wrote 407 clean list files
renamed directory /home/armita/pixel/staging --> /home/armita/pixel/current
Found 2 save data paths
Read 407 clean list file
Dir path is /mnt/adnetik/adnetik-uservervillage/prod/userver_log/pixel/2013-07-02/
Read 1200 paths for daylist [2013-07-02]
Found 793 new paths
.Done with file 0/793
.........size getting too big, writing to Db
Inserted almost 231547 lines

Wrote 417 clean list files
renamed directory /home/armita/pixel/staging --> /home/armita/pixel/current
Found 2 save data paths
Read 417 clean list file
Dir path is /mnt/adnetik/adnetik-uservervillage/prod/userver_log/pixel/2013-07-02/
Read 1200 paths for daylist [2013-07-02]
Found 783 new paths
.Done with file 0/783
....size getting too big, writing to Db
Inserted almost 201075 lines

Wrote 422 clean list files
renamed directory /home/armita/pixel/staging --> /home/armita/pixel/current
Found 2 save data paths
Read 422 clean list file
Dir path is /mnt/adnetik/adnetik-uservervillage/prod/userver_log/pixel/2013-07-02/
Read 1200 paths for daylist [2013-07-02]
Found 778 new paths
.Done with file 0/778
...size getting too big, writing to Db
Inserted almost 202576 lines

Wrote 426 clean list files
renamed directory /home/armita/pixel/staging --> /home/armita/pixel/current
Found 2 save data paths
Read 426 clean list file
Dir path is /mnt/adnetik/adnetik-uservervillage/prod/userver_log/pixel/2013-07-02/
Read 1200 paths for daylist [2013-07-02]
Found 774 new paths
.Done with file 0/774
.....size getting too big, writing to Db
Inserted almost 219581 lines

Wrote 432 clean list files
renamed directory /home/armita/pixel/staging --> /home/armita/pixel/current
Found 2 save data paths
Read 432 clean list file
Dir path is /mnt/adnetik/adnetik-uservervillage/prod/userver_log/pixel/2013-07-02/
Read 1200 paths for daylist [2013-07-02]
Found 768 new paths
.Done with file 0/768
...size getting too big, writing to Db
Inserted almost 233252 lines

Wrote 436 clean list files
renamed directory /home/armita/pixel/staging --> /home/armita/pixel/current
Found 2 save data paths
Read 436 clean list file
Dir path is /mnt/adnetik/adnetik-uservervillage/prod/userver_log/pixel/2013-07-02/
Read 1200 paths for daylist [2013-07-02]
Found 764 new paths
.Done with file 0/764
......size getting too big, writing to Db
Inserted almost 200708 lines

Wrote 443 clean list files
renamed directory /home/armita/pixel/staging --> /home/armita/pixel/current
Found 2 save data paths
Read 443 clean list file
Dir path is /mnt/adnetik/adnetik-uservervillage/prod/userver_log/pixel/2013-07-02/
Read 1200 paths for daylist [2013-07-02]
Found 757 new paths
.Done with file 0/757
...size getting too big, writing to Db
Inserted almost 219387 lines

Wrote 447 clean list files
renamed directory /home/armita/pixel/staging --> /home/armita/pixel/current
Found 2 save data paths
Read 447 clean list file
Dir path is /mnt/adnetik/adnetik-uservervillage/prod/userver_log/pixel/2013-07-02/
Read 1200 paths for daylist [2013-07-02]
Found 753 new paths
.Done with file 0/753
....size getting too big, writing to Db
Inserted almost 215793 lines

Wrote 452 clean list files
renamed directory /home/armita/pixel/staging --> /home/armita/pixel/current
Found 2 save data paths
Read 452 clean list file
Dir path is /mnt/adnetik/adnetik-uservervillage/prod/userver_log/pixel/2013-07-02/
Read 1200 paths for daylist [2013-07-02]
Found 748 new paths
.Done with file 0/748
.....size getting too big, writing to Db
Inserted almost 255789 lines

Wrote 458 clean list files
renamed directory /home/armita/pixel/staging --> /home/armita/pixel/current
Found 2 save data paths
Read 458 clean list file
Dir path is /mnt/adnetik/adnetik-uservervillage/prod/userver_log/pixel/2013-07-02/
Read 1200 paths for daylist [2013-07-02]
Found 742 new paths
.Done with file 0/742
.....size getting too big, writing to Db
Inserted almost 232080 lines

Wrote 464 clean list files
renamed directory /home/armita/pixel/staging --> /home/armita/pixel/current
Found 2 save data paths
Read 464 clean list file
Dir path is /mnt/adnetik/adnetik-uservervillage/prod/userver_log/pixel/2013-07-02/
Read 1200 paths for daylist [2013-07-02]
Found 736 new paths
.Done with file 0/736
....size getting too big, writing to Db
Inserted almost 225278 lines

Wrote 469 clean list files
renamed directory /home/armita/pixel/staging --> /home/armita/pixel/current
Found 2 save data paths
Read 469 clean list file
Dir path is /mnt/adnetik/adnetik-uservervillage/prod/userver_log/pixel/2013-07-02/
Read 1200 paths for daylist [2013-07-02]
Found 731 new paths
.Done with file 0/731
...size getting too big, writing to Db
Inserted almost 203617 lines

Wrote 473 clean list files
renamed directory /home/armita/pixel/staging --> /home/armita/pixel/current
Found 2 save data paths
Read 473 clean list file
Dir path is /mnt/adnetik/adnetik-uservervillage/prod/userver_log/pixel/2013-07-02/
Read 1200 paths for daylist [2013-07-02]
Found 727 new paths
.Done with file 0/727
....size getting too big, writing to Db
Inserted almost 249879 lines

Wrote 478 clean list files
renamed directory /home/armita/pixel/staging --> /home/armita/pixel/current
Found 2 save data paths
Read 478 clean list file
Dir path is /mnt/adnetik/adnetik-uservervillage/prod/userver_log/pixel/2013-07-02/
Read 1200 paths for daylist [2013-07-02]
Found 722 new paths
.Done with file 0/722
....size getting too big, writing to Db
Inserted almost 211469 lines

Wrote 483 clean list files
renamed directory /home/armita/pixel/staging --> /home/armita/pixel/current
Found 2 save data paths
Read 483 clean list file
Dir path is /mnt/adnetik/adnetik-uservervillage/prod/userver_log/pixel/2013-07-02/
Read 1200 paths for daylist [2013-07-02]
Found 717 new paths
.Done with file 0/717
...size getting too big, writing to Db
Inserted almost 209001 lines

Wrote 487 clean list files
renamed directory /home/armita/pixel/staging --> /home/armita/pixel/current
Found 2 save data paths
Read 487 clean list file
Dir path is /mnt/adnetik/adnetik-uservervillage/prod/userver_log/pixel/2013-07-02/
Read 1200 paths for daylist [2013-07-02]
Found 713 new paths
.Done with file 0/713
.....size getting too big, writing to Db
Inserted almost 223216 lines

Wrote 493 clean list files
renamed directory /home/armita/pixel/staging --> /home/armita/pixel/current
Found 2 save data paths
Read 493 clean list file
Dir path is /mnt/adnetik/adnetik-uservervillage/prod/userver_log/pixel/2013-07-02/
Read 1200 paths for daylist [2013-07-02]
Found 707 new paths
.Done with file 0/707
...size getting too big, writing to Db
Inserted almost 206550 lines

Wrote 497 clean list files
renamed directory /home/armita/pixel/staging --> /home/armita/pixel/current
Found 2 save data paths
Read 497 clean list file
Dir path is /mnt/adnetik/adnetik-uservervillage/prod/userver_log/pixel/2013-07-02/
Read 1200 paths for daylist [2013-07-02]
Found 703 new paths
.Done with file 0/703
....size getting too big, writing to Db
Inserted almost 204392 lines

Wrote 502 clean list files
renamed directory /home/armita/pixel/staging --> /home/armita/pixel/current
Found 2 save data paths
Read 502 clean list file
Dir path is /mnt/adnetik/adnetik-uservervillage/prod/userver_log/pixel/2013-07-02/
Read 1200 paths for daylist [2013-07-02]
Found 698 new paths
.Done with file 0/698
....size getting too big, writing to Db
Inserted almost 246355 lines

Wrote 507 clean list files
renamed directory /home/armita/pixel/staging --> /home/armita/pixel/current
Found 2 save data paths
Read 507 clean list file
Dir path is /mnt/adnetik/adnetik-uservervillage/prod/userver_log/pixel/2013-07-02/
Read 1200 paths for daylist [2013-07-02]
Found 693 new paths
.Done with file 0/693
...size getting too big, writing to Db
Inserted almost 201884 lines

Wrote 511 clean list files
renamed directory /home/armita/pixel/staging --> /home/armita/pixel/current
Found 2 save data paths
Read 511 clean list file
Dir path is /mnt/adnetik/adnetik-uservervillage/prod/userver_log/pixel/2013-07-02/
Read 1200 paths for daylist [2013-07-02]
Found 689 new paths
.Done with file 0/689
.....size getting too big, writing to Db
Inserted almost 227312 lines

Wrote 517 clean list files
renamed directory /home/armita/pixel/staging --> /home/armita/pixel/current
Found 2 save data paths
Read 517 clean list file
Dir path is /mnt/adnetik/adnetik-uservervillage/prod/userver_log/pixel/2013-07-02/
Read 1200 paths for daylist [2013-07-02]
Found 683 new paths
.Done with file 0/683
...size getting too big, writing to Db
Inserted almost 205005 lines

Wrote 521 clean list files
renamed directory /home/armita/pixel/staging --> /home/armita/pixel/current
Found 2 save data paths
Read 521 clean list file
Dir path is /mnt/adnetik/adnetik-uservervillage/prod/userver_log/pixel/2013-07-02/
Read 1200 paths for daylist [2013-07-02]
Found 679 new paths
.Done with file 0/679
.....size getting too big, writing to Db
Inserted almost 244018 lines

Wrote 527 clean list files
renamed directory /home/armita/pixel/staging --> /home/armita/pixel/current
Found 2 save data paths
Read 527 clean list file
Dir path is /mnt/adnetik/adnetik-uservervillage/prod/userver_log/pixel/2013-07-02/
Read 1200 paths for daylist [2013-07-02]
Found 673 new paths
.Done with file 0/673
...size getting too big, writing to Db
Inserted almost 213955 lines

Wrote 531 clean list files
renamed directory /home/armita/pixel/staging --> /home/armita/pixel/current
Found 2 save data paths
Read 531 clean list file
Dir path is /mnt/adnetik/adnetik-uservervillage/prod/userver_log/pixel/2013-07-02/
Read 1200 paths for daylist [2013-07-02]
Found 669 new paths
.Done with file 0/669
....size getting too big, writing to Db
Inserted almost 225123 lines

Wrote 536 clean list files
renamed directory /home/armita/pixel/staging --> /home/armita/pixel/current
Found 2 save data paths
Read 536 clean list file
Dir path is /mnt/adnetik/adnetik-uservervillage/prod/userver_log/pixel/2013-07-02/
Read 1200 paths for daylist [2013-07-02]
Found 664 new paths
.Done with file 0/664
.....size getting too big, writing to Db
Inserted almost 217229 lines

Wrote 542 clean list files
renamed directory /home/armita/pixel/staging --> /home/armita/pixel/current
Found 2 save data paths
Read 542 clean list file
Dir path is /mnt/adnetik/adnetik-uservervillage/prod/userver_log/pixel/2013-07-02/
Read 1200 paths for daylist [2013-07-02]
Found 658 new paths
.Done with file 0/658
...size getting too big, writing to Db
Inserted almost 217443 lines

Wrote 546 clean list files
renamed directory /home/armita/pixel/staging --> /home/armita/pixel/current
Found 2 save data paths
Read 546 clean list file
Dir path is /mnt/adnetik/adnetik-uservervillage/prod/userver_log/pixel/2013-07-02/
Read 1200 paths for daylist [2013-07-02]
Found 654 new paths
.Done with file 0/654
....size getting too big, writing to Db
Inserted almost 248059 lines

Wrote 551 clean list files
renamed directory /home/armita/pixel/staging --> /home/armita/pixel/current
Found 2 save data paths
Read 551 clean list file
Dir path is /mnt/adnetik/adnetik-uservervillage/prod/userver_log/pixel/2013-07-02/
Read 1200 paths for daylist [2013-07-02]
Found 649 new paths
.Done with file 0/649
....size getting too big, writing to Db
Inserted almost 225765 lines

Wrote 556 clean list files
renamed directory /home/armita/pixel/staging --> /home/armita/pixel/current
Found 2 save data paths
Read 556 clean list file
Dir path is /mnt/adnetik/adnetik-uservervillage/prod/userver_log/pixel/2013-07-02/
Read 1200 paths for daylist [2013-07-02]
Found 644 new paths
.Done with file 0/644
....size getting too big, writing to Db
Inserted almost 212180 lines

Wrote 561 clean list files
renamed directory /home/armita/pixel/staging --> /home/armita/pixel/current
Found 2 save data paths
Read 561 clean list file
Dir path is /mnt/adnetik/adnetik-uservervillage/prod/userver_log/pixel/2013-07-02/
Read 1200 paths for daylist [2013-07-02]
Found 639 new paths
.Done with file 0/639
...size getting too big, writing to Db
Inserted almost 205858 lines

Wrote 565 clean list files
renamed directory /home/armita/pixel/staging --> /home/armita/pixel/current
Found 2 save data paths
Read 565 clean list file
Dir path is /mnt/adnetik/adnetik-uservervillage/prod/userver_log/pixel/2013-07-02/
Read 1200 paths for daylist [2013-07-02]
Found 635 new paths
.Done with file 0/635
......size getting too big, writing to Db
Inserted almost 238661 lines

Wrote 572 clean list files
renamed directory /home/armita/pixel/staging --> /home/armita/pixel/current
Found 2 save data paths
Read 572 clean list file
Dir path is /mnt/adnetik/adnetik-uservervillage/prod/userver_log/pixel/2013-07-02/
Read 1200 paths for daylist [2013-07-02]
Found 628 new paths
.Done with file 0/628
...size getting too big, writing to Db
Inserted almost 214702 lines

Wrote 576 clean list files
renamed directory /home/armita/pixel/staging --> /home/armita/pixel/current
Found 2 save data paths
Read 576 clean list file
Dir path is /mnt/adnetik/adnetik-uservervillage/prod/userver_log/pixel/2013-07-02/
Read 1200 paths for daylist [2013-07-02]
Found 624 new paths
.Done with file 0/624
.....size getting too big, writing to Db
Inserted almost 211912 lines

Wrote 582 clean list files
renamed directory /home/armita/pixel/staging --> /home/armita/pixel/current
Found 2 save data paths
Read 582 clean list file
Dir path is /mnt/adnetik/adnetik-uservervillage/prod/userver_log/pixel/2013-07-02/
Read 1200 paths for daylist [2013-07-02]
Found 618 new paths
.Done with file 0/618
....size getting too big, writing to Db
Inserted almost 220814 lines

Wrote 587 clean list files
renamed directory /home/armita/pixel/staging --> /home/armita/pixel/current
Found 2 save data paths
Read 587 clean list file
Dir path is /mnt/adnetik/adnetik-uservervillage/prod/userver_log/pixel/2013-07-02/
Read 1200 paths for daylist [2013-07-02]
Found 613 new paths
.Done with file 0/613
......size getting too big, writing to Db
Inserted almost 248619 lines

Wrote 594 clean list files
renamed directory /home/armita/pixel/staging --> /home/armita/pixel/current
Found 2 save data paths
Read 594 clean list file
Dir path is /mnt/adnetik/adnetik-uservervillage/prod/userver_log/pixel/2013-07-02/
Read 1200 paths for daylist [2013-07-02]
Found 606 new paths
.Done with file 0/606
...size getting too big, writing to Db
Inserted almost 207527 lines

Wrote 598 clean list files
renamed directory /home/armita/pixel/staging --> /home/armita/pixel/current
Found 2 save data paths
Read 598 clean list file
Dir path is /mnt/adnetik/adnetik-uservervillage/prod/userver_log/pixel/2013-07-02/
Read 1200 paths for daylist [2013-07-02]
Found 602 new paths
.Done with file 0/602
...size getting too big, writing to Db
Inserted almost 209053 lines

Wrote 602 clean list files
renamed directory /home/armita/pixel/staging --> /home/armita/pixel/current
Found 2 save data paths
Read 602 clean list file
Dir path is /mnt/adnetik/adnetik-uservervillage/prod/userver_log/pixel/2013-07-02/
Read 1200 paths for daylist [2013-07-02]
Found 598 new paths
.Done with file 0/598
.....size getting too big, writing to Db
Inserted almost 206978 lines

Wrote 608 clean list files
renamed directory /home/armita/pixel/staging --> /home/armita/pixel/current
Found 2 save data paths
Read 608 clean list file
Dir path is /mnt/adnetik/adnetik-uservervillage/prod/userver_log/pixel/2013-07-02/
Read 1200 paths for daylist [2013-07-02]
Found 592 new paths
.Done with file 0/592
...size getting too big, writing to Db
Inserted almost 208402 lines

Wrote 612 clean list files
renamed directory /home/armita/pixel/staging --> /home/armita/pixel/current
Found 2 save data paths
Read 612 clean list file
Dir path is /mnt/adnetik/adnetik-uservervillage/prod/userver_log/pixel/2013-07-02/
Read 1200 paths for daylist [2013-07-02]
Found 588 new paths
.Done with file 0/588
......size getting too big, writing to Db
Inserted almost 222422 lines

Wrote 619 clean list files
renamed directory /home/armita/pixel/staging --> /home/armita/pixel/current
Found 2 save data paths
Read 619 clean list file
Dir path is /mnt/adnetik/adnetik-uservervillage/prod/userver_log/pixel/2013-07-02/
Read 1200 paths for daylist [2013-07-02]
Found 581 new paths
.Done with file 0/581
...size getting too big, writing to Db
Inserted almost 234292 lines

Wrote 623 clean list files
renamed directory /home/armita/pixel/staging --> /home/armita/pixel/current
Found 2 save data paths
Read 623 clean list file
Dir path is /mnt/adnetik/adnetik-uservervillage/prod/userver_log/pixel/2013-07-02/
Read 1200 paths for daylist [2013-07-02]
Found 577 new paths
.Done with file 0/577
.....size getting too big, writing to Db
Inserted almost 203523 lines

Wrote 629 clean list files
renamed directory /home/armita/pixel/staging --> /home/armita/pixel/current
Found 2 save data paths
Read 629 clean list file
Dir path is /mnt/adnetik/adnetik-uservervillage/prod/userver_log/pixel/2013-07-02/
Read 1200 paths for daylist [2013-07-02]
Found 571 new paths
.Done with file 0/571
...size getting too big, writing to Db
Inserted almost 205274 lines

Wrote 633 clean list files
renamed directory /home/armita/pixel/staging --> /home/armita/pixel/current
Found 2 save data paths
Read 633 clean list file
Dir path is /mnt/adnetik/adnetik-uservervillage/prod/userver_log/pixel/2013-07-02/
Read 1200 paths for daylist [2013-07-02]
Found 567 new paths
.Done with file 0/567
......size getting too big, writing to Db
Inserted almost 213849 lines

Wrote 640 clean list files
renamed directory /home/armita/pixel/staging --> /home/armita/pixel/current
Found 2 save data paths
Read 640 clean list file
Dir path is /mnt/adnetik/adnetik-uservervillage/prod/userver_log/pixel/2013-07-02/
Read 1200 paths for daylist [2013-07-02]
Found 560 new paths
.Done with file 0/560
...size getting too big, writing to Db
Inserted almost 230411 lines

Wrote 644 clean list files
renamed directory /home/armita/pixel/staging --> /home/armita/pixel/current
Found 2 save data paths
Read 644 clean list file
Dir path is /mnt/adnetik/adnetik-uservervillage/prod/userver_log/pixel/2013-07-02/
Read 1200 paths for daylist [2013-07-02]
Found 556 new paths
.Done with file 0/556
.....size getting too big, writing to Db
Inserted almost 245902 lines

Wrote 650 clean list files
renamed directory /home/armita/pixel/staging --> /home/armita/pixel/current
Found 2 save data paths
Read 650 clean list file
Dir path is /mnt/adnetik/adnetik-uservervillage/prod/userver_log/pixel/2013-07-02/
Read 1200 paths for daylist [2013-07-02]
Found 550 new paths
.Done with file 0/550
....size getting too big, writing to Db
Inserted almost 235779 lines

Wrote 655 clean list files
renamed directory /home/armita/pixel/staging --> /home/armita/pixel/current
Found 2 save data paths
Read 655 clean list file
Dir path is /mnt/adnetik/adnetik-uservervillage/prod/userver_log/pixel/2013-07-02/
Read 1200 paths for daylist [2013-07-02]
Found 545 new paths
.Done with file 0/545
....size getting too big, writing to Db
Inserted almost 209035 lines

Wrote 660 clean list files
renamed directory /home/armita/pixel/staging --> /home/armita/pixel/current
Found 2 save data paths
Read 660 clean list file
Dir path is /mnt/adnetik/adnetik-uservervillage/prod/userver_log/pixel/2013-07-02/
Read 1200 paths for daylist [2013-07-02]
Found 540 new paths
.Done with file 0/540
.....size getting too big, writing to Db
Inserted almost 216387 lines

Wrote 666 clean list files
renamed directory /home/armita/pixel/staging --> /home/armita/pixel/current
Found 2 save data paths
Read 666 clean list file
Dir path is /mnt/adnetik/adnetik-uservervillage/prod/userver_log/pixel/2013-07-02/
Read 1200 paths for daylist [2013-07-02]
Found 534 new paths
.Done with file 0/534
....size getting too big, writing to Db
Inserted almost 215868 lines

Wrote 671 clean list files
renamed directory /home/armita/pixel/staging --> /home/armita/pixel/current
Found 2 save data paths
Read 671 clean list file
Dir path is /mnt/adnetik/adnetik-uservervillage/prod/userver_log/pixel/2013-07-02/
Read 1200 paths for daylist [2013-07-02]
Found 529 new paths
.Done with file 0/529
....size getting too big, writing to Db
Inserted almost 236815 lines

Wrote 676 clean list files
renamed directory /home/armita/pixel/staging --> /home/armita/pixel/current
Found 2 save data paths
Read 676 clean list file
Dir path is /mnt/adnetik/adnetik-uservervillage/prod/userver_log/pixel/2013-07-02/
Read 1200 paths for daylist [2013-07-02]
Found 524 new paths
.Done with file 0/524
......size getting too big, writing to Db
Inserted almost 233277 lines

Wrote 683 clean list files
renamed directory /home/armita/pixel/staging --> /home/armita/pixel/current
Found 2 save data paths
Read 683 clean list file
Dir path is /mnt/adnetik/adnetik-uservervillage/prod/userver_log/pixel/2013-07-02/
Read 1200 paths for daylist [2013-07-02]
Found 517 new paths
.Done with file 0/517
.....size getting too big, writing to Db
Inserted almost 250322 lines

Wrote 689 clean list files
renamed directory /home/armita/pixel/staging --> /home/armita/pixel/current
Found 2 save data paths
Read 689 clean list file
Dir path is /mnt/adnetik/adnetik-uservervillage/prod/userver_log/pixel/2013-07-02/
Read 1200 paths for daylist [2013-07-02]
Found 511 new paths
.Done with file 0/511
....size getting too big, writing to Db
Inserted almost 201496 lines

Wrote 694 clean list files
renamed directory /home/armita/pixel/staging --> /home/armita/pixel/current
Found 2 save data paths
Read 694 clean list file
Dir path is /mnt/adnetik/adnetik-uservervillage/prod/userver_log/pixel/2013-07-02/
Read 1200 paths for daylist [2013-07-02]
Found 506 new paths
.Done with file 0/506
....size getting too big, writing to Db
Inserted almost 205171 lines

Wrote 699 clean list files
renamed directory /home/armita/pixel/staging --> /home/armita/pixel/current
Found 2 save data paths
Read 699 clean list file
Dir path is /mnt/adnetik/adnetik-uservervillage/prod/userver_log/pixel/2013-07-02/
Read 1200 paths for daylist [2013-07-02]
Found 501 new paths
.Done with file 0/501
....size getting too big, writing to Db
Inserted almost 247047 lines

Wrote 704 clean list files
renamed directory /home/armita/pixel/staging --> /home/armita/pixel/current
Found 2 save data paths
Read 704 clean list file
Dir path is /mnt/adnetik/adnetik-uservervillage/prod/userver_log/pixel/2013-07-02/
Read 1200 paths for daylist [2013-07-02]
Found 496 new paths
.Done with file 0/496
....size getting too big, writing to Db
Inserted almost 218704 lines

Wrote 709 clean list files
renamed directory /home/armita/pixel/staging --> /home/armita/pixel/current
Found 2 save data paths
Read 709 clean list file
Dir path is /mnt/adnetik/adnetik-uservervillage/prod/userver_log/pixel/2013-07-02/
Read 1200 paths for daylist [2013-07-02]
Found 491 new paths
.Done with file 0/491
.....size getting too big, writing to Db
Inserted almost 212484 lines

Wrote 715 clean list files
renamed directory /home/armita/pixel/staging --> /home/armita/pixel/current
Found 2 save data paths
Read 715 clean list file
Dir path is /mnt/adnetik/adnetik-uservervillage/prod/userver_log/pixel/2013-07-02/
Read 1200 paths for daylist [2013-07-02]
Found 485 new paths
.Done with file 0/485
.....size getting too big, writing to Db
Inserted almost 209742 lines

Wrote 721 clean list files
renamed directory /home/armita/pixel/staging --> /home/armita/pixel/current
Found 2 save data paths
Read 721 clean list file
Dir path is /mnt/adnetik/adnetik-uservervillage/prod/userver_log/pixel/2013-07-02/
Read 1200 paths for daylist [2013-07-02]
Found 479 new paths
.Done with file 0/479
....size getting too big, writing to Db
Inserted almost 229857 lines

Wrote 726 clean list files
renamed directory /home/armita/pixel/staging --> /home/armita/pixel/current
Found 2 save data paths
Read 726 clean list file
Dir path is /mnt/adnetik/adnetik-uservervillage/prod/userver_log/pixel/2013-07-02/
Read 1200 paths for daylist [2013-07-02]
Found 474 new paths
.Done with file 0/474
...size getting too big, writing to Db
Inserted almost 206983 lines

Wrote 730 clean list files
renamed directory /home/armita/pixel/staging --> /home/armita/pixel/current
Found 2 save data paths
Read 730 clean list file
Dir path is /mnt/adnetik/adnetik-uservervillage/prod/userver_log/pixel/2013-07-02/
Read 1200 paths for daylist [2013-07-02]
Found 470 new paths
.Done with file 0/470
.....size getting too big, writing to Db
Inserted almost 227865 lines

Wrote 736 clean list files
renamed directory /home/armita/pixel/staging --> /home/armita/pixel/current
Found 2 save data paths
Read 736 clean list file
Dir path is /mnt/adnetik/adnetik-uservervillage/prod/userver_log/pixel/2013-07-02/
Read 1200 paths for daylist [2013-07-02]
Found 464 new paths
.Done with file 0/464
......size getting too big, writing to Db
Inserted almost 210335 lines

Wrote 743 clean list files
renamed directory /home/armita/pixel/staging --> /home/armita/pixel/current
Found 2 save data paths
Read 743 clean list file
Dir path is /mnt/adnetik/adnetik-uservervillage/prod/userver_log/pixel/2013-07-02/
Read 1200 paths for daylist [2013-07-02]
Found 457 new paths
.Done with file 0/457
....size getting too big, writing to Db
Inserted almost 244443 lines

Wrote 748 clean list files
renamed directory /home/armita/pixel/staging --> /home/armita/pixel/current
Found 2 save data paths
Read 748 clean list file
Dir path is /mnt/adnetik/adnetik-uservervillage/prod/userver_log/pixel/2013-07-02/
Read 1200 paths for daylist [2013-07-02]
Found 452 new paths
.Done with file 0/452
....size getting too big, writing to Db
Inserted almost 205236 lines

Wrote 753 clean list files
renamed directory /home/armita/pixel/staging --> /home/armita/pixel/current
Found 2 save data paths
Read 753 clean list file
Dir path is /mnt/adnetik/adnetik-uservervillage/prod/userver_log/pixel/2013-07-02/
Read 1200 paths for daylist [2013-07-02]
Found 447 new paths
.Done with file 0/447
......size getting too big, writing to Db
Inserted almost 251839 lines

Wrote 760 clean list files
renamed directory /home/armita/pixel/staging --> /home/armita/pixel/current
Found 2 save data paths
Read 760 clean list file
Dir path is /mnt/adnetik/adnetik-uservervillage/prod/userver_log/pixel/2013-07-02/
Read 1200 paths for daylist [2013-07-02]
Found 440 new paths
.Done with file 0/440
...size getting too big, writing to Db
Inserted almost 213122 lines

Wrote 764 clean list files
renamed directory /home/armita/pixel/staging --> /home/armita/pixel/current
Found 2 save data paths
Read 764 clean list file
Dir path is /mnt/adnetik/adnetik-uservervillage/prod/userver_log/pixel/2013-07-02/
Read 1200 paths for daylist [2013-07-02]
Found 436 new paths
.Done with file 0/436
....size getting too big, writing to Db
Inserted almost 217832 lines

Wrote 769 clean list files
renamed directory /home/armita/pixel/staging --> /home/armita/pixel/current
Found 2 save data paths
Read 769 clean list file
Dir path is /mnt/adnetik/adnetik-uservervillage/prod/userver_log/pixel/2013-07-02/
Read 1200 paths for daylist [2013-07-02]
Found 431 new paths
.Done with file 0/431
......size getting too big, writing to Db
Inserted almost 235926 lines

Wrote 776 clean list files
renamed directory /home/armita/pixel/staging --> /home/armita/pixel/current
Found 2 save data paths
Read 776 clean list file
Dir path is /mnt/adnetik/adnetik-uservervillage/prod/userver_log/pixel/2013-07-02/
Read 1200 paths for daylist [2013-07-02]
Found 424 new paths
.Done with file 0/424
......size getting too big, writing to Db
Inserted almost 266909 lines

Wrote 783 clean list files
renamed directory /home/armita/pixel/staging --> /home/armita/pixel/current
Found 2 save data paths
Read 783 clean list file
Dir path is /mnt/adnetik/adnetik-uservervillage/prod/userver_log/pixel/2013-07-02/
Read 1200 paths for daylist [2013-07-02]
Found 417 new paths
.Done with file 0/417
...size getting too big, writing to Db
Inserted almost 206664 lines

Wrote 787 clean list files
renamed directory /home/armita/pixel/staging --> /home/armita/pixel/current
Found 2 save data paths
Read 787 clean list file
Dir path is /mnt/adnetik/adnetik-uservervillage/prod/userver_log/pixel/2013-07-02/
Read 1200 paths for daylist [2013-07-02]
Found 413 new paths
.Done with file 0/413
...size getting too big, writing to Db
Inserted almost 206570 lines

Wrote 791 clean list files
renamed directory /home/armita/pixel/staging --> /home/armita/pixel/current
Found 2 save data paths
Read 791 clean list file
Dir path is /mnt/adnetik/adnetik-uservervillage/prod/userver_log/pixel/2013-07-02/
Read 1200 paths for daylist [2013-07-02]
Found 409 new paths
.Done with file 0/409
.....size getting too big, writing to Db
Inserted almost 218312 lines

Wrote 797 clean list files
renamed directory /home/armita/pixel/staging --> /home/armita/pixel/current
Found 2 save data paths
Read 797 clean list file
Dir path is /mnt/adnetik/adnetik-uservervillage/prod/userver_log/pixel/2013-07-02/
Read 1200 paths for daylist [2013-07-02]
Found 403 new paths
.Done with file 0/403
....size getting too big, writing to Db
Inserted almost 221469 lines

Wrote 802 clean list files
renamed directory /home/armita/pixel/staging --> /home/armita/pixel/current
Found 2 save data paths
Read 802 clean list file
Dir path is /mnt/adnetik/adnetik-uservervillage/prod/userver_log/pixel/2013-07-02/
Read 1200 paths for daylist [2013-07-02]
Found 398 new paths
.Done with file 0/398
...size getting too big, writing to Db
Inserted almost 201432 lines

Wrote 806 clean list files
renamed directory /home/armita/pixel/staging --> /home/armita/pixel/current
Found 2 save data paths
Read 806 clean list file
Dir path is /mnt/adnetik/adnetik-uservervillage/prod/userver_log/pixel/2013-07-02/
Read 1200 paths for daylist [2013-07-02]
Found 394 new paths
.Done with file 0/394
.....size getting too big, writing to Db
Inserted almost 234631 lines

Wrote 812 clean list files
renamed directory /home/armita/pixel/staging --> /home/armita/pixel/current
Found 2 save data paths
Read 812 clean list file
Dir path is /mnt/adnetik/adnetik-uservervillage/prod/userver_log/pixel/2013-07-02/
Read 1200 paths for daylist [2013-07-02]
Found 388 new paths
.Done with file 0/388
.....size getting too big, writing to Db
Inserted almost 242574 lines

Wrote 818 clean list files
renamed directory /home/armita/pixel/staging --> /home/armita/pixel/current
Found 2 save data paths
Read 818 clean list file
Dir path is /mnt/adnetik/adnetik-uservervillage/prod/userver_log/pixel/2013-07-02/
Read 1200 paths for daylist [2013-07-02]
Found 382 new paths
.Done with file 0/382
......size getting too big, writing to Db
Inserted almost 226191 lines

Wrote 825 clean list files
renamed directory /home/armita/pixel/staging --> /home/armita/pixel/current
Found 2 save data paths
Read 825 clean list file
Dir path is /mnt/adnetik/adnetik-uservervillage/prod/userver_log/pixel/2013-07-02/
Read 1200 paths for daylist [2013-07-02]
Found 375 new paths
.Done with file 0/375
...size getting too big, writing to Db
Inserted almost 200111 lines

Wrote 829 clean list files
renamed directory /home/armita/pixel/staging --> /home/armita/pixel/current
Found 2 save data paths
Read 829 clean list file
Dir path is /mnt/adnetik/adnetik-uservervillage/prod/userver_log/pixel/2013-07-02/
Read 1200 paths for daylist [2013-07-02]
Found 371 new paths
.Done with file 0/371
....size getting too big, writing to Db
Inserted almost 215740 lines

Wrote 834 clean list files
renamed directory /home/armita/pixel/staging --> /home/armita/pixel/current
Found 2 save data paths
Read 834 clean list file
Dir path is /mnt/adnetik/adnetik-uservervillage/prod/userver_log/pixel/2013-07-02/
Read 1200 paths for daylist [2013-07-02]
Found 366 new paths
.Done with file 0/366
.......size getting too big, writing to Db
Inserted almost 255873 lines

Wrote 842 clean list files
renamed directory /home/armita/pixel/staging --> /home/armita/pixel/current
Found 2 save data paths
Read 842 clean list file
Dir path is /mnt/adnetik/adnetik-uservervillage/prod/userver_log/pixel/2013-07-02/
Read 1200 paths for daylist [2013-07-02]
Found 358 new paths
.Done with file 0/358
......size getting too big, writing to Db
Inserted almost 259052 lines

Wrote 849 clean list files
renamed directory /home/armita/pixel/staging --> /home/armita/pixel/current
Found 2 save data paths
Read 849 clean list file
Dir path is /mnt/adnetik/adnetik-uservervillage/prod/userver_log/pixel/2013-07-02/
Read 1200 paths for daylist [2013-07-02]
Found 351 new paths
.Done with file 0/351
.....size getting too big, writing to Db
Inserted almost 223094 lines

Wrote 855 clean list files
renamed directory /home/armita/pixel/staging --> /home/armita/pixel/current
Found 2 save data paths
Read 855 clean list file
Dir path is /mnt/adnetik/adnetik-uservervillage/prod/userver_log/pixel/2013-07-02/
Read 1200 paths for daylist [2013-07-02]
Found 345 new paths
.Done with file 0/345
.......size getting too big, writing to Db
Inserted almost 222307 lines

Wrote 863 clean list files
renamed directory /home/armita/pixel/staging --> /home/armita/pixel/current
Found 2 save data paths
Read 863 clean list file
Dir path is /mnt/adnetik/adnetik-uservervillage/prod/userver_log/pixel/2013-07-02/
Read 1200 paths for daylist [2013-07-02]
Found 337 new paths
.Done with file 0/337
...size getting too big, writing to Db
Inserted almost 205442 lines

Wrote 867 clean list files
renamed directory /home/armita/pixel/staging --> /home/armita/pixel/current
Found 2 save data paths
Read 867 clean list file
Dir path is /mnt/adnetik/adnetik-uservervillage/prod/userver_log/pixel/2013-07-02/
Read 1200 paths for daylist [2013-07-02]
Found 333 new paths
.Done with file 0/333
....size getting too big, writing to Db
Inserted almost 216813 lines

Wrote 872 clean list files
renamed directory /home/armita/pixel/staging --> /home/armita/pixel/current
Found 2 save data paths
Read 872 clean list file
Dir path is /mnt/adnetik/adnetik-uservervillage/prod/userver_log/pixel/2013-07-02/
Read 1200 paths for daylist [2013-07-02]
Found 328 new paths
.Done with file 0/328
.......size getting too big, writing to Db
Inserted almost 239150 lines

Wrote 880 clean list files
renamed directory /home/armita/pixel/staging --> /home/armita/pixel/current
Found 2 save data paths
Read 880 clean list file
Dir path is /mnt/adnetik/adnetik-uservervillage/prod/userver_log/pixel/2013-07-02/
Read 1200 paths for daylist [2013-07-02]
Found 320 new paths
.Done with file 0/320
......size getting too big, writing to Db
Inserted almost 219345 lines

Wrote 887 clean list files
renamed directory /home/armita/pixel/staging --> /home/armita/pixel/current
Found 2 save data paths
Read 887 clean list file
Dir path is /mnt/adnetik/adnetik-uservervillage/prod/userver_log/pixel/2013-07-02/
Read 1200 paths for daylist [2013-07-02]
Found 313 new paths
.Done with file 0/313
.....size getting too big, writing to Db
Inserted almost 200002 lines

Wrote 893 clean list files
renamed directory /home/armita/pixel/staging --> /home/armita/pixel/current
Found 2 save data paths
Read 893 clean list file
Dir path is /mnt/adnetik/adnetik-uservervillage/prod/userver_log/pixel/2013-07-02/
Read 1200 paths for daylist [2013-07-02]
Found 307 new paths
.Done with file 0/307
.....size getting too big, writing to Db
Inserted almost 205395 lines

Wrote 899 clean list files
renamed directory /home/armita/pixel/staging --> /home/armita/pixel/current
Found 2 save data paths
Read 899 clean list file
Dir path is /mnt/adnetik/adnetik-uservervillage/prod/userver_log/pixel/2013-07-02/
Read 1200 paths for daylist [2013-07-02]
Found 301 new paths
.Done with file 0/301
......size getting too big, writing to Db
Inserted almost 207743 lines

Wrote 906 clean list files
renamed directory /home/armita/pixel/staging --> /home/armita/pixel/current
Found 2 save data paths
Read 906 clean list file
Dir path is /mnt/adnetik/adnetik-uservervillage/prod/userver_log/pixel/2013-07-02/
Read 1200 paths for daylist [2013-07-02]
Found 294 new paths
.Done with file 0/294
......size getting too big, writing to Db
Inserted almost 239060 lines

Wrote 913 clean list files
renamed directory /home/armita/pixel/staging --> /home/armita/pixel/current
Found 2 save data paths
Read 913 clean list file
Dir path is /mnt/adnetik/adnetik-uservervillage/prod/userver_log/pixel/2013-07-02/
Read 1200 paths for daylist [2013-07-02]
Found 287 new paths
.Done with file 0/287
.......size getting too big, writing to Db
Inserted almost 236802 lines

Wrote 921 clean list files
renamed directory /home/armita/pixel/staging --> /home/armita/pixel/current
Found 2 save data paths
Read 921 clean list file
Dir path is /mnt/adnetik/adnetik-uservervillage/prod/userver_log/pixel/2013-07-02/
Read 1200 paths for daylist [2013-07-02]
Found 279 new paths
.Done with file 0/279
......size getting too big, writing to Db
Inserted almost 203110 lines

Wrote 928 clean list files
renamed directory /home/armita/pixel/staging --> /home/armita/pixel/current
Found 2 save data paths
Read 928 clean list file
Dir path is /mnt/adnetik/adnetik-uservervillage/prod/userver_log/pixel/2013-07-02/
Read 1200 paths for daylist [2013-07-02]
Found 272 new paths
.Done with file 0/272
......size getting too big, writing to Db
Inserted almost 234096 lines

Wrote 935 clean list files
renamed directory /home/armita/pixel/staging --> /home/armita/pixel/current
Found 2 save data paths
Read 935 clean list file
Dir path is /mnt/adnetik/adnetik-uservervillage/prod/userver_log/pixel/2013-07-02/
Read 1200 paths for daylist [2013-07-02]
Found 265 new paths
.Done with file 0/265
......size getting too big, writing to Db
Inserted almost 213476 lines

Wrote 942 clean list files
renamed directory /home/armita/pixel/staging --> /home/armita/pixel/current
Found 2 save data paths
Read 942 clean list file
Dir path is /mnt/adnetik/adnetik-uservervillage/prod/userver_log/pixel/2013-07-02/
Read 1200 paths for daylist [2013-07-02]
Found 258 new paths
.Done with file 0/258
........size getting too big, writing to Db
Inserted almost 214661 lines

Wrote 951 clean list files
renamed directory /home/armita/pixel/staging --> /home/armita/pixel/current
Found 2 save data paths
Read 951 clean list file
Dir path is /mnt/adnetik/adnetik-uservervillage/prod/userver_log/pixel/2013-07-02/
Read 1200 paths for daylist [2013-07-02]
Found 249 new paths
.Done with file 0/249
......size getting too big, writing to Db
Inserted almost 203294 lines

Wrote 958 clean list files
renamed directory /home/armita/pixel/staging --> /home/armita/pixel/current
Found 2 save data paths
Read 958 clean list file
Dir path is /mnt/adnetik/adnetik-uservervillage/prod/userver_log/pixel/2013-07-02/
Read 1200 paths for daylist [2013-07-02]
Found 242 new paths
.Done with file 0/242
.....size getting too big, writing to Db
Inserted almost 218504 lines

Wrote 964 clean list files
renamed directory /home/armita/pixel/staging --> /home/armita/pixel/current
Found 2 save data paths
Read 964 clean list file
Dir path is /mnt/adnetik/adnetik-uservervillage/prod/userver_log/pixel/2013-07-02/
Read 1200 paths for daylist [2013-07-02]
Found 236 new paths
.Done with file 0/236
..........Done with file 10/236
size getting too big, writing to Db
Inserted almost 207934 lines

Wrote 975 clean list files
renamed directory /home/armita/pixel/staging --> /home/armita/pixel/current
Found 2 save data paths
Read 975 clean list file
Dir path is /mnt/adnetik/adnetik-uservervillage/prod/userver_log/pixel/2013-07-02/
Read 1200 paths for daylist [2013-07-02]
Found 225 new paths
.Done with file 0/225
.........size getting too big, writing to Db
Inserted almost 238068 lines

Wrote 985 clean list files
renamed directory /home/armita/pixel/staging --> /home/armita/pixel/current
Found 2 save data paths
Read 985 clean list file
Dir path is /mnt/adnetik/adnetik-uservervillage/prod/userver_log/pixel/2013-07-02/
Read 1200 paths for daylist [2013-07-02]
Found 215 new paths
.Done with file 0/215
........size getting too big, writing to Db
Inserted almost 215620 lines

Wrote 994 clean list files
renamed directory /home/armita/pixel/staging --> /home/armita/pixel/current
Found 2 save data paths
Read 994 clean list file
Dir path is /mnt/adnetik/adnetik-uservervillage/prod/userver_log/pixel/2013-07-02/
Read 1200 paths for daylist [2013-07-02]
Found 206 new paths
.Done with file 0/206
.........size getting too big, writing to Db
Inserted almost 214652 lines

Wrote 1004 clean list files
renamed directory /home/armita/pixel/staging --> /home/armita/pixel/current
Found 2 save data paths
Read 1004 clean list file
Dir path is /mnt/adnetik/adnetik-uservervillage/prod/userver_log/pixel/2013-07-02/
Read 1200 paths for daylist [2013-07-02]
Found 196 new paths
.Done with file 0/196
.......size getting too big, writing to Db
Inserted almost 204595 lines

Wrote 1012 clean list files
renamed directory /home/armita/pixel/staging --> /home/armita/pixel/current
Found 2 save data paths
Read 1012 clean list file
Dir path is /mnt/adnetik/adnetik-uservervillage/prod/userver_log/pixel/2013-07-02/
Read 1200 paths for daylist [2013-07-02]
Found 188 new paths
.Done with file 0/188
........size getting too big, writing to Db
Inserted almost 217719 lines

Wrote 1021 clean list files
renamed directory /home/armita/pixel/staging --> /home/armita/pixel/current
Found 2 save data paths
Read 1021 clean list file
Dir path is /mnt/adnetik/adnetik-uservervillage/prod/userver_log/pixel/2013-07-02/
Read 1200 paths for daylist [2013-07-02]
Found 179 new paths
.Done with file 0/179
..........Done with file 10/179
size getting too big, writing to Db
Inserted almost 215571 lines

Wrote 1032 clean list files
renamed directory /home/armita/pixel/staging --> /home/armita/pixel/current
Found 2 save data paths
Read 1032 clean list file
Dir path is /mnt/adnetik/adnetik-uservervillage/prod/userver_log/pixel/2013-07-02/
Read 1200 paths for daylist [2013-07-02]
Found 168 new paths
.Done with file 0/168
..........Done with file 10/168
.size getting too big, writing to Db
Inserted almost 235348 lines

Wrote 1044 clean list files
renamed directory /home/armita/pixel/staging --> /home/armita/pixel/current
Found 2 save data paths
Read 1044 clean list file
Dir path is /mnt/adnetik/adnetik-uservervillage/prod/userver_log/pixel/2013-07-02/
Read 1200 paths for daylist [2013-07-02]
Found 156 new paths
.Done with file 0/156
..........Done with file 10/156
.size getting too big, writing to Db
Inserted almost 230479 lines

Wrote 1056 clean list files
renamed directory /home/armita/pixel/staging --> /home/armita/pixel/current
Found 2 save data paths
Read 1056 clean list file
Dir path is /mnt/adnetik/adnetik-uservervillage/prod/userver_log/pixel/2013-07-02/
Read 1200 paths for daylist [2013-07-02]
Found 144 new paths
.Done with file 0/144
..........Done with file 10/144
size getting too big, writing to Db
Inserted almost 236052 lines

Wrote 1067 clean list files
renamed directory /home/armita/pixel/staging --> /home/armita/pixel/current
Found 2 save data paths
Read 1067 clean list file
Dir path is /mnt/adnetik/adnetik-uservervillage/prod/userver_log/pixel/2013-07-02/
Read 1200 paths for daylist [2013-07-02]
Found 133 new paths
.Done with file 0/133
..........Done with file 10/133
size getting too big, writing to Db
Inserted almost 200170 lines

Wrote 1078 clean list files
renamed directory /home/armita/pixel/staging --> /home/armita/pixel/current
Found 2 save data paths
Read 1078 clean list file
Dir path is /mnt/adnetik/adnetik-uservervillage/prod/userver_log/pixel/2013-07-02/
Read 1200 paths for daylist [2013-07-02]
Found 122 new paths
.Done with file 0/122
..........Done with file 10/122
size getting too big, writing to Db
Inserted almost 204596 lines

Wrote 1089 clean list files
renamed directory /home/armita/pixel/staging --> /home/armita/pixel/current
Found 2 save data paths
Read 1089 clean list file
Dir path is /mnt/adnetik/adnetik-uservervillage/prod/userver_log/pixel/2013-07-02/
Read 1200 paths for daylist [2013-07-02]
Found 111 new paths
.Done with file 0/111
..........Done with file 10/111
size getting too big, writing to Db
Inserted almost 200127 lines

Wrote 1100 clean list files
renamed directory /home/armita/pixel/staging --> /home/armita/pixel/current
Found 2 save data paths
Read 1100 clean list file
Dir path is /mnt/adnetik/adnetik-uservervillage/prod/userver_log/pixel/2013-07-02/
Read 1200 paths for daylist [2013-07-02]
Found 100 new paths
.Done with file 0/100
........size getting too big, writing to Db
Inserted almost 206850 lines

Wrote 1109 clean list files
renamed directory /home/armita/pixel/staging --> /home/armita/pixel/current
Found 2 save data paths
Read 1109 clean list file
Dir path is /mnt/adnetik/adnetik-uservervillage/prod/userver_log/pixel/2013-07-02/
Read 1200 paths for daylist [2013-07-02]
Found 91 new paths
.Done with file 0/91
..........Done with file 10/91
.....size getting too big, writing to Db
Inserted almost 203064 lines

Wrote 1125 clean list files
renamed directory /home/armita/pixel/staging --> /home/armita/pixel/current
Found 2 save data paths
Read 1125 clean list file
Dir path is /mnt/adnetik/adnetik-uservervillage/prod/userver_log/pixel/2013-07-02/
Read 1200 paths for daylist [2013-07-02]
Found 75 new paths
.Done with file 0/75
..........Done with file 10/75
...size getting too big, writing to Db
Inserted almost 205369 lines

Wrote 1139 clean list files
renamed directory /home/armita/pixel/staging --> /home/armita/pixel/current
Found 2 save data paths
Read 1139 clean list file
Dir path is /mnt/adnetik/adnetik-uservervillage/prod/userver_log/pixel/2013-07-02/
Read 1200 paths for daylist [2013-07-02]
Found 61 new paths
.Done with file 0/61
..........Done with file 10/61
size getting too big, writing to Db
Inserted almost 220626 lines

Wrote 1150 clean list files
renamed directory /home/armita/pixel/staging --> /home/armita/pixel/current
Found 2 save data paths
Read 1150 clean list file
Dir path is /mnt/adnetik/adnetik-uservervillage/prod/userver_log/pixel/2013-07-02/
Read 1200 paths for daylist [2013-07-02]
Found 50 new paths
.Done with file 0/50
..........Done with file 10/50
......size getting too big, writing to Db
Inserted almost 211176 lines

Wrote 1167 clean list files
renamed directory /home/armita/pixel/staging --> /home/armita/pixel/current
Found 2 save data paths
Read 1167 clean list file
Dir path is /mnt/adnetik/adnetik-uservervillage/prod/userver_log/pixel/2013-07-02/
Read 1200 paths for daylist [2013-07-02]
Found 33 new paths
.Done with file 0/33
..........Done with file 10/33
...size getting too big, writing to Db
Inserted almost 201674 lines

Wrote 1181 clean list files
renamed directory /home/armita/pixel/staging --> /home/armita/pixel/current
Found 2 save data paths
Read 1181 clean list file
Dir path is /mnt/adnetik/adnetik-uservervillage/prod/userver_log/pixel/2013-07-02/
Read 1200 paths for daylist [2013-07-02]
Found 19 new paths
.Done with file 0/19
..........Done with file 10/19
....size getting too big, writing to Db
Inserted almost 216564 lines

Wrote 1196 clean list files
renamed directory /home/armita/pixel/staging --> /home/armita/pixel/current
Found 2 save data paths
Read 1196 clean list file
Dir path is /mnt/adnetik/adnetik-uservervillage/prod/userver_log/pixel/2013-07-02/
Read 1200 paths for daylist [2013-07-02]
Found 4 new paths
.Done with file 0/4
...number of broken lines:+0 

writing to Db

Inserted almost 47622 lines

done writing to Db

Wrote 1200 clean list files
renamed directory /home/armita/pixel/staging --> /home/armita/pixel/current
