nohup: ignoring input
processing date : 2013-06-07
Found 3 save data paths
Read 49938 clean list file
Dir path is /mnt/adnetik/adnetik-uservervillage/prod/userver_log/pixel/2013-06-07/
Read 1151 paths for daylist [2013-06-07]
Found 1151 new paths
.Done with file 0/1151
..........Done with file 10/1151
.....size getting too big, writing to Db
Inserted almost 206963 lines

Wrote 49954 clean list files
renamed directory /home/armita/pixel/staging --> /home/armita/pixel/current
Found 2 save data paths
Read 49954 clean list file
Dir path is /mnt/adnetik/adnetik-uservervillage/prod/userver_log/pixel/2013-06-07/
Read 1151 paths for daylist [2013-06-07]
Found 1135 new paths
.Done with file 0/1135
..........Done with file 10/1135
....size getting too big, writing to Db
Inserted almost 203160 lines

Wrote 49969 clean list files
renamed directory /home/armita/pixel/staging --> /home/armita/pixel/current
Found 2 save data paths
Read 49969 clean list file
Dir path is /mnt/adnetik/adnetik-uservervillage/prod/userver_log/pixel/2013-06-07/
Read 1151 paths for daylist [2013-06-07]
Found 1120 new paths
.Done with file 0/1120
..........Done with file 10/1120
....size getting too big, writing to Db
Inserted almost 203956 lines

Wrote 49984 clean list files
renamed directory /home/armita/pixel/staging --> /home/armita/pixel/current
Found 2 save data paths
Read 49984 clean list file
Dir path is /mnt/adnetik/adnetik-uservervillage/prod/userver_log/pixel/2013-06-07/
Read 1151 paths for daylist [2013-06-07]
Found 1105 new paths
.Done with file 0/1105
..........Done with file 10/1105
....size getting too big, writing to Db
Inserted almost 208131 lines

Wrote 49999 clean list files
renamed directory /home/armita/pixel/staging --> /home/armita/pixel/current
Found 2 save data paths
Read 49999 clean list file
Dir path is /mnt/adnetik/adnetik-uservervillage/prod/userver_log/pixel/2013-06-07/
Read 1151 paths for daylist [2013-06-07]
Found 1090 new paths
.Done with file 0/1090
..........Done with file 10/1090
..size getting too big, writing to Db
Inserted almost 204385 lines

Wrote 50012 clean list files
renamed directory /home/armita/pixel/staging --> /home/armita/pixel/current
Found 2 save data paths
Read 50012 clean list file
Dir path is /mnt/adnetik/adnetik-uservervillage/prod/userver_log/pixel/2013-06-07/
Read 1151 paths for daylist [2013-06-07]
Found 1077 new paths
.Done with file 0/1077
..........Done with file 10/1077
.size getting too big, writing to Db
Inserted almost 203074 lines

Wrote 50024 clean list files
renamed directory /home/armita/pixel/staging --> /home/armita/pixel/current
Found 2 save data paths
Read 50024 clean list file
Dir path is /mnt/adnetik/adnetik-uservervillage/prod/userver_log/pixel/2013-06-07/
Read 1151 paths for daylist [2013-06-07]
Found 1065 new paths
.Done with file 0/1065
..........Done with file 10/1065
..size getting too big, writing to Db
Inserted almost 218332 lines

Wrote 50037 clean list files
renamed directory /home/armita/pixel/staging --> /home/armita/pixel/current
Found 2 save data paths
Read 50037 clean list file
Dir path is /mnt/adnetik/adnetik-uservervillage/prod/userver_log/pixel/2013-06-07/
Read 1151 paths for daylist [2013-06-07]
Found 1052 new paths
.Done with file 0/1052
........size getting too big, writing to Db
Inserted almost 226848 lines

Wrote 50046 clean list files
renamed directory /home/armita/pixel/staging --> /home/armita/pixel/current
Found 2 save data paths
Read 50046 clean list file
Dir path is /mnt/adnetik/adnetik-uservervillage/prod/userver_log/pixel/2013-06-07/
Read 1151 paths for daylist [2013-06-07]
Found 1043 new paths
.Done with file 0/1043
..........Done with file 10/1043
....size getting too big, writing to Db
Inserted almost 240791 lines

Wrote 50061 clean list files
renamed directory /home/armita/pixel/staging --> /home/armita/pixel/current
Found 2 save data paths
Read 50061 clean list file
Dir path is /mnt/adnetik/adnetik-uservervillage/prod/userver_log/pixel/2013-06-07/
Read 1151 paths for daylist [2013-06-07]
Found 1028 new paths
.Done with file 0/1028
.......size getting too big, writing to Db
Inserted almost 241651 lines

Wrote 50069 clean list files
renamed directory /home/armita/pixel/staging --> /home/armita/pixel/current
Found 2 save data paths
Read 50069 clean list file
Dir path is /mnt/adnetik/adnetik-uservervillage/prod/userver_log/pixel/2013-06-07/
Read 1151 paths for daylist [2013-06-07]
Found 1020 new paths
.Done with file 0/1020
.........size getting too big, writing to Db
Inserted almost 234548 lines

Wrote 50079 clean list files
renamed directory /home/armita/pixel/staging --> /home/armita/pixel/current
Found 2 save data paths
Read 50079 clean list file
Dir path is /mnt/adnetik/adnetik-uservervillage/prod/userver_log/pixel/2013-06-07/
Read 1151 paths for daylist [2013-06-07]
Found 1010 new paths
.Done with file 0/1010
.......size getting too big, writing to Db
Inserted almost 213308 lines

Wrote 50087 clean list files
renamed directory /home/armita/pixel/staging --> /home/armita/pixel/current
Found 2 save data paths
Read 50087 clean list file
Dir path is /mnt/adnetik/adnetik-uservervillage/prod/userver_log/pixel/2013-06-07/
Read 1151 paths for daylist [2013-06-07]
Found 1002 new paths
.Done with file 0/1002
.........size getting too big, writing to Db
Inserted almost 202359 lines

Wrote 50097 clean list files
renamed directory /home/armita/pixel/staging --> /home/armita/pixel/current
Found 2 save data paths
Read 50097 clean list file
Dir path is /mnt/adnetik/adnetik-uservervillage/prod/userver_log/pixel/2013-06-07/
Read 1151 paths for daylist [2013-06-07]
Found 992 new paths
.Done with file 0/992
.....size getting too big, writing to Db
Inserted almost 210632 lines

Wrote 50103 clean list files
renamed directory /home/armita/pixel/staging --> /home/armita/pixel/current
Found 2 save data paths
Read 50103 clean list file
Dir path is /mnt/adnetik/adnetik-uservervillage/prod/userver_log/pixel/2013-06-07/
Read 1151 paths for daylist [2013-06-07]
Found 986 new paths
.Done with file 0/986
......size getting too big, writing to Db
Inserted almost 241114 lines

Wrote 50110 clean list files
renamed directory /home/armita/pixel/staging --> /home/armita/pixel/current
Found 2 save data paths
Read 50110 clean list file
Dir path is /mnt/adnetik/adnetik-uservervillage/prod/userver_log/pixel/2013-06-07/
Read 1151 paths for daylist [2013-06-07]
Found 979 new paths
.Done with file 0/979
.........size getting too big, writing to Db
Inserted almost 203972 lines

Wrote 50120 clean list files
renamed directory /home/armita/pixel/staging --> /home/armita/pixel/current
Found 2 save data paths
Read 50120 clean list file
Dir path is /mnt/adnetik/adnetik-uservervillage/prod/userver_log/pixel/2013-06-07/
Read 1151 paths for daylist [2013-06-07]
Found 969 new paths
.Done with file 0/969
....size getting too big, writing to Db
Inserted almost 229423 lines

Wrote 50125 clean list files
renamed directory /home/armita/pixel/staging --> /home/armita/pixel/current
Found 2 save data paths
Read 50125 clean list file
Dir path is /mnt/adnetik/adnetik-uservervillage/prod/userver_log/pixel/2013-06-07/
Read 1151 paths for daylist [2013-06-07]
Found 964 new paths
.Done with file 0/964
.........size getting too big, writing to Db
Inserted almost 204436 lines

Wrote 50135 clean list files
renamed directory /home/armita/pixel/staging --> /home/armita/pixel/current
Found 2 save data paths
Read 50135 clean list file
Dir path is /mnt/adnetik/adnetik-uservervillage/prod/userver_log/pixel/2013-06-07/
Read 1151 paths for daylist [2013-06-07]
Found 954 new paths
.Done with file 0/954
.......size getting too big, writing to Db
Inserted almost 252145 lines

Wrote 50143 clean list files
renamed directory /home/armita/pixel/staging --> /home/armita/pixel/current
Found 2 save data paths
Read 50143 clean list file
Dir path is /mnt/adnetik/adnetik-uservervillage/prod/userver_log/pixel/2013-06-07/
Read 1151 paths for daylist [2013-06-07]
Found 946 new paths
.Done with file 0/946
.....size getting too big, writing to Db
Inserted almost 216359 lines

Wrote 50149 clean list files
renamed directory /home/armita/pixel/staging --> /home/armita/pixel/current
Found 2 save data paths
Read 50149 clean list file
Dir path is /mnt/adnetik/adnetik-uservervillage/prod/userver_log/pixel/2013-06-07/
Read 1151 paths for daylist [2013-06-07]
Found 940 new paths
.Done with file 0/940
........size getting too big, writing to Db
Inserted almost 250707 lines

Wrote 50158 clean list files
renamed directory /home/armita/pixel/staging --> /home/armita/pixel/current
Found 2 save data paths
Read 50158 clean list file
Dir path is /mnt/adnetik/adnetik-uservervillage/prod/userver_log/pixel/2013-06-07/
Read 1151 paths for daylist [2013-06-07]
Found 931 new paths
.Done with file 0/931
........size getting too big, writing to Db
Inserted almost 259192 lines

Wrote 50167 clean list files
renamed directory /home/armita/pixel/staging --> /home/armita/pixel/current
Found 2 save data paths
Read 50167 clean list file
Dir path is /mnt/adnetik/adnetik-uservervillage/prod/userver_log/pixel/2013-06-07/
Read 1151 paths for daylist [2013-06-07]
Found 922 new paths
.Done with file 0/922
.........size getting too big, writing to Db
Inserted almost 211664 lines

Wrote 50177 clean list files
renamed directory /home/armita/pixel/staging --> /home/armita/pixel/current
Found 2 save data paths
Read 50177 clean list file
Dir path is /mnt/adnetik/adnetik-uservervillage/prod/userver_log/pixel/2013-06-07/
Read 1151 paths for daylist [2013-06-07]
Found 912 new paths
.Done with file 0/912
.....size getting too big, writing to Db
Inserted almost 222380 lines

Wrote 50183 clean list files
renamed directory /home/armita/pixel/staging --> /home/armita/pixel/current
Found 2 save data paths
Read 50183 clean list file
Dir path is /mnt/adnetik/adnetik-uservervillage/prod/userver_log/pixel/2013-06-07/
Read 1151 paths for daylist [2013-06-07]
Found 906 new paths
.Done with file 0/906
......size getting too big, writing to Db
Inserted almost 241415 lines

Wrote 50190 clean list files
renamed directory /home/armita/pixel/staging --> /home/armita/pixel/current
Found 2 save data paths
Read 50190 clean list file
Dir path is /mnt/adnetik/adnetik-uservervillage/prod/userver_log/pixel/2013-06-07/
Read 1151 paths for daylist [2013-06-07]
Found 899 new paths
.Done with file 0/899
........size getting too big, writing to Db
Inserted almost 206165 lines

Wrote 50199 clean list files
renamed directory /home/armita/pixel/staging --> /home/armita/pixel/current
Found 2 save data paths
Read 50199 clean list file
Dir path is /mnt/adnetik/adnetik-uservervillage/prod/userver_log/pixel/2013-06-07/
Read 1151 paths for daylist [2013-06-07]
Found 890 new paths
.Done with file 0/890
........size getting too big, writing to Db
Inserted almost 256192 lines

Wrote 50208 clean list files
renamed directory /home/armita/pixel/staging --> /home/armita/pixel/current
Found 2 save data paths
Read 50208 clean list file
Dir path is /mnt/adnetik/adnetik-uservervillage/prod/userver_log/pixel/2013-06-07/
Read 1151 paths for daylist [2013-06-07]
Found 881 new paths
.Done with file 0/881
....size getting too big, writing to Db
Inserted almost 219556 lines

Wrote 50213 clean list files
renamed directory /home/armita/pixel/staging --> /home/armita/pixel/current
Found 2 save data paths
Read 50213 clean list file
Dir path is /mnt/adnetik/adnetik-uservervillage/prod/userver_log/pixel/2013-06-07/
Read 1151 paths for daylist [2013-06-07]
Found 876 new paths
.Done with file 0/876
.......size getting too big, writing to Db
Inserted almost 215806 lines

Wrote 50221 clean list files
renamed directory /home/armita/pixel/staging --> /home/armita/pixel/current
Found 2 save data paths
Read 50221 clean list file
Dir path is /mnt/adnetik/adnetik-uservervillage/prod/userver_log/pixel/2013-06-07/
Read 1151 paths for daylist [2013-06-07]
Found 868 new paths
.Done with file 0/868
.......size getting too big, writing to Db
Inserted almost 203029 lines

Wrote 50229 clean list files
renamed directory /home/armita/pixel/staging --> /home/armita/pixel/current
Found 2 save data paths
Read 50229 clean list file
Dir path is /mnt/adnetik/adnetik-uservervillage/prod/userver_log/pixel/2013-06-07/
Read 1151 paths for daylist [2013-06-07]
Found 860 new paths
.Done with file 0/860
.........size getting too big, writing to Db
Inserted almost 218911 lines

Wrote 50239 clean list files
renamed directory /home/armita/pixel/staging --> /home/armita/pixel/current
Found 2 save data paths
Read 50239 clean list file
Dir path is /mnt/adnetik/adnetik-uservervillage/prod/userver_log/pixel/2013-06-07/
Read 1151 paths for daylist [2013-06-07]
Found 850 new paths
.Done with file 0/850
...size getting too big, writing to Db
Inserted almost 228431 lines

Wrote 50243 clean list files
renamed directory /home/armita/pixel/staging --> /home/armita/pixel/current
Found 2 save data paths
Read 50243 clean list file
Dir path is /mnt/adnetik/adnetik-uservervillage/prod/userver_log/pixel/2013-06-07/
Read 1151 paths for daylist [2013-06-07]
Found 846 new paths
.Done with file 0/846
......size getting too big, writing to Db
Inserted almost 208288 lines

Wrote 50250 clean list files
renamed directory /home/armita/pixel/staging --> /home/armita/pixel/current
Found 2 save data paths
Read 50250 clean list file
Dir path is /mnt/adnetik/adnetik-uservervillage/prod/userver_log/pixel/2013-06-07/
Read 1151 paths for daylist [2013-06-07]
Found 839 new paths
.Done with file 0/839
.....size getting too big, writing to Db
Inserted almost 202556 lines

Wrote 50256 clean list files
renamed directory /home/armita/pixel/staging --> /home/armita/pixel/current
Found 2 save data paths
Read 50256 clean list file
Dir path is /mnt/adnetik/adnetik-uservervillage/prod/userver_log/pixel/2013-06-07/
Read 1151 paths for daylist [2013-06-07]
Found 833 new paths
.Done with file 0/833
.......size getting too big, writing to Db
Inserted almost 217022 lines

Wrote 50264 clean list files
renamed directory /home/armita/pixel/staging --> /home/armita/pixel/current
Found 2 save data paths
Read 50264 clean list file
Dir path is /mnt/adnetik/adnetik-uservervillage/prod/userver_log/pixel/2013-06-07/
Read 1151 paths for daylist [2013-06-07]
Found 825 new paths
.Done with file 0/825
.....size getting too big, writing to Db
Inserted almost 282641 lines

Wrote 50270 clean list files
renamed directory /home/armita/pixel/staging --> /home/armita/pixel/current
Found 2 save data paths
Read 50270 clean list file
Dir path is /mnt/adnetik/adnetik-uservervillage/prod/userver_log/pixel/2013-06-07/
Read 1151 paths for daylist [2013-06-07]
Found 819 new paths
.Done with file 0/819
....size getting too big, writing to Db
Inserted almost 210848 lines

Wrote 50275 clean list files
renamed directory /home/armita/pixel/staging --> /home/armita/pixel/current
Found 2 save data paths
Read 50275 clean list file
Dir path is /mnt/adnetik/adnetik-uservervillage/prod/userver_log/pixel/2013-06-07/
Read 1151 paths for daylist [2013-06-07]
Found 814 new paths
.Done with file 0/814
.......size getting too big, writing to Db
Inserted almost 271590 lines

Wrote 50283 clean list files
renamed directory /home/armita/pixel/staging --> /home/armita/pixel/current
Found 2 save data paths
Read 50283 clean list file
Dir path is /mnt/adnetik/adnetik-uservervillage/prod/userver_log/pixel/2013-06-07/
Read 1151 paths for daylist [2013-06-07]
Found 806 new paths
.Done with file 0/806
.....size getting too big, writing to Db
Inserted almost 212568 lines

Wrote 50289 clean list files
renamed directory /home/armita/pixel/staging --> /home/armita/pixel/current
Found 2 save data paths
Read 50289 clean list file
Dir path is /mnt/adnetik/adnetik-uservervillage/prod/userver_log/pixel/2013-06-07/
Read 1151 paths for daylist [2013-06-07]
Found 800 new paths
.Done with file 0/800
......size getting too big, writing to Db
Inserted almost 259300 lines

Wrote 50296 clean list files
renamed directory /home/armita/pixel/staging --> /home/armita/pixel/current
Found 2 save data paths
Read 50296 clean list file
Dir path is /mnt/adnetik/adnetik-uservervillage/prod/userver_log/pixel/2013-06-07/
Read 1151 paths for daylist [2013-06-07]
Found 793 new paths
.Done with file 0/793
....size getting too big, writing to Db
Inserted almost 222338 lines

Wrote 50301 clean list files
renamed directory /home/armita/pixel/staging --> /home/armita/pixel/current
Found 2 save data paths
Read 50301 clean list file
Dir path is /mnt/adnetik/adnetik-uservervillage/prod/userver_log/pixel/2013-06-07/
Read 1151 paths for daylist [2013-06-07]
Found 788 new paths
.Done with file 0/788
......size getting too big, writing to Db
Inserted almost 205555 lines

Wrote 50308 clean list files
renamed directory /home/armita/pixel/staging --> /home/armita/pixel/current
Found 2 save data paths
Read 50308 clean list file
Dir path is /mnt/adnetik/adnetik-uservervillage/prod/userver_log/pixel/2013-06-07/
Read 1151 paths for daylist [2013-06-07]
Found 781 new paths
.Done with file 0/781
....size getting too big, writing to Db
Inserted almost 218216 lines

Wrote 50313 clean list files
renamed directory /home/armita/pixel/staging --> /home/armita/pixel/current
Found 2 save data paths
Read 50313 clean list file
Dir path is /mnt/adnetik/adnetik-uservervillage/prod/userver_log/pixel/2013-06-07/
Read 1151 paths for daylist [2013-06-07]
Found 776 new paths
.Done with file 0/776
...size getting too big, writing to Db
Inserted almost 225391 lines

Wrote 50317 clean list files
renamed directory /home/armita/pixel/staging --> /home/armita/pixel/current
Found 2 save data paths
Read 50317 clean list file
Dir path is /mnt/adnetik/adnetik-uservervillage/prod/userver_log/pixel/2013-06-07/
Read 1151 paths for daylist [2013-06-07]
Found 772 new paths
.Done with file 0/772
....size getting too big, writing to Db
Inserted almost 211329 lines

Wrote 50322 clean list files
renamed directory /home/armita/pixel/staging --> /home/armita/pixel/current
Found 2 save data paths
Read 50322 clean list file
Dir path is /mnt/adnetik/adnetik-uservervillage/prod/userver_log/pixel/2013-06-07/
Read 1151 paths for daylist [2013-06-07]
Found 767 new paths
.Done with file 0/767
.....size getting too big, writing to Db
Inserted almost 254584 lines

Wrote 50328 clean list files
renamed directory /home/armita/pixel/staging --> /home/armita/pixel/current
Found 2 save data paths
Read 50328 clean list file
Dir path is /mnt/adnetik/adnetik-uservervillage/prod/userver_log/pixel/2013-06-07/
Read 1151 paths for daylist [2013-06-07]
Found 761 new paths
.Done with file 0/761
.....size getting too big, writing to Db
Inserted almost 204645 lines

Wrote 50334 clean list files
renamed directory /home/armita/pixel/staging --> /home/armita/pixel/current
Found 2 save data paths
Read 50334 clean list file
Dir path is /mnt/adnetik/adnetik-uservervillage/prod/userver_log/pixel/2013-06-07/
Read 1151 paths for daylist [2013-06-07]
Found 755 new paths
.Done with file 0/755
..size getting too big, writing to Db
Inserted almost 209362 lines

Wrote 50337 clean list files
renamed directory /home/armita/pixel/staging --> /home/armita/pixel/current
Found 2 save data paths
Read 50337 clean list file
Dir path is /mnt/adnetik/adnetik-uservervillage/prod/userver_log/pixel/2013-06-07/
Read 1151 paths for daylist [2013-06-07]
Found 752 new paths
.Done with file 0/752
....size getting too big, writing to Db
Inserted almost 200004 lines

Wrote 50342 clean list files
renamed directory /home/armita/pixel/staging --> /home/armita/pixel/current
Found 2 save data paths
Read 50342 clean list file
Dir path is /mnt/adnetik/adnetik-uservervillage/prod/userver_log/pixel/2013-06-07/
Read 1151 paths for daylist [2013-06-07]
Found 747 new paths
.Done with file 0/747
...size getting too big, writing to Db
Inserted almost 231461 lines

Wrote 50346 clean list files
renamed directory /home/armita/pixel/staging --> /home/armita/pixel/current
Found 2 save data paths
Read 50346 clean list file
Dir path is /mnt/adnetik/adnetik-uservervillage/prod/userver_log/pixel/2013-06-07/
Read 1151 paths for daylist [2013-06-07]
Found 743 new paths
.Done with file 0/743
.....size getting too big, writing to Db
Inserted almost 275447 lines

Wrote 50352 clean list files
renamed directory /home/armita/pixel/staging --> /home/armita/pixel/current
Found 2 save data paths
Read 50352 clean list file
Dir path is /mnt/adnetik/adnetik-uservervillage/prod/userver_log/pixel/2013-06-07/
Read 1151 paths for daylist [2013-06-07]
Found 737 new paths
.Done with file 0/737
.....size getting too big, writing to Db
Inserted almost 219264 lines

Wrote 50358 clean list files
renamed directory /home/armita/pixel/staging --> /home/armita/pixel/current
Found 2 save data paths
Read 50358 clean list file
Dir path is /mnt/adnetik/adnetik-uservervillage/prod/userver_log/pixel/2013-06-07/
Read 1151 paths for daylist [2013-06-07]
Found 731 new paths
.Done with file 0/731
...size getting too big, writing to Db
Inserted almost 212558 lines

Wrote 50362 clean list files
renamed directory /home/armita/pixel/staging --> /home/armita/pixel/current
Found 2 save data paths
Read 50362 clean list file
Dir path is /mnt/adnetik/adnetik-uservervillage/prod/userver_log/pixel/2013-06-07/
Read 1151 paths for daylist [2013-06-07]
Found 727 new paths
.Done with file 0/727
...size getting too big, writing to Db
Inserted almost 224725 lines

Wrote 50366 clean list files
renamed directory /home/armita/pixel/staging --> /home/armita/pixel/current
Found 2 save data paths
Read 50366 clean list file
Dir path is /mnt/adnetik/adnetik-uservervillage/prod/userver_log/pixel/2013-06-07/
Read 1151 paths for daylist [2013-06-07]
Found 723 new paths
.Done with file 0/723
....size getting too big, writing to Db
Inserted almost 200657 lines

Wrote 50371 clean list files
renamed directory /home/armita/pixel/staging --> /home/armita/pixel/current
Found 2 save data paths
Read 50371 clean list file
Dir path is /mnt/adnetik/adnetik-uservervillage/prod/userver_log/pixel/2013-06-07/
Read 1151 paths for daylist [2013-06-07]
Found 718 new paths
.Done with file 0/718
....size getting too big, writing to Db
Inserted almost 262947 lines

Wrote 50376 clean list files
renamed directory /home/armita/pixel/staging --> /home/armita/pixel/current
Found 2 save data paths
Read 50376 clean list file
Dir path is /mnt/adnetik/adnetik-uservervillage/prod/userver_log/pixel/2013-06-07/
Read 1151 paths for daylist [2013-06-07]
Found 713 new paths
.Done with file 0/713
...size getting too big, writing to Db
Inserted almost 220551 lines

Wrote 50380 clean list files
renamed directory /home/armita/pixel/staging --> /home/armita/pixel/current
Found 2 save data paths
Read 50380 clean list file
Dir path is /mnt/adnetik/adnetik-uservervillage/prod/userver_log/pixel/2013-06-07/
Read 1151 paths for daylist [2013-06-07]
Found 709 new paths
.Done with file 0/709
....size getting too big, writing to Db
Inserted almost 242517 lines

Wrote 50385 clean list files
renamed directory /home/armita/pixel/staging --> /home/armita/pixel/current
Found 2 save data paths
Read 50385 clean list file
Dir path is /mnt/adnetik/adnetik-uservervillage/prod/userver_log/pixel/2013-06-07/
Read 1151 paths for daylist [2013-06-07]
Found 704 new paths
.Done with file 0/704
......size getting too big, writing to Db
Inserted almost 231304 lines

Wrote 50392 clean list files
renamed directory /home/armita/pixel/staging --> /home/armita/pixel/current
Found 2 save data paths
Read 50392 clean list file
Dir path is /mnt/adnetik/adnetik-uservervillage/prod/userver_log/pixel/2013-06-07/
Read 1151 paths for daylist [2013-06-07]
Found 697 new paths
.Done with file 0/697
...size getting too big, writing to Db
Inserted almost 218057 lines

Wrote 50396 clean list files
renamed directory /home/armita/pixel/staging --> /home/armita/pixel/current
Found 2 save data paths
Read 50396 clean list file
Dir path is /mnt/adnetik/adnetik-uservervillage/prod/userver_log/pixel/2013-06-07/
Read 1151 paths for daylist [2013-06-07]
Found 693 new paths
.Done with file 0/693
...size getting too big, writing to Db
Inserted almost 238168 lines

Wrote 50400 clean list files
renamed directory /home/armita/pixel/staging --> /home/armita/pixel/current
Found 2 save data paths
Read 50400 clean list file
Dir path is /mnt/adnetik/adnetik-uservervillage/prod/userver_log/pixel/2013-06-07/
Read 1151 paths for daylist [2013-06-07]
Found 689 new paths
.Done with file 0/689
.....size getting too big, writing to Db
Inserted almost 231248 lines

Wrote 50406 clean list files
renamed directory /home/armita/pixel/staging --> /home/armita/pixel/current
Found 2 save data paths
Read 50406 clean list file
Dir path is /mnt/adnetik/adnetik-uservervillage/prod/userver_log/pixel/2013-06-07/
Read 1151 paths for daylist [2013-06-07]
Found 683 new paths
.Done with file 0/683
..size getting too big, writing to Db
Inserted almost 211940 lines

Wrote 50409 clean list files
renamed directory /home/armita/pixel/staging --> /home/armita/pixel/current
Found 2 save data paths
Read 50409 clean list file
Dir path is /mnt/adnetik/adnetik-uservervillage/prod/userver_log/pixel/2013-06-07/
Read 1151 paths for daylist [2013-06-07]
Found 680 new paths
.Done with file 0/680
....size getting too big, writing to Db
Inserted almost 237585 lines

Wrote 50414 clean list files
renamed directory /home/armita/pixel/staging --> /home/armita/pixel/current
Found 2 save data paths
Read 50414 clean list file
Dir path is /mnt/adnetik/adnetik-uservervillage/prod/userver_log/pixel/2013-06-07/
Read 1151 paths for daylist [2013-06-07]
Found 675 new paths
.Done with file 0/675
....size getting too big, writing to Db
Inserted almost 235983 lines

Wrote 50419 clean list files
renamed directory /home/armita/pixel/staging --> /home/armita/pixel/current
Found 2 save data paths
Read 50419 clean list file
Dir path is /mnt/adnetik/adnetik-uservervillage/prod/userver_log/pixel/2013-06-07/
Read 1151 paths for daylist [2013-06-07]
Found 670 new paths
.Done with file 0/670
...size getting too big, writing to Db
Inserted almost 218321 lines

Wrote 50423 clean list files
renamed directory /home/armita/pixel/staging --> /home/armita/pixel/current
Found 2 save data paths
Read 50423 clean list file
Dir path is /mnt/adnetik/adnetik-uservervillage/prod/userver_log/pixel/2013-06-07/
Read 1151 paths for daylist [2013-06-07]
Found 666 new paths
.Done with file 0/666
....size getting too big, writing to Db
Inserted almost 265473 lines

Wrote 50428 clean list files
renamed directory /home/armita/pixel/staging --> /home/armita/pixel/current
Found 2 save data paths
Read 50428 clean list file
Dir path is /mnt/adnetik/adnetik-uservervillage/prod/userver_log/pixel/2013-06-07/
Read 1151 paths for daylist [2013-06-07]
Found 661 new paths
.Done with file 0/661
...size getting too big, writing to Db
Inserted almost 221849 lines

Wrote 50432 clean list files
renamed directory /home/armita/pixel/staging --> /home/armita/pixel/current
Found 2 save data paths
Read 50432 clean list file
Dir path is /mnt/adnetik/adnetik-uservervillage/prod/userver_log/pixel/2013-06-07/
Read 1151 paths for daylist [2013-06-07]
Found 657 new paths
.Done with file 0/657
...size getting too big, writing to Db
Inserted almost 229979 lines

Wrote 50436 clean list files
renamed directory /home/armita/pixel/staging --> /home/armita/pixel/current
Found 2 save data paths
Read 50436 clean list file
Dir path is /mnt/adnetik/adnetik-uservervillage/prod/userver_log/pixel/2013-06-07/
Read 1151 paths for daylist [2013-06-07]
Found 653 new paths
.Done with file 0/653
....size getting too big, writing to Db
Inserted almost 231447 lines

Wrote 50441 clean list files
renamed directory /home/armita/pixel/staging --> /home/armita/pixel/current
Found 2 save data paths
Read 50441 clean list file
Dir path is /mnt/adnetik/adnetik-uservervillage/prod/userver_log/pixel/2013-06-07/
Read 1151 paths for daylist [2013-06-07]
Found 648 new paths
.Done with file 0/648
....size getting too big, writing to Db
Inserted almost 269932 lines

Wrote 50446 clean list files
renamed directory /home/armita/pixel/staging --> /home/armita/pixel/current
Found 2 save data paths
Read 50446 clean list file
Dir path is /mnt/adnetik/adnetik-uservervillage/prod/userver_log/pixel/2013-06-07/
Read 1151 paths for daylist [2013-06-07]
Found 643 new paths
.Done with file 0/643
....size getting too big, writing to Db
Inserted almost 234230 lines

Wrote 50451 clean list files
renamed directory /home/armita/pixel/staging --> /home/armita/pixel/current
Found 2 save data paths
Read 50451 clean list file
Dir path is /mnt/adnetik/adnetik-uservervillage/prod/userver_log/pixel/2013-06-07/
Read 1151 paths for daylist [2013-06-07]
Found 638 new paths
.Done with file 0/638
...size getting too big, writing to Db
Inserted almost 238909 lines

Wrote 50455 clean list files
renamed directory /home/armita/pixel/staging --> /home/armita/pixel/current
Found 2 save data paths
Read 50455 clean list file
Dir path is /mnt/adnetik/adnetik-uservervillage/prod/userver_log/pixel/2013-06-07/
Read 1151 paths for daylist [2013-06-07]
Found 634 new paths
.Done with file 0/634
...size getting too big, writing to Db
Inserted almost 215099 lines

Wrote 50459 clean list files
renamed directory /home/armita/pixel/staging --> /home/armita/pixel/current
Found 2 save data paths
Read 50459 clean list file
Dir path is /mnt/adnetik/adnetik-uservervillage/prod/userver_log/pixel/2013-06-07/
Read 1151 paths for daylist [2013-06-07]
Found 630 new paths
.Done with file 0/630
..size getting too big, writing to Db
Inserted almost 222272 lines

Wrote 50462 clean list files
renamed directory /home/armita/pixel/staging --> /home/armita/pixel/current
Found 2 save data paths
Read 50462 clean list file
Dir path is /mnt/adnetik/adnetik-uservervillage/prod/userver_log/pixel/2013-06-07/
Read 1151 paths for daylist [2013-06-07]
Found 627 new paths
.Done with file 0/627
...size getting too big, writing to Db
Inserted almost 234780 lines

Wrote 50466 clean list files
renamed directory /home/armita/pixel/staging --> /home/armita/pixel/current
Found 2 save data paths
Read 50466 clean list file
Dir path is /mnt/adnetik/adnetik-uservervillage/prod/userver_log/pixel/2013-06-07/
Read 1151 paths for daylist [2013-06-07]
Found 623 new paths
.Done with file 0/623
....size getting too big, writing to Db
Inserted almost 235570 lines

Wrote 50471 clean list files
renamed directory /home/armita/pixel/staging --> /home/armita/pixel/current
Found 2 save data paths
Read 50471 clean list file
Dir path is /mnt/adnetik/adnetik-uservervillage/prod/userver_log/pixel/2013-06-07/
Read 1151 paths for daylist [2013-06-07]
Found 618 new paths
.Done with file 0/618
.....size getting too big, writing to Db
Inserted almost 272859 lines

Wrote 50477 clean list files
renamed directory /home/armita/pixel/staging --> /home/armita/pixel/current
Found 2 save data paths
Read 50477 clean list file
Dir path is /mnt/adnetik/adnetik-uservervillage/prod/userver_log/pixel/2013-06-07/
Read 1151 paths for daylist [2013-06-07]
Found 612 new paths
.Done with file 0/612
....size getting too big, writing to Db
Inserted almost 269226 lines

Wrote 50482 clean list files
renamed directory /home/armita/pixel/staging --> /home/armita/pixel/current
Found 2 save data paths
Read 50482 clean list file
Dir path is /mnt/adnetik/adnetik-uservervillage/prod/userver_log/pixel/2013-06-07/
Read 1151 paths for daylist [2013-06-07]
Found 607 new paths
.Done with file 0/607
..size getting too big, writing to Db
Inserted almost 226518 lines

Wrote 50485 clean list files
renamed directory /home/armita/pixel/staging --> /home/armita/pixel/current
Found 2 save data paths
Read 50485 clean list file
Dir path is /mnt/adnetik/adnetik-uservervillage/prod/userver_log/pixel/2013-06-07/
Read 1151 paths for daylist [2013-06-07]
Found 604 new paths
.Done with file 0/604
...size getting too big, writing to Db
Inserted almost 219266 lines

Wrote 50489 clean list files
renamed directory /home/armita/pixel/staging --> /home/armita/pixel/current
Found 2 save data paths
Read 50489 clean list file
Dir path is /mnt/adnetik/adnetik-uservervillage/prod/userver_log/pixel/2013-06-07/
Read 1151 paths for daylist [2013-06-07]
Found 600 new paths
.Done with file 0/600
....size getting too big, writing to Db
Inserted almost 240201 lines

Wrote 50494 clean list files
renamed directory /home/armita/pixel/staging --> /home/armita/pixel/current
Found 2 save data paths
Read 50494 clean list file
Dir path is /mnt/adnetik/adnetik-uservervillage/prod/userver_log/pixel/2013-06-07/
Read 1151 paths for daylist [2013-06-07]
Found 595 new paths
.Done with file 0/595
....size getting too big, writing to Db
Inserted almost 276236 lines

Wrote 50499 clean list files
renamed directory /home/armita/pixel/staging --> /home/armita/pixel/current
Found 2 save data paths
Read 50499 clean list file
Dir path is /mnt/adnetik/adnetik-uservervillage/prod/userver_log/pixel/2013-06-07/
Read 1151 paths for daylist [2013-06-07]
Found 590 new paths
.Done with file 0/590
...size getting too big, writing to Db
Inserted almost 202277 lines

Wrote 50503 clean list files
renamed directory /home/armita/pixel/staging --> /home/armita/pixel/current
Found 2 save data paths
Read 50503 clean list file
Dir path is /mnt/adnetik/adnetik-uservervillage/prod/userver_log/pixel/2013-06-07/
Read 1151 paths for daylist [2013-06-07]
Found 586 new paths
.Done with file 0/586
...size getting too big, writing to Db
Inserted almost 219749 lines

Wrote 50507 clean list files
renamed directory /home/armita/pixel/staging --> /home/armita/pixel/current
Found 2 save data paths
Read 50507 clean list file
Dir path is /mnt/adnetik/adnetik-uservervillage/prod/userver_log/pixel/2013-06-07/
Read 1151 paths for daylist [2013-06-07]
Found 582 new paths
.Done with file 0/582
.size getting too big, writing to Db
Inserted almost 201141 lines

Wrote 50509 clean list files
renamed directory /home/armita/pixel/staging --> /home/armita/pixel/current
Found 2 save data paths
Read 50509 clean list file
Dir path is /mnt/adnetik/adnetik-uservervillage/prod/userver_log/pixel/2013-06-07/
Read 1151 paths for daylist [2013-06-07]
Found 580 new paths
.Done with file 0/580
...size getting too big, writing to Db
Inserted almost 243557 lines

Wrote 50513 clean list files
renamed directory /home/armita/pixel/staging --> /home/armita/pixel/current
Found 2 save data paths
Read 50513 clean list file
Dir path is /mnt/adnetik/adnetik-uservervillage/prod/userver_log/pixel/2013-06-07/
Read 1151 paths for daylist [2013-06-07]
Found 576 new paths
.Done with file 0/576
.....size getting too big, writing to Db
Inserted almost 270530 lines

Wrote 50519 clean list files
renamed directory /home/armita/pixel/staging --> /home/armita/pixel/current
Found 2 save data paths
Read 50519 clean list file
Dir path is /mnt/adnetik/adnetik-uservervillage/prod/userver_log/pixel/2013-06-07/
Read 1151 paths for daylist [2013-06-07]
Found 570 new paths
.Done with file 0/570
.....size getting too big, writing to Db
Inserted almost 234356 lines

Wrote 50525 clean list files
renamed directory /home/armita/pixel/staging --> /home/armita/pixel/current
Found 2 save data paths
Read 50525 clean list file
Dir path is /mnt/adnetik/adnetik-uservervillage/prod/userver_log/pixel/2013-06-07/
Read 1151 paths for daylist [2013-06-07]
Found 564 new paths
.Done with file 0/564
....size getting too big, writing to Db
Inserted almost 273400 lines

Wrote 50530 clean list files
renamed directory /home/armita/pixel/staging --> /home/armita/pixel/current
Found 2 save data paths
Read 50530 clean list file
Dir path is /mnt/adnetik/adnetik-uservervillage/prod/userver_log/pixel/2013-06-07/
Read 1151 paths for daylist [2013-06-07]
Found 559 new paths
.Done with file 0/559
...size getting too big, writing to Db
Inserted almost 204224 lines

Wrote 50534 clean list files
renamed directory /home/armita/pixel/staging --> /home/armita/pixel/current
Found 2 save data paths
Read 50534 clean list file
Dir path is /mnt/adnetik/adnetik-uservervillage/prod/userver_log/pixel/2013-06-07/
Read 1151 paths for daylist [2013-06-07]
Found 555 new paths
.Done with file 0/555
.....size getting too big, writing to Db
Inserted almost 244328 lines

Wrote 50540 clean list files
renamed directory /home/armita/pixel/staging --> /home/armita/pixel/current
Found 2 save data paths
Read 50540 clean list file
Dir path is /mnt/adnetik/adnetik-uservervillage/prod/userver_log/pixel/2013-06-07/
Read 1151 paths for daylist [2013-06-07]
Found 549 new paths
.Done with file 0/549
..size getting too big, writing to Db
Inserted almost 212161 lines

Wrote 50543 clean list files
renamed directory /home/armita/pixel/staging --> /home/armita/pixel/current
Found 2 save data paths
Read 50543 clean list file
Dir path is /mnt/adnetik/adnetik-uservervillage/prod/userver_log/pixel/2013-06-07/
Read 1151 paths for daylist [2013-06-07]
Found 546 new paths
.Done with file 0/546
.....size getting too big, writing to Db
Inserted almost 265198 lines

Wrote 50549 clean list files
renamed directory /home/armita/pixel/staging --> /home/armita/pixel/current
Found 2 save data paths
Read 50549 clean list file
Dir path is /mnt/adnetik/adnetik-uservervillage/prod/userver_log/pixel/2013-06-07/
Read 1151 paths for daylist [2013-06-07]
Found 540 new paths
.Done with file 0/540
...size getting too big, writing to Db
Inserted almost 209095 lines

Wrote 50553 clean list files
renamed directory /home/armita/pixel/staging --> /home/armita/pixel/current
Found 2 save data paths
Read 50553 clean list file
Dir path is /mnt/adnetik/adnetik-uservervillage/prod/userver_log/pixel/2013-06-07/
Read 1151 paths for daylist [2013-06-07]
Found 536 new paths
.Done with file 0/536
....size getting too big, writing to Db
Inserted almost 240136 lines

Wrote 50558 clean list files
renamed directory /home/armita/pixel/staging --> /home/armita/pixel/current
Found 2 save data paths
Read 50558 clean list file
Dir path is /mnt/adnetik/adnetik-uservervillage/prod/userver_log/pixel/2013-06-07/
Read 1151 paths for daylist [2013-06-07]
Found 531 new paths
.Done with file 0/531
......size getting too big, writing to Db
Inserted almost 243750 lines

Wrote 50565 clean list files
renamed directory /home/armita/pixel/staging --> /home/armita/pixel/current
Found 2 save data paths
Read 50565 clean list file
Dir path is /mnt/adnetik/adnetik-uservervillage/prod/userver_log/pixel/2013-06-07/
Read 1151 paths for daylist [2013-06-07]
Found 524 new paths
.Done with file 0/524
..size getting too big, writing to Db
Inserted almost 209512 lines

Wrote 50568 clean list files
renamed directory /home/armita/pixel/staging --> /home/armita/pixel/current
Found 2 save data paths
Read 50568 clean list file
Dir path is /mnt/adnetik/adnetik-uservervillage/prod/userver_log/pixel/2013-06-07/
Read 1151 paths for daylist [2013-06-07]
Found 521 new paths
.Done with file 0/521
....size getting too big, writing to Db
Inserted almost 203308 lines

Wrote 50573 clean list files
renamed directory /home/armita/pixel/staging --> /home/armita/pixel/current
Found 2 save data paths
Read 50573 clean list file
Dir path is /mnt/adnetik/adnetik-uservervillage/prod/userver_log/pixel/2013-06-07/
Read 1151 paths for daylist [2013-06-07]
Found 516 new paths
.Done with file 0/516
...size getting too big, writing to Db
Inserted almost 223707 lines

Wrote 50577 clean list files
renamed directory /home/armita/pixel/staging --> /home/armita/pixel/current
Found 2 save data paths
Read 50577 clean list file
Dir path is /mnt/adnetik/adnetik-uservervillage/prod/userver_log/pixel/2013-06-07/
Read 1151 paths for daylist [2013-06-07]
Found 512 new paths
.Done with file 0/512
....size getting too big, writing to Db
Inserted almost 210213 lines

Wrote 50582 clean list files
renamed directory /home/armita/pixel/staging --> /home/armita/pixel/current
Found 2 save data paths
Read 50582 clean list file
Dir path is /mnt/adnetik/adnetik-uservervillage/prod/userver_log/pixel/2013-06-07/
Read 1151 paths for daylist [2013-06-07]
Found 507 new paths
.Done with file 0/507
...size getting too big, writing to Db
Inserted almost 200024 lines

Wrote 50586 clean list files
renamed directory /home/armita/pixel/staging --> /home/armita/pixel/current
Found 2 save data paths
Read 50586 clean list file
Dir path is /mnt/adnetik/adnetik-uservervillage/prod/userver_log/pixel/2013-06-07/
Read 1151 paths for daylist [2013-06-07]
Found 503 new paths
.Done with file 0/503
.....size getting too big, writing to Db
Inserted almost 275216 lines

Wrote 50592 clean list files
renamed directory /home/armita/pixel/staging --> /home/armita/pixel/current
Found 2 save data paths
Read 50592 clean list file
Dir path is /mnt/adnetik/adnetik-uservervillage/prod/userver_log/pixel/2013-06-07/
Read 1151 paths for daylist [2013-06-07]
Found 497 new paths
.Done with file 0/497
...size getting too big, writing to Db
Inserted almost 231640 lines

Wrote 50596 clean list files
renamed directory /home/armita/pixel/staging --> /home/armita/pixel/current
Found 2 save data paths
Read 50596 clean list file
Dir path is /mnt/adnetik/adnetik-uservervillage/prod/userver_log/pixel/2013-06-07/
Read 1151 paths for daylist [2013-06-07]
Found 493 new paths
.Done with file 0/493
...size getting too big, writing to Db
Inserted almost 211053 lines

Wrote 50600 clean list files
renamed directory /home/armita/pixel/staging --> /home/armita/pixel/current
Found 2 save data paths
Read 50600 clean list file
Dir path is /mnt/adnetik/adnetik-uservervillage/prod/userver_log/pixel/2013-06-07/
Read 1151 paths for daylist [2013-06-07]
Found 489 new paths
.Done with file 0/489
.......size getting too big, writing to Db
Inserted almost 201355 lines

Wrote 50608 clean list files
renamed directory /home/armita/pixel/staging --> /home/armita/pixel/current
Found 2 save data paths
Read 50608 clean list file
Dir path is /mnt/adnetik/adnetik-uservervillage/prod/userver_log/pixel/2013-06-07/
Read 1151 paths for daylist [2013-06-07]
Found 481 new paths
.Done with file 0/481
...size getting too big, writing to Db
Inserted almost 248706 lines

Wrote 50612 clean list files
renamed directory /home/armita/pixel/staging --> /home/armita/pixel/current
Found 2 save data paths
Read 50612 clean list file
Dir path is /mnt/adnetik/adnetik-uservervillage/prod/userver_log/pixel/2013-06-07/
Read 1151 paths for daylist [2013-06-07]
Found 477 new paths
.Done with file 0/477
...size getting too big, writing to Db
Inserted almost 219973 lines

Wrote 50616 clean list files
renamed directory /home/armita/pixel/staging --> /home/armita/pixel/current
Found 2 save data paths
Read 50616 clean list file
Dir path is /mnt/adnetik/adnetik-uservervillage/prod/userver_log/pixel/2013-06-07/
Read 1151 paths for daylist [2013-06-07]
Found 473 new paths
.Done with file 0/473
...size getting too big, writing to Db
Inserted almost 228385 lines

Wrote 50620 clean list files
renamed directory /home/armita/pixel/staging --> /home/armita/pixel/current
Found 2 save data paths
Read 50620 clean list file
Dir path is /mnt/adnetik/adnetik-uservervillage/prod/userver_log/pixel/2013-06-07/
Read 1151 paths for daylist [2013-06-07]
Found 469 new paths
.Done with file 0/469
.....size getting too big, writing to Db
Inserted almost 226979 lines

Wrote 50626 clean list files
renamed directory /home/armita/pixel/staging --> /home/armita/pixel/current
Found 2 save data paths
Read 50626 clean list file
Dir path is /mnt/adnetik/adnetik-uservervillage/prod/userver_log/pixel/2013-06-07/
Read 1151 paths for daylist [2013-06-07]
Found 463 new paths
.Done with file 0/463
...size getting too big, writing to Db
Inserted almost 235518 lines

Wrote 50630 clean list files
renamed directory /home/armita/pixel/staging --> /home/armita/pixel/current
Found 2 save data paths
Read 50630 clean list file
Dir path is /mnt/adnetik/adnetik-uservervillage/prod/userver_log/pixel/2013-06-07/
Read 1151 paths for daylist [2013-06-07]
Found 459 new paths
.Done with file 0/459
...size getting too big, writing to Db
Inserted almost 252654 lines

Wrote 50634 clean list files
renamed directory /home/armita/pixel/staging --> /home/armita/pixel/current
Found 2 save data paths
Read 50634 clean list file
Dir path is /mnt/adnetik/adnetik-uservervillage/prod/userver_log/pixel/2013-06-07/
Read 1151 paths for daylist [2013-06-07]
Found 455 new paths
.Done with file 0/455
......size getting too big, writing to Db
Inserted almost 227187 lines

Wrote 50641 clean list files
renamed directory /home/armita/pixel/staging --> /home/armita/pixel/current
Found 2 save data paths
Read 50641 clean list file
Dir path is /mnt/adnetik/adnetik-uservervillage/prod/userver_log/pixel/2013-06-07/
Read 1151 paths for daylist [2013-06-07]
Found 448 new paths
.Done with file 0/448
.....size getting too big, writing to Db
Inserted almost 253793 lines

Wrote 50647 clean list files
renamed directory /home/armita/pixel/staging --> /home/armita/pixel/current
Found 2 save data paths
Read 50647 clean list file
Dir path is /mnt/adnetik/adnetik-uservervillage/prod/userver_log/pixel/2013-06-07/
Read 1151 paths for daylist [2013-06-07]
Found 442 new paths
.Done with file 0/442
...size getting too big, writing to Db
Inserted almost 219770 lines

Wrote 50651 clean list files
renamed directory /home/armita/pixel/staging --> /home/armita/pixel/current
Found 2 save data paths
Read 50651 clean list file
Dir path is /mnt/adnetik/adnetik-uservervillage/prod/userver_log/pixel/2013-06-07/
Read 1151 paths for daylist [2013-06-07]
Found 438 new paths
.Done with file 0/438
....size getting too big, writing to Db
Inserted almost 218538 lines

Wrote 50656 clean list files
renamed directory /home/armita/pixel/staging --> /home/armita/pixel/current
Found 2 save data paths
Read 50656 clean list file
Dir path is /mnt/adnetik/adnetik-uservervillage/prod/userver_log/pixel/2013-06-07/
Read 1151 paths for daylist [2013-06-07]
Found 433 new paths
.Done with file 0/433
.....size getting too big, writing to Db
Inserted almost 224465 lines

Wrote 50662 clean list files
renamed directory /home/armita/pixel/staging --> /home/armita/pixel/current
Found 2 save data paths
Read 50662 clean list file
Dir path is /mnt/adnetik/adnetik-uservervillage/prod/userver_log/pixel/2013-06-07/
Read 1151 paths for daylist [2013-06-07]
Found 427 new paths
.Done with file 0/427
.....size getting too big, writing to Db
Inserted almost 251843 lines

Wrote 50668 clean list files
renamed directory /home/armita/pixel/staging --> /home/armita/pixel/current
Found 2 save data paths
Read 50668 clean list file
Dir path is /mnt/adnetik/adnetik-uservervillage/prod/userver_log/pixel/2013-06-07/
Read 1151 paths for daylist [2013-06-07]
Found 421 new paths
.Done with file 0/421
...size getting too big, writing to Db
Inserted almost 236455 lines

Wrote 50672 clean list files
renamed directory /home/armita/pixel/staging --> /home/armita/pixel/current
Found 2 save data paths
Read 50672 clean list file
Dir path is /mnt/adnetik/adnetik-uservervillage/prod/userver_log/pixel/2013-06-07/
Read 1151 paths for daylist [2013-06-07]
Found 417 new paths
.Done with file 0/417
.....size getting too big, writing to Db
Inserted almost 211045 lines

Wrote 50678 clean list files
renamed directory /home/armita/pixel/staging --> /home/armita/pixel/current
Found 2 save data paths
Read 50678 clean list file
Dir path is /mnt/adnetik/adnetik-uservervillage/prod/userver_log/pixel/2013-06-07/
Read 1151 paths for daylist [2013-06-07]
Found 411 new paths
.Done with file 0/411
.....size getting too big, writing to Db
Inserted almost 239153 lines

Wrote 50684 clean list files
renamed directory /home/armita/pixel/staging --> /home/armita/pixel/current
Found 2 save data paths
Read 50684 clean list file
Dir path is /mnt/adnetik/adnetik-uservervillage/prod/userver_log/pixel/2013-06-07/
Read 1151 paths for daylist [2013-06-07]
Found 405 new paths
.Done with file 0/405
...size getting too big, writing to Db
Inserted almost 234203 lines

Wrote 50688 clean list files
renamed directory /home/armita/pixel/staging --> /home/armita/pixel/current
Found 2 save data paths
Read 50688 clean list file
Dir path is /mnt/adnetik/adnetik-uservervillage/prod/userver_log/pixel/2013-06-07/
Read 1151 paths for daylist [2013-06-07]
Found 401 new paths
.Done with file 0/401
...size getting too big, writing to Db
Inserted almost 209911 lines

Wrote 50692 clean list files
renamed directory /home/armita/pixel/staging --> /home/armita/pixel/current
Found 2 save data paths
Read 50692 clean list file
Dir path is /mnt/adnetik/adnetik-uservervillage/prod/userver_log/pixel/2013-06-07/
Read 1151 paths for daylist [2013-06-07]
Found 397 new paths
.Done with file 0/397
.....size getting too big, writing to Db
Inserted almost 200754 lines

Wrote 50698 clean list files
renamed directory /home/armita/pixel/staging --> /home/armita/pixel/current
Found 2 save data paths
Read 50698 clean list file
Dir path is /mnt/adnetik/adnetik-uservervillage/prod/userver_log/pixel/2013-06-07/
Read 1151 paths for daylist [2013-06-07]
Found 391 new paths
.Done with file 0/391
....size getting too big, writing to Db
Inserted almost 233103 lines

Wrote 50703 clean list files
renamed directory /home/armita/pixel/staging --> /home/armita/pixel/current
Found 2 save data paths
Read 50703 clean list file
Dir path is /mnt/adnetik/adnetik-uservervillage/prod/userver_log/pixel/2013-06-07/
Read 1151 paths for daylist [2013-06-07]
Found 386 new paths
.Done with file 0/386
.....size getting too big, writing to Db
Inserted almost 247490 lines

Wrote 50709 clean list files
renamed directory /home/armita/pixel/staging --> /home/armita/pixel/current
Found 2 save data paths
Read 50709 clean list file
Dir path is /mnt/adnetik/adnetik-uservervillage/prod/userver_log/pixel/2013-06-07/
Read 1151 paths for daylist [2013-06-07]
Found 380 new paths
.Done with file 0/380
......size getting too big, writing to Db
Inserted almost 231977 lines

Wrote 50716 clean list files
renamed directory /home/armita/pixel/staging --> /home/armita/pixel/current
Found 2 save data paths
Read 50716 clean list file
Dir path is /mnt/adnetik/adnetik-uservervillage/prod/userver_log/pixel/2013-06-07/
Read 1151 paths for daylist [2013-06-07]
Found 373 new paths
.Done with file 0/373
...size getting too big, writing to Db
Inserted almost 207959 lines

Wrote 50720 clean list files
renamed directory /home/armita/pixel/staging --> /home/armita/pixel/current
Found 2 save data paths
Read 50720 clean list file
Dir path is /mnt/adnetik/adnetik-uservervillage/prod/userver_log/pixel/2013-06-07/
Read 1151 paths for daylist [2013-06-07]
Found 369 new paths
.Done with file 0/369
...size getting too big, writing to Db
Inserted almost 205806 lines

Wrote 50724 clean list files
renamed directory /home/armita/pixel/staging --> /home/armita/pixel/current
Found 2 save data paths
Read 50724 clean list file
Dir path is /mnt/adnetik/adnetik-uservervillage/prod/userver_log/pixel/2013-06-07/
Read 1151 paths for daylist [2013-06-07]
Found 365 new paths
.Done with file 0/365
.....size getting too big, writing to Db
Inserted almost 225778 lines

Wrote 50730 clean list files
renamed directory /home/armita/pixel/staging --> /home/armita/pixel/current
Found 2 save data paths
Read 50730 clean list file
Dir path is /mnt/adnetik/adnetik-uservervillage/prod/userver_log/pixel/2013-06-07/
Read 1151 paths for daylist [2013-06-07]
Found 359 new paths
.Done with file 0/359
....size getting too big, writing to Db
Inserted almost 206354 lines

Wrote 50735 clean list files
renamed directory /home/armita/pixel/staging --> /home/armita/pixel/current
Found 2 save data paths
Read 50735 clean list file
Dir path is /mnt/adnetik/adnetik-uservervillage/prod/userver_log/pixel/2013-06-07/
Read 1151 paths for daylist [2013-06-07]
Found 354 new paths
.Done with file 0/354
...size getting too big, writing to Db
Inserted almost 213759 lines

Wrote 50739 clean list files
renamed directory /home/armita/pixel/staging --> /home/armita/pixel/current
Found 2 save data paths
Read 50739 clean list file
Dir path is /mnt/adnetik/adnetik-uservervillage/prod/userver_log/pixel/2013-06-07/
Read 1151 paths for daylist [2013-06-07]
Found 350 new paths
.Done with file 0/350
.....size getting too big, writing to Db
Inserted almost 225115 lines

Wrote 50745 clean list files
renamed directory /home/armita/pixel/staging --> /home/armita/pixel/current
Found 2 save data paths
Read 50745 clean list file
Dir path is /mnt/adnetik/adnetik-uservervillage/prod/userver_log/pixel/2013-06-07/
Read 1151 paths for daylist [2013-06-07]
Found 344 new paths
.Done with file 0/344
....size getting too big, writing to Db
Inserted almost 230949 lines

Wrote 50750 clean list files
renamed directory /home/armita/pixel/staging --> /home/armita/pixel/current
Found 2 save data paths
Read 50750 clean list file
Dir path is /mnt/adnetik/adnetik-uservervillage/prod/userver_log/pixel/2013-06-07/
Read 1151 paths for daylist [2013-06-07]
Found 339 new paths
.Done with file 0/339
......size getting too big, writing to Db
Inserted almost 218147 lines

Wrote 50757 clean list files
renamed directory /home/armita/pixel/staging --> /home/armita/pixel/current
Found 2 save data paths
Read 50757 clean list file
Dir path is /mnt/adnetik/adnetik-uservervillage/prod/userver_log/pixel/2013-06-07/
Read 1151 paths for daylist [2013-06-07]
Found 332 new paths
.Done with file 0/332
.....size getting too big, writing to Db
Inserted almost 238065 lines

Wrote 50763 clean list files
renamed directory /home/armita/pixel/staging --> /home/armita/pixel/current
Found 2 save data paths
Read 50763 clean list file
Dir path is /mnt/adnetik/adnetik-uservervillage/prod/userver_log/pixel/2013-06-07/
Read 1151 paths for daylist [2013-06-07]
Found 326 new paths
.Done with file 0/326
.....size getting too big, writing to Db
Inserted almost 255009 lines

Wrote 50769 clean list files
renamed directory /home/armita/pixel/staging --> /home/armita/pixel/current
Found 2 save data paths
Read 50769 clean list file
Dir path is /mnt/adnetik/adnetik-uservervillage/prod/userver_log/pixel/2013-06-07/
Read 1151 paths for daylist [2013-06-07]
Found 320 new paths
.Done with file 0/320
....size getting too big, writing to Db
Inserted almost 207275 lines

Wrote 50774 clean list files
renamed directory /home/armita/pixel/staging --> /home/armita/pixel/current
Found 2 save data paths
Read 50774 clean list file
Dir path is /mnt/adnetik/adnetik-uservervillage/prod/userver_log/pixel/2013-06-07/
Read 1151 paths for daylist [2013-06-07]
Found 315 new paths
.Done with file 0/315
.......size getting too big, writing to Db
Inserted almost 246455 lines

Wrote 50782 clean list files
renamed directory /home/armita/pixel/staging --> /home/armita/pixel/current
Found 2 save data paths
Read 50782 clean list file
Dir path is /mnt/adnetik/adnetik-uservervillage/prod/userver_log/pixel/2013-06-07/
Read 1151 paths for daylist [2013-06-07]
Found 307 new paths
.Done with file 0/307
...size getting too big, writing to Db
Inserted almost 214098 lines

Wrote 50786 clean list files
renamed directory /home/armita/pixel/staging --> /home/armita/pixel/current
Found 2 save data paths
Read 50786 clean list file
Dir path is /mnt/adnetik/adnetik-uservervillage/prod/userver_log/pixel/2013-06-07/
Read 1151 paths for daylist [2013-06-07]
Found 303 new paths
.Done with file 0/303
....size getting too big, writing to Db
Inserted almost 208259 lines

Wrote 50791 clean list files
renamed directory /home/armita/pixel/staging --> /home/armita/pixel/current
Found 2 save data paths
Read 50791 clean list file
Dir path is /mnt/adnetik/adnetik-uservervillage/prod/userver_log/pixel/2013-06-07/
Read 1151 paths for daylist [2013-06-07]
Found 298 new paths
.Done with file 0/298
.......size getting too big, writing to Db
Inserted almost 224581 lines

Wrote 50799 clean list files
renamed directory /home/armita/pixel/staging --> /home/armita/pixel/current
Found 2 save data paths
Read 50799 clean list file
Dir path is /mnt/adnetik/adnetik-uservervillage/prod/userver_log/pixel/2013-06-07/
Read 1151 paths for daylist [2013-06-07]
Found 290 new paths
.Done with file 0/290
.....size getting too big, writing to Db
Inserted almost 207320 lines

Wrote 50805 clean list files
renamed directory /home/armita/pixel/staging --> /home/armita/pixel/current
Found 2 save data paths
Read 50805 clean list file
Dir path is /mnt/adnetik/adnetik-uservervillage/prod/userver_log/pixel/2013-06-07/
Read 1151 paths for daylist [2013-06-07]
Found 284 new paths
.Done with file 0/284
.......size getting too big, writing to Db
Inserted almost 234348 lines

Wrote 50813 clean list files
renamed directory /home/armita/pixel/staging --> /home/armita/pixel/current
Found 2 save data paths
Read 50813 clean list file
Dir path is /mnt/adnetik/adnetik-uservervillage/prod/userver_log/pixel/2013-06-07/
Read 1151 paths for daylist [2013-06-07]
Found 276 new paths
.Done with file 0/276
....size getting too big, writing to Db
Inserted almost 213154 lines

Wrote 50818 clean list files
renamed directory /home/armita/pixel/staging --> /home/armita/pixel/current
Found 2 save data paths
Read 50818 clean list file
Dir path is /mnt/adnetik/adnetik-uservervillage/prod/userver_log/pixel/2013-06-07/
Read 1151 paths for daylist [2013-06-07]
Found 271 new paths
.Done with file 0/271
.....size getting too big, writing to Db
Inserted almost 228417 lines

Wrote 50824 clean list files
renamed directory /home/armita/pixel/staging --> /home/armita/pixel/current
Found 2 save data paths
Read 50824 clean list file
Dir path is /mnt/adnetik/adnetik-uservervillage/prod/userver_log/pixel/2013-06-07/
Read 1151 paths for daylist [2013-06-07]
Found 265 new paths
.Done with file 0/265
.......size getting too big, writing to Db
Inserted almost 209631 lines

Wrote 50832 clean list files
renamed directory /home/armita/pixel/staging --> /home/armita/pixel/current
Found 2 save data paths
Read 50832 clean list file
Dir path is /mnt/adnetik/adnetik-uservervillage/prod/userver_log/pixel/2013-06-07/
Read 1151 paths for daylist [2013-06-07]
Found 257 new paths
.Done with file 0/257
......size getting too big, writing to Db
Inserted almost 217198 lines

Wrote 50839 clean list files
renamed directory /home/armita/pixel/staging --> /home/armita/pixel/current
Found 2 save data paths
Read 50839 clean list file
Dir path is /mnt/adnetik/adnetik-uservervillage/prod/userver_log/pixel/2013-06-07/
Read 1151 paths for daylist [2013-06-07]
Found 250 new paths
.Done with file 0/250
.......size getting too big, writing to Db
Inserted almost 224750 lines

Wrote 50847 clean list files
renamed directory /home/armita/pixel/staging --> /home/armita/pixel/current
Found 2 save data paths
Read 50847 clean list file
Dir path is /mnt/adnetik/adnetik-uservervillage/prod/userver_log/pixel/2013-06-07/
Read 1151 paths for daylist [2013-06-07]
Found 242 new paths
.Done with file 0/242
......size getting too big, writing to Db
Inserted almost 212018 lines

Wrote 50854 clean list files
renamed directory /home/armita/pixel/staging --> /home/armita/pixel/current
Found 2 save data paths
Read 50854 clean list file
Dir path is /mnt/adnetik/adnetik-uservervillage/prod/userver_log/pixel/2013-06-07/
Read 1151 paths for daylist [2013-06-07]
Found 235 new paths
.Done with file 0/235
.......size getting too big, writing to Db
Inserted almost 224396 lines

Wrote 50862 clean list files
renamed directory /home/armita/pixel/staging --> /home/armita/pixel/current
Found 2 save data paths
Read 50862 clean list file
Dir path is /mnt/adnetik/adnetik-uservervillage/prod/userver_log/pixel/2013-06-07/
Read 1151 paths for daylist [2013-06-07]
Found 227 new paths
.Done with file 0/227
........size getting too big, writing to Db
Inserted almost 208289 lines

Wrote 50871 clean list files
renamed directory /home/armita/pixel/staging --> /home/armita/pixel/current
Found 2 save data paths
Read 50871 clean list file
Dir path is /mnt/adnetik/adnetik-uservervillage/prod/userver_log/pixel/2013-06-07/
Read 1151 paths for daylist [2013-06-07]
Found 218 new paths
.Done with file 0/218
.......size getting too big, writing to Db
Inserted almost 217498 lines

Wrote 50879 clean list files
renamed directory /home/armita/pixel/staging --> /home/armita/pixel/current
Found 2 save data paths
Read 50879 clean list file
Dir path is /mnt/adnetik/adnetik-uservervillage/prod/userver_log/pixel/2013-06-07/
Read 1151 paths for daylist [2013-06-07]
Found 210 new paths
.Done with file 0/210
.........size getting too big, writing to Db
Inserted almost 236339 lines

Wrote 50889 clean list files
renamed directory /home/armita/pixel/staging --> /home/armita/pixel/current
Found 2 save data paths
Read 50889 clean list file
Dir path is /mnt/adnetik/adnetik-uservervillage/prod/userver_log/pixel/2013-06-07/
Read 1151 paths for daylist [2013-06-07]
Found 200 new paths
.Done with file 0/200
.........size getting too big, writing to Db
Inserted almost 233283 lines

Wrote 50899 clean list files
renamed directory /home/armita/pixel/staging --> /home/armita/pixel/current
Found 2 save data paths
Read 50899 clean list file
Dir path is /mnt/adnetik/adnetik-uservervillage/prod/userver_log/pixel/2013-06-07/
Read 1151 paths for daylist [2013-06-07]
Found 190 new paths
.Done with file 0/190
.........size getting too big, writing to Db
Inserted almost 217383 lines

Wrote 50909 clean list files
renamed directory /home/armita/pixel/staging --> /home/armita/pixel/current
Found 2 save data paths
Read 50909 clean list file
Dir path is /mnt/adnetik/adnetik-uservervillage/prod/userver_log/pixel/2013-06-07/
Read 1151 paths for daylist [2013-06-07]
Found 180 new paths
.Done with file 0/180
.........size getting too big, writing to Db
Inserted almost 202521 lines

Wrote 50919 clean list files
renamed directory /home/armita/pixel/staging --> /home/armita/pixel/current
Found 2 save data paths
Read 50919 clean list file
Dir path is /mnt/adnetik/adnetik-uservervillage/prod/userver_log/pixel/2013-06-07/
Read 1151 paths for daylist [2013-06-07]
Found 170 new paths
.Done with file 0/170
........size getting too big, writing to Db
Inserted almost 206981 lines

Wrote 50928 clean list files
renamed directory /home/armita/pixel/staging --> /home/armita/pixel/current
Found 2 save data paths
Read 50928 clean list file
Dir path is /mnt/adnetik/adnetik-uservervillage/prod/userver_log/pixel/2013-06-07/
Read 1151 paths for daylist [2013-06-07]
Found 161 new paths
.Done with file 0/161
.........size getting too big, writing to Db
Inserted almost 200697 lines

Wrote 50938 clean list files
renamed directory /home/armita/pixel/staging --> /home/armita/pixel/current
Found 2 save data paths
Read 50938 clean list file
Dir path is /mnt/adnetik/adnetik-uservervillage/prod/userver_log/pixel/2013-06-07/
Read 1151 paths for daylist [2013-06-07]
Found 151 new paths
.Done with file 0/151
.........size getting too big, writing to Db
Inserted almost 205643 lines

Wrote 50948 clean list files
renamed directory /home/armita/pixel/staging --> /home/armita/pixel/current
Found 2 save data paths
Read 50948 clean list file
Dir path is /mnt/adnetik/adnetik-uservervillage/prod/userver_log/pixel/2013-06-07/
Read 1151 paths for daylist [2013-06-07]
Found 141 new paths
.Done with file 0/141
.........size getting too big, writing to Db
Inserted almost 205695 lines

Wrote 50958 clean list files
renamed directory /home/armita/pixel/staging --> /home/armita/pixel/current
Found 2 save data paths
Read 50958 clean list file
Dir path is /mnt/adnetik/adnetik-uservervillage/prod/userver_log/pixel/2013-06-07/
Read 1151 paths for daylist [2013-06-07]
Found 131 new paths
.Done with file 0/131
..........Done with file 10/131
.size getting too big, writing to Db
Inserted almost 204483 lines

Wrote 50970 clean list files
renamed directory /home/armita/pixel/staging --> /home/armita/pixel/current
Found 2 save data paths
Read 50970 clean list file
Dir path is /mnt/adnetik/adnetik-uservervillage/prod/userver_log/pixel/2013-06-07/
Read 1151 paths for daylist [2013-06-07]
Found 119 new paths
.Done with file 0/119
..........Done with file 10/119
size getting too big, writing to Db
Inserted almost 217343 lines

Wrote 50981 clean list files
renamed directory /home/armita/pixel/staging --> /home/armita/pixel/current
Found 2 save data paths
Read 50981 clean list file
Dir path is /mnt/adnetik/adnetik-uservervillage/prod/userver_log/pixel/2013-06-07/
Read 1151 paths for daylist [2013-06-07]
Found 108 new paths
.Done with file 0/108
.........size getting too big, writing to Db
Inserted almost 211470 lines

Wrote 50991 clean list files
renamed directory /home/armita/pixel/staging --> /home/armita/pixel/current
Found 2 save data paths
Read 50991 clean list file
Dir path is /mnt/adnetik/adnetik-uservervillage/prod/userver_log/pixel/2013-06-07/
Read 1151 paths for daylist [2013-06-07]
Found 98 new paths
.Done with file 0/98
..........Done with file 10/98
......size getting too big, writing to Db
Inserted almost 202927 lines

Wrote 51008 clean list files
renamed directory /home/armita/pixel/staging --> /home/armita/pixel/current
Found 2 save data paths
Read 51008 clean list file
Dir path is /mnt/adnetik/adnetik-uservervillage/prod/userver_log/pixel/2013-06-07/
Read 1151 paths for daylist [2013-06-07]
Found 81 new paths
.Done with file 0/81
..........Done with file 10/81
..size getting too big, writing to Db
Inserted almost 201576 lines

Wrote 51021 clean list files
renamed directory /home/armita/pixel/staging --> /home/armita/pixel/current
Found 2 save data paths
Read 51021 clean list file
Dir path is /mnt/adnetik/adnetik-uservervillage/prod/userver_log/pixel/2013-06-07/
Read 1151 paths for daylist [2013-06-07]
Found 68 new paths
.Done with file 0/68
..........Done with file 10/68
..size getting too big, writing to Db
Inserted almost 205838 lines

Wrote 51034 clean list files
renamed directory /home/armita/pixel/staging --> /home/armita/pixel/current
Found 2 save data paths
Read 51034 clean list file
Dir path is /mnt/adnetik/adnetik-uservervillage/prod/userver_log/pixel/2013-06-07/
Read 1151 paths for daylist [2013-06-07]
Found 55 new paths
.Done with file 0/55
..........Done with file 10/55
...size getting too big, writing to Db
Inserted almost 200699 lines

Wrote 51048 clean list files
renamed directory /home/armita/pixel/staging --> /home/armita/pixel/current
Found 2 save data paths
Read 51048 clean list file
Dir path is /mnt/adnetik/adnetik-uservervillage/prod/userver_log/pixel/2013-06-07/
Read 1151 paths for daylist [2013-06-07]
Found 41 new paths
.Done with file 0/41
..........Done with file 10/41
.....size getting too big, writing to Db
Inserted almost 208449 lines

Wrote 51064 clean list files
renamed directory /home/armita/pixel/staging --> /home/armita/pixel/current
Found 2 save data paths
Read 51064 clean list file
Dir path is /mnt/adnetik/adnetik-uservervillage/prod/userver_log/pixel/2013-06-07/
Read 1151 paths for daylist [2013-06-07]
Found 25 new paths
.Done with file 0/25
..........Done with file 10/25
.....size getting too big, writing to Db
Inserted almost 201423 lines

Wrote 51080 clean list files
renamed directory /home/armita/pixel/staging --> /home/armita/pixel/current
Found 2 save data paths
Read 51080 clean list file
Dir path is /mnt/adnetik/adnetik-uservervillage/prod/userver_log/pixel/2013-06-07/
Read 1151 paths for daylist [2013-06-07]
Found 9 new paths
.Done with file 0/9
........number of broken lines:+0 

writing to Db

Inserted almost 79696 lines

done writing to Db

Wrote 51089 clean list files
renamed directory /home/armita/pixel/staging --> /home/armita/pixel/current
