nohup: ignoring input
processing date : 2013-06-04
Found 2 save data paths
Read 45745 clean list file
Dir path is /mnt/adnetik/adnetik-uservervillage/prod/userver_log/pixel/2013-06-04/
Read 1152 paths for daylist [2013-06-04]
Found 1152 new paths
.Done with file 0/1152
..........Done with file 10/1152
...size getting too big, writing to Db
Inserted almost 212847 lines

Wrote 45759 clean list files
renamed directory /home/armita/pixel/staging --> /home/armita/pixel/current
Found 3 save data paths
Read 45768 clean list file
Dir path is /mnt/adnetik/adnetik-uservervillage/prod/userver_log/pixel/2013-06-04/
Read 1152 paths for daylist [2013-06-04]
Found 1138 new paths
.Done with file 0/1138
..........Done with file 10/1138
.....size getting too big, writing to Db
Inserted almost 205106 lines

Wrote 45784 clean list files
renamed directory /home/armita/pixel/staging --> /home/armita/pixel/current
Found 2 save data paths
Read 45784 clean list file
Dir path is /mnt/adnetik/adnetik-uservervillage/prod/userver_log/pixel/2013-06-04/
Read 1152 paths for daylist [2013-06-04]
Found 1122 new paths
.Done with file 0/1122
..........Done with file 10/1122
...size getting too big, writing to Db
Inserted almost 215512 lines

Wrote 45798 clean list files
renamed directory /home/armita/pixel/staging --> /home/armita/pixel/current
Found 2 save data paths
Read 45798 clean list file
Dir path is /mnt/adnetik/adnetik-uservervillage/prod/userver_log/pixel/2013-06-04/
Read 1152 paths for daylist [2013-06-04]
Found 1108 new paths
.Done with file 0/1108
..........Done with file 10/1108
.....size getting too big, writing to Db
Inserted almost 218138 lines

Wrote 45814 clean list files
renamed directory /home/armita/pixel/staging --> /home/armita/pixel/current
Found 2 save data paths
Read 45814 clean list file
Dir path is /mnt/adnetik/adnetik-uservervillage/prod/userver_log/pixel/2013-06-04/
Read 1152 paths for daylist [2013-06-04]
Found 1092 new paths
.Done with file 0/1092
..........Done with file 10/1092
....size getting too big, writing to Db
Inserted almost 205306 lines

Wrote 45829 clean list files
renamed directory /home/armita/pixel/staging --> /home/armita/pixel/current
Found 2 save data paths
Read 45829 clean list file
Dir path is /mnt/adnetik/adnetik-uservervillage/prod/userver_log/pixel/2013-06-04/
Read 1152 paths for daylist [2013-06-04]
Found 1077 new paths
.Done with file 0/1077
..........Done with file 10/1077
..size getting too big, writing to Db
Inserted almost 200745 lines

Wrote 45842 clean list files
renamed directory /home/armita/pixel/staging --> /home/armita/pixel/current
Found 2 save data paths
Read 45842 clean list file
Dir path is /mnt/adnetik/adnetik-uservervillage/prod/userver_log/pixel/2013-06-04/
Read 1152 paths for daylist [2013-06-04]
Found 1064 new paths
.Done with file 0/1064
........size getting too big, writing to Db
Inserted almost 201149 lines

Wrote 45851 clean list files
renamed directory /home/armita/pixel/staging --> /home/armita/pixel/current
Found 2 save data paths
Read 45851 clean list file
Dir path is /mnt/adnetik/adnetik-uservervillage/prod/userver_log/pixel/2013-06-04/
Read 1152 paths for daylist [2013-06-04]
Found 1055 new paths
.Done with file 0/1055
..........Done with file 10/1055
size getting too big, writing to Db
Inserted almost 210195 lines

Wrote 45862 clean list files
renamed directory /home/armita/pixel/staging --> /home/armita/pixel/current
Found 2 save data paths
Read 45862 clean list file
Dir path is /mnt/adnetik/adnetik-uservervillage/prod/userver_log/pixel/2013-06-04/
Read 1152 paths for daylist [2013-06-04]
Found 1044 new paths
.Done with file 0/1044
..........Done with file 10/1044
size getting too big, writing to Db
Inserted almost 212820 lines

Wrote 45873 clean list files
renamed directory /home/armita/pixel/staging --> /home/armita/pixel/current
Found 2 save data paths
Read 45873 clean list file
Dir path is /mnt/adnetik/adnetik-uservervillage/prod/userver_log/pixel/2013-06-04/
Read 1152 paths for daylist [2013-06-04]
Found 1033 new paths
.Done with file 0/1033
..........Done with file 10/1033
size getting too big, writing to Db
Inserted almost 234031 lines

Wrote 45884 clean list files
renamed directory /home/armita/pixel/staging --> /home/armita/pixel/current
Found 2 save data paths
Read 45884 clean list file
Dir path is /mnt/adnetik/adnetik-uservervillage/prod/userver_log/pixel/2013-06-04/
Read 1152 paths for daylist [2013-06-04]
Found 1022 new paths
.Done with file 0/1022
........size getting too big, writing to Db
Inserted almost 207416 lines

Wrote 45893 clean list files
renamed directory /home/armita/pixel/staging --> /home/armita/pixel/current
Found 2 save data paths
Read 45893 clean list file
Dir path is /mnt/adnetik/adnetik-uservervillage/prod/userver_log/pixel/2013-06-04/
Read 1152 paths for daylist [2013-06-04]
Found 1013 new paths
.Done with file 0/1013
.......size getting too big, writing to Db
Inserted almost 212072 lines

Wrote 45901 clean list files
renamed directory /home/armita/pixel/staging --> /home/armita/pixel/current
Found 2 save data paths
Read 45901 clean list file
Dir path is /mnt/adnetik/adnetik-uservervillage/prod/userver_log/pixel/2013-06-04/
Read 1152 paths for daylist [2013-06-04]
Found 1005 new paths
.Done with file 0/1005
.........size getting too big, writing to Db
Inserted almost 247796 lines

Wrote 45911 clean list files
renamed directory /home/armita/pixel/staging --> /home/armita/pixel/current
Found 2 save data paths
Read 45911 clean list file
Dir path is /mnt/adnetik/adnetik-uservervillage/prod/userver_log/pixel/2013-06-04/
Read 1152 paths for daylist [2013-06-04]
Found 995 new paths
.Done with file 0/995
.........size getting too big, writing to Db
Inserted almost 231320 lines

Wrote 45921 clean list files
renamed directory /home/armita/pixel/staging --> /home/armita/pixel/current
Found 2 save data paths
Read 45921 clean list file
Dir path is /mnt/adnetik/adnetik-uservervillage/prod/userver_log/pixel/2013-06-04/
Read 1152 paths for daylist [2013-06-04]
Found 985 new paths
.Done with file 0/985
.....size getting too big, writing to Db
Inserted almost 203512 lines

Wrote 45927 clean list files
renamed directory /home/armita/pixel/staging --> /home/armita/pixel/current
Found 2 save data paths
Read 45927 clean list file
Dir path is /mnt/adnetik/adnetik-uservervillage/prod/userver_log/pixel/2013-06-04/
Read 1152 paths for daylist [2013-06-04]
Found 979 new paths
.Done with file 0/979
........size getting too big, writing to Db
Inserted almost 236921 lines

Wrote 45936 clean list files
renamed directory /home/armita/pixel/staging --> /home/armita/pixel/current
Found 2 save data paths
Read 45936 clean list file
Dir path is /mnt/adnetik/adnetik-uservervillage/prod/userver_log/pixel/2013-06-04/
Read 1152 paths for daylist [2013-06-04]
Found 970 new paths
.Done with file 0/970
..........Done with file 10/970
..size getting too big, writing to Db
Inserted almost 245876 lines

Wrote 45949 clean list files
renamed directory /home/armita/pixel/staging --> /home/armita/pixel/current
Found 2 save data paths
Read 45949 clean list file
Dir path is /mnt/adnetik/adnetik-uservervillage/prod/userver_log/pixel/2013-06-04/
Read 1152 paths for daylist [2013-06-04]
Found 957 new paths
.Done with file 0/957
....size getting too big, writing to Db
Inserted almost 203343 lines

Wrote 45954 clean list files
renamed directory /home/armita/pixel/staging --> /home/armita/pixel/current
Found 2 save data paths
Read 45954 clean list file
Dir path is /mnt/adnetik/adnetik-uservervillage/prod/userver_log/pixel/2013-06-04/
Read 1152 paths for daylist [2013-06-04]
Found 952 new paths
.Done with file 0/952
....size getting too big, writing to Db
Inserted almost 224147 lines

Wrote 45959 clean list files
renamed directory /home/armita/pixel/staging --> /home/armita/pixel/current
Found 2 save data paths
Read 45959 clean list file
Dir path is /mnt/adnetik/adnetik-uservervillage/prod/userver_log/pixel/2013-06-04/
Read 1152 paths for daylist [2013-06-04]
Found 947 new paths
.Done with file 0/947
..........Done with file 10/947
.size getting too big, writing to Db
Inserted almost 251362 lines

Wrote 45971 clean list files
renamed directory /home/armita/pixel/staging --> /home/armita/pixel/current
Found 2 save data paths
Read 45971 clean list file
Dir path is /mnt/adnetik/adnetik-uservervillage/prod/userver_log/pixel/2013-06-04/
Read 1152 paths for daylist [2013-06-04]
Found 935 new paths
.Done with file 0/935
.........size getting too big, writing to Db
Inserted almost 264595 lines

Wrote 45981 clean list files
renamed directory /home/armita/pixel/staging --> /home/armita/pixel/current
Found 2 save data paths
Read 45981 clean list file
Dir path is /mnt/adnetik/adnetik-uservervillage/prod/userver_log/pixel/2013-06-04/
Read 1152 paths for daylist [2013-06-04]
Found 925 new paths
.Done with file 0/925
.......size getting too big, writing to Db
Inserted almost 255069 lines

Wrote 45989 clean list files
renamed directory /home/armita/pixel/staging --> /home/armita/pixel/current
Found 2 save data paths
Read 45989 clean list file
Dir path is /mnt/adnetik/adnetik-uservervillage/prod/userver_log/pixel/2013-06-04/
Read 1152 paths for daylist [2013-06-04]
Found 917 new paths
.Done with file 0/917
.........size getting too big, writing to Db
Inserted almost 209067 lines

Wrote 45999 clean list files
renamed directory /home/armita/pixel/staging --> /home/armita/pixel/current
Found 2 save data paths
Read 45999 clean list file
Dir path is /mnt/adnetik/adnetik-uservervillage/prod/userver_log/pixel/2013-06-04/
Read 1152 paths for daylist [2013-06-04]
Found 907 new paths
.Done with file 0/907
.....size getting too big, writing to Db
Inserted almost 224882 lines

Wrote 46005 clean list files
renamed directory /home/armita/pixel/staging --> /home/armita/pixel/current
Found 2 save data paths
Read 46005 clean list file
Dir path is /mnt/adnetik/adnetik-uservervillage/prod/userver_log/pixel/2013-06-04/
Read 1152 paths for daylist [2013-06-04]
Found 901 new paths
.Done with file 0/901
.....size getting too big, writing to Db
Inserted almost 233201 lines

Wrote 46011 clean list files
renamed directory /home/armita/pixel/staging --> /home/armita/pixel/current
Found 2 save data paths
Read 46011 clean list file
Dir path is /mnt/adnetik/adnetik-uservervillage/prod/userver_log/pixel/2013-06-04/
Read 1152 paths for daylist [2013-06-04]
Found 895 new paths
.Done with file 0/895
........size getting too big, writing to Db
Inserted almost 202223 lines

Wrote 46020 clean list files
renamed directory /home/armita/pixel/staging --> /home/armita/pixel/current
Found 2 save data paths
Read 46020 clean list file
Dir path is /mnt/adnetik/adnetik-uservervillage/prod/userver_log/pixel/2013-06-04/
Read 1152 paths for daylist [2013-06-04]
Found 886 new paths
.Done with file 0/886
......size getting too big, writing to Db
Inserted almost 238803 lines

Wrote 46027 clean list files
renamed directory /home/armita/pixel/staging --> /home/armita/pixel/current
Found 2 save data paths
Read 46027 clean list file
Dir path is /mnt/adnetik/adnetik-uservervillage/prod/userver_log/pixel/2013-06-04/
Read 1152 paths for daylist [2013-06-04]
Found 879 new paths
.Done with file 0/879
.......size getting too big, writing to Db
Inserted almost 203677 lines

Wrote 46035 clean list files
renamed directory /home/armita/pixel/staging --> /home/armita/pixel/current
Found 2 save data paths
Read 46035 clean list file
Dir path is /mnt/adnetik/adnetik-uservervillage/prod/userver_log/pixel/2013-06-04/
Read 1152 paths for daylist [2013-06-04]
Found 871 new paths
.Done with file 0/871
.......size getting too big, writing to Db
Inserted almost 200106 lines

Wrote 46043 clean list files
renamed directory /home/armita/pixel/staging --> /home/armita/pixel/current
Found 2 save data paths
Read 46043 clean list file
Dir path is /mnt/adnetik/adnetik-uservervillage/prod/userver_log/pixel/2013-06-04/
Read 1152 paths for daylist [2013-06-04]
Found 863 new paths
.Done with file 0/863
...size getting too big, writing to Db
Inserted almost 208118 lines

Wrote 46047 clean list files
renamed directory /home/armita/pixel/staging --> /home/armita/pixel/current
Found 2 save data paths
Read 46047 clean list file
Dir path is /mnt/adnetik/adnetik-uservervillage/prod/userver_log/pixel/2013-06-04/
Read 1152 paths for daylist [2013-06-04]
Found 859 new paths
.Done with file 0/859
......size getting too big, writing to Db
Inserted almost 206614 lines

Wrote 46054 clean list files
renamed directory /home/armita/pixel/staging --> /home/armita/pixel/current
Found 2 save data paths
Read 46054 clean list file
Dir path is /mnt/adnetik/adnetik-uservervillage/prod/userver_log/pixel/2013-06-04/
Read 1152 paths for daylist [2013-06-04]
Found 852 new paths
.Done with file 0/852
......size getting too big, writing to Db
Inserted almost 203661 lines

Wrote 46061 clean list files
renamed directory /home/armita/pixel/staging --> /home/armita/pixel/current
Found 2 save data paths
Read 46061 clean list file
Dir path is /mnt/adnetik/adnetik-uservervillage/prod/userver_log/pixel/2013-06-04/
Read 1152 paths for daylist [2013-06-04]
Found 845 new paths
.Done with file 0/845
......size getting too big, writing to Db
Inserted almost 209719 lines

Wrote 46068 clean list files
renamed directory /home/armita/pixel/staging --> /home/armita/pixel/current
Found 2 save data paths
Read 46068 clean list file
Dir path is /mnt/adnetik/adnetik-uservervillage/prod/userver_log/pixel/2013-06-04/
Read 1152 paths for daylist [2013-06-04]
Found 838 new paths
.Done with file 0/838
.....size getting too big, writing to Db
Inserted almost 202590 lines

Wrote 46074 clean list files
renamed directory /home/armita/pixel/staging --> /home/armita/pixel/current
Found 2 save data paths
Read 46074 clean list file
Dir path is /mnt/adnetik/adnetik-uservervillage/prod/userver_log/pixel/2013-06-04/
Read 1152 paths for daylist [2013-06-04]
Found 832 new paths
.Done with file 0/832
......size getting too big, writing to Db
Inserted almost 221886 lines

Wrote 46081 clean list files
renamed directory /home/armita/pixel/staging --> /home/armita/pixel/current
Found 2 save data paths
Read 46081 clean list file
Dir path is /mnt/adnetik/adnetik-uservervillage/prod/userver_log/pixel/2013-06-04/
Read 1152 paths for daylist [2013-06-04]
Found 825 new paths
.Done with file 0/825
.....size getting too big, writing to Db
Inserted almost 212087 lines

Wrote 46087 clean list files
renamed directory /home/armita/pixel/staging --> /home/armita/pixel/current
Found 2 save data paths
Read 46087 clean list file
Dir path is /mnt/adnetik/adnetik-uservervillage/prod/userver_log/pixel/2013-06-04/
Read 1152 paths for daylist [2013-06-04]
Found 819 new paths
.Done with file 0/819
....size getting too big, writing to Db
Inserted almost 206817 lines

Wrote 46092 clean list files
renamed directory /home/armita/pixel/staging --> /home/armita/pixel/current
Found 2 save data paths
Read 46092 clean list file
Dir path is /mnt/adnetik/adnetik-uservervillage/prod/userver_log/pixel/2013-06-04/
Read 1152 paths for daylist [2013-06-04]
Found 814 new paths
.Done with file 0/814
....size getting too big, writing to Db
Inserted almost 202405 lines

Wrote 46097 clean list files
renamed directory /home/armita/pixel/staging --> /home/armita/pixel/current
Found 2 save data paths
Read 46097 clean list file
Dir path is /mnt/adnetik/adnetik-uservervillage/prod/userver_log/pixel/2013-06-04/
Read 1152 paths for daylist [2013-06-04]
Found 809 new paths
.Done with file 0/809
....size getting too big, writing to Db
Inserted almost 203455 lines

Wrote 46102 clean list files
renamed directory /home/armita/pixel/staging --> /home/armita/pixel/current
Found 2 save data paths
Read 46102 clean list file
Dir path is /mnt/adnetik/adnetik-uservervillage/prod/userver_log/pixel/2013-06-04/
Read 1152 paths for daylist [2013-06-04]
Found 804 new paths
.Done with file 0/804
....size getting too big, writing to Db
Inserted almost 214509 lines

Wrote 46107 clean list files
renamed directory /home/armita/pixel/staging --> /home/armita/pixel/current
Found 2 save data paths
Read 46107 clean list file
Dir path is /mnt/adnetik/adnetik-uservervillage/prod/userver_log/pixel/2013-06-04/
Read 1152 paths for daylist [2013-06-04]
Found 799 new paths
.Done with file 0/799
......size getting too big, writing to Db
Inserted almost 239237 lines

Wrote 46114 clean list files
renamed directory /home/armita/pixel/staging --> /home/armita/pixel/current
Found 2 save data paths
Read 46114 clean list file
Dir path is /mnt/adnetik/adnetik-uservervillage/prod/userver_log/pixel/2013-06-04/
Read 1152 paths for daylist [2013-06-04]
Found 792 new paths
.Done with file 0/792
......size getting too big, writing to Db
Inserted almost 254511 lines

Wrote 46121 clean list files
renamed directory /home/armita/pixel/staging --> /home/armita/pixel/current
Found 2 save data paths
Read 46121 clean list file
Dir path is /mnt/adnetik/adnetik-uservervillage/prod/userver_log/pixel/2013-06-04/
Read 1152 paths for daylist [2013-06-04]
Found 785 new paths
.Done with file 0/785
......size getting too big, writing to Db
Inserted almost 243804 lines

Wrote 46128 clean list files
renamed directory /home/armita/pixel/staging --> /home/armita/pixel/current
Found 2 save data paths
Read 46128 clean list file
Dir path is /mnt/adnetik/adnetik-uservervillage/prod/userver_log/pixel/2013-06-04/
Read 1152 paths for daylist [2013-06-04]
Found 778 new paths
.Done with file 0/778
....size getting too big, writing to Db
Inserted almost 226443 lines

Wrote 46133 clean list files
renamed directory /home/armita/pixel/staging --> /home/armita/pixel/current
Found 2 save data paths
Read 46133 clean list file
Dir path is /mnt/adnetik/adnetik-uservervillage/prod/userver_log/pixel/2013-06-04/
Read 1152 paths for daylist [2013-06-04]
Found 773 new paths
.Done with file 0/773
......size getting too big, writing to Db
Inserted almost 239828 lines

Wrote 46140 clean list files
renamed directory /home/armita/pixel/staging --> /home/armita/pixel/current
Found 2 save data paths
Read 46140 clean list file
Dir path is /mnt/adnetik/adnetik-uservervillage/prod/userver_log/pixel/2013-06-04/
Read 1152 paths for daylist [2013-06-04]
Found 766 new paths
.Done with file 0/766
....size getting too big, writing to Db
Inserted almost 229377 lines

Wrote 46145 clean list files
renamed directory /home/armita/pixel/staging --> /home/armita/pixel/current
Found 2 save data paths
Read 46145 clean list file
Dir path is /mnt/adnetik/adnetik-uservervillage/prod/userver_log/pixel/2013-06-04/
Read 1152 paths for daylist [2013-06-04]
Found 761 new paths
.Done with file 0/761
...size getting too big, writing to Db
Inserted almost 200333 lines

Wrote 46149 clean list files
renamed directory /home/armita/pixel/staging --> /home/armita/pixel/current
Found 2 save data paths
Read 46149 clean list file
Dir path is /mnt/adnetik/adnetik-uservervillage/prod/userver_log/pixel/2013-06-04/
Read 1152 paths for daylist [2013-06-04]
Found 757 new paths
.Done with file 0/757
....size getting too big, writing to Db
Inserted almost 216164 lines

Wrote 46154 clean list files
renamed directory /home/armita/pixel/staging --> /home/armita/pixel/current
Found 2 save data paths
Read 46154 clean list file
Dir path is /mnt/adnetik/adnetik-uservervillage/prod/userver_log/pixel/2013-06-04/
Read 1152 paths for daylist [2013-06-04]
Found 752 new paths
.Done with file 0/752
.......size getting too big, writing to Db
Inserted almost 211640 lines

Wrote 46162 clean list files
renamed directory /home/armita/pixel/staging --> /home/armita/pixel/current
Found 2 save data paths
Read 46162 clean list file
Dir path is /mnt/adnetik/adnetik-uservervillage/prod/userver_log/pixel/2013-06-04/
Read 1152 paths for daylist [2013-06-04]
Found 744 new paths
.Done with file 0/744
....size getting too big, writing to Db
Inserted almost 235688 lines

Wrote 46167 clean list files
renamed directory /home/armita/pixel/staging --> /home/armita/pixel/current
Found 2 save data paths
Read 46167 clean list file
Dir path is /mnt/adnetik/adnetik-uservervillage/prod/userver_log/pixel/2013-06-04/
Read 1152 paths for daylist [2013-06-04]
Found 739 new paths
.Done with file 0/739
...size getting too big, writing to Db
Inserted almost 220013 lines

Wrote 46171 clean list files
renamed directory /home/armita/pixel/staging --> /home/armita/pixel/current
Found 2 save data paths
Read 46171 clean list file
Dir path is /mnt/adnetik/adnetik-uservervillage/prod/userver_log/pixel/2013-06-04/
Read 1152 paths for daylist [2013-06-04]
Found 735 new paths
.Done with file 0/735
.....size getting too big, writing to Db
Inserted almost 206767 lines

Wrote 46177 clean list files
renamed directory /home/armita/pixel/staging --> /home/armita/pixel/current
Found 2 save data paths
Read 46177 clean list file
Dir path is /mnt/adnetik/adnetik-uservervillage/prod/userver_log/pixel/2013-06-04/
Read 1152 paths for daylist [2013-06-04]
Found 729 new paths
.Done with file 0/729
..size getting too big, writing to Db
Inserted almost 220509 lines

Wrote 46180 clean list files
renamed directory /home/armita/pixel/staging --> /home/armita/pixel/current
Found 2 save data paths
Read 46180 clean list file
Dir path is /mnt/adnetik/adnetik-uservervillage/prod/userver_log/pixel/2013-06-04/
Read 1152 paths for daylist [2013-06-04]
Found 726 new paths
.Done with file 0/726
......size getting too big, writing to Db
Inserted almost 213290 lines

Wrote 46187 clean list files
renamed directory /home/armita/pixel/staging --> /home/armita/pixel/current
Found 2 save data paths
Read 46187 clean list file
Dir path is /mnt/adnetik/adnetik-uservervillage/prod/userver_log/pixel/2013-06-04/
Read 1152 paths for daylist [2013-06-04]
Found 719 new paths
.Done with file 0/719
...size getting too big, writing to Db
Inserted almost 224337 lines

Wrote 46191 clean list files
renamed directory /home/armita/pixel/staging --> /home/armita/pixel/current
Found 2 save data paths
Read 46191 clean list file
Dir path is /mnt/adnetik/adnetik-uservervillage/prod/userver_log/pixel/2013-06-04/
Read 1152 paths for daylist [2013-06-04]
Found 715 new paths
.Done with file 0/715
...size getting too big, writing to Db
Inserted almost 239700 lines

Wrote 46195 clean list files
renamed directory /home/armita/pixel/staging --> /home/armita/pixel/current
Found 2 save data paths
Read 46195 clean list file
Dir path is /mnt/adnetik/adnetik-uservervillage/prod/userver_log/pixel/2013-06-04/
Read 1152 paths for daylist [2013-06-04]
Found 711 new paths
.Done with file 0/711
....size getting too big, writing to Db
Inserted almost 246356 lines

Wrote 46200 clean list files
renamed directory /home/armita/pixel/staging --> /home/armita/pixel/current
Found 2 save data paths
Read 46200 clean list file
Dir path is /mnt/adnetik/adnetik-uservervillage/prod/userver_log/pixel/2013-06-04/
Read 1152 paths for daylist [2013-06-04]
Found 706 new paths
.Done with file 0/706
.....size getting too big, writing to Db
Inserted almost 235138 lines

Wrote 46206 clean list files
renamed directory /home/armita/pixel/staging --> /home/armita/pixel/current
Found 2 save data paths
Read 46206 clean list file
Dir path is /mnt/adnetik/adnetik-uservervillage/prod/userver_log/pixel/2013-06-04/
Read 1152 paths for daylist [2013-06-04]
Found 700 new paths
.Done with file 0/700
...size getting too big, writing to Db
Inserted almost 203429 lines

Wrote 46210 clean list files
renamed directory /home/armita/pixel/staging --> /home/armita/pixel/current
Found 2 save data paths
Read 46210 clean list file
Dir path is /mnt/adnetik/adnetik-uservervillage/prod/userver_log/pixel/2013-06-04/
Read 1152 paths for daylist [2013-06-04]
Found 696 new paths
.Done with file 0/696
....size getting too big, writing to Db
Inserted almost 255192 lines

Wrote 46215 clean list files
renamed directory /home/armita/pixel/staging --> /home/armita/pixel/current
Found 2 save data paths
Read 46215 clean list file
Dir path is /mnt/adnetik/adnetik-uservervillage/prod/userver_log/pixel/2013-06-04/
Read 1152 paths for daylist [2013-06-04]
Found 691 new paths
.Done with file 0/691
....size getting too big, writing to Db
Inserted almost 218161 lines

Wrote 46220 clean list files
renamed directory /home/armita/pixel/staging --> /home/armita/pixel/current
Found 2 save data paths
Read 46220 clean list file
Dir path is /mnt/adnetik/adnetik-uservervillage/prod/userver_log/pixel/2013-06-04/
Read 1152 paths for daylist [2013-06-04]
Found 686 new paths
.Done with file 0/686
....size getting too big, writing to Db
Inserted almost 221416 lines

Wrote 46225 clean list files
renamed directory /home/armita/pixel/staging --> /home/armita/pixel/current
Found 2 save data paths
Read 46225 clean list file
Dir path is /mnt/adnetik/adnetik-uservervillage/prod/userver_log/pixel/2013-06-04/
Read 1152 paths for daylist [2013-06-04]
Found 681 new paths
.Done with file 0/681
....size getting too big, writing to Db
Inserted almost 250531 lines

Wrote 46230 clean list files
renamed directory /home/armita/pixel/staging --> /home/armita/pixel/current
Found 2 save data paths
Read 46230 clean list file
Dir path is /mnt/adnetik/adnetik-uservervillage/prod/userver_log/pixel/2013-06-04/
Read 1152 paths for daylist [2013-06-04]
Found 676 new paths
.Done with file 0/676
...size getting too big, writing to Db
Inserted almost 225242 lines

Wrote 46234 clean list files
renamed directory /home/armita/pixel/staging --> /home/armita/pixel/current
Found 2 save data paths
Read 46234 clean list file
Dir path is /mnt/adnetik/adnetik-uservervillage/prod/userver_log/pixel/2013-06-04/
Read 1152 paths for daylist [2013-06-04]
Found 672 new paths
.Done with file 0/672
....size getting too big, writing to Db
Inserted almost 206417 lines

Wrote 46239 clean list files
renamed directory /home/armita/pixel/staging --> /home/armita/pixel/current
Found 2 save data paths
Read 46239 clean list file
Dir path is /mnt/adnetik/adnetik-uservervillage/prod/userver_log/pixel/2013-06-04/
Read 1152 paths for daylist [2013-06-04]
Found 667 new paths
.Done with file 0/667
....size getting too big, writing to Db
Inserted almost 242581 lines

Wrote 46244 clean list files
renamed directory /home/armita/pixel/staging --> /home/armita/pixel/current
Found 2 save data paths
Read 46244 clean list file
Dir path is /mnt/adnetik/adnetik-uservervillage/prod/userver_log/pixel/2013-06-04/
Read 1152 paths for daylist [2013-06-04]
Found 662 new paths
.Done with file 0/662
....size getting too big, writing to Db
Inserted almost 243119 lines

Wrote 46249 clean list files
renamed directory /home/armita/pixel/staging --> /home/armita/pixel/current
Found 2 save data paths
Read 46249 clean list file
Dir path is /mnt/adnetik/adnetik-uservervillage/prod/userver_log/pixel/2013-06-04/
Read 1152 paths for daylist [2013-06-04]
Found 657 new paths
.Done with file 0/657
...size getting too big, writing to Db
Inserted almost 211625 lines

Wrote 46253 clean list files
renamed directory /home/armita/pixel/staging --> /home/armita/pixel/current
Found 2 save data paths
Read 46253 clean list file
Dir path is /mnt/adnetik/adnetik-uservervillage/prod/userver_log/pixel/2013-06-04/
Read 1152 paths for daylist [2013-06-04]
Found 653 new paths
.Done with file 0/653
.....size getting too big, writing to Db
Inserted almost 202051 lines

Wrote 46259 clean list files
renamed directory /home/armita/pixel/staging --> /home/armita/pixel/current
Found 2 save data paths
Read 46259 clean list file
Dir path is /mnt/adnetik/adnetik-uservervillage/prod/userver_log/pixel/2013-06-04/
Read 1152 paths for daylist [2013-06-04]
Found 647 new paths
.Done with file 0/647
..size getting too big, writing to Db
Inserted almost 201321 lines

Wrote 46262 clean list files
renamed directory /home/armita/pixel/staging --> /home/armita/pixel/current
Found 2 save data paths
Read 46262 clean list file
Dir path is /mnt/adnetik/adnetik-uservervillage/prod/userver_log/pixel/2013-06-04/
Read 1152 paths for daylist [2013-06-04]
Found 644 new paths
.Done with file 0/644
...size getting too big, writing to Db
Inserted almost 234212 lines

Wrote 46266 clean list files
renamed directory /home/armita/pixel/staging --> /home/armita/pixel/current
Found 2 save data paths
Read 46266 clean list file
Dir path is /mnt/adnetik/adnetik-uservervillage/prod/userver_log/pixel/2013-06-04/
Read 1152 paths for daylist [2013-06-04]
Found 640 new paths
.Done with file 0/640
....size getting too big, writing to Db
Inserted almost 205503 lines

Wrote 46271 clean list files
renamed directory /home/armita/pixel/staging --> /home/armita/pixel/current
Found 2 save data paths
Read 46271 clean list file
Dir path is /mnt/adnetik/adnetik-uservervillage/prod/userver_log/pixel/2013-06-04/
Read 1152 paths for daylist [2013-06-04]
Found 635 new paths
.Done with file 0/635
..size getting too big, writing to Db
Inserted almost 203160 lines

Wrote 46274 clean list files
renamed directory /home/armita/pixel/staging --> /home/armita/pixel/current
Found 2 save data paths
Read 46274 clean list file
Dir path is /mnt/adnetik/adnetik-uservervillage/prod/userver_log/pixel/2013-06-04/
Read 1152 paths for daylist [2013-06-04]
Found 632 new paths
.Done with file 0/632
....size getting too big, writing to Db
Inserted almost 270492 lines

Wrote 46279 clean list files
renamed directory /home/armita/pixel/staging --> /home/armita/pixel/current
Found 2 save data paths
Read 46279 clean list file
Dir path is /mnt/adnetik/adnetik-uservervillage/prod/userver_log/pixel/2013-06-04/
Read 1152 paths for daylist [2013-06-04]
Found 627 new paths
.Done with file 0/627
...size getting too big, writing to Db
Inserted almost 243796 lines

Wrote 46283 clean list files
renamed directory /home/armita/pixel/staging --> /home/armita/pixel/current
Found 2 save data paths
Read 46283 clean list file
Dir path is /mnt/adnetik/adnetik-uservervillage/prod/userver_log/pixel/2013-06-04/
Read 1152 paths for daylist [2013-06-04]
Found 623 new paths
.Done with file 0/623
.....size getting too big, writing to Db
Inserted almost 206060 lines

Wrote 46289 clean list files
renamed directory /home/armita/pixel/staging --> /home/armita/pixel/current
Found 2 save data paths
Read 46289 clean list file
Dir path is /mnt/adnetik/adnetik-uservervillage/prod/userver_log/pixel/2013-06-04/
Read 1152 paths for daylist [2013-06-04]
Found 617 new paths
.Done with file 0/617
.....size getting too big, writing to Db
Inserted almost 228366 lines

Wrote 46295 clean list files
renamed directory /home/armita/pixel/staging --> /home/armita/pixel/current
Found 2 save data paths
Read 46295 clean list file
Dir path is /mnt/adnetik/adnetik-uservervillage/prod/userver_log/pixel/2013-06-04/
Read 1152 paths for daylist [2013-06-04]
Found 611 new paths
.Done with file 0/611
...size getting too big, writing to Db
Inserted almost 233306 lines

Wrote 46299 clean list files
renamed directory /home/armita/pixel/staging --> /home/armita/pixel/current
Found 2 save data paths
Read 46299 clean list file
Dir path is /mnt/adnetik/adnetik-uservervillage/prod/userver_log/pixel/2013-06-04/
Read 1152 paths for daylist [2013-06-04]
Found 607 new paths
.Done with file 0/607
...size getting too big, writing to Db
Inserted almost 225077 lines

Wrote 46303 clean list files
renamed directory /home/armita/pixel/staging --> /home/armita/pixel/current
Found 2 save data paths
Read 46303 clean list file
Dir path is /mnt/adnetik/adnetik-uservervillage/prod/userver_log/pixel/2013-06-04/
Read 1152 paths for daylist [2013-06-04]
Found 603 new paths
.Done with file 0/603
.....size getting too big, writing to Db
Inserted almost 234200 lines

Wrote 46309 clean list files
renamed directory /home/armita/pixel/staging --> /home/armita/pixel/current
Found 2 save data paths
Read 46309 clean list file
Dir path is /mnt/adnetik/adnetik-uservervillage/prod/userver_log/pixel/2013-06-04/
Read 1152 paths for daylist [2013-06-04]
Found 597 new paths
.Done with file 0/597
...size getting too big, writing to Db
Inserted almost 234315 lines

Wrote 46313 clean list files
renamed directory /home/armita/pixel/staging --> /home/armita/pixel/current
Found 2 save data paths
Read 46313 clean list file
Dir path is /mnt/adnetik/adnetik-uservervillage/prod/userver_log/pixel/2013-06-04/
Read 1152 paths for daylist [2013-06-04]
Found 593 new paths
.Done with file 0/593
...size getting too big, writing to Db
Inserted almost 229913 lines

Wrote 46317 clean list files
renamed directory /home/armita/pixel/staging --> /home/armita/pixel/current
Found 2 save data paths
Read 46317 clean list file
Dir path is /mnt/adnetik/adnetik-uservervillage/prod/userver_log/pixel/2013-06-04/
Read 1152 paths for daylist [2013-06-04]
Found 589 new paths
.Done with file 0/589
....size getting too big, writing to Db
Inserted almost 211491 lines

Wrote 46322 clean list files
renamed directory /home/armita/pixel/staging --> /home/armita/pixel/current
Found 2 save data paths
Read 46322 clean list file
Dir path is /mnt/adnetik/adnetik-uservervillage/prod/userver_log/pixel/2013-06-04/
Read 1152 paths for daylist [2013-06-04]
Found 584 new paths
.Done with file 0/584
....size getting too big, writing to Db
Inserted almost 212679 lines

Wrote 46327 clean list files
renamed directory /home/armita/pixel/staging --> /home/armita/pixel/current
Found 2 save data paths
Read 46327 clean list file
Dir path is /mnt/adnetik/adnetik-uservervillage/prod/userver_log/pixel/2013-06-04/
Read 1152 paths for daylist [2013-06-04]
Found 579 new paths
.Done with file 0/579
...size getting too big, writing to Db
Inserted almost 205639 lines

Wrote 46331 clean list files
renamed directory /home/armita/pixel/staging --> /home/armita/pixel/current
Found 2 save data paths
Read 46331 clean list file
Dir path is /mnt/adnetik/adnetik-uservervillage/prod/userver_log/pixel/2013-06-04/
Read 1152 paths for daylist [2013-06-04]
Found 575 new paths
.Done with file 0/575
....size getting too big, writing to Db
Inserted almost 221452 lines

Wrote 46336 clean list files
renamed directory /home/armita/pixel/staging --> /home/armita/pixel/current
Found 2 save data paths
Read 46336 clean list file
Dir path is /mnt/adnetik/adnetik-uservervillage/prod/userver_log/pixel/2013-06-04/
Read 1152 paths for daylist [2013-06-04]
Found 570 new paths
.Done with file 0/570
.....size getting too big, writing to Db
Inserted almost 201510 lines

Wrote 46342 clean list files
renamed directory /home/armita/pixel/staging --> /home/armita/pixel/current
Found 2 save data paths
Read 46342 clean list file
Dir path is /mnt/adnetik/adnetik-uservervillage/prod/userver_log/pixel/2013-06-04/
Read 1152 paths for daylist [2013-06-04]
Found 564 new paths
.Done with file 0/564
...size getting too big, writing to Db
Inserted almost 247563 lines

Wrote 46346 clean list files
renamed directory /home/armita/pixel/staging --> /home/armita/pixel/current
Found 2 save data paths
Read 46346 clean list file
Dir path is /mnt/adnetik/adnetik-uservervillage/prod/userver_log/pixel/2013-06-04/
Read 1152 paths for daylist [2013-06-04]
Found 560 new paths
.Done with file 0/560
..size getting too big, writing to Db
Inserted almost 202209 lines

Wrote 46349 clean list files
renamed directory /home/armita/pixel/staging --> /home/armita/pixel/current
Found 2 save data paths
Read 46349 clean list file
Dir path is /mnt/adnetik/adnetik-uservervillage/prod/userver_log/pixel/2013-06-04/
Read 1152 paths for daylist [2013-06-04]
Found 557 new paths
.Done with file 0/557
...size getting too big, writing to Db
Inserted almost 231475 lines

Wrote 46353 clean list files
renamed directory /home/armita/pixel/staging --> /home/armita/pixel/current
Found 2 save data paths
Read 46353 clean list file
Dir path is /mnt/adnetik/adnetik-uservervillage/prod/userver_log/pixel/2013-06-04/
Read 1152 paths for daylist [2013-06-04]
Found 553 new paths
.Done with file 0/553
.....size getting too big, writing to Db
Inserted almost 239456 lines

Wrote 46359 clean list files
renamed directory /home/armita/pixel/staging --> /home/armita/pixel/current
Found 2 save data paths
Read 46359 clean list file
Dir path is /mnt/adnetik/adnetik-uservervillage/prod/userver_log/pixel/2013-06-04/
Read 1152 paths for daylist [2013-06-04]
Found 547 new paths
.Done with file 0/547
....size getting too big, writing to Db
Inserted almost 204347 lines

Wrote 46364 clean list files
renamed directory /home/armita/pixel/staging --> /home/armita/pixel/current
Found 2 save data paths
Read 46364 clean list file
Dir path is /mnt/adnetik/adnetik-uservervillage/prod/userver_log/pixel/2013-06-04/
Read 1152 paths for daylist [2013-06-04]
Found 542 new paths
.Done with file 0/542
...size getting too big, writing to Db
Inserted almost 207515 lines

Wrote 46368 clean list files
renamed directory /home/armita/pixel/staging --> /home/armita/pixel/current
Found 2 save data paths
Read 46368 clean list file
Dir path is /mnt/adnetik/adnetik-uservervillage/prod/userver_log/pixel/2013-06-04/
Read 1152 paths for daylist [2013-06-04]
Found 538 new paths
.Done with file 0/538
...size getting too big, writing to Db
Inserted almost 232411 lines

Wrote 46372 clean list files
renamed directory /home/armita/pixel/staging --> /home/armita/pixel/current
Found 2 save data paths
Read 46372 clean list file
Dir path is /mnt/adnetik/adnetik-uservervillage/prod/userver_log/pixel/2013-06-04/
Read 1152 paths for daylist [2013-06-04]
Found 534 new paths
.Done with file 0/534
.....size getting too big, writing to Db
Inserted almost 237132 lines

Wrote 46378 clean list files
renamed directory /home/armita/pixel/staging --> /home/armita/pixel/current
Found 2 save data paths
Read 46378 clean list file
Dir path is /mnt/adnetik/adnetik-uservervillage/prod/userver_log/pixel/2013-06-04/
Read 1152 paths for daylist [2013-06-04]
Found 528 new paths
.Done with file 0/528
....size getting too big, writing to Db
Inserted almost 250730 lines

Wrote 46383 clean list files
renamed directory /home/armita/pixel/staging --> /home/armita/pixel/current
Found 2 save data paths
Read 46383 clean list file
Dir path is /mnt/adnetik/adnetik-uservervillage/prod/userver_log/pixel/2013-06-04/
Read 1152 paths for daylist [2013-06-04]
Found 523 new paths
.Done with file 0/523
...size getting too big, writing to Db
Inserted almost 200305 lines

Wrote 46387 clean list files
renamed directory /home/armita/pixel/staging --> /home/armita/pixel/current
Found 2 save data paths
Read 46387 clean list file
Dir path is /mnt/adnetik/adnetik-uservervillage/prod/userver_log/pixel/2013-06-04/
Read 1152 paths for daylist [2013-06-04]
Found 519 new paths
.Done with file 0/519
.....size getting too big, writing to Db
Inserted almost 263157 lines

Wrote 46393 clean list files
renamed directory /home/armita/pixel/staging --> /home/armita/pixel/current
Found 2 save data paths
Read 46393 clean list file
Dir path is /mnt/adnetik/adnetik-uservervillage/prod/userver_log/pixel/2013-06-04/
Read 1152 paths for daylist [2013-06-04]
Found 513 new paths
.Done with file 0/513
...size getting too big, writing to Db
Inserted almost 201220 lines

Wrote 46397 clean list files
renamed directory /home/armita/pixel/staging --> /home/armita/pixel/current
Found 2 save data paths
Read 46397 clean list file
Dir path is /mnt/adnetik/adnetik-uservervillage/prod/userver_log/pixel/2013-06-04/
Read 1152 paths for daylist [2013-06-04]
Found 509 new paths
.Done with file 0/509
.....size getting too big, writing to Db
Inserted almost 264173 lines

Wrote 46403 clean list files
renamed directory /home/armita/pixel/staging --> /home/armita/pixel/current
Found 2 save data paths
Read 46403 clean list file
Dir path is /mnt/adnetik/adnetik-uservervillage/prod/userver_log/pixel/2013-06-04/
Read 1152 paths for daylist [2013-06-04]
Found 503 new paths
.Done with file 0/503
....size getting too big, writing to Db
Inserted almost 247676 lines

Wrote 46408 clean list files
renamed directory /home/armita/pixel/staging --> /home/armita/pixel/current
Found 2 save data paths
Read 46408 clean list file
Dir path is /mnt/adnetik/adnetik-uservervillage/prod/userver_log/pixel/2013-06-04/
Read 1152 paths for daylist [2013-06-04]
Found 498 new paths
.Done with file 0/498
....size getting too big, writing to Db
Inserted almost 261685 lines

Wrote 46413 clean list files
renamed directory /home/armita/pixel/staging --> /home/armita/pixel/current
Found 2 save data paths
Read 46413 clean list file
Dir path is /mnt/adnetik/adnetik-uservervillage/prod/userver_log/pixel/2013-06-04/
Read 1152 paths for daylist [2013-06-04]
Found 493 new paths
.Done with file 0/493
....size getting too big, writing to Db
Inserted almost 201583 lines

Wrote 46418 clean list files
renamed directory /home/armita/pixel/staging --> /home/armita/pixel/current
Found 2 save data paths
Read 46418 clean list file
Dir path is /mnt/adnetik/adnetik-uservervillage/prod/userver_log/pixel/2013-06-04/
Read 1152 paths for daylist [2013-06-04]
Found 488 new paths
.Done with file 0/488
...size getting too big, writing to Db
Inserted almost 227320 lines

Wrote 46422 clean list files
renamed directory /home/armita/pixel/staging --> /home/armita/pixel/current
Found 2 save data paths
Read 46422 clean list file
Dir path is /mnt/adnetik/adnetik-uservervillage/prod/userver_log/pixel/2013-06-04/
Read 1152 paths for daylist [2013-06-04]
Found 484 new paths
.Done with file 0/484
.....size getting too big, writing to Db
Inserted almost 237596 lines

Wrote 46428 clean list files
renamed directory /home/armita/pixel/staging --> /home/armita/pixel/current
Found 2 save data paths
Read 46428 clean list file
Dir path is /mnt/adnetik/adnetik-uservervillage/prod/userver_log/pixel/2013-06-04/
Read 1152 paths for daylist [2013-06-04]
Found 478 new paths
.Done with file 0/478
...size getting too big, writing to Db
Inserted almost 232289 lines

Wrote 46432 clean list files
renamed directory /home/armita/pixel/staging --> /home/armita/pixel/current
Found 2 save data paths
Read 46432 clean list file
Dir path is /mnt/adnetik/adnetik-uservervillage/prod/userver_log/pixel/2013-06-04/
Read 1152 paths for daylist [2013-06-04]
Found 474 new paths
.Done with file 0/474
.....size getting too big, writing to Db
Inserted almost 248131 lines

Wrote 46438 clean list files
renamed directory /home/armita/pixel/staging --> /home/armita/pixel/current
Found 2 save data paths
Read 46438 clean list file
Dir path is /mnt/adnetik/adnetik-uservervillage/prod/userver_log/pixel/2013-06-04/
Read 1152 paths for daylist [2013-06-04]
Found 468 new paths
.Done with file 0/468
....size getting too big, writing to Db
Inserted almost 261287 lines

Wrote 46443 clean list files
renamed directory /home/armita/pixel/staging --> /home/armita/pixel/current
Found 2 save data paths
Read 46443 clean list file
Dir path is /mnt/adnetik/adnetik-uservervillage/prod/userver_log/pixel/2013-06-04/
Read 1152 paths for daylist [2013-06-04]
Found 463 new paths
.Done with file 0/463
...size getting too big, writing to Db
Inserted almost 204022 lines

Wrote 46447 clean list files
renamed directory /home/armita/pixel/staging --> /home/armita/pixel/current
Found 2 save data paths
Read 46447 clean list file
Dir path is /mnt/adnetik/adnetik-uservervillage/prod/userver_log/pixel/2013-06-04/
Read 1152 paths for daylist [2013-06-04]
Found 459 new paths
.Done with file 0/459
....size getting too big, writing to Db
Inserted almost 256956 lines

Wrote 46452 clean list files
renamed directory /home/armita/pixel/staging --> /home/armita/pixel/current
Found 2 save data paths
Read 46452 clean list file
Dir path is /mnt/adnetik/adnetik-uservervillage/prod/userver_log/pixel/2013-06-04/
Read 1152 paths for daylist [2013-06-04]
Found 454 new paths
.Done with file 0/454
....size getting too big, writing to Db
Inserted almost 239085 lines

Wrote 46457 clean list files
renamed directory /home/armita/pixel/staging --> /home/armita/pixel/current
Found 2 save data paths
Read 46457 clean list file
Dir path is /mnt/adnetik/adnetik-uservervillage/prod/userver_log/pixel/2013-06-04/
Read 1152 paths for daylist [2013-06-04]
Found 449 new paths
.Done with file 0/449
....size getting too big, writing to Db
Inserted almost 224693 lines

Wrote 46462 clean list files
renamed directory /home/armita/pixel/staging --> /home/armita/pixel/current
Found 2 save data paths
Read 46462 clean list file
Dir path is /mnt/adnetik/adnetik-uservervillage/prod/userver_log/pixel/2013-06-04/
Read 1152 paths for daylist [2013-06-04]
Found 444 new paths
.Done with file 0/444
....size getting too big, writing to Db
Inserted almost 258153 lines

Wrote 46467 clean list files
renamed directory /home/armita/pixel/staging --> /home/armita/pixel/current
Found 2 save data paths
Read 46467 clean list file
Dir path is /mnt/adnetik/adnetik-uservervillage/prod/userver_log/pixel/2013-06-04/
Read 1152 paths for daylist [2013-06-04]
Found 439 new paths
.Done with file 0/439
....size getting too big, writing to Db
Inserted almost 229594 lines

Wrote 46472 clean list files
renamed directory /home/armita/pixel/staging --> /home/armita/pixel/current
Found 2 save data paths
Read 46472 clean list file
Dir path is /mnt/adnetik/adnetik-uservervillage/prod/userver_log/pixel/2013-06-04/
Read 1152 paths for daylist [2013-06-04]
Found 434 new paths
.Done with file 0/434
....size getting too big, writing to Db
Inserted almost 239108 lines

Wrote 46477 clean list files
renamed directory /home/armita/pixel/staging --> /home/armita/pixel/current
Found 2 save data paths
Read 46477 clean list file
Dir path is /mnt/adnetik/adnetik-uservervillage/prod/userver_log/pixel/2013-06-04/
Read 1152 paths for daylist [2013-06-04]
Found 429 new paths
.Done with file 0/429
..size getting too big, writing to Db
Inserted almost 202355 lines

Wrote 46480 clean list files
renamed directory /home/armita/pixel/staging --> /home/armita/pixel/current
Found 2 save data paths
Read 46480 clean list file
Dir path is /mnt/adnetik/adnetik-uservervillage/prod/userver_log/pixel/2013-06-04/
Read 1152 paths for daylist [2013-06-04]
Found 426 new paths
.Done with file 0/426
.....size getting too big, writing to Db
Inserted almost 254707 lines

Wrote 46486 clean list files
renamed directory /home/armita/pixel/staging --> /home/armita/pixel/current
Found 2 save data paths
Read 46486 clean list file
Dir path is /mnt/adnetik/adnetik-uservervillage/prod/userver_log/pixel/2013-06-04/
Read 1152 paths for daylist [2013-06-04]
Found 420 new paths
.Done with file 0/420
...size getting too big, writing to Db
Inserted almost 216238 lines

Wrote 46490 clean list files
renamed directory /home/armita/pixel/staging --> /home/armita/pixel/current
Found 2 save data paths
Read 46490 clean list file
Dir path is /mnt/adnetik/adnetik-uservervillage/prod/userver_log/pixel/2013-06-04/
Read 1152 paths for daylist [2013-06-04]
Found 416 new paths
.Done with file 0/416
....size getting too big, writing to Db
Inserted almost 251291 lines

Wrote 46495 clean list files
renamed directory /home/armita/pixel/staging --> /home/armita/pixel/current
Found 2 save data paths
Read 46495 clean list file
Dir path is /mnt/adnetik/adnetik-uservervillage/prod/userver_log/pixel/2013-06-04/
Read 1152 paths for daylist [2013-06-04]
Found 411 new paths
.Done with file 0/411
....size getting too big, writing to Db
Inserted almost 244726 lines

Wrote 46500 clean list files
renamed directory /home/armita/pixel/staging --> /home/armita/pixel/current
Found 2 save data paths
Read 46500 clean list file
Dir path is /mnt/adnetik/adnetik-uservervillage/prod/userver_log/pixel/2013-06-04/
Read 1152 paths for daylist [2013-06-04]
Found 406 new paths
.Done with file 0/406
...size getting too big, writing to Db
Inserted almost 213719 lines

Wrote 46504 clean list files
renamed directory /home/armita/pixel/staging --> /home/armita/pixel/current
Found 2 save data paths
Read 46504 clean list file
Dir path is /mnt/adnetik/adnetik-uservervillage/prod/userver_log/pixel/2013-06-04/
Read 1152 paths for daylist [2013-06-04]
Found 402 new paths
.Done with file 0/402
....size getting too big, writing to Db
Inserted almost 229515 lines

Wrote 46509 clean list files
renamed directory /home/armita/pixel/staging --> /home/armita/pixel/current
Found 2 save data paths
Read 46509 clean list file
Dir path is /mnt/adnetik/adnetik-uservervillage/prod/userver_log/pixel/2013-06-04/
Read 1152 paths for daylist [2013-06-04]
Found 397 new paths
.Done with file 0/397
...size getting too big, writing to Db
Inserted almost 249019 lines

Wrote 46513 clean list files
renamed directory /home/armita/pixel/staging --> /home/armita/pixel/current
Found 2 save data paths
Read 46513 clean list file
Dir path is /mnt/adnetik/adnetik-uservervillage/prod/userver_log/pixel/2013-06-04/
Read 1152 paths for daylist [2013-06-04]
Found 393 new paths
.Done with file 0/393
.....size getting too big, writing to Db
Inserted almost 227262 lines

Wrote 46519 clean list files
renamed directory /home/armita/pixel/staging --> /home/armita/pixel/current
Found 2 save data paths
Read 46519 clean list file
Dir path is /mnt/adnetik/adnetik-uservervillage/prod/userver_log/pixel/2013-06-04/
Read 1152 paths for daylist [2013-06-04]
Found 387 new paths
.Done with file 0/387
....size getting too big, writing to Db
Inserted almost 230082 lines

Wrote 46524 clean list files
renamed directory /home/armita/pixel/staging --> /home/armita/pixel/current
Found 2 save data paths
Read 46524 clean list file
Dir path is /mnt/adnetik/adnetik-uservervillage/prod/userver_log/pixel/2013-06-04/
Read 1152 paths for daylist [2013-06-04]
Found 382 new paths
.Done with file 0/382
..size getting too big, writing to Db
Inserted almost 213977 lines

Wrote 46527 clean list files
renamed directory /home/armita/pixel/staging --> /home/armita/pixel/current
Found 2 save data paths
Read 46527 clean list file
Dir path is /mnt/adnetik/adnetik-uservervillage/prod/userver_log/pixel/2013-06-04/
Read 1152 paths for daylist [2013-06-04]
Found 379 new paths
.Done with file 0/379
....size getting too big, writing to Db
Inserted almost 203444 lines

Wrote 46532 clean list files
renamed directory /home/armita/pixel/staging --> /home/armita/pixel/current
Found 2 save data paths
Read 46532 clean list file
Dir path is /mnt/adnetik/adnetik-uservervillage/prod/userver_log/pixel/2013-06-04/
Read 1152 paths for daylist [2013-06-04]
Found 374 new paths
.Done with file 0/374
...size getting too big, writing to Db
Inserted almost 226906 lines

Wrote 46536 clean list files
renamed directory /home/armita/pixel/staging --> /home/armita/pixel/current
Found 2 save data paths
Read 46536 clean list file
Dir path is /mnt/adnetik/adnetik-uservervillage/prod/userver_log/pixel/2013-06-04/
Read 1152 paths for daylist [2013-06-04]
Found 370 new paths
.Done with file 0/370
...size getting too big, writing to Db
Inserted almost 218675 lines

Wrote 46540 clean list files
renamed directory /home/armita/pixel/staging --> /home/armita/pixel/current
Found 2 save data paths
Read 46540 clean list file
Dir path is /mnt/adnetik/adnetik-uservervillage/prod/userver_log/pixel/2013-06-04/
Read 1152 paths for daylist [2013-06-04]
Found 366 new paths
.Done with file 0/366
...size getting too big, writing to Db
Inserted almost 216500 lines

Wrote 46544 clean list files
renamed directory /home/armita/pixel/staging --> /home/armita/pixel/current
Found 2 save data paths
Read 46544 clean list file
Dir path is /mnt/adnetik/adnetik-uservervillage/prod/userver_log/pixel/2013-06-04/
Read 1152 paths for daylist [2013-06-04]
Found 362 new paths
.Done with file 0/362
...size getting too big, writing to Db
Inserted almost 229836 lines

Wrote 46548 clean list files
renamed directory /home/armita/pixel/staging --> /home/armita/pixel/current
Found 2 save data paths
Read 46548 clean list file
Dir path is /mnt/adnetik/adnetik-uservervillage/prod/userver_log/pixel/2013-06-04/
Read 1152 paths for daylist [2013-06-04]
Found 358 new paths
.Done with file 0/358
...size getting too big, writing to Db
Inserted almost 220143 lines

Wrote 46552 clean list files
renamed directory /home/armita/pixel/staging --> /home/armita/pixel/current
Found 2 save data paths
Read 46552 clean list file
Dir path is /mnt/adnetik/adnetik-uservervillage/prod/userver_log/pixel/2013-06-04/
Read 1152 paths for daylist [2013-06-04]
Found 354 new paths
.Done with file 0/354
...size getting too big, writing to Db
Inserted almost 220475 lines

Wrote 46556 clean list files
renamed directory /home/armita/pixel/staging --> /home/armita/pixel/current
Found 2 save data paths
Read 46556 clean list file
Dir path is /mnt/adnetik/adnetik-uservervillage/prod/userver_log/pixel/2013-06-04/
Read 1152 paths for daylist [2013-06-04]
Found 350 new paths
.Done with file 0/350
.....size getting too big, writing to Db
Inserted almost 227787 lines

Wrote 46562 clean list files
renamed directory /home/armita/pixel/staging --> /home/armita/pixel/current
Found 2 save data paths
Read 46562 clean list file
Dir path is /mnt/adnetik/adnetik-uservervillage/prod/userver_log/pixel/2013-06-04/
Read 1152 paths for daylist [2013-06-04]
Found 344 new paths
.Done with file 0/344
...size getting too big, writing to Db
Inserted almost 212544 lines

Wrote 46566 clean list files
renamed directory /home/armita/pixel/staging --> /home/armita/pixel/current
Found 2 save data paths
Read 46566 clean list file
Dir path is /mnt/adnetik/adnetik-uservervillage/prod/userver_log/pixel/2013-06-04/
Read 1152 paths for daylist [2013-06-04]
Found 340 new paths
.Done with file 0/340
....size getting too big, writing to Db
Inserted almost 238528 lines

Wrote 46571 clean list files
renamed directory /home/armita/pixel/staging --> /home/armita/pixel/current
Found 2 save data paths
Read 46571 clean list file
Dir path is /mnt/adnetik/adnetik-uservervillage/prod/userver_log/pixel/2013-06-04/
Read 1152 paths for daylist [2013-06-04]
Found 335 new paths
.Done with file 0/335
...size getting too big, writing to Db
Inserted almost 205829 lines

Wrote 46575 clean list files
renamed directory /home/armita/pixel/staging --> /home/armita/pixel/current
Found 2 save data paths
Read 46575 clean list file
Dir path is /mnt/adnetik/adnetik-uservervillage/prod/userver_log/pixel/2013-06-04/
Read 1152 paths for daylist [2013-06-04]
Found 331 new paths
.Done with file 0/331
...size getting too big, writing to Db
Inserted almost 208757 lines

Wrote 46579 clean list files
renamed directory /home/armita/pixel/staging --> /home/armita/pixel/current
Found 2 save data paths
Read 46579 clean list file
Dir path is /mnt/adnetik/adnetik-uservervillage/prod/userver_log/pixel/2013-06-04/
Read 1152 paths for daylist [2013-06-04]
Found 327 new paths
.Done with file 0/327
....size getting too big, writing to Db
Inserted almost 225768 lines

Wrote 46584 clean list files
renamed directory /home/armita/pixel/staging --> /home/armita/pixel/current
Found 2 save data paths
Read 46584 clean list file
Dir path is /mnt/adnetik/adnetik-uservervillage/prod/userver_log/pixel/2013-06-04/
Read 1152 paths for daylist [2013-06-04]
Found 322 new paths
.Done with file 0/322
.....size getting too big, writing to Db
Inserted almost 209618 lines

Wrote 46590 clean list files
renamed directory /home/armita/pixel/staging --> /home/armita/pixel/current
Found 2 save data paths
Read 46590 clean list file
Dir path is /mnt/adnetik/adnetik-uservervillage/prod/userver_log/pixel/2013-06-04/
Read 1152 paths for daylist [2013-06-04]
Found 316 new paths
.Done with file 0/316
....size getting too big, writing to Db
Inserted almost 223375 lines

Wrote 46595 clean list files
renamed directory /home/armita/pixel/staging --> /home/armita/pixel/current
Found 2 save data paths
Read 46595 clean list file
Dir path is /mnt/adnetik/adnetik-uservervillage/prod/userver_log/pixel/2013-06-04/
Read 1152 paths for daylist [2013-06-04]
Found 311 new paths
.Done with file 0/311
.....size getting too big, writing to Db
Inserted almost 257620 lines

Wrote 46601 clean list files
renamed directory /home/armita/pixel/staging --> /home/armita/pixel/current
Found 2 save data paths
Read 46601 clean list file
Dir path is /mnt/adnetik/adnetik-uservervillage/prod/userver_log/pixel/2013-06-04/
Read 1152 paths for daylist [2013-06-04]
Found 305 new paths
.Done with file 0/305
.....size getting too big, writing to Db
Inserted almost 231634 lines

Wrote 46607 clean list files
renamed directory /home/armita/pixel/staging --> /home/armita/pixel/current
Found 2 save data paths
Read 46607 clean list file
Dir path is /mnt/adnetik/adnetik-uservervillage/prod/userver_log/pixel/2013-06-04/
Read 1152 paths for daylist [2013-06-04]
Found 299 new paths
.Done with file 0/299
...size getting too big, writing to Db
Inserted almost 201907 lines

Wrote 46611 clean list files
renamed directory /home/armita/pixel/staging --> /home/armita/pixel/current
Found 2 save data paths
Read 46611 clean list file
Dir path is /mnt/adnetik/adnetik-uservervillage/prod/userver_log/pixel/2013-06-04/
Read 1152 paths for daylist [2013-06-04]
Found 295 new paths
.Done with file 0/295
.....size getting too big, writing to Db
Inserted almost 238061 lines

Wrote 46617 clean list files
renamed directory /home/armita/pixel/staging --> /home/armita/pixel/current
Found 2 save data paths
Read 46617 clean list file
Dir path is /mnt/adnetik/adnetik-uservervillage/prod/userver_log/pixel/2013-06-04/
Read 1152 paths for daylist [2013-06-04]
Found 289 new paths
.Done with file 0/289
...size getting too big, writing to Db
Inserted almost 206756 lines

Wrote 46621 clean list files
renamed directory /home/armita/pixel/staging --> /home/armita/pixel/current
Found 2 save data paths
Read 46621 clean list file
Dir path is /mnt/adnetik/adnetik-uservervillage/prod/userver_log/pixel/2013-06-04/
Read 1152 paths for daylist [2013-06-04]
Found 285 new paths
.Done with file 0/285
.....size getting too big, writing to Db
Inserted almost 206114 lines

Wrote 46627 clean list files
renamed directory /home/armita/pixel/staging --> /home/armita/pixel/current
Found 2 save data paths
Read 46627 clean list file
Dir path is /mnt/adnetik/adnetik-uservervillage/prod/userver_log/pixel/2013-06-04/
Read 1152 paths for daylist [2013-06-04]
Found 279 new paths
.Done with file 0/279
.....size getting too big, writing to Db
Inserted almost 208239 lines

Wrote 46633 clean list files
renamed directory /home/armita/pixel/staging --> /home/armita/pixel/current
Found 2 save data paths
Read 46633 clean list file
Dir path is /mnt/adnetik/adnetik-uservervillage/prod/userver_log/pixel/2013-06-04/
Read 1152 paths for daylist [2013-06-04]
Found 273 new paths
.Done with file 0/273
....size getting too big, writing to Db
Inserted almost 211800 lines

Wrote 46638 clean list files
renamed directory /home/armita/pixel/staging --> /home/armita/pixel/current
Found 2 save data paths
Read 46638 clean list file
Dir path is /mnt/adnetik/adnetik-uservervillage/prod/userver_log/pixel/2013-06-04/
Read 1152 paths for daylist [2013-06-04]
Found 268 new paths
.Done with file 0/268
....size getting too big, writing to Db
Inserted almost 231474 lines

Wrote 46643 clean list files
renamed directory /home/armita/pixel/staging --> /home/armita/pixel/current
Found 2 save data paths
Read 46643 clean list file
Dir path is /mnt/adnetik/adnetik-uservervillage/prod/userver_log/pixel/2013-06-04/
Read 1152 paths for daylist [2013-06-04]
Found 263 new paths
.Done with file 0/263
.......size getting too big, writing to Db
Inserted almost 242989 lines

Wrote 46651 clean list files
renamed directory /home/armita/pixel/staging --> /home/armita/pixel/current
Found 2 save data paths
Read 46651 clean list file
Dir path is /mnt/adnetik/adnetik-uservervillage/prod/userver_log/pixel/2013-06-04/
Read 1152 paths for daylist [2013-06-04]
Found 255 new paths
.Done with file 0/255
.....size getting too big, writing to Db
Inserted almost 208153 lines

Wrote 46657 clean list files
renamed directory /home/armita/pixel/staging --> /home/armita/pixel/current
Found 2 save data paths
Read 46657 clean list file
Dir path is /mnt/adnetik/adnetik-uservervillage/prod/userver_log/pixel/2013-06-04/
Read 1152 paths for daylist [2013-06-04]
Found 249 new paths
.Done with file 0/249
........size getting too big, writing to Db
Inserted almost 242464 lines

Wrote 46666 clean list files
renamed directory /home/armita/pixel/staging --> /home/armita/pixel/current
Found 2 save data paths
Read 46666 clean list file
Dir path is /mnt/adnetik/adnetik-uservervillage/prod/userver_log/pixel/2013-06-04/
Read 1152 paths for daylist [2013-06-04]
Found 240 new paths
.Done with file 0/240
.....size getting too big, writing to Db
Inserted almost 208095 lines

Wrote 46672 clean list files
renamed directory /home/armita/pixel/staging --> /home/armita/pixel/current
Found 2 save data paths
Read 46672 clean list file
Dir path is /mnt/adnetik/adnetik-uservervillage/prod/userver_log/pixel/2013-06-04/
Read 1152 paths for daylist [2013-06-04]
Found 234 new paths
.Done with file 0/234
......size getting too big, writing to Db
Inserted almost 215130 lines

Wrote 46679 clean list files
renamed directory /home/armita/pixel/staging --> /home/armita/pixel/current
Found 2 save data paths
Read 46679 clean list file
Dir path is /mnt/adnetik/adnetik-uservervillage/prod/userver_log/pixel/2013-06-04/
Read 1152 paths for daylist [2013-06-04]
Found 227 new paths
.Done with file 0/227
......size getting too big, writing to Db
Inserted almost 224135 lines

Wrote 46686 clean list files
renamed directory /home/armita/pixel/staging --> /home/armita/pixel/current
Found 2 save data paths
Read 46686 clean list file
Dir path is /mnt/adnetik/adnetik-uservervillage/prod/userver_log/pixel/2013-06-04/
Read 1152 paths for daylist [2013-06-04]
Found 220 new paths
.Done with file 0/220
.......size getting too big, writing to Db
Inserted almost 201634 lines

Wrote 46694 clean list files
renamed directory /home/armita/pixel/staging --> /home/armita/pixel/current
Found 2 save data paths
Read 46694 clean list file
Dir path is /mnt/adnetik/adnetik-uservervillage/prod/userver_log/pixel/2013-06-04/
Read 1152 paths for daylist [2013-06-04]
Found 212 new paths
.Done with file 0/212
......size getting too big, writing to Db
Inserted almost 210450 lines

Wrote 46701 clean list files
renamed directory /home/armita/pixel/staging --> /home/armita/pixel/current
Found 2 save data paths
Read 46701 clean list file
Dir path is /mnt/adnetik/adnetik-uservervillage/prod/userver_log/pixel/2013-06-04/
Read 1152 paths for daylist [2013-06-04]
Found 205 new paths
.Done with file 0/205
.......size getting too big, writing to Db
Inserted almost 210360 lines

Wrote 46709 clean list files
renamed directory /home/armita/pixel/staging --> /home/armita/pixel/current
Found 2 save data paths
Read 46709 clean list file
Dir path is /mnt/adnetik/adnetik-uservervillage/prod/userver_log/pixel/2013-06-04/
Read 1152 paths for daylist [2013-06-04]
Found 197 new paths
.Done with file 0/197
......size getting too big, writing to Db
Inserted almost 215863 lines

Wrote 46716 clean list files
renamed directory /home/armita/pixel/staging --> /home/armita/pixel/current
Found 2 save data paths
Read 46716 clean list file
Dir path is /mnt/adnetik/adnetik-uservervillage/prod/userver_log/pixel/2013-06-04/
Read 1152 paths for daylist [2013-06-04]
Found 190 new paths
.Done with file 0/190
......size getting too big, writing to Db
Inserted almost 208057 lines

Wrote 46723 clean list files
renamed directory /home/armita/pixel/staging --> /home/armita/pixel/current
Found 2 save data paths
Read 46723 clean list file
Dir path is /mnt/adnetik/adnetik-uservervillage/prod/userver_log/pixel/2013-06-04/
Read 1152 paths for daylist [2013-06-04]
Found 183 new paths
.Done with file 0/183
.........size getting too big, writing to Db
Inserted almost 214529 lines

Wrote 46733 clean list files
renamed directory /home/armita/pixel/staging --> /home/armita/pixel/current
Found 2 save data paths
Read 46733 clean list file
Dir path is /mnt/adnetik/adnetik-uservervillage/prod/userver_log/pixel/2013-06-04/
Read 1152 paths for daylist [2013-06-04]
Found 173 new paths
.Done with file 0/173
........size getting too big, writing to Db
Inserted almost 242267 lines

Wrote 46742 clean list files
renamed directory /home/armita/pixel/staging --> /home/armita/pixel/current
Found 2 save data paths
Read 46742 clean list file
Dir path is /mnt/adnetik/adnetik-uservervillage/prod/userver_log/pixel/2013-06-04/
Read 1152 paths for daylist [2013-06-04]
Found 164 new paths
.Done with file 0/164
..........Done with file 10/164
.size getting too big, writing to Db
Inserted almost 249296 lines

Wrote 46754 clean list files
renamed directory /home/armita/pixel/staging --> /home/armita/pixel/current
Found 2 save data paths
Read 46754 clean list file
Dir path is /mnt/adnetik/adnetik-uservervillage/prod/userver_log/pixel/2013-06-04/
Read 1152 paths for daylist [2013-06-04]
Found 152 new paths
.Done with file 0/152
.........size getting too big, writing to Db
Inserted almost 204143 lines

Wrote 46764 clean list files
renamed directory /home/armita/pixel/staging --> /home/armita/pixel/current
Found 2 save data paths
Read 46764 clean list file
Dir path is /mnt/adnetik/adnetik-uservervillage/prod/userver_log/pixel/2013-06-04/
Read 1152 paths for daylist [2013-06-04]
Found 142 new paths
.Done with file 0/142
......size getting too big, writing to Db
Inserted almost 229044 lines

Wrote 46771 clean list files
renamed directory /home/armita/pixel/staging --> /home/armita/pixel/current
Found 2 save data paths
Read 46771 clean list file
Dir path is /mnt/adnetik/adnetik-uservervillage/prod/userver_log/pixel/2013-06-04/
Read 1152 paths for daylist [2013-06-04]
Found 135 new paths
.Done with file 0/135
......size getting too big, writing to Db
Inserted almost 209946 lines

Wrote 46778 clean list files
renamed directory /home/armita/pixel/staging --> /home/armita/pixel/current
Found 2 save data paths
Read 46778 clean list file
Dir path is /mnt/adnetik/adnetik-uservervillage/prod/userver_log/pixel/2013-06-04/
Read 1152 paths for daylist [2013-06-04]
Found 128 new paths
.Done with file 0/128
........size getting too big, writing to Db
Inserted almost 204890 lines

Wrote 46787 clean list files
renamed directory /home/armita/pixel/staging --> /home/armita/pixel/current
Found 2 save data paths
Read 46787 clean list file
Dir path is /mnt/adnetik/adnetik-uservervillage/prod/userver_log/pixel/2013-06-04/
Read 1152 paths for daylist [2013-06-04]
Found 119 new paths
.Done with file 0/119
........size getting too big, writing to Db
Inserted almost 210370 lines

Wrote 46796 clean list files
renamed directory /home/armita/pixel/staging --> /home/armita/pixel/current
Found 2 save data paths
Read 46796 clean list file
Dir path is /mnt/adnetik/adnetik-uservervillage/prod/userver_log/pixel/2013-06-04/
Read 1152 paths for daylist [2013-06-04]
Found 110 new paths
.Done with file 0/110
..........Done with file 10/110
size getting too big, writing to Db
Inserted almost 225685 lines

Wrote 46807 clean list files
renamed directory /home/armita/pixel/staging --> /home/armita/pixel/current
Found 2 save data paths
Read 46807 clean list file
Dir path is /mnt/adnetik/adnetik-uservervillage/prod/userver_log/pixel/2013-06-04/
Read 1152 paths for daylist [2013-06-04]
Found 99 new paths
.Done with file 0/99
..........Done with file 10/99
size getting too big, writing to Db
Inserted almost 226104 lines

Wrote 46818 clean list files
renamed directory /home/armita/pixel/staging --> /home/armita/pixel/current
Found 2 save data paths
Read 46818 clean list file
Dir path is /mnt/adnetik/adnetik-uservervillage/prod/userver_log/pixel/2013-06-04/
Read 1152 paths for daylist [2013-06-04]
Found 88 new paths
.Done with file 0/88
..........Done with file 10/88
size getting too big, writing to Db
Inserted almost 204258 lines

Wrote 46829 clean list files
renamed directory /home/armita/pixel/staging --> /home/armita/pixel/current
Found 2 save data paths
Read 46829 clean list file
Dir path is /mnt/adnetik/adnetik-uservervillage/prod/userver_log/pixel/2013-06-04/
Read 1152 paths for daylist [2013-06-04]
Found 77 new paths
.Done with file 0/77
..........Done with file 10/77
size getting too big, writing to Db
Inserted almost 224223 lines

Wrote 46840 clean list files
renamed directory /home/armita/pixel/staging --> /home/armita/pixel/current
Found 2 save data paths
Read 46840 clean list file
Dir path is /mnt/adnetik/adnetik-uservervillage/prod/userver_log/pixel/2013-06-04/
Read 1152 paths for daylist [2013-06-04]
Found 66 new paths
.Done with file 0/66
..........Done with file 10/66
..size getting too big, writing to Db
Inserted almost 219103 lines

Wrote 46853 clean list files
renamed directory /home/armita/pixel/staging --> /home/armita/pixel/current
Found 2 save data paths
Read 46853 clean list file
Dir path is /mnt/adnetik/adnetik-uservervillage/prod/userver_log/pixel/2013-06-04/
Read 1152 paths for daylist [2013-06-04]
Found 53 new paths
.Done with file 0/53
..........Done with file 10/53
.size getting too big, writing to Db
Inserted almost 208418 lines

Wrote 46865 clean list files
renamed directory /home/armita/pixel/staging --> /home/armita/pixel/current
Found 2 save data paths
Read 46865 clean list file
Dir path is /mnt/adnetik/adnetik-uservervillage/prod/userver_log/pixel/2013-06-04/
Read 1152 paths for daylist [2013-06-04]
Found 41 new paths
.Done with file 0/41
..........Done with file 10/41
..size getting too big, writing to Db
Inserted almost 215665 lines

Wrote 46878 clean list files
renamed directory /home/armita/pixel/staging --> /home/armita/pixel/current
Found 2 save data paths
Read 46878 clean list file
Dir path is /mnt/adnetik/adnetik-uservervillage/prod/userver_log/pixel/2013-06-04/
Read 1152 paths for daylist [2013-06-04]
Found 28 new paths
.Done with file 0/28
..........Done with file 10/28
.....size getting too big, writing to Db
Inserted almost 216354 lines

Wrote 46894 clean list files
renamed directory /home/armita/pixel/staging --> /home/armita/pixel/current
Found 2 save data paths
Read 46894 clean list file
Dir path is /mnt/adnetik/adnetik-uservervillage/prod/userver_log/pixel/2013-06-04/
Read 1152 paths for daylist [2013-06-04]
Found 12 new paths
.Done with file 0/12
..........Done with file 10/12
size getting too big, writing to Db
Inserted almost 201541 lines

Wrote 46905 clean list files
renamed directory /home/armita/pixel/staging --> /home/armita/pixel/current
Found 2 save data paths
Read 46905 clean list file
Dir path is /mnt/adnetik/adnetik-uservervillage/prod/userver_log/pixel/2013-06-04/
Read 1152 paths for daylist [2013-06-04]
Found 1 new paths
.Done with file 0/1
number of broken lines:+0 

writing to Db

Inserted almost 15768 lines

done writing to Db

Wrote 46906 clean list files
renamed directory /home/armita/pixel/staging --> /home/armita/pixel/current
