nohup: ignoring input
processing date : 2013-06-14
Found 3 save data paths
Read 47632 clean list file
Dir path is /mnt/adnetik/adnetik-uservervillage/prod/userver_log/pixel/2013-06-14/
Read 1153 paths for daylist [2013-06-14]
Found 1153 new paths
.Done with file 0/1153
..........Done with file 10/1153
......size getting too big, writing to Db
Inserted almost 203725 lines

Wrote 47649 clean list files
renamed directory /home/armita/pixel/staging --> /home/armita/pixel/current
Found 2 save data paths
Read 47649 clean list file
Dir path is /mnt/adnetik/adnetik-uservervillage/prod/userver_log/pixel/2013-06-14/
Read 1153 paths for daylist [2013-06-14]
Found 1136 new paths
.Done with file 0/1136
..........Done with file 10/1136
.....size getting too big, writing to Db
Inserted almost 202214 lines

Wrote 47665 clean list files
renamed directory /home/armita/pixel/staging --> /home/armita/pixel/current
Found 2 save data paths
Read 47665 clean list file
Dir path is /mnt/adnetik/adnetik-uservervillage/prod/userver_log/pixel/2013-06-14/
Read 1153 paths for daylist [2013-06-14]
Found 1120 new paths
.Done with file 0/1120
..........Done with file 10/1120
.....size getting too big, writing to Db
Inserted almost 202742 lines

Wrote 47681 clean list files
renamed directory /home/armita/pixel/staging --> /home/armita/pixel/current
Found 2 save data paths
Read 47681 clean list file
Dir path is /mnt/adnetik/adnetik-uservervillage/prod/userver_log/pixel/2013-06-14/
Read 1153 paths for daylist [2013-06-14]
Found 1104 new paths
.Done with file 0/1104
..........Done with file 10/1104
...size getting too big, writing to Db
Inserted almost 205046 lines

Wrote 47695 clean list files
renamed directory /home/armita/pixel/staging --> /home/armita/pixel/current
Found 2 save data paths
Read 47695 clean list file
Dir path is /mnt/adnetik/adnetik-uservervillage/prod/userver_log/pixel/2013-06-14/
Read 1153 paths for daylist [2013-06-14]
Found 1090 new paths
.Done with file 0/1090
..........Done with file 10/1090
..size getting too big, writing to Db
Inserted almost 208273 lines

Wrote 47708 clean list files
renamed directory /home/armita/pixel/staging --> /home/armita/pixel/current
Found 2 save data paths
Read 47708 clean list file
Dir path is /mnt/adnetik/adnetik-uservervillage/prod/userver_log/pixel/2013-06-14/
Read 1153 paths for daylist [2013-06-14]
Found 1077 new paths
.Done with file 0/1077
..........Done with file 10/1077
.....size getting too big, writing to Db
Inserted almost 209679 lines

Wrote 47724 clean list files
renamed directory /home/armita/pixel/staging --> /home/armita/pixel/current
Found 2 save data paths
Read 47724 clean list file
Dir path is /mnt/adnetik/adnetik-uservervillage/prod/userver_log/pixel/2013-06-14/
Read 1153 paths for daylist [2013-06-14]
Found 1061 new paths
.Done with file 0/1061
..........Done with file 10/1061
.size getting too big, writing to Db
Inserted almost 207560 lines

Wrote 47736 clean list files
renamed directory /home/armita/pixel/staging --> /home/armita/pixel/current
Found 2 save data paths
Read 47736 clean list file
Dir path is /mnt/adnetik/adnetik-uservervillage/prod/userver_log/pixel/2013-06-14/
Read 1153 paths for daylist [2013-06-14]
Found 1049 new paths
.Done with file 0/1049
..........Done with file 10/1049
.size getting too big, writing to Db
Inserted almost 225934 lines

Wrote 47748 clean list files
renamed directory /home/armita/pixel/staging --> /home/armita/pixel/current
Found 2 save data paths
Read 47748 clean list file
Dir path is /mnt/adnetik/adnetik-uservervillage/prod/userver_log/pixel/2013-06-14/
Read 1153 paths for daylist [2013-06-14]
Found 1037 new paths
.Done with file 0/1037
..........Done with file 10/1037
size getting too big, writing to Db
Inserted almost 224060 lines

Wrote 47759 clean list files
renamed directory /home/armita/pixel/staging --> /home/armita/pixel/current
Found 2 save data paths
Read 47759 clean list file
Dir path is /mnt/adnetik/adnetik-uservervillage/prod/userver_log/pixel/2013-06-14/
Read 1153 paths for daylist [2013-06-14]
Found 1026 new paths
.Done with file 0/1026
.......size getting too big, writing to Db
Inserted almost 225232 lines

Wrote 47767 clean list files
renamed directory /home/armita/pixel/staging --> /home/armita/pixel/current
Found 2 save data paths
Read 47767 clean list file
Dir path is /mnt/adnetik/adnetik-uservervillage/prod/userver_log/pixel/2013-06-14/
Read 1153 paths for daylist [2013-06-14]
Found 1018 new paths
.Done with file 0/1018
..........Done with file 10/1018
.size getting too big, writing to Db
Inserted almost 231403 lines

Wrote 47779 clean list files
renamed directory /home/armita/pixel/staging --> /home/armita/pixel/current
Found 2 save data paths
Read 47779 clean list file
Dir path is /mnt/adnetik/adnetik-uservervillage/prod/userver_log/pixel/2013-06-14/
Read 1153 paths for daylist [2013-06-14]
Found 1006 new paths
.Done with file 0/1006
..........Done with file 10/1006
....size getting too big, writing to Db
Inserted almost 242361 lines

Wrote 47794 clean list files
renamed directory /home/armita/pixel/staging --> /home/armita/pixel/current
Found 2 save data paths
Read 47794 clean list file
Dir path is /mnt/adnetik/adnetik-uservervillage/prod/userver_log/pixel/2013-06-14/
Read 1153 paths for daylist [2013-06-14]
Found 991 new paths
.Done with file 0/991
.......size getting too big, writing to Db
Inserted almost 204176 lines

Wrote 47802 clean list files
renamed directory /home/armita/pixel/staging --> /home/armita/pixel/current
Found 2 save data paths
Read 47802 clean list file
Dir path is /mnt/adnetik/adnetik-uservervillage/prod/userver_log/pixel/2013-06-14/
Read 1153 paths for daylist [2013-06-14]
Found 983 new paths
.Done with file 0/983
.....size getting too big, writing to Db
Inserted almost 201336 lines

Wrote 47808 clean list files
renamed directory /home/armita/pixel/staging --> /home/armita/pixel/current
Found 2 save data paths
Read 47808 clean list file
Dir path is /mnt/adnetik/adnetik-uservervillage/prod/userver_log/pixel/2013-06-14/
Read 1153 paths for daylist [2013-06-14]
Found 977 new paths
.Done with file 0/977
..........Done with file 10/977
size getting too big, writing to Db
Inserted almost 234153 lines

Wrote 47819 clean list files
renamed directory /home/armita/pixel/staging --> /home/armita/pixel/current
Found 2 save data paths
Read 47819 clean list file
Dir path is /mnt/adnetik/adnetik-uservervillage/prod/userver_log/pixel/2013-06-14/
Read 1153 paths for daylist [2013-06-14]
Found 966 new paths
.Done with file 0/966
......size getting too big, writing to Db
Inserted almost 212460 lines

Wrote 47826 clean list files
renamed directory /home/armita/pixel/staging --> /home/armita/pixel/current
Found 2 save data paths
Read 47826 clean list file
Dir path is /mnt/adnetik/adnetik-uservervillage/prod/userver_log/pixel/2013-06-14/
Read 1153 paths for daylist [2013-06-14]
Found 959 new paths
.Done with file 0/959
..........Done with file 10/959
size getting too big, writing to Db
Inserted almost 238821 lines

Wrote 47837 clean list files
renamed directory /home/armita/pixel/staging --> /home/armita/pixel/current
Found 2 save data paths
Read 47837 clean list file
Dir path is /mnt/adnetik/adnetik-uservervillage/prod/userver_log/pixel/2013-06-14/
Read 1153 paths for daylist [2013-06-14]
Found 948 new paths
.Done with file 0/948
....size getting too big, writing to Db
Inserted almost 205631 lines

Wrote 47842 clean list files
renamed directory /home/armita/pixel/staging --> /home/armita/pixel/current
Found 2 save data paths
Read 47842 clean list file
Dir path is /mnt/adnetik/adnetik-uservervillage/prod/userver_log/pixel/2013-06-14/
Read 1153 paths for daylist [2013-06-14]
Found 943 new paths
.Done with file 0/943
.......size getting too big, writing to Db
Inserted almost 217341 lines

Wrote 47850 clean list files
renamed directory /home/armita/pixel/staging --> /home/armita/pixel/current
Found 2 save data paths
Read 47850 clean list file
Dir path is /mnt/adnetik/adnetik-uservervillage/prod/userver_log/pixel/2013-06-14/
Read 1153 paths for daylist [2013-06-14]
Found 935 new paths
.Done with file 0/935
..........Done with file 10/935
.size getting too big, writing to Db
Inserted almost 236334 lines

Wrote 47862 clean list files
renamed directory /home/armita/pixel/staging --> /home/armita/pixel/current
Found 2 save data paths
Read 47862 clean list file
Dir path is /mnt/adnetik/adnetik-uservervillage/prod/userver_log/pixel/2013-06-14/
Read 1153 paths for daylist [2013-06-14]
Found 923 new paths
.Done with file 0/923
......size getting too big, writing to Db
Inserted almost 229538 lines

Wrote 47869 clean list files
renamed directory /home/armita/pixel/staging --> /home/armita/pixel/current
Found 2 save data paths
Read 47869 clean list file
Dir path is /mnt/adnetik/adnetik-uservervillage/prod/userver_log/pixel/2013-06-14/
Read 1153 paths for daylist [2013-06-14]
Found 916 new paths
.Done with file 0/916
..........Done with file 10/916
size getting too big, writing to Db
Inserted almost 247357 lines

Wrote 47880 clean list files
renamed directory /home/armita/pixel/staging --> /home/armita/pixel/current
Found 2 save data paths
Read 47880 clean list file
Dir path is /mnt/adnetik/adnetik-uservervillage/prod/userver_log/pixel/2013-06-14/
Read 1153 paths for daylist [2013-06-14]
Found 905 new paths
.Done with file 0/905
.........size getting too big, writing to Db
Inserted almost 239478 lines

Wrote 47890 clean list files
renamed directory /home/armita/pixel/staging --> /home/armita/pixel/current
Found 2 save data paths
Read 47890 clean list file
Dir path is /mnt/adnetik/adnetik-uservervillage/prod/userver_log/pixel/2013-06-14/
Read 1153 paths for daylist [2013-06-14]
Found 895 new paths
.Done with file 0/895
........size getting too big, writing to Db
Inserted almost 244375 lines

Wrote 47899 clean list files
renamed directory /home/armita/pixel/staging --> /home/armita/pixel/current
Found 2 save data paths
Read 47899 clean list file
Dir path is /mnt/adnetik/adnetik-uservervillage/prod/userver_log/pixel/2013-06-14/
Read 1153 paths for daylist [2013-06-14]
Found 886 new paths
.Done with file 0/886
.......size getting too big, writing to Db
Inserted almost 221408 lines

Wrote 47907 clean list files
renamed directory /home/armita/pixel/staging --> /home/armita/pixel/current
Found 2 save data paths
Read 47907 clean list file
Dir path is /mnt/adnetik/adnetik-uservervillage/prod/userver_log/pixel/2013-06-14/
Read 1153 paths for daylist [2013-06-14]
Found 878 new paths
.Done with file 0/878
....size getting too big, writing to Db
Inserted almost 203896 lines

Wrote 47912 clean list files
renamed directory /home/armita/pixel/staging --> /home/armita/pixel/current
Found 2 save data paths
Read 47912 clean list file
Dir path is /mnt/adnetik/adnetik-uservervillage/prod/userver_log/pixel/2013-06-14/
Read 1153 paths for daylist [2013-06-14]
Found 873 new paths
.Done with file 0/873
..........Done with file 10/873
.size getting too big, writing to Db
Inserted almost 220581 lines

Wrote 47924 clean list files
renamed directory /home/armita/pixel/staging --> /home/armita/pixel/current
Found 2 save data paths
Read 47924 clean list file
Dir path is /mnt/adnetik/adnetik-uservervillage/prod/userver_log/pixel/2013-06-14/
Read 1153 paths for daylist [2013-06-14]
Found 861 new paths
.Done with file 0/861
.......size getting too big, writing to Db
Inserted almost 237372 lines

Wrote 47932 clean list files
renamed directory /home/armita/pixel/staging --> /home/armita/pixel/current
Found 2 save data paths
Read 47932 clean list file
Dir path is /mnt/adnetik/adnetik-uservervillage/prod/userver_log/pixel/2013-06-14/
Read 1153 paths for daylist [2013-06-14]
Found 853 new paths
.Done with file 0/853
.......size getting too big, writing to Db
Inserted almost 241608 lines

Wrote 47940 clean list files
renamed directory /home/armita/pixel/staging --> /home/armita/pixel/current
Found 2 save data paths
Read 47940 clean list file
Dir path is /mnt/adnetik/adnetik-uservervillage/prod/userver_log/pixel/2013-06-14/
Read 1153 paths for daylist [2013-06-14]
Found 845 new paths
.Done with file 0/845
.......size getting too big, writing to Db
Inserted almost 253504 lines

Wrote 47948 clean list files
renamed directory /home/armita/pixel/staging --> /home/armita/pixel/current
Found 2 save data paths
Read 47948 clean list file
Dir path is /mnt/adnetik/adnetik-uservervillage/prod/userver_log/pixel/2013-06-14/
Read 1153 paths for daylist [2013-06-14]
Found 837 new paths
.Done with file 0/837
.......size getting too big, writing to Db
Inserted almost 204000 lines

Wrote 47956 clean list files
renamed directory /home/armita/pixel/staging --> /home/armita/pixel/current
Found 2 save data paths
Read 47956 clean list file
Dir path is /mnt/adnetik/adnetik-uservervillage/prod/userver_log/pixel/2013-06-14/
Read 1153 paths for daylist [2013-06-14]
Found 829 new paths
.Done with file 0/829
.......size getting too big, writing to Db
Inserted almost 257317 lines

Wrote 47964 clean list files
renamed directory /home/armita/pixel/staging --> /home/armita/pixel/current
Found 2 save data paths
Read 47964 clean list file
Dir path is /mnt/adnetik/adnetik-uservervillage/prod/userver_log/pixel/2013-06-14/
Read 1153 paths for daylist [2013-06-14]
Found 821 new paths
.Done with file 0/821
....size getting too big, writing to Db
Inserted almost 228715 lines

Wrote 47969 clean list files
renamed directory /home/armita/pixel/staging --> /home/armita/pixel/current
Found 2 save data paths
Read 47969 clean list file
Dir path is /mnt/adnetik/adnetik-uservervillage/prod/userver_log/pixel/2013-06-14/
Read 1153 paths for daylist [2013-06-14]
Found 816 new paths
.Done with file 0/816
.........size getting too big, writing to Db
Inserted almost 256786 lines

Wrote 47979 clean list files
renamed directory /home/armita/pixel/staging --> /home/armita/pixel/current
Found 2 save data paths
Read 47979 clean list file
Dir path is /mnt/adnetik/adnetik-uservervillage/prod/userver_log/pixel/2013-06-14/
Read 1153 paths for daylist [2013-06-14]
Found 806 new paths
.Done with file 0/806
.....size getting too big, writing to Db
Inserted almost 214004 lines

Wrote 47985 clean list files
renamed directory /home/armita/pixel/staging --> /home/armita/pixel/current
Found 2 save data paths
Read 47985 clean list file
Dir path is /mnt/adnetik/adnetik-uservervillage/prod/userver_log/pixel/2013-06-14/
Read 1153 paths for daylist [2013-06-14]
Found 800 new paths
.Done with file 0/800
......size getting too big, writing to Db
Inserted almost 260219 lines

Wrote 47992 clean list files
renamed directory /home/armita/pixel/staging --> /home/armita/pixel/current
Found 2 save data paths
Read 47992 clean list file
Dir path is /mnt/adnetik/adnetik-uservervillage/prod/userver_log/pixel/2013-06-14/
Read 1153 paths for daylist [2013-06-14]
Found 793 new paths
.Done with file 0/793
....size getting too big, writing to Db
Inserted almost 201249 lines

Wrote 47997 clean list files
renamed directory /home/armita/pixel/staging --> /home/armita/pixel/current
Found 2 save data paths
Read 47997 clean list file
Dir path is /mnt/adnetik/adnetik-uservervillage/prod/userver_log/pixel/2013-06-14/
Read 1153 paths for daylist [2013-06-14]
Found 788 new paths
.Done with file 0/788
.......size getting too big, writing to Db
Inserted almost 249025 lines

Wrote 48005 clean list files
renamed directory /home/armita/pixel/staging --> /home/armita/pixel/current
Found 2 save data paths
Read 48005 clean list file
Dir path is /mnt/adnetik/adnetik-uservervillage/prod/userver_log/pixel/2013-06-14/
Read 1153 paths for daylist [2013-06-14]
Found 780 new paths
.Done with file 0/780
.....size getting too big, writing to Db
Inserted almost 210347 lines

Wrote 48011 clean list files
renamed directory /home/armita/pixel/staging --> /home/armita/pixel/current
Found 2 save data paths
Read 48011 clean list file
Dir path is /mnt/adnetik/adnetik-uservervillage/prod/userver_log/pixel/2013-06-14/
Read 1153 paths for daylist [2013-06-14]
Found 774 new paths
.Done with file 0/774
.......size getting too big, writing to Db
Inserted almost 258543 lines

Wrote 48019 clean list files
renamed directory /home/armita/pixel/staging --> /home/armita/pixel/current
Found 2 save data paths
Read 48019 clean list file
Dir path is /mnt/adnetik/adnetik-uservervillage/prod/userver_log/pixel/2013-06-14/
Read 1153 paths for daylist [2013-06-14]
Found 766 new paths
.Done with file 0/766
.....size getting too big, writing to Db
Inserted almost 224929 lines

Wrote 48025 clean list files
renamed directory /home/armita/pixel/staging --> /home/armita/pixel/current
Found 2 save data paths
Read 48025 clean list file
Dir path is /mnt/adnetik/adnetik-uservervillage/prod/userver_log/pixel/2013-06-14/
Read 1153 paths for daylist [2013-06-14]
Found 760 new paths
.Done with file 0/760
....size getting too big, writing to Db
Inserted almost 200517 lines

Wrote 48030 clean list files
renamed directory /home/armita/pixel/staging --> /home/armita/pixel/current
Found 2 save data paths
Read 48030 clean list file
Dir path is /mnt/adnetik/adnetik-uservervillage/prod/userver_log/pixel/2013-06-14/
Read 1153 paths for daylist [2013-06-14]
Found 755 new paths
.Done with file 0/755
....size getting too big, writing to Db
Inserted almost 210503 lines

Wrote 48035 clean list files
renamed directory /home/armita/pixel/staging --> /home/armita/pixel/current
Found 2 save data paths
Read 48035 clean list file
Dir path is /mnt/adnetik/adnetik-uservervillage/prod/userver_log/pixel/2013-06-14/
Read 1153 paths for daylist [2013-06-14]
Found 750 new paths
.Done with file 0/750
.....size getting too big, writing to Db
Inserted almost 212738 lines

Wrote 48041 clean list files
renamed directory /home/armita/pixel/staging --> /home/armita/pixel/current
Found 2 save data paths
Read 48041 clean list file
Dir path is /mnt/adnetik/adnetik-uservervillage/prod/userver_log/pixel/2013-06-14/
Read 1153 paths for daylist [2013-06-14]
Found 744 new paths
.Done with file 0/744
....size getting too big, writing to Db
Inserted almost 254599 lines

Wrote 48046 clean list files
renamed directory /home/armita/pixel/staging --> /home/armita/pixel/current
Found 2 save data paths
Read 48046 clean list file
Dir path is /mnt/adnetik/adnetik-uservervillage/prod/userver_log/pixel/2013-06-14/
Read 1153 paths for daylist [2013-06-14]
Found 739 new paths
.Done with file 0/739
.......size getting too big, writing to Db
Inserted almost 231011 lines

Wrote 48054 clean list files
renamed directory /home/armita/pixel/staging --> /home/armita/pixel/current
Found 2 save data paths
Read 48054 clean list file
Dir path is /mnt/adnetik/adnetik-uservervillage/prod/userver_log/pixel/2013-06-14/
Read 1153 paths for daylist [2013-06-14]
Found 731 new paths
.Done with file 0/731
....size getting too big, writing to Db
Inserted almost 205629 lines

Wrote 48059 clean list files
renamed directory /home/armita/pixel/staging --> /home/armita/pixel/current
Found 2 save data paths
Read 48059 clean list file
Dir path is /mnt/adnetik/adnetik-uservervillage/prod/userver_log/pixel/2013-06-14/
Read 1153 paths for daylist [2013-06-14]
Found 726 new paths
.Done with file 0/726
.....size getting too big, writing to Db
Inserted almost 241254 lines

Wrote 48065 clean list files
renamed directory /home/armita/pixel/staging --> /home/armita/pixel/current
Found 2 save data paths
Read 48065 clean list file
Dir path is /mnt/adnetik/adnetik-uservervillage/prod/userver_log/pixel/2013-06-14/
Read 1153 paths for daylist [2013-06-14]
Found 720 new paths
.Done with file 0/720
...size getting too big, writing to Db
Inserted almost 222221 lines

Wrote 48069 clean list files
renamed directory /home/armita/pixel/staging --> /home/armita/pixel/current
Found 2 save data paths
Read 48069 clean list file
Dir path is /mnt/adnetik/adnetik-uservervillage/prod/userver_log/pixel/2013-06-14/
Read 1153 paths for daylist [2013-06-14]
Found 716 new paths
.Done with file 0/716
.....size getting too big, writing to Db
Inserted almost 204442 lines

Wrote 48075 clean list files
renamed directory /home/armita/pixel/staging --> /home/armita/pixel/current
Found 2 save data paths
Read 48075 clean list file
Dir path is /mnt/adnetik/adnetik-uservervillage/prod/userver_log/pixel/2013-06-14/
Read 1153 paths for daylist [2013-06-14]
Found 710 new paths
.Done with file 0/710
....size getting too big, writing to Db
Inserted almost 202348 lines

Wrote 48080 clean list files
renamed directory /home/armita/pixel/staging --> /home/armita/pixel/current
Found 2 save data paths
Read 48080 clean list file
Dir path is /mnt/adnetik/adnetik-uservervillage/prod/userver_log/pixel/2013-06-14/
Read 1153 paths for daylist [2013-06-14]
Found 705 new paths
.Done with file 0/705
.....size getting too big, writing to Db
Inserted almost 228763 lines

Wrote 48086 clean list files
renamed directory /home/armita/pixel/staging --> /home/armita/pixel/current
Found 2 save data paths
Read 48086 clean list file
Dir path is /mnt/adnetik/adnetik-uservervillage/prod/userver_log/pixel/2013-06-14/
Read 1153 paths for daylist [2013-06-14]
Found 699 new paths
.Done with file 0/699
...size getting too big, writing to Db
Inserted almost 209565 lines

Wrote 48090 clean list files
renamed directory /home/armita/pixel/staging --> /home/armita/pixel/current
Found 2 save data paths
Read 48090 clean list file
Dir path is /mnt/adnetik/adnetik-uservervillage/prod/userver_log/pixel/2013-06-14/
Read 1153 paths for daylist [2013-06-14]
Found 695 new paths
.Done with file 0/695
.....size getting too big, writing to Db
Inserted almost 222182 lines

Wrote 48096 clean list files
renamed directory /home/armita/pixel/staging --> /home/armita/pixel/current
Found 2 save data paths
Read 48096 clean list file
Dir path is /mnt/adnetik/adnetik-uservervillage/prod/userver_log/pixel/2013-06-14/
Read 1153 paths for daylist [2013-06-14]
Found 689 new paths
.Done with file 0/689
...size getting too big, writing to Db
Inserted almost 201479 lines

Wrote 48100 clean list files
renamed directory /home/armita/pixel/staging --> /home/armita/pixel/current
Found 2 save data paths
Read 48100 clean list file
Dir path is /mnt/adnetik/adnetik-uservervillage/prod/userver_log/pixel/2013-06-14/
Read 1153 paths for daylist [2013-06-14]
Found 685 new paths
.Done with file 0/685
.....size getting too big, writing to Db
Inserted almost 212018 lines

Wrote 48106 clean list files
renamed directory /home/armita/pixel/staging --> /home/armita/pixel/current
Found 2 save data paths
Read 48106 clean list file
Dir path is /mnt/adnetik/adnetik-uservervillage/prod/userver_log/pixel/2013-06-14/
Read 1153 paths for daylist [2013-06-14]
Found 679 new paths
.Done with file 0/679
.....size getting too big, writing to Db
Inserted almost 261726 lines

Wrote 48112 clean list files
renamed directory /home/armita/pixel/staging --> /home/armita/pixel/current
Found 2 save data paths
Read 48112 clean list file
Dir path is /mnt/adnetik/adnetik-uservervillage/prod/userver_log/pixel/2013-06-14/
Read 1153 paths for daylist [2013-06-14]
Found 673 new paths
.Done with file 0/673
...size getting too big, writing to Db
Inserted almost 202622 lines

Wrote 48116 clean list files
renamed directory /home/armita/pixel/staging --> /home/armita/pixel/current
Found 2 save data paths
Read 48116 clean list file
Dir path is /mnt/adnetik/adnetik-uservervillage/prod/userver_log/pixel/2013-06-14/
Read 1153 paths for daylist [2013-06-14]
Found 669 new paths
.Done with file 0/669
....size getting too big, writing to Db
Inserted almost 228344 lines

Wrote 48121 clean list files
renamed directory /home/armita/pixel/staging --> /home/armita/pixel/current
Found 2 save data paths
Read 48121 clean list file
Dir path is /mnt/adnetik/adnetik-uservervillage/prod/userver_log/pixel/2013-06-14/
Read 1153 paths for daylist [2013-06-14]
Found 664 new paths
.Done with file 0/664
....size getting too big, writing to Db
Inserted almost 202388 lines

Wrote 48126 clean list files
renamed directory /home/armita/pixel/staging --> /home/armita/pixel/current
Found 2 save data paths
Read 48126 clean list file
Dir path is /mnt/adnetik/adnetik-uservervillage/prod/userver_log/pixel/2013-06-14/
Read 1153 paths for daylist [2013-06-14]
Found 659 new paths
.Done with file 0/659
....size getting too big, writing to Db
Inserted almost 217003 lines

Wrote 48131 clean list files
renamed directory /home/armita/pixel/staging --> /home/armita/pixel/current
Found 2 save data paths
Read 48131 clean list file
Dir path is /mnt/adnetik/adnetik-uservervillage/prod/userver_log/pixel/2013-06-14/
Read 1153 paths for daylist [2013-06-14]
Found 654 new paths
.Done with file 0/654
.....size getting too big, writing to Db
Inserted almost 254097 lines

Wrote 48137 clean list files
renamed directory /home/armita/pixel/staging --> /home/armita/pixel/current
Found 2 save data paths
Read 48137 clean list file
Dir path is /mnt/adnetik/adnetik-uservervillage/prod/userver_log/pixel/2013-06-14/
Read 1153 paths for daylist [2013-06-14]
Found 648 new paths
.Done with file 0/648
.....size getting too big, writing to Db
Inserted almost 262714 lines

Wrote 48143 clean list files
renamed directory /home/armita/pixel/staging --> /home/armita/pixel/current
Found 2 save data paths
Read 48143 clean list file
Dir path is /mnt/adnetik/adnetik-uservervillage/prod/userver_log/pixel/2013-06-14/
Read 1153 paths for daylist [2013-06-14]
Found 642 new paths
.Done with file 0/642
.....size getting too big, writing to Db
Inserted almost 211137 lines

Wrote 48149 clean list files
renamed directory /home/armita/pixel/staging --> /home/armita/pixel/current
Found 2 save data paths
Read 48149 clean list file
Dir path is /mnt/adnetik/adnetik-uservervillage/prod/userver_log/pixel/2013-06-14/
Read 1153 paths for daylist [2013-06-14]
Found 636 new paths
.Done with file 0/636
...size getting too big, writing to Db
Inserted almost 230211 lines

Wrote 48153 clean list files
renamed directory /home/armita/pixel/staging --> /home/armita/pixel/current
Found 2 save data paths
Read 48153 clean list file
Dir path is /mnt/adnetik/adnetik-uservervillage/prod/userver_log/pixel/2013-06-14/
Read 1153 paths for daylist [2013-06-14]
Found 632 new paths
.Done with file 0/632
....size getting too big, writing to Db
Inserted almost 211323 lines

Wrote 48158 clean list files
renamed directory /home/armita/pixel/staging --> /home/armita/pixel/current
Found 2 save data paths
Read 48158 clean list file
Dir path is /mnt/adnetik/adnetik-uservervillage/prod/userver_log/pixel/2013-06-14/
Read 1153 paths for daylist [2013-06-14]
Found 627 new paths
.Done with file 0/627
....size getting too big, writing to Db
Inserted almost 221521 lines

Wrote 48163 clean list files
renamed directory /home/armita/pixel/staging --> /home/armita/pixel/current
Found 2 save data paths
Read 48163 clean list file
Dir path is /mnt/adnetik/adnetik-uservervillage/prod/userver_log/pixel/2013-06-14/
Read 1153 paths for daylist [2013-06-14]
Found 622 new paths
.Done with file 0/622
....size getting too big, writing to Db
Inserted almost 224304 lines

Wrote 48168 clean list files
renamed directory /home/armita/pixel/staging --> /home/armita/pixel/current
Found 2 save data paths
Read 48168 clean list file
Dir path is /mnt/adnetik/adnetik-uservervillage/prod/userver_log/pixel/2013-06-14/
Read 1153 paths for daylist [2013-06-14]
Found 617 new paths
.Done with file 0/617
.....size getting too big, writing to Db
Inserted almost 213057 lines

Wrote 48174 clean list files
renamed directory /home/armita/pixel/staging --> /home/armita/pixel/current
Found 2 save data paths
Read 48174 clean list file
Dir path is /mnt/adnetik/adnetik-uservervillage/prod/userver_log/pixel/2013-06-14/
Read 1153 paths for daylist [2013-06-14]
Found 611 new paths
.Done with file 0/611
....size getting too big, writing to Db
Inserted almost 247264 lines

Wrote 48179 clean list files
renamed directory /home/armita/pixel/staging --> /home/armita/pixel/current
Found 2 save data paths
Read 48179 clean list file
Dir path is /mnt/adnetik/adnetik-uservervillage/prod/userver_log/pixel/2013-06-14/
Read 1153 paths for daylist [2013-06-14]
Found 606 new paths
.Done with file 0/606
.....size getting too big, writing to Db
Inserted almost 221878 lines

Wrote 48185 clean list files
renamed directory /home/armita/pixel/staging --> /home/armita/pixel/current
Found 2 save data paths
Read 48185 clean list file
Dir path is /mnt/adnetik/adnetik-uservervillage/prod/userver_log/pixel/2013-06-14/
Read 1153 paths for daylist [2013-06-14]
Found 600 new paths
.Done with file 0/600
....size getting too big, writing to Db
Inserted almost 223767 lines

Wrote 48190 clean list files
renamed directory /home/armita/pixel/staging --> /home/armita/pixel/current
Found 2 save data paths
Read 48190 clean list file
Dir path is /mnt/adnetik/adnetik-uservervillage/prod/userver_log/pixel/2013-06-14/
Read 1153 paths for daylist [2013-06-14]
Found 595 new paths
.Done with file 0/595
....size getting too big, writing to Db
Inserted almost 228145 lines

Wrote 48195 clean list files
renamed directory /home/armita/pixel/staging --> /home/armita/pixel/current
Found 2 save data paths
Read 48195 clean list file
Dir path is /mnt/adnetik/adnetik-uservervillage/prod/userver_log/pixel/2013-06-14/
Read 1153 paths for daylist [2013-06-14]
Found 590 new paths
.Done with file 0/590
...size getting too big, writing to Db
Inserted almost 202180 lines

Wrote 48199 clean list files
renamed directory /home/armita/pixel/staging --> /home/armita/pixel/current
Found 2 save data paths
Read 48199 clean list file
Dir path is /mnt/adnetik/adnetik-uservervillage/prod/userver_log/pixel/2013-06-14/
Read 1153 paths for daylist [2013-06-14]
Found 586 new paths
.Done with file 0/586
.....size getting too big, writing to Db
Inserted almost 231404 lines

Wrote 48205 clean list files
renamed directory /home/armita/pixel/staging --> /home/armita/pixel/current
Found 2 save data paths
Read 48205 clean list file
Dir path is /mnt/adnetik/adnetik-uservervillage/prod/userver_log/pixel/2013-06-14/
Read 1153 paths for daylist [2013-06-14]
Found 580 new paths
.Done with file 0/580
......size getting too big, writing to Db
Inserted almost 213462 lines

Wrote 48212 clean list files
renamed directory /home/armita/pixel/staging --> /home/armita/pixel/current
Found 2 save data paths
Read 48212 clean list file
Dir path is /mnt/adnetik/adnetik-uservervillage/prod/userver_log/pixel/2013-06-14/
Read 1153 paths for daylist [2013-06-14]
Found 573 new paths
.Done with file 0/573
...size getting too big, writing to Db
Inserted almost 212405 lines

Wrote 48216 clean list files
renamed directory /home/armita/pixel/staging --> /home/armita/pixel/current
Found 2 save data paths
Read 48216 clean list file
Dir path is /mnt/adnetik/adnetik-uservervillage/prod/userver_log/pixel/2013-06-14/
Read 1153 paths for daylist [2013-06-14]
Found 569 new paths
.Done with file 0/569
....size getting too big, writing to Db
Inserted almost 210862 lines

Wrote 48221 clean list files
renamed directory /home/armita/pixel/staging --> /home/armita/pixel/current
Found 2 save data paths
Read 48221 clean list file
Dir path is /mnt/adnetik/adnetik-uservervillage/prod/userver_log/pixel/2013-06-14/
Read 1153 paths for daylist [2013-06-14]
Found 564 new paths
.Done with file 0/564
.....size getting too big, writing to Db
Inserted almost 231156 lines

Wrote 48227 clean list files
renamed directory /home/armita/pixel/staging --> /home/armita/pixel/current
Found 2 save data paths
Read 48227 clean list file
Dir path is /mnt/adnetik/adnetik-uservervillage/prod/userver_log/pixel/2013-06-14/
Read 1153 paths for daylist [2013-06-14]
Found 558 new paths
.Done with file 0/558
.....size getting too big, writing to Db
Inserted almost 207539 lines

Wrote 48233 clean list files
renamed directory /home/armita/pixel/staging --> /home/armita/pixel/current
Found 2 save data paths
Read 48233 clean list file
Dir path is /mnt/adnetik/adnetik-uservervillage/prod/userver_log/pixel/2013-06-14/
Read 1153 paths for daylist [2013-06-14]
Found 552 new paths
.Done with file 0/552
....size getting too big, writing to Db
Inserted almost 230549 lines

Wrote 48238 clean list files
renamed directory /home/armita/pixel/staging --> /home/armita/pixel/current
Found 2 save data paths
Read 48238 clean list file
Dir path is /mnt/adnetik/adnetik-uservervillage/prod/userver_log/pixel/2013-06-14/
Read 1153 paths for daylist [2013-06-14]
Found 547 new paths
.Done with file 0/547
...size getting too big, writing to Db
Inserted almost 223502 lines

Wrote 48242 clean list files
renamed directory /home/armita/pixel/staging --> /home/armita/pixel/current
Found 2 save data paths
Read 48242 clean list file
Dir path is /mnt/adnetik/adnetik-uservervillage/prod/userver_log/pixel/2013-06-14/
Read 1153 paths for daylist [2013-06-14]
Found 543 new paths
.Done with file 0/543
....size getting too big, writing to Db
Inserted almost 211172 lines

Wrote 48247 clean list files
renamed directory /home/armita/pixel/staging --> /home/armita/pixel/current
Found 2 save data paths
Read 48247 clean list file
Dir path is /mnt/adnetik/adnetik-uservervillage/prod/userver_log/pixel/2013-06-14/
Read 1153 paths for daylist [2013-06-14]
Found 538 new paths
.Done with file 0/538
.....size getting too big, writing to Db
Inserted almost 230260 lines

Wrote 48253 clean list files
renamed directory /home/armita/pixel/staging --> /home/armita/pixel/current
Found 2 save data paths
Read 48253 clean list file
Dir path is /mnt/adnetik/adnetik-uservervillage/prod/userver_log/pixel/2013-06-14/
Read 1153 paths for daylist [2013-06-14]
Found 532 new paths
.Done with file 0/532
.....size getting too big, writing to Db
Inserted almost 225998 lines

Wrote 48259 clean list files
renamed directory /home/armita/pixel/staging --> /home/armita/pixel/current
Found 2 save data paths
Read 48259 clean list file
Dir path is /mnt/adnetik/adnetik-uservervillage/prod/userver_log/pixel/2013-06-14/
Read 1153 paths for daylist [2013-06-14]
Found 526 new paths
.Done with file 0/526
....size getting too big, writing to Db
Inserted almost 208254 lines

Wrote 48264 clean list files
renamed directory /home/armita/pixel/staging --> /home/armita/pixel/current
Found 2 save data paths
Read 48264 clean list file
Dir path is /mnt/adnetik/adnetik-uservervillage/prod/userver_log/pixel/2013-06-14/
Read 1153 paths for daylist [2013-06-14]
Found 521 new paths
.Done with file 0/521
.....size getting too big, writing to Db
Inserted almost 212767 lines

Wrote 48270 clean list files
renamed directory /home/armita/pixel/staging --> /home/armita/pixel/current
Found 2 save data paths
Read 48270 clean list file
Dir path is /mnt/adnetik/adnetik-uservervillage/prod/userver_log/pixel/2013-06-14/
Read 1153 paths for daylist [2013-06-14]
Found 515 new paths
.Done with file 0/515
....size getting too big, writing to Db
Inserted almost 219858 lines

Wrote 48275 clean list files
renamed directory /home/armita/pixel/staging --> /home/armita/pixel/current
Found 2 save data paths
Read 48275 clean list file
Dir path is /mnt/adnetik/adnetik-uservervillage/prod/userver_log/pixel/2013-06-14/
Read 1153 paths for daylist [2013-06-14]
Found 510 new paths
.Done with file 0/510
......size getting too big, writing to Db
Inserted almost 255729 lines

Wrote 48282 clean list files
renamed directory /home/armita/pixel/staging --> /home/armita/pixel/current
Found 2 save data paths
Read 48282 clean list file
Dir path is /mnt/adnetik/adnetik-uservervillage/prod/userver_log/pixel/2013-06-14/
Read 1153 paths for daylist [2013-06-14]
Found 503 new paths
.Done with file 0/503
....size getting too big, writing to Db
Inserted almost 238300 lines

Wrote 48287 clean list files
renamed directory /home/armita/pixel/staging --> /home/armita/pixel/current
Found 2 save data paths
Read 48287 clean list file
Dir path is /mnt/adnetik/adnetik-uservervillage/prod/userver_log/pixel/2013-06-14/
Read 1153 paths for daylist [2013-06-14]
Found 498 new paths
.Done with file 0/498
....size getting too big, writing to Db
Inserted almost 228711 lines

Wrote 48292 clean list files
renamed directory /home/armita/pixel/staging --> /home/armita/pixel/current
Found 2 save data paths
Read 48292 clean list file
Dir path is /mnt/adnetik/adnetik-uservervillage/prod/userver_log/pixel/2013-06-14/
Read 1153 paths for daylist [2013-06-14]
Found 493 new paths
.Done with file 0/493
......size getting too big, writing to Db
Inserted almost 247383 lines

Wrote 48299 clean list files
renamed directory /home/armita/pixel/staging --> /home/armita/pixel/current
Found 2 save data paths
Read 48299 clean list file
Dir path is /mnt/adnetik/adnetik-uservervillage/prod/userver_log/pixel/2013-06-14/
Read 1153 paths for daylist [2013-06-14]
Found 486 new paths
.Done with file 0/486
...size getting too big, writing to Db
Inserted almost 217976 lines

Wrote 48303 clean list files
renamed directory /home/armita/pixel/staging --> /home/armita/pixel/current
Found 2 save data paths
Read 48303 clean list file
Dir path is /mnt/adnetik/adnetik-uservervillage/prod/userver_log/pixel/2013-06-14/
Read 1153 paths for daylist [2013-06-14]
Found 482 new paths
.Done with file 0/482
.....size getting too big, writing to Db
Inserted almost 204480 lines

Wrote 48309 clean list files
renamed directory /home/armita/pixel/staging --> /home/armita/pixel/current
Found 2 save data paths
Read 48309 clean list file
Dir path is /mnt/adnetik/adnetik-uservervillage/prod/userver_log/pixel/2013-06-14/
Read 1153 paths for daylist [2013-06-14]
Found 476 new paths
.Done with file 0/476
.......size getting too big, writing to Db
Inserted almost 213220 lines

Wrote 48317 clean list files
renamed directory /home/armita/pixel/staging --> /home/armita/pixel/current
Found 2 save data paths
Read 48317 clean list file
Dir path is /mnt/adnetik/adnetik-uservervillage/prod/userver_log/pixel/2013-06-14/
Read 1153 paths for daylist [2013-06-14]
Found 468 new paths
.Done with file 0/468
....size getting too big, writing to Db
Inserted almost 236119 lines

Wrote 48322 clean list files
renamed directory /home/armita/pixel/staging --> /home/armita/pixel/current
Found 2 save data paths
Read 48322 clean list file
Dir path is /mnt/adnetik/adnetik-uservervillage/prod/userver_log/pixel/2013-06-14/
Read 1153 paths for daylist [2013-06-14]
Found 463 new paths
.Done with file 0/463
...size getting too big, writing to Db
Inserted almost 205643 lines

Wrote 48326 clean list files
renamed directory /home/armita/pixel/staging --> /home/armita/pixel/current
Found 2 save data paths
Read 48326 clean list file
Dir path is /mnt/adnetik/adnetik-uservervillage/prod/userver_log/pixel/2013-06-14/
Read 1153 paths for daylist [2013-06-14]
Found 459 new paths
.Done with file 0/459
......size getting too big, writing to Db
Inserted almost 209175 lines

Wrote 48333 clean list files
renamed directory /home/armita/pixel/staging --> /home/armita/pixel/current
Found 2 save data paths
Read 48333 clean list file
Dir path is /mnt/adnetik/adnetik-uservervillage/prod/userver_log/pixel/2013-06-14/
Read 1153 paths for daylist [2013-06-14]
Found 452 new paths
.Done with file 0/452
...size getting too big, writing to Db
Inserted almost 215043 lines

Wrote 48337 clean list files
renamed directory /home/armita/pixel/staging --> /home/armita/pixel/current
Found 2 save data paths
Read 48337 clean list file
Dir path is /mnt/adnetik/adnetik-uservervillage/prod/userver_log/pixel/2013-06-14/
Read 1153 paths for daylist [2013-06-14]
Found 448 new paths
.Done with file 0/448
.....size getting too big, writing to Db
Inserted almost 203685 lines

Wrote 48343 clean list files
renamed directory /home/armita/pixel/staging --> /home/armita/pixel/current
Found 2 save data paths
Read 48343 clean list file
Dir path is /mnt/adnetik/adnetik-uservervillage/prod/userver_log/pixel/2013-06-14/
Read 1153 paths for daylist [2013-06-14]
Found 442 new paths
.Done with file 0/442
....size getting too big, writing to Db
Inserted almost 211873 lines

Wrote 48348 clean list files
renamed directory /home/armita/pixel/staging --> /home/armita/pixel/current
Found 2 save data paths
Read 48348 clean list file
Dir path is /mnt/adnetik/adnetik-uservervillage/prod/userver_log/pixel/2013-06-14/
Read 1153 paths for daylist [2013-06-14]
Found 437 new paths
.Done with file 0/437
.....size getting too big, writing to Db
Inserted almost 245072 lines

Wrote 48354 clean list files
renamed directory /home/armita/pixel/staging --> /home/armita/pixel/current
Found 2 save data paths
Read 48354 clean list file
Dir path is /mnt/adnetik/adnetik-uservervillage/prod/userver_log/pixel/2013-06-14/
Read 1153 paths for daylist [2013-06-14]
Found 431 new paths
.Done with file 0/431
.....size getting too big, writing to Db
Inserted almost 203182 lines

Wrote 48360 clean list files
renamed directory /home/armita/pixel/staging --> /home/armita/pixel/current
Found 2 save data paths
Read 48360 clean list file
Dir path is /mnt/adnetik/adnetik-uservervillage/prod/userver_log/pixel/2013-06-14/
Read 1153 paths for daylist [2013-06-14]
Found 425 new paths
.Done with file 0/425
......size getting too big, writing to Db
Inserted almost 207954 lines

Wrote 48367 clean list files
renamed directory /home/armita/pixel/staging --> /home/armita/pixel/current
Found 2 save data paths
Read 48367 clean list file
Dir path is /mnt/adnetik/adnetik-uservervillage/prod/userver_log/pixel/2013-06-14/
Read 1153 paths for daylist [2013-06-14]
Found 418 new paths
.Done with file 0/418
...size getting too big, writing to Db
Inserted almost 207152 lines

Wrote 48371 clean list files
renamed directory /home/armita/pixel/staging --> /home/armita/pixel/current
Found 2 save data paths
Read 48371 clean list file
Dir path is /mnt/adnetik/adnetik-uservervillage/prod/userver_log/pixel/2013-06-14/
Read 1153 paths for daylist [2013-06-14]
Found 414 new paths
.Done with file 0/414
....size getting too big, writing to Db
Inserted almost 234083 lines

Wrote 48376 clean list files
renamed directory /home/armita/pixel/staging --> /home/armita/pixel/current
Found 2 save data paths
Read 48376 clean list file
Dir path is /mnt/adnetik/adnetik-uservervillage/prod/userver_log/pixel/2013-06-14/
Read 1153 paths for daylist [2013-06-14]
Found 409 new paths
.Done with file 0/409
......size getting too big, writing to Db
Inserted almost 222701 lines

Wrote 48383 clean list files
renamed directory /home/armita/pixel/staging --> /home/armita/pixel/current
Found 2 save data paths
Read 48383 clean list file
Dir path is /mnt/adnetik/adnetik-uservervillage/prod/userver_log/pixel/2013-06-14/
Read 1153 paths for daylist [2013-06-14]
Found 402 new paths
.Done with file 0/402
....size getting too big, writing to Db
Inserted almost 210210 lines

Wrote 48388 clean list files
renamed directory /home/armita/pixel/staging --> /home/armita/pixel/current
Found 2 save data paths
Read 48388 clean list file
Dir path is /mnt/adnetik/adnetik-uservervillage/prod/userver_log/pixel/2013-06-14/
Read 1153 paths for daylist [2013-06-14]
Found 397 new paths
.Done with file 0/397
.....size getting too big, writing to Db
Inserted almost 238218 lines

Wrote 48394 clean list files
renamed directory /home/armita/pixel/staging --> /home/armita/pixel/current
Found 2 save data paths
Read 48394 clean list file
Dir path is /mnt/adnetik/adnetik-uservervillage/prod/userver_log/pixel/2013-06-14/
Read 1153 paths for daylist [2013-06-14]
Found 391 new paths
.Done with file 0/391
.....size getting too big, writing to Db
Inserted almost 227658 lines

Wrote 48400 clean list files
renamed directory /home/armita/pixel/staging --> /home/armita/pixel/current
Found 2 save data paths
Read 48400 clean list file
Dir path is /mnt/adnetik/adnetik-uservervillage/prod/userver_log/pixel/2013-06-14/
Read 1153 paths for daylist [2013-06-14]
Found 385 new paths
.Done with file 0/385
.....size getting too big, writing to Db
Inserted almost 214976 lines

Wrote 48406 clean list files
renamed directory /home/armita/pixel/staging --> /home/armita/pixel/current
Found 2 save data paths
Read 48406 clean list file
Dir path is /mnt/adnetik/adnetik-uservervillage/prod/userver_log/pixel/2013-06-14/
Read 1153 paths for daylist [2013-06-14]
Found 379 new paths
.Done with file 0/379
.....size getting too big, writing to Db
Inserted almost 205340 lines

Wrote 48412 clean list files
renamed directory /home/armita/pixel/staging --> /home/armita/pixel/current
Found 2 save data paths
Read 48412 clean list file
Dir path is /mnt/adnetik/adnetik-uservervillage/prod/userver_log/pixel/2013-06-14/
Read 1153 paths for daylist [2013-06-14]
Found 373 new paths
.Done with file 0/373
....size getting too big, writing to Db
Inserted almost 203505 lines

Wrote 48417 clean list files
renamed directory /home/armita/pixel/staging --> /home/armita/pixel/current
Found 2 save data paths
Read 48417 clean list file
Dir path is /mnt/adnetik/adnetik-uservervillage/prod/userver_log/pixel/2013-06-14/
Read 1153 paths for daylist [2013-06-14]
Found 368 new paths
.Done with file 0/368
....size getting too big, writing to Db
Inserted almost 215040 lines

Wrote 48422 clean list files
renamed directory /home/armita/pixel/staging --> /home/armita/pixel/current
Found 2 save data paths
Read 48422 clean list file
Dir path is /mnt/adnetik/adnetik-uservervillage/prod/userver_log/pixel/2013-06-14/
Read 1153 paths for daylist [2013-06-14]
Found 363 new paths
.Done with file 0/363
.....size getting too big, writing to Db
Inserted almost 221983 lines

Wrote 48428 clean list files
renamed directory /home/armita/pixel/staging --> /home/armita/pixel/current
Found 2 save data paths
Read 48428 clean list file
Dir path is /mnt/adnetik/adnetik-uservervillage/prod/userver_log/pixel/2013-06-14/
Read 1153 paths for daylist [2013-06-14]
Found 357 new paths
.Done with file 0/357
.....size getting too big, writing to Db
Inserted almost 228205 lines

Wrote 48434 clean list files
renamed directory /home/armita/pixel/staging --> /home/armita/pixel/current
Found 2 save data paths
Read 48434 clean list file
Dir path is /mnt/adnetik/adnetik-uservervillage/prod/userver_log/pixel/2013-06-14/
Read 1153 paths for daylist [2013-06-14]
Found 351 new paths
.Done with file 0/351
.....size getting too big, writing to Db
Inserted almost 227959 lines

Wrote 48440 clean list files
renamed directory /home/armita/pixel/staging --> /home/armita/pixel/current
Found 2 save data paths
Read 48440 clean list file
Dir path is /mnt/adnetik/adnetik-uservervillage/prod/userver_log/pixel/2013-06-14/
Read 1153 paths for daylist [2013-06-14]
Found 345 new paths
.Done with file 0/345
.....size getting too big, writing to Db
Inserted almost 238933 lines

Wrote 48446 clean list files
renamed directory /home/armita/pixel/staging --> /home/armita/pixel/current
Found 2 save data paths
Read 48446 clean list file
Dir path is /mnt/adnetik/adnetik-uservervillage/prod/userver_log/pixel/2013-06-14/
Read 1153 paths for daylist [2013-06-14]
Found 339 new paths
.Done with file 0/339
.....size getting too big, writing to Db
Inserted almost 216021 lines

Wrote 48452 clean list files
renamed directory /home/armita/pixel/staging --> /home/armita/pixel/current
Found 2 save data paths
Read 48452 clean list file
Dir path is /mnt/adnetik/adnetik-uservervillage/prod/userver_log/pixel/2013-06-14/
Read 1153 paths for daylist [2013-06-14]
Found 333 new paths
.Done with file 0/333
......size getting too big, writing to Db
Inserted almost 237150 lines

Wrote 48459 clean list files
renamed directory /home/armita/pixel/staging --> /home/armita/pixel/current
Found 2 save data paths
Read 48459 clean list file
Dir path is /mnt/adnetik/adnetik-uservervillage/prod/userver_log/pixel/2013-06-14/
Read 1153 paths for daylist [2013-06-14]
Found 326 new paths
.Done with file 0/326
.....size getting too big, writing to Db
Inserted almost 203715 lines

Wrote 48465 clean list files
renamed directory /home/armita/pixel/staging --> /home/armita/pixel/current
Found 2 save data paths
Read 48465 clean list file
Dir path is /mnt/adnetik/adnetik-uservervillage/prod/userver_log/pixel/2013-06-14/
Read 1153 paths for daylist [2013-06-14]
Found 320 new paths
.Done with file 0/320
......size getting too big, writing to Db
Inserted almost 221478 lines

Wrote 48472 clean list files
renamed directory /home/armita/pixel/staging --> /home/armita/pixel/current
Found 2 save data paths
Read 48472 clean list file
Dir path is /mnt/adnetik/adnetik-uservervillage/prod/userver_log/pixel/2013-06-14/
Read 1153 paths for daylist [2013-06-14]
Found 313 new paths
.Done with file 0/313
.....size getting too big, writing to Db
Inserted almost 236341 lines

Wrote 48478 clean list files
renamed directory /home/armita/pixel/staging --> /home/armita/pixel/current
Found 2 save data paths
Read 48478 clean list file
Dir path is /mnt/adnetik/adnetik-uservervillage/prod/userver_log/pixel/2013-06-14/
Read 1153 paths for daylist [2013-06-14]
Found 307 new paths
.Done with file 0/307
....size getting too big, writing to Db
Inserted almost 202584 lines

Wrote 48483 clean list files
renamed directory /home/armita/pixel/staging --> /home/armita/pixel/current
Found 2 save data paths
Read 48483 clean list file
Dir path is /mnt/adnetik/adnetik-uservervillage/prod/userver_log/pixel/2013-06-14/
Read 1153 paths for daylist [2013-06-14]
Found 302 new paths
.Done with file 0/302
.......size getting too big, writing to Db
Inserted almost 239389 lines

Wrote 48491 clean list files
renamed directory /home/armita/pixel/staging --> /home/armita/pixel/current
Found 2 save data paths
Read 48491 clean list file
Dir path is /mnt/adnetik/adnetik-uservervillage/prod/userver_log/pixel/2013-06-14/
Read 1153 paths for daylist [2013-06-14]
Found 294 new paths
.Done with file 0/294
......size getting too big, writing to Db
Inserted almost 208099 lines

Wrote 48498 clean list files
renamed directory /home/armita/pixel/staging --> /home/armita/pixel/current
Found 2 save data paths
Read 48498 clean list file
Dir path is /mnt/adnetik/adnetik-uservervillage/prod/userver_log/pixel/2013-06-14/
Read 1153 paths for daylist [2013-06-14]
Found 287 new paths
.Done with file 0/287
....size getting too big, writing to Db
Inserted almost 206957 lines

Wrote 48503 clean list files
renamed directory /home/armita/pixel/staging --> /home/armita/pixel/current
Found 2 save data paths
Read 48503 clean list file
Dir path is /mnt/adnetik/adnetik-uservervillage/prod/userver_log/pixel/2013-06-14/
Read 1153 paths for daylist [2013-06-14]
Found 282 new paths
.Done with file 0/282
....size getting too big, writing to Db
Inserted almost 224663 lines

Wrote 48508 clean list files
renamed directory /home/armita/pixel/staging --> /home/armita/pixel/current
Found 2 save data paths
Read 48508 clean list file
Dir path is /mnt/adnetik/adnetik-uservervillage/prod/userver_log/pixel/2013-06-14/
Read 1153 paths for daylist [2013-06-14]
Found 277 new paths
.Done with file 0/277
.......size getting too big, writing to Db
Inserted almost 205797 lines

Wrote 48516 clean list files
renamed directory /home/armita/pixel/staging --> /home/armita/pixel/current
Found 2 save data paths
Read 48516 clean list file
Dir path is /mnt/adnetik/adnetik-uservervillage/prod/userver_log/pixel/2013-06-14/
Read 1153 paths for daylist [2013-06-14]
Found 269 new paths
.Done with file 0/269
......size getting too big, writing to Db
Inserted almost 201621 lines

Wrote 48523 clean list files
renamed directory /home/armita/pixel/staging --> /home/armita/pixel/current
Found 2 save data paths
Read 48523 clean list file
Dir path is /mnt/adnetik/adnetik-uservervillage/prod/userver_log/pixel/2013-06-14/
Read 1153 paths for daylist [2013-06-14]
Found 262 new paths
.Done with file 0/262
.......size getting too big, writing to Db
Inserted almost 214102 lines

Wrote 48531 clean list files
renamed directory /home/armita/pixel/staging --> /home/armita/pixel/current
Found 2 save data paths
Read 48531 clean list file
Dir path is /mnt/adnetik/adnetik-uservervillage/prod/userver_log/pixel/2013-06-14/
Read 1153 paths for daylist [2013-06-14]
Found 254 new paths
.Done with file 0/254
.......size getting too big, writing to Db
Inserted almost 231081 lines

Wrote 48539 clean list files
renamed directory /home/armita/pixel/staging --> /home/armita/pixel/current
Found 2 save data paths
Read 48539 clean list file
Dir path is /mnt/adnetik/adnetik-uservervillage/prod/userver_log/pixel/2013-06-14/
Read 1153 paths for daylist [2013-06-14]
Found 246 new paths
.Done with file 0/246
......size getting too big, writing to Db
Inserted almost 206320 lines

Wrote 48546 clean list files
renamed directory /home/armita/pixel/staging --> /home/armita/pixel/current
Found 2 save data paths
Read 48546 clean list file
Dir path is /mnt/adnetik/adnetik-uservervillage/prod/userver_log/pixel/2013-06-14/
Read 1153 paths for daylist [2013-06-14]
Found 239 new paths
.Done with file 0/239
......size getting too big, writing to Db
Inserted almost 205479 lines

Wrote 48553 clean list files
renamed directory /home/armita/pixel/staging --> /home/armita/pixel/current
Found 2 save data paths
Read 48553 clean list file
Dir path is /mnt/adnetik/adnetik-uservervillage/prod/userver_log/pixel/2013-06-14/
Read 1153 paths for daylist [2013-06-14]
Found 232 new paths
.Done with file 0/232
........size getting too big, writing to Db
Inserted almost 213366 lines

Wrote 48562 clean list files
renamed directory /home/armita/pixel/staging --> /home/armita/pixel/current
Found 2 save data paths
Read 48562 clean list file
Dir path is /mnt/adnetik/adnetik-uservervillage/prod/userver_log/pixel/2013-06-14/
Read 1153 paths for daylist [2013-06-14]
Found 223 new paths
.Done with file 0/223
........size getting too big, writing to Db
Inserted almost 207471 lines

Wrote 48571 clean list files
renamed directory /home/armita/pixel/staging --> /home/armita/pixel/current
Found 2 save data paths
Read 48571 clean list file
Dir path is /mnt/adnetik/adnetik-uservervillage/prod/userver_log/pixel/2013-06-14/
Read 1153 paths for daylist [2013-06-14]
Found 214 new paths
.Done with file 0/214
........size getting too big, writing to Db
Inserted almost 206146 lines

Wrote 48580 clean list files
renamed directory /home/armita/pixel/staging --> /home/armita/pixel/current
Found 2 save data paths
Read 48580 clean list file
Dir path is /mnt/adnetik/adnetik-uservervillage/prod/userver_log/pixel/2013-06-14/
Read 1153 paths for daylist [2013-06-14]
Found 205 new paths
.Done with file 0/205
........size getting too big, writing to Db
Inserted almost 239228 lines

Wrote 48589 clean list files
renamed directory /home/armita/pixel/staging --> /home/armita/pixel/current
Found 2 save data paths
Read 48589 clean list file
Dir path is /mnt/adnetik/adnetik-uservervillage/prod/userver_log/pixel/2013-06-14/
Read 1153 paths for daylist [2013-06-14]
Found 196 new paths
.Done with file 0/196
.........size getting too big, writing to Db
Inserted almost 211047 lines

Wrote 48599 clean list files
renamed directory /home/armita/pixel/staging --> /home/armita/pixel/current
Found 2 save data paths
Read 48599 clean list file
Dir path is /mnt/adnetik/adnetik-uservervillage/prod/userver_log/pixel/2013-06-14/
Read 1153 paths for daylist [2013-06-14]
Found 186 new paths
.Done with file 0/186
..........Done with file 10/186
.size getting too big, writing to Db
Inserted almost 204458 lines

Wrote 48611 clean list files
renamed directory /home/armita/pixel/staging --> /home/armita/pixel/current
Found 2 save data paths
Read 48611 clean list file
Dir path is /mnt/adnetik/adnetik-uservervillage/prod/userver_log/pixel/2013-06-14/
Read 1153 paths for daylist [2013-06-14]
Found 174 new paths
.Done with file 0/174
........size getting too big, writing to Db
Inserted almost 207652 lines

Wrote 48620 clean list files
renamed directory /home/armita/pixel/staging --> /home/armita/pixel/current
Found 2 save data paths
Read 48620 clean list file
Dir path is /mnt/adnetik/adnetik-uservervillage/prod/userver_log/pixel/2013-06-14/
Read 1153 paths for daylist [2013-06-14]
Found 165 new paths
.Done with file 0/165
..........Done with file 10/165
.size getting too big, writing to Db
Inserted almost 206890 lines

Wrote 48632 clean list files
renamed directory /home/armita/pixel/staging --> /home/armita/pixel/current
Found 2 save data paths
Read 48632 clean list file
Dir path is /mnt/adnetik/adnetik-uservervillage/prod/userver_log/pixel/2013-06-14/
Read 1153 paths for daylist [2013-06-14]
Found 153 new paths
.Done with file 0/153
..........Done with file 10/153
size getting too big, writing to Db
Inserted almost 213939 lines

Wrote 48643 clean list files
renamed directory /home/armita/pixel/staging --> /home/armita/pixel/current
Found 2 save data paths
Read 48643 clean list file
Dir path is /mnt/adnetik/adnetik-uservervillage/prod/userver_log/pixel/2013-06-14/
Read 1153 paths for daylist [2013-06-14]
Found 142 new paths
.Done with file 0/142
.........size getting too big, writing to Db
Inserted almost 216934 lines

Wrote 48653 clean list files
renamed directory /home/armita/pixel/staging --> /home/armita/pixel/current
Found 2 save data paths
Read 48653 clean list file
Dir path is /mnt/adnetik/adnetik-uservervillage/prod/userver_log/pixel/2013-06-14/
Read 1153 paths for daylist [2013-06-14]
Found 132 new paths
.Done with file 0/132
..........Done with file 10/132
....size getting too big, writing to Db
Inserted almost 227409 lines

Wrote 48668 clean list files
renamed directory /home/armita/pixel/staging --> /home/armita/pixel/current
Found 2 save data paths
Read 48668 clean list file
Dir path is /mnt/adnetik/adnetik-uservervillage/prod/userver_log/pixel/2013-06-14/
Read 1153 paths for daylist [2013-06-14]
Found 117 new paths
.Done with file 0/117
..........Done with file 10/117
...size getting too big, writing to Db
Inserted almost 218715 lines

Wrote 48682 clean list files
renamed directory /home/armita/pixel/staging --> /home/armita/pixel/current
Found 2 save data paths
Read 48682 clean list file
Dir path is /mnt/adnetik/adnetik-uservervillage/prod/userver_log/pixel/2013-06-14/
Read 1153 paths for daylist [2013-06-14]
Found 103 new paths
.Done with file 0/103
..........Done with file 10/103
.size getting too big, writing to Db
Inserted almost 201840 lines

Wrote 48694 clean list files
renamed directory /home/armita/pixel/staging --> /home/armita/pixel/current
Found 2 save data paths
Read 48694 clean list file
Dir path is /mnt/adnetik/adnetik-uservervillage/prod/userver_log/pixel/2013-06-14/
Read 1153 paths for daylist [2013-06-14]
Found 91 new paths
.Done with file 0/91
..........Done with file 10/91
...size getting too big, writing to Db
Inserted almost 205808 lines

Wrote 48708 clean list files
renamed directory /home/armita/pixel/staging --> /home/armita/pixel/current
Found 2 save data paths
Read 48708 clean list file
Dir path is /mnt/adnetik/adnetik-uservervillage/prod/userver_log/pixel/2013-06-14/
Read 1153 paths for daylist [2013-06-14]
Found 77 new paths
.Done with file 0/77
..........Done with file 10/77
....size getting too big, writing to Db
Inserted almost 220392 lines

Wrote 48723 clean list files
renamed directory /home/armita/pixel/staging --> /home/armita/pixel/current
Found 2 save data paths
Read 48723 clean list file
Dir path is /mnt/adnetik/adnetik-uservervillage/prod/userver_log/pixel/2013-06-14/
Read 1153 paths for daylist [2013-06-14]
Found 62 new paths
.Done with file 0/62
..........Done with file 10/62
......size getting too big, writing to Db
Inserted almost 227457 lines

Wrote 48740 clean list files
renamed directory /home/armita/pixel/staging --> /home/armita/pixel/current
Found 2 save data paths
Read 48740 clean list file
Dir path is /mnt/adnetik/adnetik-uservervillage/prod/userver_log/pixel/2013-06-14/
Read 1153 paths for daylist [2013-06-14]
Found 45 new paths
.Done with file 0/45
..........Done with file 10/45
......size getting too big, writing to Db
Inserted almost 208724 lines

Wrote 48757 clean list files
renamed directory /home/armita/pixel/staging --> /home/armita/pixel/current
Found 2 save data paths
Read 48757 clean list file
Dir path is /mnt/adnetik/adnetik-uservervillage/prod/userver_log/pixel/2013-06-14/
Read 1153 paths for daylist [2013-06-14]
Found 28 new paths
.Done with file 0/28
..........Done with file 10/28
.......size getting too big, writing to Db
Inserted almost 201106 lines

Wrote 48775 clean list files
renamed directory /home/armita/pixel/staging --> /home/armita/pixel/current
Found 2 save data paths
Read 48775 clean list file
Dir path is /mnt/adnetik/adnetik-uservervillage/prod/userver_log/pixel/2013-06-14/
Read 1153 paths for daylist [2013-06-14]
Found 10 new paths
.Done with file 0/10
.........number of broken lines:+0 

writing to Db

Inserted almost 104961 lines

done writing to Db

Wrote 48785 clean list files
renamed directory /home/armita/pixel/staging --> /home/armita/pixel/current
