nohup: ignoring input
processing date : 2013-06-13
Found 3 save data paths
Read 48785 clean list file
Dir path is /mnt/adnetik/adnetik-uservervillage/prod/userver_log/pixel/2013-06-13/
Read 1153 paths for daylist [2013-06-13]
Found 1153 new paths
.Done with file 0/1153
..........Done with file 10/1153
....size getting too big, writing to Db
Inserted almost 202413 lines

Wrote 48800 clean list files
renamed directory /home/armita/pixel/staging --> /home/armita/pixel/current
Found 2 save data paths
Read 48800 clean list file
Dir path is /mnt/adnetik/adnetik-uservervillage/prod/userver_log/pixel/2013-06-13/
Read 1153 paths for daylist [2013-06-13]
Found 1138 new paths
.Done with file 0/1138
..........Done with file 10/1138
......size getting too big, writing to Db
Inserted almost 202373 lines

Wrote 48817 clean list files
renamed directory /home/armita/pixel/staging --> /home/armita/pixel/current
Found 2 save data paths
Read 48817 clean list file
Dir path is /mnt/adnetik/adnetik-uservervillage/prod/userver_log/pixel/2013-06-13/
Read 1153 paths for daylist [2013-06-13]
Found 1121 new paths
.Done with file 0/1121
..........Done with file 10/1121
.....size getting too big, writing to Db
Inserted almost 208725 lines

Wrote 48833 clean list files
renamed directory /home/armita/pixel/staging --> /home/armita/pixel/current
Found 2 save data paths
Read 48833 clean list file
Dir path is /mnt/adnetik/adnetik-uservervillage/prod/userver_log/pixel/2013-06-13/
Read 1153 paths for daylist [2013-06-13]
Found 1105 new paths
.Done with file 0/1105
..........Done with file 10/1105
.....size getting too big, writing to Db
Inserted almost 202694 lines

Wrote 48849 clean list files
renamed directory /home/armita/pixel/staging --> /home/armita/pixel/current
Found 2 save data paths
Read 48849 clean list file
Dir path is /mnt/adnetik/adnetik-uservervillage/prod/userver_log/pixel/2013-06-13/
Read 1153 paths for daylist [2013-06-13]
Found 1089 new paths
.Done with file 0/1089
..........Done with file 10/1089
.size getting too big, writing to Db
Inserted almost 203199 lines

Wrote 48861 clean list files
renamed directory /home/armita/pixel/staging --> /home/armita/pixel/current
Found 2 save data paths
Read 48861 clean list file
Dir path is /mnt/adnetik/adnetik-uservervillage/prod/userver_log/pixel/2013-06-13/
Read 1153 paths for daylist [2013-06-13]
Found 1077 new paths
.Done with file 0/1077
..........Done with file 10/1077
.....size getting too big, writing to Db
Inserted almost 226685 lines

Wrote 48877 clean list files
renamed directory /home/armita/pixel/staging --> /home/armita/pixel/current
Found 2 save data paths
Read 48877 clean list file
Dir path is /mnt/adnetik/adnetik-uservervillage/prod/userver_log/pixel/2013-06-13/
Read 1153 paths for daylist [2013-06-13]
Found 1061 new paths
.Done with file 0/1061
.........size getting too big, writing to Db
Inserted almost 206151 lines

Wrote 48887 clean list files
renamed directory /home/armita/pixel/staging --> /home/armita/pixel/current
Found 2 save data paths
Read 48887 clean list file
Dir path is /mnt/adnetik/adnetik-uservervillage/prod/userver_log/pixel/2013-06-13/
Read 1153 paths for daylist [2013-06-13]
Found 1051 new paths
.Done with file 0/1051
..........Done with file 10/1051
.size getting too big, writing to Db
Inserted almost 203196 lines

Wrote 48899 clean list files
renamed directory /home/armita/pixel/staging --> /home/armita/pixel/current
Found 2 save data paths
Read 48899 clean list file
Dir path is /mnt/adnetik/adnetik-uservervillage/prod/userver_log/pixel/2013-06-13/
Read 1153 paths for daylist [2013-06-13]
Found 1039 new paths
.Done with file 0/1039
........size getting too big, writing to Db
Inserted almost 214017 lines

Wrote 48908 clean list files
renamed directory /home/armita/pixel/staging --> /home/armita/pixel/current
Found 2 save data paths
Read 48908 clean list file
Dir path is /mnt/adnetik/adnetik-uservervillage/prod/userver_log/pixel/2013-06-13/
Read 1153 paths for daylist [2013-06-13]
Found 1030 new paths
.Done with file 0/1030
.........size getting too big, writing to Db
Inserted almost 204870 lines

Wrote 48918 clean list files
renamed directory /home/armita/pixel/staging --> /home/armita/pixel/current
Found 2 save data paths
Read 48918 clean list file
Dir path is /mnt/adnetik/adnetik-uservervillage/prod/userver_log/pixel/2013-06-13/
Read 1153 paths for daylist [2013-06-13]
Found 1020 new paths
.Done with file 0/1020
.........size getting too big, writing to Db
Inserted almost 206351 lines

Wrote 48928 clean list files
renamed directory /home/armita/pixel/staging --> /home/armita/pixel/current
Found 2 save data paths
Read 48928 clean list file
Dir path is /mnt/adnetik/adnetik-uservervillage/prod/userver_log/pixel/2013-06-13/
Read 1153 paths for daylist [2013-06-13]
Found 1010 new paths
.Done with file 0/1010
......size getting too big, writing to Db
Inserted almost 208423 lines

Wrote 48935 clean list files
renamed directory /home/armita/pixel/staging --> /home/armita/pixel/current
Found 2 save data paths
Read 48935 clean list file
Dir path is /mnt/adnetik/adnetik-uservervillage/prod/userver_log/pixel/2013-06-13/
Read 1153 paths for daylist [2013-06-13]
Found 1003 new paths
.Done with file 0/1003
......size getting too big, writing to Db
Inserted almost 200965 lines

Wrote 48942 clean list files
renamed directory /home/armita/pixel/staging --> /home/armita/pixel/current
Found 2 save data paths
Read 48942 clean list file
Dir path is /mnt/adnetik/adnetik-uservervillage/prod/userver_log/pixel/2013-06-13/
Read 1153 paths for daylist [2013-06-13]
Found 996 new paths
.Done with file 0/996
..........Done with file 10/996
size getting too big, writing to Db
Inserted almost 248332 lines

Wrote 48953 clean list files
renamed directory /home/armita/pixel/staging --> /home/armita/pixel/current
Found 2 save data paths
Read 48953 clean list file
Dir path is /mnt/adnetik/adnetik-uservervillage/prod/userver_log/pixel/2013-06-13/
Read 1153 paths for daylist [2013-06-13]
Found 985 new paths
.Done with file 0/985
.......size getting too big, writing to Db
Inserted almost 235759 lines

Wrote 48961 clean list files
renamed directory /home/armita/pixel/staging --> /home/armita/pixel/current
Found 2 save data paths
Read 48961 clean list file
Dir path is /mnt/adnetik/adnetik-uservervillage/prod/userver_log/pixel/2013-06-13/
Read 1153 paths for daylist [2013-06-13]
Found 977 new paths
.Done with file 0/977
......size getting too big, writing to Db
Inserted almost 218727 lines

Wrote 48968 clean list files
renamed directory /home/armita/pixel/staging --> /home/armita/pixel/current
Found 2 save data paths
Read 48968 clean list file
Dir path is /mnt/adnetik/adnetik-uservervillage/prod/userver_log/pixel/2013-06-13/
Read 1153 paths for daylist [2013-06-13]
Found 970 new paths
.Done with file 0/970
.......size getting too big, writing to Db
Inserted almost 237037 lines

Wrote 48976 clean list files
renamed directory /home/armita/pixel/staging --> /home/armita/pixel/current
Found 2 save data paths
Read 48976 clean list file
Dir path is /mnt/adnetik/adnetik-uservervillage/prod/userver_log/pixel/2013-06-13/
Read 1153 paths for daylist [2013-06-13]
Found 962 new paths
.Done with file 0/962
.........size getting too big, writing to Db
Inserted almost 201479 lines

Wrote 48986 clean list files
renamed directory /home/armita/pixel/staging --> /home/armita/pixel/current
Found 2 save data paths
Read 48986 clean list file
Dir path is /mnt/adnetik/adnetik-uservervillage/prod/userver_log/pixel/2013-06-13/
Read 1153 paths for daylist [2013-06-13]
Found 952 new paths
.Done with file 0/952
........size getting too big, writing to Db
Inserted almost 251842 lines

Wrote 48995 clean list files
renamed directory /home/armita/pixel/staging --> /home/armita/pixel/current
Found 2 save data paths
Read 48995 clean list file
Dir path is /mnt/adnetik/adnetik-uservervillage/prod/userver_log/pixel/2013-06-13/
Read 1153 paths for daylist [2013-06-13]
Found 943 new paths
.Done with file 0/943
.........size getting too big, writing to Db
Inserted almost 255604 lines

Wrote 49005 clean list files
renamed directory /home/armita/pixel/staging --> /home/armita/pixel/current
Found 2 save data paths
Read 49005 clean list file
Dir path is /mnt/adnetik/adnetik-uservervillage/prod/userver_log/pixel/2013-06-13/
Read 1153 paths for daylist [2013-06-13]
Found 933 new paths
.Done with file 0/933
........size getting too big, writing to Db
Inserted almost 234979 lines

Wrote 49014 clean list files
renamed directory /home/armita/pixel/staging --> /home/armita/pixel/current
Found 2 save data paths
Read 49014 clean list file
Dir path is /mnt/adnetik/adnetik-uservervillage/prod/userver_log/pixel/2013-06-13/
Read 1153 paths for daylist [2013-06-13]
Found 924 new paths
.Done with file 0/924
....size getting too big, writing to Db
Inserted almost 200382 lines

Wrote 49019 clean list files
renamed directory /home/armita/pixel/staging --> /home/armita/pixel/current
Found 2 save data paths
Read 49019 clean list file
Dir path is /mnt/adnetik/adnetik-uservervillage/prod/userver_log/pixel/2013-06-13/
Read 1153 paths for daylist [2013-06-13]
Found 919 new paths
.Done with file 0/919
........size getting too big, writing to Db
Inserted almost 200826 lines

Wrote 49028 clean list files
renamed directory /home/armita/pixel/staging --> /home/armita/pixel/current
Found 2 save data paths
Read 49028 clean list file
Dir path is /mnt/adnetik/adnetik-uservervillage/prod/userver_log/pixel/2013-06-13/
Read 1153 paths for daylist [2013-06-13]
Found 910 new paths
.Done with file 0/910
........size getting too big, writing to Db
Inserted almost 249246 lines

Wrote 49037 clean list files
renamed directory /home/armita/pixel/staging --> /home/armita/pixel/current
Found 2 save data paths
Read 49037 clean list file
Dir path is /mnt/adnetik/adnetik-uservervillage/prod/userver_log/pixel/2013-06-13/
Read 1153 paths for daylist [2013-06-13]
Found 901 new paths
.Done with file 0/901
.......size getting too big, writing to Db
Inserted almost 243779 lines

Wrote 49045 clean list files
renamed directory /home/armita/pixel/staging --> /home/armita/pixel/current
Found 2 save data paths
Read 49045 clean list file
Dir path is /mnt/adnetik/adnetik-uservervillage/prod/userver_log/pixel/2013-06-13/
Read 1153 paths for daylist [2013-06-13]
Found 893 new paths
.Done with file 0/893
.........size getting too big, writing to Db
Inserted almost 207142 lines

Wrote 49055 clean list files
renamed directory /home/armita/pixel/staging --> /home/armita/pixel/current
Found 2 save data paths
Read 49055 clean list file
Dir path is /mnt/adnetik/adnetik-uservervillage/prod/userver_log/pixel/2013-06-13/
Read 1153 paths for daylist [2013-06-13]
Found 883 new paths
.Done with file 0/883
...size getting too big, writing to Db
Inserted almost 210333 lines

Wrote 49059 clean list files
renamed directory /home/armita/pixel/staging --> /home/armita/pixel/current
Found 2 save data paths
Read 49059 clean list file
Dir path is /mnt/adnetik/adnetik-uservervillage/prod/userver_log/pixel/2013-06-13/
Read 1153 paths for daylist [2013-06-13]
Found 879 new paths
.Done with file 0/879
........size getting too big, writing to Db
Inserted almost 206687 lines

Wrote 49068 clean list files
renamed directory /home/armita/pixel/staging --> /home/armita/pixel/current
Found 2 save data paths
Read 49068 clean list file
Dir path is /mnt/adnetik/adnetik-uservervillage/prod/userver_log/pixel/2013-06-13/
Read 1153 paths for daylist [2013-06-13]
Found 870 new paths
.Done with file 0/870
.....size getting too big, writing to Db
Inserted almost 239929 lines

Wrote 49074 clean list files
renamed directory /home/armita/pixel/staging --> /home/armita/pixel/current
Found 2 save data paths
Read 49074 clean list file
Dir path is /mnt/adnetik/adnetik-uservervillage/prod/userver_log/pixel/2013-06-13/
Read 1153 paths for daylist [2013-06-13]
Found 864 new paths
.Done with file 0/864
.......size getting too big, writing to Db
Inserted almost 208746 lines

Wrote 49082 clean list files
renamed directory /home/armita/pixel/staging --> /home/armita/pixel/current
Found 2 save data paths
Read 49082 clean list file
Dir path is /mnt/adnetik/adnetik-uservervillage/prod/userver_log/pixel/2013-06-13/
Read 1153 paths for daylist [2013-06-13]
Found 856 new paths
.Done with file 0/856
.......size getting too big, writing to Db
Inserted almost 251104 lines

Wrote 49090 clean list files
renamed directory /home/armita/pixel/staging --> /home/armita/pixel/current
Found 2 save data paths
Read 49090 clean list file
Dir path is /mnt/adnetik/adnetik-uservervillage/prod/userver_log/pixel/2013-06-13/
Read 1153 paths for daylist [2013-06-13]
Found 848 new paths
.Done with file 0/848
.......size getting too big, writing to Db
Inserted almost 224700 lines

Wrote 49098 clean list files
renamed directory /home/armita/pixel/staging --> /home/armita/pixel/current
Found 2 save data paths
Read 49098 clean list file
Dir path is /mnt/adnetik/adnetik-uservervillage/prod/userver_log/pixel/2013-06-13/
Read 1153 paths for daylist [2013-06-13]
Found 840 new paths
.Done with file 0/840
....size getting too big, writing to Db
Inserted almost 234428 lines

Wrote 49103 clean list files
renamed directory /home/armita/pixel/staging --> /home/armita/pixel/current
Found 2 save data paths
Read 49103 clean list file
Dir path is /mnt/adnetik/adnetik-uservervillage/prod/userver_log/pixel/2013-06-13/
Read 1153 paths for daylist [2013-06-13]
Found 835 new paths
.Done with file 0/835
.......size getting too big, writing to Db
Inserted almost 229011 lines

Wrote 49111 clean list files
renamed directory /home/armita/pixel/staging --> /home/armita/pixel/current
Found 2 save data paths
Read 49111 clean list file
Dir path is /mnt/adnetik/adnetik-uservervillage/prod/userver_log/pixel/2013-06-13/
Read 1153 paths for daylist [2013-06-13]
Found 827 new paths
.Done with file 0/827
.....size getting too big, writing to Db
Inserted almost 204837 lines

Wrote 49117 clean list files
renamed directory /home/armita/pixel/staging --> /home/armita/pixel/current
Found 2 save data paths
Read 49117 clean list file
Dir path is /mnt/adnetik/adnetik-uservervillage/prod/userver_log/pixel/2013-06-13/
Read 1153 paths for daylist [2013-06-13]
Found 821 new paths
.Done with file 0/821
.....size getting too big, writing to Db
Inserted almost 210302 lines

Wrote 49123 clean list files
renamed directory /home/armita/pixel/staging --> /home/armita/pixel/current
Found 2 save data paths
Read 49123 clean list file
Dir path is /mnt/adnetik/adnetik-uservervillage/prod/userver_log/pixel/2013-06-13/
Read 1153 paths for daylist [2013-06-13]
Found 815 new paths
.Done with file 0/815
....size getting too big, writing to Db
Inserted almost 202031 lines

Wrote 49128 clean list files
renamed directory /home/armita/pixel/staging --> /home/armita/pixel/current
Found 2 save data paths
Read 49128 clean list file
Dir path is /mnt/adnetik/adnetik-uservervillage/prod/userver_log/pixel/2013-06-13/
Read 1153 paths for daylist [2013-06-13]
Found 810 new paths
.Done with file 0/810
.........size getting too big, writing to Db
Inserted almost 210349 lines

Wrote 49138 clean list files
renamed directory /home/armita/pixel/staging --> /home/armita/pixel/current
Found 2 save data paths
Read 49138 clean list file
Dir path is /mnt/adnetik/adnetik-uservervillage/prod/userver_log/pixel/2013-06-13/
Read 1153 paths for daylist [2013-06-13]
Found 800 new paths
.Done with file 0/800
...size getting too big, writing to Db
Inserted almost 228119 lines

Wrote 49142 clean list files
renamed directory /home/armita/pixel/staging --> /home/armita/pixel/current
Found 2 save data paths
Read 49142 clean list file
Dir path is /mnt/adnetik/adnetik-uservervillage/prod/userver_log/pixel/2013-06-13/
Read 1153 paths for daylist [2013-06-13]
Found 796 new paths
.Done with file 0/796
.....size getting too big, writing to Db
Inserted almost 226729 lines

Wrote 49148 clean list files
renamed directory /home/armita/pixel/staging --> /home/armita/pixel/current
Found 2 save data paths
Read 49148 clean list file
Dir path is /mnt/adnetik/adnetik-uservervillage/prod/userver_log/pixel/2013-06-13/
Read 1153 paths for daylist [2013-06-13]
Found 790 new paths
.Done with file 0/790
.....size getting too big, writing to Db
Inserted almost 222841 lines

Wrote 49154 clean list files
renamed directory /home/armita/pixel/staging --> /home/armita/pixel/current
Found 2 save data paths
Read 49154 clean list file
Dir path is /mnt/adnetik/adnetik-uservervillage/prod/userver_log/pixel/2013-06-13/
Read 1153 paths for daylist [2013-06-13]
Found 784 new paths
.Done with file 0/784
.......size getting too big, writing to Db
Inserted almost 260768 lines

Wrote 49162 clean list files
renamed directory /home/armita/pixel/staging --> /home/armita/pixel/current
Found 2 save data paths
Read 49162 clean list file
Dir path is /mnt/adnetik/adnetik-uservervillage/prod/userver_log/pixel/2013-06-13/
Read 1153 paths for daylist [2013-06-13]
Found 776 new paths
.Done with file 0/776
....size getting too big, writing to Db
Inserted almost 265279 lines

Wrote 49167 clean list files
renamed directory /home/armita/pixel/staging --> /home/armita/pixel/current
Found 2 save data paths
Read 49167 clean list file
Dir path is /mnt/adnetik/adnetik-uservervillage/prod/userver_log/pixel/2013-06-13/
Read 1153 paths for daylist [2013-06-13]
Found 771 new paths
.Done with file 0/771
....size getting too big, writing to Db
Inserted almost 204123 lines

Wrote 49172 clean list files
renamed directory /home/armita/pixel/staging --> /home/armita/pixel/current
Found 2 save data paths
Read 49172 clean list file
Dir path is /mnt/adnetik/adnetik-uservervillage/prod/userver_log/pixel/2013-06-13/
Read 1153 paths for daylist [2013-06-13]
Found 766 new paths
.Done with file 0/766
......size getting too big, writing to Db
Inserted almost 218120 lines

Wrote 49179 clean list files
renamed directory /home/armita/pixel/staging --> /home/armita/pixel/current
Found 2 save data paths
Read 49179 clean list file
Dir path is /mnt/adnetik/adnetik-uservervillage/prod/userver_log/pixel/2013-06-13/
Read 1153 paths for daylist [2013-06-13]
Found 759 new paths
.Done with file 0/759
.....size getting too big, writing to Db
Inserted almost 234175 lines

Wrote 49185 clean list files
renamed directory /home/armita/pixel/staging --> /home/armita/pixel/current
Found 2 save data paths
Read 49185 clean list file
Dir path is /mnt/adnetik/adnetik-uservervillage/prod/userver_log/pixel/2013-06-13/
Read 1153 paths for daylist [2013-06-13]
Found 753 new paths
.Done with file 0/753
....size getting too big, writing to Db
Inserted almost 217407 lines

Wrote 49190 clean list files
renamed directory /home/armita/pixel/staging --> /home/armita/pixel/current
Found 2 save data paths
Read 49190 clean list file
Dir path is /mnt/adnetik/adnetik-uservervillage/prod/userver_log/pixel/2013-06-13/
Read 1153 paths for daylist [2013-06-13]
Found 748 new paths
.Done with file 0/748
.......size getting too big, writing to Db
Inserted almost 260239 lines

Wrote 49198 clean list files
renamed directory /home/armita/pixel/staging --> /home/armita/pixel/current
Found 2 save data paths
Read 49198 clean list file
Dir path is /mnt/adnetik/adnetik-uservervillage/prod/userver_log/pixel/2013-06-13/
Read 1153 paths for daylist [2013-06-13]
Found 740 new paths
.Done with file 0/740
..size getting too big, writing to Db
Inserted almost 216151 lines

Wrote 49201 clean list files
renamed directory /home/armita/pixel/staging --> /home/armita/pixel/current
Found 2 save data paths
Read 49201 clean list file
Dir path is /mnt/adnetik/adnetik-uservervillage/prod/userver_log/pixel/2013-06-13/
Read 1153 paths for daylist [2013-06-13]
Found 737 new paths
.Done with file 0/737
.....size getting too big, writing to Db
Inserted almost 228579 lines

Wrote 49207 clean list files
renamed directory /home/armita/pixel/staging --> /home/armita/pixel/current
Found 2 save data paths
Read 49207 clean list file
Dir path is /mnt/adnetik/adnetik-uservervillage/prod/userver_log/pixel/2013-06-13/
Read 1153 paths for daylist [2013-06-13]
Found 731 new paths
.Done with file 0/731
....size getting too big, writing to Db
Inserted almost 202835 lines

Wrote 49212 clean list files
renamed directory /home/armita/pixel/staging --> /home/armita/pixel/current
Found 2 save data paths
Read 49212 clean list file
Dir path is /mnt/adnetik/adnetik-uservervillage/prod/userver_log/pixel/2013-06-13/
Read 1153 paths for daylist [2013-06-13]
Found 726 new paths
.Done with file 0/726
......size getting too big, writing to Db
Inserted almost 272193 lines

Wrote 49219 clean list files
renamed directory /home/armita/pixel/staging --> /home/armita/pixel/current
Found 2 save data paths
Read 49219 clean list file
Dir path is /mnt/adnetik/adnetik-uservervillage/prod/userver_log/pixel/2013-06-13/
Read 1153 paths for daylist [2013-06-13]
Found 719 new paths
.Done with file 0/719
...size getting too big, writing to Db
Inserted almost 204480 lines

Wrote 49223 clean list files
renamed directory /home/armita/pixel/staging --> /home/armita/pixel/current
Found 2 save data paths
Read 49223 clean list file
Dir path is /mnt/adnetik/adnetik-uservervillage/prod/userver_log/pixel/2013-06-13/
Read 1153 paths for daylist [2013-06-13]
Found 715 new paths
.Done with file 0/715
....size getting too big, writing to Db
Inserted almost 207570 lines

Wrote 49228 clean list files
renamed directory /home/armita/pixel/staging --> /home/armita/pixel/current
Found 2 save data paths
Read 49228 clean list file
Dir path is /mnt/adnetik/adnetik-uservervillage/prod/userver_log/pixel/2013-06-13/
Read 1153 paths for daylist [2013-06-13]
Found 710 new paths
.Done with file 0/710
...size getting too big, writing to Db
Inserted almost 224129 lines

Wrote 49232 clean list files
renamed directory /home/armita/pixel/staging --> /home/armita/pixel/current
Found 2 save data paths
Read 49232 clean list file
Dir path is /mnt/adnetik/adnetik-uservervillage/prod/userver_log/pixel/2013-06-13/
Read 1153 paths for daylist [2013-06-13]
Found 706 new paths
.Done with file 0/706
......size getting too big, writing to Db
Inserted almost 224130 lines

Wrote 49239 clean list files
renamed directory /home/armita/pixel/staging --> /home/armita/pixel/current
Found 2 save data paths
Read 49239 clean list file
Dir path is /mnt/adnetik/adnetik-uservervillage/prod/userver_log/pixel/2013-06-13/
Read 1153 paths for daylist [2013-06-13]
Found 699 new paths
.Done with file 0/699
.....size getting too big, writing to Db
Inserted almost 232449 lines

Wrote 49245 clean list files
renamed directory /home/armita/pixel/staging --> /home/armita/pixel/current
Found 2 save data paths
Read 49245 clean list file
Dir path is /mnt/adnetik/adnetik-uservervillage/prod/userver_log/pixel/2013-06-13/
Read 1153 paths for daylist [2013-06-13]
Found 693 new paths
.Done with file 0/693
....size getting too big, writing to Db
Inserted almost 246452 lines

Wrote 49250 clean list files
renamed directory /home/armita/pixel/staging --> /home/armita/pixel/current
Found 2 save data paths
Read 49250 clean list file
Dir path is /mnt/adnetik/adnetik-uservervillage/prod/userver_log/pixel/2013-06-13/
Read 1153 paths for daylist [2013-06-13]
Found 688 new paths
.Done with file 0/688
...size getting too big, writing to Db
Inserted almost 212153 lines

Wrote 49254 clean list files
renamed directory /home/armita/pixel/staging --> /home/armita/pixel/current
Found 2 save data paths
Read 49254 clean list file
Dir path is /mnt/adnetik/adnetik-uservervillage/prod/userver_log/pixel/2013-06-13/
Read 1153 paths for daylist [2013-06-13]
Found 684 new paths
.Done with file 0/684
....size getting too big, writing to Db
Inserted almost 208947 lines

Wrote 49259 clean list files
renamed directory /home/armita/pixel/staging --> /home/armita/pixel/current
Found 2 save data paths
Read 49259 clean list file
Dir path is /mnt/adnetik/adnetik-uservervillage/prod/userver_log/pixel/2013-06-13/
Read 1153 paths for daylist [2013-06-13]
Found 679 new paths
.Done with file 0/679
....size getting too big, writing to Db
Inserted almost 239074 lines

Wrote 49264 clean list files
renamed directory /home/armita/pixel/staging --> /home/armita/pixel/current
Found 2 save data paths
Read 49264 clean list file
Dir path is /mnt/adnetik/adnetik-uservervillage/prod/userver_log/pixel/2013-06-13/
Read 1153 paths for daylist [2013-06-13]
Found 674 new paths
.Done with file 0/674
....size getting too big, writing to Db
Inserted almost 230121 lines

Wrote 49269 clean list files
renamed directory /home/armita/pixel/staging --> /home/armita/pixel/current
Found 2 save data paths
Read 49269 clean list file
Dir path is /mnt/adnetik/adnetik-uservervillage/prod/userver_log/pixel/2013-06-13/
Read 1153 paths for daylist [2013-06-13]
Found 669 new paths
.Done with file 0/669
...size getting too big, writing to Db
Inserted almost 203746 lines

Wrote 49273 clean list files
renamed directory /home/armita/pixel/staging --> /home/armita/pixel/current
Found 2 save data paths
Read 49273 clean list file
Dir path is /mnt/adnetik/adnetik-uservervillage/prod/userver_log/pixel/2013-06-13/
Read 1153 paths for daylist [2013-06-13]
Found 665 new paths
.Done with file 0/665
....size getting too big, writing to Db
Inserted almost 237489 lines

Wrote 49278 clean list files
renamed directory /home/armita/pixel/staging --> /home/armita/pixel/current
Found 2 save data paths
Read 49278 clean list file
Dir path is /mnt/adnetik/adnetik-uservervillage/prod/userver_log/pixel/2013-06-13/
Read 1153 paths for daylist [2013-06-13]
Found 660 new paths
.Done with file 0/660
.....size getting too big, writing to Db
Inserted almost 204098 lines

Wrote 49284 clean list files
renamed directory /home/armita/pixel/staging --> /home/armita/pixel/current
Found 2 save data paths
Read 49284 clean list file
Dir path is /mnt/adnetik/adnetik-uservervillage/prod/userver_log/pixel/2013-06-13/
Read 1153 paths for daylist [2013-06-13]
Found 654 new paths
.Done with file 0/654
...size getting too big, writing to Db
Inserted almost 228533 lines

Wrote 49288 clean list files
renamed directory /home/armita/pixel/staging --> /home/armita/pixel/current
Found 2 save data paths
Read 49288 clean list file
Dir path is /mnt/adnetik/adnetik-uservervillage/prod/userver_log/pixel/2013-06-13/
Read 1153 paths for daylist [2013-06-13]
Found 650 new paths
.Done with file 0/650
....size getting too big, writing to Db
Inserted almost 214605 lines

Wrote 49293 clean list files
renamed directory /home/armita/pixel/staging --> /home/armita/pixel/current
Found 2 save data paths
Read 49293 clean list file
Dir path is /mnt/adnetik/adnetik-uservervillage/prod/userver_log/pixel/2013-06-13/
Read 1153 paths for daylist [2013-06-13]
Found 645 new paths
.Done with file 0/645
...size getting too big, writing to Db
Inserted almost 210257 lines

Wrote 49297 clean list files
renamed directory /home/armita/pixel/staging --> /home/armita/pixel/current
Found 2 save data paths
Read 49297 clean list file
Dir path is /mnt/adnetik/adnetik-uservervillage/prod/userver_log/pixel/2013-06-13/
Read 1153 paths for daylist [2013-06-13]
Found 641 new paths
.Done with file 0/641
....size getting too big, writing to Db
Inserted almost 240105 lines

Wrote 49302 clean list files
renamed directory /home/armita/pixel/staging --> /home/armita/pixel/current
Found 2 save data paths
Read 49302 clean list file
Dir path is /mnt/adnetik/adnetik-uservervillage/prod/userver_log/pixel/2013-06-13/
Read 1153 paths for daylist [2013-06-13]
Found 636 new paths
.Done with file 0/636
....size getting too big, writing to Db
Inserted almost 214997 lines

Wrote 49307 clean list files
renamed directory /home/armita/pixel/staging --> /home/armita/pixel/current
Found 2 save data paths
Read 49307 clean list file
Dir path is /mnt/adnetik/adnetik-uservervillage/prod/userver_log/pixel/2013-06-13/
Read 1153 paths for daylist [2013-06-13]
Found 631 new paths
.Done with file 0/631
...size getting too big, writing to Db
Inserted almost 243852 lines

Wrote 49311 clean list files
renamed directory /home/armita/pixel/staging --> /home/armita/pixel/current
Found 2 save data paths
Read 49311 clean list file
Dir path is /mnt/adnetik/adnetik-uservervillage/prod/userver_log/pixel/2013-06-13/
Read 1153 paths for daylist [2013-06-13]
Found 627 new paths
.Done with file 0/627
.....size getting too big, writing to Db
Inserted almost 222037 lines

Wrote 49317 clean list files
renamed directory /home/armita/pixel/staging --> /home/armita/pixel/current
Found 2 save data paths
Read 49317 clean list file
Dir path is /mnt/adnetik/adnetik-uservervillage/prod/userver_log/pixel/2013-06-13/
Read 1153 paths for daylist [2013-06-13]
Found 621 new paths
.Done with file 0/621
...size getting too big, writing to Db
Inserted almost 219586 lines

Wrote 49321 clean list files
renamed directory /home/armita/pixel/staging --> /home/armita/pixel/current
Found 2 save data paths
Read 49321 clean list file
Dir path is /mnt/adnetik/adnetik-uservervillage/prod/userver_log/pixel/2013-06-13/
Read 1153 paths for daylist [2013-06-13]
Found 617 new paths
.Done with file 0/617
...size getting too big, writing to Db
Inserted almost 212870 lines

Wrote 49325 clean list files
renamed directory /home/armita/pixel/staging --> /home/armita/pixel/current
Found 2 save data paths
Read 49325 clean list file
Dir path is /mnt/adnetik/adnetik-uservervillage/prod/userver_log/pixel/2013-06-13/
Read 1153 paths for daylist [2013-06-13]
Found 613 new paths
.Done with file 0/613
.....size getting too big, writing to Db
Inserted almost 224533 lines

Wrote 49331 clean list files
renamed directory /home/armita/pixel/staging --> /home/armita/pixel/current
Found 2 save data paths
Read 49331 clean list file
Dir path is /mnt/adnetik/adnetik-uservervillage/prod/userver_log/pixel/2013-06-13/
Read 1153 paths for daylist [2013-06-13]
Found 607 new paths
.Done with file 0/607
...size getting too big, writing to Db
Inserted almost 241527 lines

Wrote 49335 clean list files
renamed directory /home/armita/pixel/staging --> /home/armita/pixel/current
Found 2 save data paths
Read 49335 clean list file
Dir path is /mnt/adnetik/adnetik-uservervillage/prod/userver_log/pixel/2013-06-13/
Read 1153 paths for daylist [2013-06-13]
Found 603 new paths
.Done with file 0/603
....size getting too big, writing to Db
Inserted almost 215546 lines

Wrote 49340 clean list files
renamed directory /home/armita/pixel/staging --> /home/armita/pixel/current
Found 2 save data paths
Read 49340 clean list file
Dir path is /mnt/adnetik/adnetik-uservervillage/prod/userver_log/pixel/2013-06-13/
Read 1153 paths for daylist [2013-06-13]
Found 598 new paths
.Done with file 0/598
....size getting too big, writing to Db
Inserted almost 227231 lines

Wrote 49345 clean list files
renamed directory /home/armita/pixel/staging --> /home/armita/pixel/current
Found 2 save data paths
Read 49345 clean list file
Dir path is /mnt/adnetik/adnetik-uservervillage/prod/userver_log/pixel/2013-06-13/
Read 1153 paths for daylist [2013-06-13]
Found 593 new paths
.Done with file 0/593
....size getting too big, writing to Db
Inserted almost 206058 lines

Wrote 49350 clean list files
renamed directory /home/armita/pixel/staging --> /home/armita/pixel/current
Found 2 save data paths
Read 49350 clean list file
Dir path is /mnt/adnetik/adnetik-uservervillage/prod/userver_log/pixel/2013-06-13/
Read 1153 paths for daylist [2013-06-13]
Found 588 new paths
.Done with file 0/588
....size getting too big, writing to Db
Inserted almost 247045 lines

Wrote 49355 clean list files
renamed directory /home/armita/pixel/staging --> /home/armita/pixel/current
Found 2 save data paths
Read 49355 clean list file
Dir path is /mnt/adnetik/adnetik-uservervillage/prod/userver_log/pixel/2013-06-13/
Read 1153 paths for daylist [2013-06-13]
Found 583 new paths
.Done with file 0/583
.....size getting too big, writing to Db
Inserted almost 236076 lines

Wrote 49361 clean list files
renamed directory /home/armita/pixel/staging --> /home/armita/pixel/current
Found 2 save data paths
Read 49361 clean list file
Dir path is /mnt/adnetik/adnetik-uservervillage/prod/userver_log/pixel/2013-06-13/
Read 1153 paths for daylist [2013-06-13]
Found 577 new paths
.Done with file 0/577
...size getting too big, writing to Db
Inserted almost 217734 lines

Wrote 49365 clean list files
renamed directory /home/armita/pixel/staging --> /home/armita/pixel/current
Found 2 save data paths
Read 49365 clean list file
Dir path is /mnt/adnetik/adnetik-uservervillage/prod/userver_log/pixel/2013-06-13/
Read 1153 paths for daylist [2013-06-13]
Found 573 new paths
.Done with file 0/573
....size getting too big, writing to Db
Inserted almost 246064 lines

Wrote 49370 clean list files
renamed directory /home/armita/pixel/staging --> /home/armita/pixel/current
Found 2 save data paths
Read 49370 clean list file
Dir path is /mnt/adnetik/adnetik-uservervillage/prod/userver_log/pixel/2013-06-13/
Read 1153 paths for daylist [2013-06-13]
Found 568 new paths
.Done with file 0/568
.....size getting too big, writing to Db
Inserted almost 228015 lines

Wrote 49376 clean list files
renamed directory /home/armita/pixel/staging --> /home/armita/pixel/current
Found 2 save data paths
Read 49376 clean list file
Dir path is /mnt/adnetik/adnetik-uservervillage/prod/userver_log/pixel/2013-06-13/
Read 1153 paths for daylist [2013-06-13]
Found 562 new paths
.Done with file 0/562
...size getting too big, writing to Db
Inserted almost 216326 lines

Wrote 49380 clean list files
renamed directory /home/armita/pixel/staging --> /home/armita/pixel/current
Found 2 save data paths
Read 49380 clean list file
Dir path is /mnt/adnetik/adnetik-uservervillage/prod/userver_log/pixel/2013-06-13/
Read 1153 paths for daylist [2013-06-13]
Found 558 new paths
.Done with file 0/558
.....size getting too big, writing to Db
Inserted almost 244845 lines

Wrote 49386 clean list files
renamed directory /home/armita/pixel/staging --> /home/armita/pixel/current
Found 2 save data paths
Read 49386 clean list file
Dir path is /mnt/adnetik/adnetik-uservervillage/prod/userver_log/pixel/2013-06-13/
Read 1153 paths for daylist [2013-06-13]
Found 552 new paths
.Done with file 0/552
.....size getting too big, writing to Db
Inserted almost 250188 lines

Wrote 49392 clean list files
renamed directory /home/armita/pixel/staging --> /home/armita/pixel/current
Found 2 save data paths
Read 49392 clean list file
Dir path is /mnt/adnetik/adnetik-uservervillage/prod/userver_log/pixel/2013-06-13/
Read 1153 paths for daylist [2013-06-13]
Found 546 new paths
.Done with file 0/546
...size getting too big, writing to Db
Inserted almost 213405 lines

Wrote 49396 clean list files
renamed directory /home/armita/pixel/staging --> /home/armita/pixel/current
Found 2 save data paths
Read 49396 clean list file
Dir path is /mnt/adnetik/adnetik-uservervillage/prod/userver_log/pixel/2013-06-13/
Read 1153 paths for daylist [2013-06-13]
Found 542 new paths
.Done with file 0/542
.....size getting too big, writing to Db
Inserted almost 233943 lines

Wrote 49402 clean list files
renamed directory /home/armita/pixel/staging --> /home/armita/pixel/current
Found 2 save data paths
Read 49402 clean list file
Dir path is /mnt/adnetik/adnetik-uservervillage/prod/userver_log/pixel/2013-06-13/
Read 1153 paths for daylist [2013-06-13]
Found 536 new paths
.Done with file 0/536
...size getting too big, writing to Db
Inserted almost 219025 lines

Wrote 49406 clean list files
renamed directory /home/armita/pixel/staging --> /home/armita/pixel/current
Found 2 save data paths
Read 49406 clean list file
Dir path is /mnt/adnetik/adnetik-uservervillage/prod/userver_log/pixel/2013-06-13/
Read 1153 paths for daylist [2013-06-13]
Found 532 new paths
.Done with file 0/532
.....size getting too big, writing to Db
Inserted almost 223767 lines

Wrote 49412 clean list files
renamed directory /home/armita/pixel/staging --> /home/armita/pixel/current
Found 2 save data paths
Read 49412 clean list file
Dir path is /mnt/adnetik/adnetik-uservervillage/prod/userver_log/pixel/2013-06-13/
Read 1153 paths for daylist [2013-06-13]
Found 526 new paths
.Done with file 0/526
...size getting too big, writing to Db
Inserted almost 215464 lines

Wrote 49416 clean list files
renamed directory /home/armita/pixel/staging --> /home/armita/pixel/current
Found 2 save data paths
Read 49416 clean list file
Dir path is /mnt/adnetik/adnetik-uservervillage/prod/userver_log/pixel/2013-06-13/
Read 1153 paths for daylist [2013-06-13]
Found 522 new paths
.Done with file 0/522
...size getting too big, writing to Db
Inserted almost 204122 lines

Wrote 49420 clean list files
renamed directory /home/armita/pixel/staging --> /home/armita/pixel/current
Found 2 save data paths
Read 49420 clean list file
Dir path is /mnt/adnetik/adnetik-uservervillage/prod/userver_log/pixel/2013-06-13/
Read 1153 paths for daylist [2013-06-13]
Found 518 new paths
.Done with file 0/518
....size getting too big, writing to Db
Inserted almost 225482 lines

Wrote 49425 clean list files
renamed directory /home/armita/pixel/staging --> /home/armita/pixel/current
Found 2 save data paths
Read 49425 clean list file
Dir path is /mnt/adnetik/adnetik-uservervillage/prod/userver_log/pixel/2013-06-13/
Read 1153 paths for daylist [2013-06-13]
Found 513 new paths
.Done with file 0/513
.....size getting too big, writing to Db
Inserted almost 235827 lines

Wrote 49431 clean list files
renamed directory /home/armita/pixel/staging --> /home/armita/pixel/current
Found 2 save data paths
Read 49431 clean list file
Dir path is /mnt/adnetik/adnetik-uservervillage/prod/userver_log/pixel/2013-06-13/
Read 1153 paths for daylist [2013-06-13]
Found 507 new paths
.Done with file 0/507
.....size getting too big, writing to Db
Inserted almost 222666 lines

Wrote 49437 clean list files
renamed directory /home/armita/pixel/staging --> /home/armita/pixel/current
Found 2 save data paths
Read 49437 clean list file
Dir path is /mnt/adnetik/adnetik-uservervillage/prod/userver_log/pixel/2013-06-13/
Read 1153 paths for daylist [2013-06-13]
Found 501 new paths
.Done with file 0/501
...size getting too big, writing to Db
Inserted almost 218211 lines

Wrote 49441 clean list files
renamed directory /home/armita/pixel/staging --> /home/armita/pixel/current
Found 2 save data paths
Read 49441 clean list file
Dir path is /mnt/adnetik/adnetik-uservervillage/prod/userver_log/pixel/2013-06-13/
Read 1153 paths for daylist [2013-06-13]
Found 497 new paths
.Done with file 0/497
.....size getting too big, writing to Db
Inserted almost 219185 lines

Wrote 49447 clean list files
renamed directory /home/armita/pixel/staging --> /home/armita/pixel/current
Found 2 save data paths
Read 49447 clean list file
Dir path is /mnt/adnetik/adnetik-uservervillage/prod/userver_log/pixel/2013-06-13/
Read 1153 paths for daylist [2013-06-13]
Found 491 new paths
.Done with file 0/491
....size getting too big, writing to Db
Inserted almost 232355 lines

Wrote 49452 clean list files
renamed directory /home/armita/pixel/staging --> /home/armita/pixel/current
Found 2 save data paths
Read 49452 clean list file
Dir path is /mnt/adnetik/adnetik-uservervillage/prod/userver_log/pixel/2013-06-13/
Read 1153 paths for daylist [2013-06-13]
Found 486 new paths
.Done with file 0/486
....size getting too big, writing to Db
Inserted almost 221687 lines

Wrote 49457 clean list files
renamed directory /home/armita/pixel/staging --> /home/armita/pixel/current
Found 2 save data paths
Read 49457 clean list file
Dir path is /mnt/adnetik/adnetik-uservervillage/prod/userver_log/pixel/2013-06-13/
Read 1153 paths for daylist [2013-06-13]
Found 481 new paths
.Done with file 0/481
.....size getting too big, writing to Db
Inserted almost 233327 lines

Wrote 49463 clean list files
renamed directory /home/armita/pixel/staging --> /home/armita/pixel/current
Found 2 save data paths
Read 49463 clean list file
Dir path is /mnt/adnetik/adnetik-uservervillage/prod/userver_log/pixel/2013-06-13/
Read 1153 paths for daylist [2013-06-13]
Found 475 new paths
.Done with file 0/475
....size getting too big, writing to Db
Inserted almost 233126 lines

Wrote 49468 clean list files
renamed directory /home/armita/pixel/staging --> /home/armita/pixel/current
Found 2 save data paths
Read 49468 clean list file
Dir path is /mnt/adnetik/adnetik-uservervillage/prod/userver_log/pixel/2013-06-13/
Read 1153 paths for daylist [2013-06-13]
Found 470 new paths
.Done with file 0/470
...size getting too big, writing to Db
Inserted almost 203702 lines

Wrote 49472 clean list files
renamed directory /home/armita/pixel/staging --> /home/armita/pixel/current
Found 2 save data paths
Read 49472 clean list file
Dir path is /mnt/adnetik/adnetik-uservervillage/prod/userver_log/pixel/2013-06-13/
Read 1153 paths for daylist [2013-06-13]
Found 466 new paths
.Done with file 0/466
.....size getting too big, writing to Db
Inserted almost 231381 lines

Wrote 49478 clean list files
renamed directory /home/armita/pixel/staging --> /home/armita/pixel/current
Found 2 save data paths
Read 49478 clean list file
Dir path is /mnt/adnetik/adnetik-uservervillage/prod/userver_log/pixel/2013-06-13/
Read 1153 paths for daylist [2013-06-13]
Found 460 new paths
.Done with file 0/460
.....size getting too big, writing to Db
Inserted almost 246226 lines

Wrote 49484 clean list files
renamed directory /home/armita/pixel/staging --> /home/armita/pixel/current
Found 2 save data paths
Read 49484 clean list file
Dir path is /mnt/adnetik/adnetik-uservervillage/prod/userver_log/pixel/2013-06-13/
Read 1153 paths for daylist [2013-06-13]
Found 454 new paths
.Done with file 0/454
....size getting too big, writing to Db
Inserted almost 211485 lines

Wrote 49489 clean list files
renamed directory /home/armita/pixel/staging --> /home/armita/pixel/current
Found 2 save data paths
Read 49489 clean list file
Dir path is /mnt/adnetik/adnetik-uservervillage/prod/userver_log/pixel/2013-06-13/
Read 1153 paths for daylist [2013-06-13]
Found 449 new paths
.Done with file 0/449
...size getting too big, writing to Db
Inserted almost 213656 lines

Wrote 49493 clean list files
renamed directory /home/armita/pixel/staging --> /home/armita/pixel/current
Found 2 save data paths
Read 49493 clean list file
Dir path is /mnt/adnetik/adnetik-uservervillage/prod/userver_log/pixel/2013-06-13/
Read 1153 paths for daylist [2013-06-13]
Found 445 new paths
.Done with file 0/445
.....size getting too big, writing to Db
Inserted almost 205507 lines

Wrote 49499 clean list files
renamed directory /home/armita/pixel/staging --> /home/armita/pixel/current
Found 2 save data paths
Read 49499 clean list file
Dir path is /mnt/adnetik/adnetik-uservervillage/prod/userver_log/pixel/2013-06-13/
Read 1153 paths for daylist [2013-06-13]
Found 439 new paths
.Done with file 0/439
...size getting too big, writing to Db
Inserted almost 241907 lines

Wrote 49503 clean list files
renamed directory /home/armita/pixel/staging --> /home/armita/pixel/current
Found 2 save data paths
Read 49503 clean list file
Dir path is /mnt/adnetik/adnetik-uservervillage/prod/userver_log/pixel/2013-06-13/
Read 1153 paths for daylist [2013-06-13]
Found 435 new paths
.Done with file 0/435
....size getting too big, writing to Db
Inserted almost 200687 lines

Wrote 49508 clean list files
renamed directory /home/armita/pixel/staging --> /home/armita/pixel/current
Found 2 save data paths
Read 49508 clean list file
Dir path is /mnt/adnetik/adnetik-uservervillage/prod/userver_log/pixel/2013-06-13/
Read 1153 paths for daylist [2013-06-13]
Found 430 new paths
.Done with file 0/430
....size getting too big, writing to Db
Inserted almost 242027 lines

Wrote 49513 clean list files
renamed directory /home/armita/pixel/staging --> /home/armita/pixel/current
Found 2 save data paths
Read 49513 clean list file
Dir path is /mnt/adnetik/adnetik-uservervillage/prod/userver_log/pixel/2013-06-13/
Read 1153 paths for daylist [2013-06-13]
Found 425 new paths
.Done with file 0/425
......size getting too big, writing to Db
Inserted almost 248936 lines

Wrote 49520 clean list files
renamed directory /home/armita/pixel/staging --> /home/armita/pixel/current
Found 2 save data paths
Read 49520 clean list file
Dir path is /mnt/adnetik/adnetik-uservervillage/prod/userver_log/pixel/2013-06-13/
Read 1153 paths for daylist [2013-06-13]
Found 418 new paths
.Done with file 0/418
...size getting too big, writing to Db
Inserted almost 240802 lines

Wrote 49524 clean list files
renamed directory /home/armita/pixel/staging --> /home/armita/pixel/current
Found 2 save data paths
Read 49524 clean list file
Dir path is /mnt/adnetik/adnetik-uservervillage/prod/userver_log/pixel/2013-06-13/
Read 1153 paths for daylist [2013-06-13]
Found 414 new paths
.Done with file 0/414
........size getting too big, writing to Db
Inserted almost 230323 lines

Wrote 49533 clean list files
renamed directory /home/armita/pixel/staging --> /home/armita/pixel/current
Found 2 save data paths
Read 49533 clean list file
Dir path is /mnt/adnetik/adnetik-uservervillage/prod/userver_log/pixel/2013-06-13/
Read 1153 paths for daylist [2013-06-13]
Found 405 new paths
.Done with file 0/405
...size getting too big, writing to Db
Inserted almost 247552 lines

Wrote 49537 clean list files
renamed directory /home/armita/pixel/staging --> /home/armita/pixel/current
Found 2 save data paths
Read 49537 clean list file
Dir path is /mnt/adnetik/adnetik-uservervillage/prod/userver_log/pixel/2013-06-13/
Read 1153 paths for daylist [2013-06-13]
Found 401 new paths
.Done with file 0/401
...size getting too big, writing to Db
Inserted almost 223009 lines

Wrote 49541 clean list files
renamed directory /home/armita/pixel/staging --> /home/armita/pixel/current
Found 2 save data paths
Read 49541 clean list file
Dir path is /mnt/adnetik/adnetik-uservervillage/prod/userver_log/pixel/2013-06-13/
Read 1153 paths for daylist [2013-06-13]
Found 397 new paths
.Done with file 0/397
....size getting too big, writing to Db
Inserted almost 220784 lines

Wrote 49546 clean list files
renamed directory /home/armita/pixel/staging --> /home/armita/pixel/current
Found 2 save data paths
Read 49546 clean list file
Dir path is /mnt/adnetik/adnetik-uservervillage/prod/userver_log/pixel/2013-06-13/
Read 1153 paths for daylist [2013-06-13]
Found 392 new paths
.Done with file 0/392
.....size getting too big, writing to Db
Inserted almost 219098 lines

Wrote 49552 clean list files
renamed directory /home/armita/pixel/staging --> /home/armita/pixel/current
Found 2 save data paths
Read 49552 clean list file
Dir path is /mnt/adnetik/adnetik-uservervillage/prod/userver_log/pixel/2013-06-13/
Read 1153 paths for daylist [2013-06-13]
Found 386 new paths
.Done with file 0/386
...size getting too big, writing to Db
Inserted almost 247443 lines

Wrote 49556 clean list files
renamed directory /home/armita/pixel/staging --> /home/armita/pixel/current
Found 2 save data paths
Read 49556 clean list file
Dir path is /mnt/adnetik/adnetik-uservervillage/prod/userver_log/pixel/2013-06-13/
Read 1153 paths for daylist [2013-06-13]
Found 382 new paths
.Done with file 0/382
.....size getting too big, writing to Db
Inserted almost 225343 lines

Wrote 49562 clean list files
renamed directory /home/armita/pixel/staging --> /home/armita/pixel/current
Found 2 save data paths
Read 49562 clean list file
Dir path is /mnt/adnetik/adnetik-uservervillage/prod/userver_log/pixel/2013-06-13/
Read 1153 paths for daylist [2013-06-13]
Found 376 new paths
.Done with file 0/376
.....size getting too big, writing to Db
Inserted almost 224179 lines

Wrote 49568 clean list files
renamed directory /home/armita/pixel/staging --> /home/armita/pixel/current
Found 2 save data paths
Read 49568 clean list file
Dir path is /mnt/adnetik/adnetik-uservervillage/prod/userver_log/pixel/2013-06-13/
Read 1153 paths for daylist [2013-06-13]
Found 370 new paths
.Done with file 0/370
...size getting too big, writing to Db
Inserted almost 239884 lines

Wrote 49572 clean list files
renamed directory /home/armita/pixel/staging --> /home/armita/pixel/current
Found 2 save data paths
Read 49572 clean list file
Dir path is /mnt/adnetik/adnetik-uservervillage/prod/userver_log/pixel/2013-06-13/
Read 1153 paths for daylist [2013-06-13]
Found 366 new paths
.Done with file 0/366
.....size getting too big, writing to Db
Inserted almost 237953 lines

Wrote 49578 clean list files
renamed directory /home/armita/pixel/staging --> /home/armita/pixel/current
Found 2 save data paths
Read 49578 clean list file
Dir path is /mnt/adnetik/adnetik-uservervillage/prod/userver_log/pixel/2013-06-13/
Read 1153 paths for daylist [2013-06-13]
Found 360 new paths
.Done with file 0/360
....size getting too big, writing to Db
Inserted almost 238249 lines

Wrote 49583 clean list files
renamed directory /home/armita/pixel/staging --> /home/armita/pixel/current
Found 2 save data paths
Read 49583 clean list file
Dir path is /mnt/adnetik/adnetik-uservervillage/prod/userver_log/pixel/2013-06-13/
Read 1153 paths for daylist [2013-06-13]
Found 355 new paths
.Done with file 0/355
.....size getting too big, writing to Db
Inserted almost 224979 lines

Wrote 49589 clean list files
renamed directory /home/armita/pixel/staging --> /home/armita/pixel/current
Found 2 save data paths
Read 49589 clean list file
Dir path is /mnt/adnetik/adnetik-uservervillage/prod/userver_log/pixel/2013-06-13/
Read 1153 paths for daylist [2013-06-13]
Found 349 new paths
.Done with file 0/349
....size getting too big, writing to Db
Inserted almost 209366 lines

Wrote 49594 clean list files
renamed directory /home/armita/pixel/staging --> /home/armita/pixel/current
Found 2 save data paths
Read 49594 clean list file
Dir path is /mnt/adnetik/adnetik-uservervillage/prod/userver_log/pixel/2013-06-13/
Read 1153 paths for daylist [2013-06-13]
Found 344 new paths
.Done with file 0/344
....size getting too big, writing to Db
Inserted almost 212080 lines

Wrote 49599 clean list files
renamed directory /home/armita/pixel/staging --> /home/armita/pixel/current
Found 2 save data paths
Read 49599 clean list file
Dir path is /mnt/adnetik/adnetik-uservervillage/prod/userver_log/pixel/2013-06-13/
Read 1153 paths for daylist [2013-06-13]
Found 339 new paths
.Done with file 0/339
.....size getting too big, writing to Db
Inserted almost 210018 lines

Wrote 49605 clean list files
renamed directory /home/armita/pixel/staging --> /home/armita/pixel/current
Found 2 save data paths
Read 49605 clean list file
Dir path is /mnt/adnetik/adnetik-uservervillage/prod/userver_log/pixel/2013-06-13/
Read 1153 paths for daylist [2013-06-13]
Found 333 new paths
.Done with file 0/333
....size getting too big, writing to Db
Inserted almost 235004 lines

Wrote 49610 clean list files
renamed directory /home/armita/pixel/staging --> /home/armita/pixel/current
Found 2 save data paths
Read 49610 clean list file
Dir path is /mnt/adnetik/adnetik-uservervillage/prod/userver_log/pixel/2013-06-13/
Read 1153 paths for daylist [2013-06-13]
Found 328 new paths
.Done with file 0/328
......size getting too big, writing to Db
Inserted almost 237776 lines

Wrote 49617 clean list files
renamed directory /home/armita/pixel/staging --> /home/armita/pixel/current
Found 2 save data paths
Read 49617 clean list file
Dir path is /mnt/adnetik/adnetik-uservervillage/prod/userver_log/pixel/2013-06-13/
Read 1153 paths for daylist [2013-06-13]
Found 321 new paths
.Done with file 0/321
...size getting too big, writing to Db
Inserted almost 220970 lines

Wrote 49621 clean list files
renamed directory /home/armita/pixel/staging --> /home/armita/pixel/current
Found 2 save data paths
Read 49621 clean list file
Dir path is /mnt/adnetik/adnetik-uservervillage/prod/userver_log/pixel/2013-06-13/
Read 1153 paths for daylist [2013-06-13]
Found 317 new paths
.Done with file 0/317
....size getting too big, writing to Db
Inserted almost 243194 lines

Wrote 49626 clean list files
renamed directory /home/armita/pixel/staging --> /home/armita/pixel/current
Found 2 save data paths
Read 49626 clean list file
Dir path is /mnt/adnetik/adnetik-uservervillage/prod/userver_log/pixel/2013-06-13/
Read 1153 paths for daylist [2013-06-13]
Found 312 new paths
.Done with file 0/312
......size getting too big, writing to Db
Inserted almost 202411 lines

Wrote 49633 clean list files
renamed directory /home/armita/pixel/staging --> /home/armita/pixel/current
Found 2 save data paths
Read 49633 clean list file
Dir path is /mnt/adnetik/adnetik-uservervillage/prod/userver_log/pixel/2013-06-13/
Read 1153 paths for daylist [2013-06-13]
Found 305 new paths
.Done with file 0/305
......size getting too big, writing to Db
Inserted almost 236577 lines

Wrote 49640 clean list files
renamed directory /home/armita/pixel/staging --> /home/armita/pixel/current
Found 2 save data paths
Read 49640 clean list file
Dir path is /mnt/adnetik/adnetik-uservervillage/prod/userver_log/pixel/2013-06-13/
Read 1153 paths for daylist [2013-06-13]
Found 298 new paths
.Done with file 0/298
....size getting too big, writing to Db
Inserted almost 218997 lines

Wrote 49645 clean list files
renamed directory /home/armita/pixel/staging --> /home/armita/pixel/current
Found 2 save data paths
Read 49645 clean list file
Dir path is /mnt/adnetik/adnetik-uservervillage/prod/userver_log/pixel/2013-06-13/
Read 1153 paths for daylist [2013-06-13]
Found 293 new paths
.Done with file 0/293
......size getting too big, writing to Db
Inserted almost 206958 lines

Wrote 49652 clean list files
renamed directory /home/armita/pixel/staging --> /home/armita/pixel/current
Found 2 save data paths
Read 49652 clean list file
Dir path is /mnt/adnetik/adnetik-uservervillage/prod/userver_log/pixel/2013-06-13/
Read 1153 paths for daylist [2013-06-13]
Found 286 new paths
.Done with file 0/286
....size getting too big, writing to Db
Inserted almost 228886 lines

Wrote 49657 clean list files
renamed directory /home/armita/pixel/staging --> /home/armita/pixel/current
Found 2 save data paths
Read 49657 clean list file
Dir path is /mnt/adnetik/adnetik-uservervillage/prod/userver_log/pixel/2013-06-13/
Read 1153 paths for daylist [2013-06-13]
Found 281 new paths
.Done with file 0/281
......size getting too big, writing to Db
Inserted almost 223937 lines

Wrote 49664 clean list files
renamed directory /home/armita/pixel/staging --> /home/armita/pixel/current
Found 2 save data paths
Read 49664 clean list file
Dir path is /mnt/adnetik/adnetik-uservervillage/prod/userver_log/pixel/2013-06-13/
Read 1153 paths for daylist [2013-06-13]
Found 274 new paths
.Done with file 0/274
.....size getting too big, writing to Db
Inserted almost 226449 lines

Wrote 49670 clean list files
renamed directory /home/armita/pixel/staging --> /home/armita/pixel/current
Found 2 save data paths
Read 49670 clean list file
Dir path is /mnt/adnetik/adnetik-uservervillage/prod/userver_log/pixel/2013-06-13/
Read 1153 paths for daylist [2013-06-13]
Found 268 new paths
.Done with file 0/268
......size getting too big, writing to Db
Inserted almost 219069 lines

Wrote 49677 clean list files
renamed directory /home/armita/pixel/staging --> /home/armita/pixel/current
Found 2 save data paths
Read 49677 clean list file
Dir path is /mnt/adnetik/adnetik-uservervillage/prod/userver_log/pixel/2013-06-13/
Read 1153 paths for daylist [2013-06-13]
Found 261 new paths
.Done with file 0/261
......size getting too big, writing to Db
Inserted almost 228669 lines

Wrote 49684 clean list files
renamed directory /home/armita/pixel/staging --> /home/armita/pixel/current
Found 2 save data paths
Read 49684 clean list file
Dir path is /mnt/adnetik/adnetik-uservervillage/prod/userver_log/pixel/2013-06-13/
Read 1153 paths for daylist [2013-06-13]
Found 254 new paths
.Done with file 0/254
.......size getting too big, writing to Db
Inserted almost 251328 lines

Wrote 49692 clean list files
renamed directory /home/armita/pixel/staging --> /home/armita/pixel/current
Found 2 save data paths
Read 49692 clean list file
Dir path is /mnt/adnetik/adnetik-uservervillage/prod/userver_log/pixel/2013-06-13/
Read 1153 paths for daylist [2013-06-13]
Found 246 new paths
.Done with file 0/246
........size getting too big, writing to Db
Inserted almost 213374 lines

Wrote 49701 clean list files
renamed directory /home/armita/pixel/staging --> /home/armita/pixel/current
Found 2 save data paths
Read 49701 clean list file
Dir path is /mnt/adnetik/adnetik-uservervillage/prod/userver_log/pixel/2013-06-13/
Read 1153 paths for daylist [2013-06-13]
Found 237 new paths
.Done with file 0/237
........size getting too big, writing to Db
Inserted almost 249481 lines

Wrote 49710 clean list files
renamed directory /home/armita/pixel/staging --> /home/armita/pixel/current
Found 2 save data paths
Read 49710 clean list file
Dir path is /mnt/adnetik/adnetik-uservervillage/prod/userver_log/pixel/2013-06-13/
Read 1153 paths for daylist [2013-06-13]
Found 228 new paths
.Done with file 0/228
......size getting too big, writing to Db
Inserted almost 200548 lines

Wrote 49717 clean list files
renamed directory /home/armita/pixel/staging --> /home/armita/pixel/current
Found 2 save data paths
Read 49717 clean list file
Dir path is /mnt/adnetik/adnetik-uservervillage/prod/userver_log/pixel/2013-06-13/
Read 1153 paths for daylist [2013-06-13]
Found 221 new paths
.Done with file 0/221
.......size getting too big, writing to Db
Inserted almost 217534 lines

Wrote 49725 clean list files
renamed directory /home/armita/pixel/staging --> /home/armita/pixel/current
Found 2 save data paths
Read 49725 clean list file
Dir path is /mnt/adnetik/adnetik-uservervillage/prod/userver_log/pixel/2013-06-13/
Read 1153 paths for daylist [2013-06-13]
Found 213 new paths
.Done with file 0/213
........size getting too big, writing to Db
Inserted almost 243208 lines

Wrote 49734 clean list files
renamed directory /home/armita/pixel/staging --> /home/armita/pixel/current
Found 2 save data paths
Read 49734 clean list file
Dir path is /mnt/adnetik/adnetik-uservervillage/prod/userver_log/pixel/2013-06-13/
Read 1153 paths for daylist [2013-06-13]
Found 204 new paths
.Done with file 0/204
........size getting too big, writing to Db
Inserted almost 207770 lines

Wrote 49743 clean list files
renamed directory /home/armita/pixel/staging --> /home/armita/pixel/current
Found 2 save data paths
Read 49743 clean list file
Dir path is /mnt/adnetik/adnetik-uservervillage/prod/userver_log/pixel/2013-06-13/
Read 1153 paths for daylist [2013-06-13]
Found 195 new paths
.Done with file 0/195
.........size getting too big, writing to Db
Inserted almost 218738 lines

Wrote 49753 clean list files
renamed directory /home/armita/pixel/staging --> /home/armita/pixel/current
Found 2 save data paths
Read 49753 clean list file
Dir path is /mnt/adnetik/adnetik-uservervillage/prod/userver_log/pixel/2013-06-13/
Read 1153 paths for daylist [2013-06-13]
Found 185 new paths
.Done with file 0/185
.........size getting too big, writing to Db
Inserted almost 210375 lines

Wrote 49763 clean list files
renamed directory /home/armita/pixel/staging --> /home/armita/pixel/current
Found 2 save data paths
Read 49763 clean list file
Dir path is /mnt/adnetik/adnetik-uservervillage/prod/userver_log/pixel/2013-06-13/
Read 1153 paths for daylist [2013-06-13]
Found 175 new paths
.Done with file 0/175
.........size getting too big, writing to Db
Inserted almost 230024 lines

Wrote 49773 clean list files
renamed directory /home/armita/pixel/staging --> /home/armita/pixel/current
Found 2 save data paths
Read 49773 clean list file
Dir path is /mnt/adnetik/adnetik-uservervillage/prod/userver_log/pixel/2013-06-13/
Read 1153 paths for daylist [2013-06-13]
Found 165 new paths
.Done with file 0/165
.........size getting too big, writing to Db
Inserted almost 221663 lines

Wrote 49783 clean list files
renamed directory /home/armita/pixel/staging --> /home/armita/pixel/current
Found 2 save data paths
Read 49783 clean list file
Dir path is /mnt/adnetik/adnetik-uservervillage/prod/userver_log/pixel/2013-06-13/
Read 1153 paths for daylist [2013-06-13]
Found 155 new paths
.Done with file 0/155
........size getting too big, writing to Db
Inserted almost 219071 lines

Wrote 49792 clean list files
renamed directory /home/armita/pixel/staging --> /home/armita/pixel/current
Found 2 save data paths
Read 49792 clean list file
Dir path is /mnt/adnetik/adnetik-uservervillage/prod/userver_log/pixel/2013-06-13/
Read 1153 paths for daylist [2013-06-13]
Found 146 new paths
.Done with file 0/146
..........Done with file 10/146
size getting too big, writing to Db
Inserted almost 205466 lines

Wrote 49803 clean list files
renamed directory /home/armita/pixel/staging --> /home/armita/pixel/current
Found 2 save data paths
Read 49803 clean list file
Dir path is /mnt/adnetik/adnetik-uservervillage/prod/userver_log/pixel/2013-06-13/
Read 1153 paths for daylist [2013-06-13]
Found 135 new paths
.Done with file 0/135
.........size getting too big, writing to Db
Inserted almost 225940 lines

Wrote 49813 clean list files
renamed directory /home/armita/pixel/staging --> /home/armita/pixel/current
Found 2 save data paths
Read 49813 clean list file
Dir path is /mnt/adnetik/adnetik-uservervillage/prod/userver_log/pixel/2013-06-13/
Read 1153 paths for daylist [2013-06-13]
Found 125 new paths
.Done with file 0/125
..........Done with file 10/125
size getting too big, writing to Db
Inserted almost 215711 lines

Wrote 49824 clean list files
renamed directory /home/armita/pixel/staging --> /home/armita/pixel/current
Found 2 save data paths
Read 49824 clean list file
Dir path is /mnt/adnetik/adnetik-uservervillage/prod/userver_log/pixel/2013-06-13/
Read 1153 paths for daylist [2013-06-13]
Found 114 new paths
.Done with file 0/114
..........Done with file 10/114
size getting too big, writing to Db
Inserted almost 221683 lines

Wrote 49835 clean list files
renamed directory /home/armita/pixel/staging --> /home/armita/pixel/current
Found 2 save data paths
Read 49835 clean list file
Dir path is /mnt/adnetik/adnetik-uservervillage/prod/userver_log/pixel/2013-06-13/
Read 1153 paths for daylist [2013-06-13]
Found 103 new paths
.Done with file 0/103
..........Done with file 10/103
.size getting too big, writing to Db
Inserted almost 208244 lines

Wrote 49847 clean list files
renamed directory /home/armita/pixel/staging --> /home/armita/pixel/current
Found 2 save data paths
Read 49847 clean list file
Dir path is /mnt/adnetik/adnetik-uservervillage/prod/userver_log/pixel/2013-06-13/
Read 1153 paths for daylist [2013-06-13]
Found 91 new paths
.Done with file 0/91
..........Done with file 10/91
.size getting too big, writing to Db
Inserted almost 231922 lines

Wrote 49859 clean list files
renamed directory /home/armita/pixel/staging --> /home/armita/pixel/current
Found 2 save data paths
Read 49859 clean list file
Dir path is /mnt/adnetik/adnetik-uservervillage/prod/userver_log/pixel/2013-06-13/
Read 1153 paths for daylist [2013-06-13]
Found 79 new paths
.Done with file 0/79
..........Done with file 10/79
...size getting too big, writing to Db
Inserted almost 215178 lines

Wrote 49873 clean list files
renamed directory /home/armita/pixel/staging --> /home/armita/pixel/current
Found 2 save data paths
Read 49873 clean list file
Dir path is /mnt/adnetik/adnetik-uservervillage/prod/userver_log/pixel/2013-06-13/
Read 1153 paths for daylist [2013-06-13]
Found 65 new paths
.Done with file 0/65
..........Done with file 10/65
.size getting too big, writing to Db
Inserted almost 202219 lines

Wrote 49885 clean list files
renamed directory /home/armita/pixel/staging --> /home/armita/pixel/current
Found 2 save data paths
Read 49885 clean list file
Dir path is /mnt/adnetik/adnetik-uservervillage/prod/userver_log/pixel/2013-06-13/
Read 1153 paths for daylist [2013-06-13]
Found 53 new paths
.Done with file 0/53
..........Done with file 10/53
...size getting too big, writing to Db
Inserted almost 208828 lines

Wrote 49899 clean list files
renamed directory /home/armita/pixel/staging --> /home/armita/pixel/current
Found 2 save data paths
Read 49899 clean list file
Dir path is /mnt/adnetik/adnetik-uservervillage/prod/userver_log/pixel/2013-06-13/
Read 1153 paths for daylist [2013-06-13]
Found 39 new paths
.Done with file 0/39
..........Done with file 10/39
...size getting too big, writing to Db
Inserted almost 200408 lines

Wrote 49913 clean list files
renamed directory /home/armita/pixel/staging --> /home/armita/pixel/current
Found 2 save data paths
Read 49913 clean list file
Dir path is /mnt/adnetik/adnetik-uservervillage/prod/userver_log/pixel/2013-06-13/
Read 1153 paths for daylist [2013-06-13]
Found 25 new paths
.Done with file 0/25
..........Done with file 10/25
.....size getting too big, writing to Db
Inserted almost 206533 lines

Wrote 49929 clean list files
renamed directory /home/armita/pixel/staging --> /home/armita/pixel/current
Found 2 save data paths
Read 49929 clean list file
Dir path is /mnt/adnetik/adnetik-uservervillage/prod/userver_log/pixel/2013-06-13/
Read 1153 paths for daylist [2013-06-13]
Found 9 new paths
.Done with file 0/9
........number of broken lines:+0 

writing to Db

Inserted almost 151619 lines

done writing to Db

Wrote 49938 clean list files
renamed directory /home/armita/pixel/staging --> /home/armita/pixel/current
