nohup: ignoring input
processing date : 2013-01-20
Found 3 save data paths
Read 46993 clean list file
Dir path is /mnt/adnetik/adnetik-uservervillage/prod/userver_log/pixel/2013-01-20/
Read 962 paths for daylist [2013-01-20]
Found 962 new paths
.Done with file 0/962
..........Done with file 10/962
.......size getting too big, writing to Db
Inserted almost 212026 lines

Wrote 47011 clean list files
renamed directory /home/akshay/pixel_backfill/staging --> /home/akshay/pixel_backfill/current
Found 2 save data paths
Read 47011 clean list file
Dir path is /mnt/adnetik/adnetik-uservervillage/prod/userver_log/pixel/2013-01-20/
Read 962 paths for daylist [2013-01-20]
Found 944 new paths
.Done with file 0/944
..........Done with file 10/944
..........Done with file 20/944
..size getting too big, writing to Db
Inserted almost 209457 lines

Wrote 47034 clean list files
renamed directory /home/akshay/pixel_backfill/staging --> /home/akshay/pixel_backfill/current
Found 2 save data paths
Read 47034 clean list file
Dir path is /mnt/adnetik/adnetik-uservervillage/prod/userver_log/pixel/2013-01-20/
Read 962 paths for daylist [2013-01-20]
Found 921 new paths
.Done with file 0/921
..........Done with file 10/921
..........Done with file 20/921
.....size getting too big, writing to Db
Inserted almost 208381 lines

Wrote 47060 clean list files
renamed directory /home/akshay/pixel_backfill/staging --> /home/akshay/pixel_backfill/current
Found 2 save data paths
Read 47060 clean list file
Dir path is /mnt/adnetik/adnetik-uservervillage/prod/userver_log/pixel/2013-01-20/
Read 962 paths for daylist [2013-01-20]
Found 895 new paths
.Done with file 0/895
..........Done with file 10/895
..........Done with file 20/895
......size getting too big, writing to Db
Inserted almost 203243 lines

Wrote 47087 clean list files
renamed directory /home/akshay/pixel_backfill/staging --> /home/akshay/pixel_backfill/current
Found 2 save data paths
Read 47087 clean list file
Dir path is /mnt/adnetik/adnetik-uservervillage/prod/userver_log/pixel/2013-01-20/
Read 962 paths for daylist [2013-01-20]
Found 868 new paths
.Done with file 0/868
..........Done with file 10/868
..........Done with file 20/868
.......size getting too big, writing to Db
Inserted almost 225198 lines

Wrote 47115 clean list files
renamed directory /home/akshay/pixel_backfill/staging --> /home/akshay/pixel_backfill/current
Found 2 save data paths
Read 47115 clean list file
Dir path is /mnt/adnetik/adnetik-uservervillage/prod/userver_log/pixel/2013-01-20/
Read 962 paths for daylist [2013-01-20]
Found 840 new paths
.Done with file 0/840
..........Done with file 10/840
..........Done with file 20/840
size getting too big, writing to Db
Inserted almost 220370 lines

Wrote 47136 clean list files
renamed directory /home/akshay/pixel_backfill/staging --> /home/akshay/pixel_backfill/current
Found 2 save data paths
Read 47136 clean list file
Dir path is /mnt/adnetik/adnetik-uservervillage/prod/userver_log/pixel/2013-01-20/
Read 962 paths for daylist [2013-01-20]
Found 819 new paths
.Done with file 0/819
..........Done with file 10/819
.......size getting too big, writing to Db
Inserted almost 201484 lines

Wrote 47154 clean list files
renamed directory /home/akshay/pixel_backfill/staging --> /home/akshay/pixel_backfill/current
Found 2 save data paths
Read 47154 clean list file
Dir path is /mnt/adnetik/adnetik-uservervillage/prod/userver_log/pixel/2013-01-20/
Read 962 paths for daylist [2013-01-20]
Found 801 new paths
.Done with file 0/801
..........Done with file 10/801
.......size getting too big, writing to Db
Inserted almost 202949 lines

Wrote 47172 clean list files
renamed directory /home/akshay/pixel_backfill/staging --> /home/akshay/pixel_backfill/current
Found 2 save data paths
Read 47172 clean list file
Dir path is /mnt/adnetik/adnetik-uservervillage/prod/userver_log/pixel/2013-01-20/
Read 962 paths for daylist [2013-01-20]
Found 783 new paths
.Done with file 0/783
..........Done with file 10/783
.....size getting too big, writing to Db
Inserted almost 235459 lines

Wrote 47188 clean list files
renamed directory /home/akshay/pixel_backfill/staging --> /home/akshay/pixel_backfill/current
Found 2 save data paths
Read 47188 clean list file
Dir path is /mnt/adnetik/adnetik-uservervillage/prod/userver_log/pixel/2013-01-20/
Read 962 paths for daylist [2013-01-20]
Found 767 new paths
.Done with file 0/767
..........Done with file 10/767
.size getting too big, writing to Db
Inserted almost 243665 lines

Wrote 47200 clean list files
renamed directory /home/akshay/pixel_backfill/staging --> /home/akshay/pixel_backfill/current
Found 2 save data paths
Read 47200 clean list file
Dir path is /mnt/adnetik/adnetik-uservervillage/prod/userver_log/pixel/2013-01-20/
Read 962 paths for daylist [2013-01-20]
Found 755 new paths
.Done with file 0/755
..........Done with file 10/755
..size getting too big, writing to Db
Inserted almost 213043 lines

Wrote 47213 clean list files
renamed directory /home/akshay/pixel_backfill/staging --> /home/akshay/pixel_backfill/current
Found 2 save data paths
Read 47213 clean list file
Dir path is /mnt/adnetik/adnetik-uservervillage/prod/userver_log/pixel/2013-01-20/
Read 962 paths for daylist [2013-01-20]
Found 742 new paths
.Done with file 0/742
........size getting too big, writing to Db
Inserted almost 256435 lines

Wrote 47222 clean list files
renamed directory /home/akshay/pixel_backfill/staging --> /home/akshay/pixel_backfill/current
Found 2 save data paths
Read 47222 clean list file
Dir path is /mnt/adnetik/adnetik-uservervillage/prod/userver_log/pixel/2013-01-20/
Read 962 paths for daylist [2013-01-20]
Found 733 new paths
.Done with file 0/733
..........Done with file 10/733
.size getting too big, writing to Db
Inserted almost 245178 lines

Wrote 47234 clean list files
renamed directory /home/akshay/pixel_backfill/staging --> /home/akshay/pixel_backfill/current
Found 2 save data paths
Read 47234 clean list file
Dir path is /mnt/adnetik/adnetik-uservervillage/prod/userver_log/pixel/2013-01-20/
Read 962 paths for daylist [2013-01-20]
Found 721 new paths
.Done with file 0/721
..........Done with file 10/721
.size getting too big, writing to Db
Inserted almost 201465 lines

Wrote 47246 clean list files
renamed directory /home/akshay/pixel_backfill/staging --> /home/akshay/pixel_backfill/current
Found 2 save data paths
Read 47246 clean list file
Dir path is /mnt/adnetik/adnetik-uservervillage/prod/userver_log/pixel/2013-01-20/
Read 962 paths for daylist [2013-01-20]
Found 709 new paths
.Done with file 0/709
......size getting too big, writing to Db
Inserted almost 224545 lines

Wrote 47253 clean list files
renamed directory /home/akshay/pixel_backfill/staging --> /home/akshay/pixel_backfill/current
Found 2 save data paths
Read 47253 clean list file
Dir path is /mnt/adnetik/adnetik-uservervillage/prod/userver_log/pixel/2013-01-20/
Read 962 paths for daylist [2013-01-20]
Found 702 new paths
.Done with file 0/702
........size getting too big, writing to Db
Inserted almost 242975 lines

Wrote 47262 clean list files
renamed directory /home/akshay/pixel_backfill/staging --> /home/akshay/pixel_backfill/current
Found 2 save data paths
Read 47262 clean list file
Dir path is /mnt/adnetik/adnetik-uservervillage/prod/userver_log/pixel/2013-01-20/
Read 962 paths for daylist [2013-01-20]
Found 693 new paths
.Done with file 0/693
........size getting too big, writing to Db
Inserted almost 252182 lines

Wrote 47271 clean list files
renamed directory /home/akshay/pixel_backfill/staging --> /home/akshay/pixel_backfill/current
Found 2 save data paths
Read 47271 clean list file
Dir path is /mnt/adnetik/adnetik-uservervillage/prod/userver_log/pixel/2013-01-20/
Read 962 paths for daylist [2013-01-20]
Found 684 new paths
.Done with file 0/684
..size getting too big, writing to Db
Inserted almost 201301 lines

Wrote 47274 clean list files
renamed directory /home/akshay/pixel_backfill/staging --> /home/akshay/pixel_backfill/current
Found 2 save data paths
Read 47274 clean list file
Dir path is /mnt/adnetik/adnetik-uservervillage/prod/userver_log/pixel/2013-01-20/
Read 962 paths for daylist [2013-01-20]
Found 681 new paths
.Done with file 0/681
..........Done with file 10/681
..size getting too big, writing to Db
Inserted almost 241871 lines

Wrote 47287 clean list files
renamed directory /home/akshay/pixel_backfill/staging --> /home/akshay/pixel_backfill/current
Found 2 save data paths
Read 47287 clean list file
Dir path is /mnt/adnetik/adnetik-uservervillage/prod/userver_log/pixel/2013-01-20/
Read 962 paths for daylist [2013-01-20]
Found 668 new paths
.Done with file 0/668
......size getting too big, writing to Db
Inserted almost 237188 lines

Wrote 47294 clean list files
renamed directory /home/akshay/pixel_backfill/staging --> /home/akshay/pixel_backfill/current
Found 2 save data paths
Read 47294 clean list file
Dir path is /mnt/adnetik/adnetik-uservervillage/prod/userver_log/pixel/2013-01-20/
Read 962 paths for daylist [2013-01-20]
Found 661 new paths
.Done with file 0/661
.........size getting too big, writing to Db
Inserted almost 244725 lines

Wrote 47304 clean list files
renamed directory /home/akshay/pixel_backfill/staging --> /home/akshay/pixel_backfill/current
Found 2 save data paths
Read 47304 clean list file
Dir path is /mnt/adnetik/adnetik-uservervillage/prod/userver_log/pixel/2013-01-20/
Read 962 paths for daylist [2013-01-20]
Found 651 new paths
.Done with file 0/651
.....size getting too big, writing to Db
Inserted almost 238945 lines

Wrote 47310 clean list files
renamed directory /home/akshay/pixel_backfill/staging --> /home/akshay/pixel_backfill/current
Found 2 save data paths
Read 47310 clean list file
Dir path is /mnt/adnetik/adnetik-uservervillage/prod/userver_log/pixel/2013-01-20/
Read 962 paths for daylist [2013-01-20]
Found 645 new paths
.Done with file 0/645
.....size getting too big, writing to Db
Inserted almost 248570 lines

Wrote 47316 clean list files
renamed directory /home/akshay/pixel_backfill/staging --> /home/akshay/pixel_backfill/current
Found 2 save data paths
Read 47316 clean list file
Dir path is /mnt/adnetik/adnetik-uservervillage/prod/userver_log/pixel/2013-01-20/
Read 962 paths for daylist [2013-01-20]
Found 639 new paths
.Done with file 0/639
......size getting too big, writing to Db
Inserted almost 206977 lines

Wrote 47323 clean list files
renamed directory /home/akshay/pixel_backfill/staging --> /home/akshay/pixel_backfill/current
Found 2 save data paths
Read 47323 clean list file
Dir path is /mnt/adnetik/adnetik-uservervillage/prod/userver_log/pixel/2013-01-20/
Read 962 paths for daylist [2013-01-20]
Found 632 new paths
.Done with file 0/632
......size getting too big, writing to Db
Inserted almost 237748 lines

Wrote 47330 clean list files
renamed directory /home/akshay/pixel_backfill/staging --> /home/akshay/pixel_backfill/current
Found 2 save data paths
Read 47330 clean list file
Dir path is /mnt/adnetik/adnetik-uservervillage/prod/userver_log/pixel/2013-01-20/
Read 962 paths for daylist [2013-01-20]
Found 625 new paths
.Done with file 0/625
.....size getting too big, writing to Db
Inserted almost 263032 lines

Wrote 47336 clean list files
renamed directory /home/akshay/pixel_backfill/staging --> /home/akshay/pixel_backfill/current
Found 2 save data paths
Read 47336 clean list file
Dir path is /mnt/adnetik/adnetik-uservervillage/prod/userver_log/pixel/2013-01-20/
Read 962 paths for daylist [2013-01-20]
Found 619 new paths
.Done with file 0/619
.....size getting too big, writing to Db
Inserted almost 213258 lines

Wrote 47342 clean list files
renamed directory /home/akshay/pixel_backfill/staging --> /home/akshay/pixel_backfill/current
Found 2 save data paths
Read 47342 clean list file
Dir path is /mnt/adnetik/adnetik-uservervillage/prod/userver_log/pixel/2013-01-20/
Read 962 paths for daylist [2013-01-20]
Found 613 new paths
.Done with file 0/613
.......size getting too big, writing to Db
Inserted almost 231926 lines

Wrote 47350 clean list files
renamed directory /home/akshay/pixel_backfill/staging --> /home/akshay/pixel_backfill/current
Found 2 save data paths
Read 47350 clean list file
Dir path is /mnt/adnetik/adnetik-uservervillage/prod/userver_log/pixel/2013-01-20/
Read 962 paths for daylist [2013-01-20]
Found 605 new paths
.Done with file 0/605
...size getting too big, writing to Db
Inserted almost 244586 lines

Wrote 47354 clean list files
renamed directory /home/akshay/pixel_backfill/staging --> /home/akshay/pixel_backfill/current
Found 2 save data paths
Read 47354 clean list file
Dir path is /mnt/adnetik/adnetik-uservervillage/prod/userver_log/pixel/2013-01-20/
Read 962 paths for daylist [2013-01-20]
Found 601 new paths
.Done with file 0/601
........size getting too big, writing to Db
Inserted almost 237296 lines

Wrote 47363 clean list files
renamed directory /home/akshay/pixel_backfill/staging --> /home/akshay/pixel_backfill/current
Found 2 save data paths
Read 47363 clean list file
Dir path is /mnt/adnetik/adnetik-uservervillage/prod/userver_log/pixel/2013-01-20/
Read 962 paths for daylist [2013-01-20]
Found 592 new paths
.Done with file 0/592
.....size getting too big, writing to Db
Inserted almost 266088 lines

Wrote 47369 clean list files
renamed directory /home/akshay/pixel_backfill/staging --> /home/akshay/pixel_backfill/current
Found 2 save data paths
Read 47369 clean list file
Dir path is /mnt/adnetik/adnetik-uservervillage/prod/userver_log/pixel/2013-01-20/
Read 962 paths for daylist [2013-01-20]
Found 586 new paths
.Done with file 0/586
...size getting too big, writing to Db
Inserted almost 200091 lines

Wrote 47373 clean list files
renamed directory /home/akshay/pixel_backfill/staging --> /home/akshay/pixel_backfill/current
Found 2 save data paths
Read 47373 clean list file
Dir path is /mnt/adnetik/adnetik-uservervillage/prod/userver_log/pixel/2013-01-20/
Read 962 paths for daylist [2013-01-20]
Found 582 new paths
.Done with file 0/582
......size getting too big, writing to Db
Inserted almost 233315 lines

Wrote 47380 clean list files
renamed directory /home/akshay/pixel_backfill/staging --> /home/akshay/pixel_backfill/current
Found 2 save data paths
Read 47380 clean list file
Dir path is /mnt/adnetik/adnetik-uservervillage/prod/userver_log/pixel/2013-01-20/
Read 962 paths for daylist [2013-01-20]
Found 575 new paths
.Done with file 0/575
...size getting too big, writing to Db
Inserted almost 271504 lines

Wrote 47384 clean list files
renamed directory /home/akshay/pixel_backfill/staging --> /home/akshay/pixel_backfill/current
Found 2 save data paths
Read 47384 clean list file
Dir path is /mnt/adnetik/adnetik-uservervillage/prod/userver_log/pixel/2013-01-20/
Read 962 paths for daylist [2013-01-20]
Found 571 new paths
.Done with file 0/571
........size getting too big, writing to Db
Inserted almost 267772 lines

Wrote 47393 clean list files
renamed directory /home/akshay/pixel_backfill/staging --> /home/akshay/pixel_backfill/current
Found 2 save data paths
Read 47393 clean list file
Dir path is /mnt/adnetik/adnetik-uservervillage/prod/userver_log/pixel/2013-01-20/
Read 962 paths for daylist [2013-01-20]
Found 562 new paths
.Done with file 0/562
....size getting too big, writing to Db
Inserted almost 209264 lines

Wrote 47398 clean list files
renamed directory /home/akshay/pixel_backfill/staging --> /home/akshay/pixel_backfill/current
Found 2 save data paths
Read 47398 clean list file
Dir path is /mnt/adnetik/adnetik-uservervillage/prod/userver_log/pixel/2013-01-20/
Read 962 paths for daylist [2013-01-20]
Found 557 new paths
.Done with file 0/557
....size getting too big, writing to Db
Inserted almost 215277 lines

Wrote 47403 clean list files
renamed directory /home/akshay/pixel_backfill/staging --> /home/akshay/pixel_backfill/current
Found 2 save data paths
Read 47403 clean list file
Dir path is /mnt/adnetik/adnetik-uservervillage/prod/userver_log/pixel/2013-01-20/
Read 962 paths for daylist [2013-01-20]
Found 552 new paths
.Done with file 0/552
....size getting too big, writing to Db
Inserted almost 219141 lines

Wrote 47408 clean list files
renamed directory /home/akshay/pixel_backfill/staging --> /home/akshay/pixel_backfill/current
Found 2 save data paths
Read 47408 clean list file
Dir path is /mnt/adnetik/adnetik-uservervillage/prod/userver_log/pixel/2013-01-20/
Read 962 paths for daylist [2013-01-20]
Found 547 new paths
.Done with file 0/547
...size getting too big, writing to Db
Inserted almost 207261 lines

Wrote 47412 clean list files
renamed directory /home/akshay/pixel_backfill/staging --> /home/akshay/pixel_backfill/current
Found 2 save data paths
Read 47412 clean list file
Dir path is /mnt/adnetik/adnetik-uservervillage/prod/userver_log/pixel/2013-01-20/
Read 962 paths for daylist [2013-01-20]
Found 543 new paths
.Done with file 0/543
....size getting too big, writing to Db
Inserted almost 214111 lines

Wrote 47417 clean list files
renamed directory /home/akshay/pixel_backfill/staging --> /home/akshay/pixel_backfill/current
Found 2 save data paths
Read 47417 clean list file
Dir path is /mnt/adnetik/adnetik-uservervillage/prod/userver_log/pixel/2013-01-20/
Read 962 paths for daylist [2013-01-20]
Found 538 new paths
.Done with file 0/538
...size getting too big, writing to Db
Inserted almost 202600 lines

Wrote 47421 clean list files
renamed directory /home/akshay/pixel_backfill/staging --> /home/akshay/pixel_backfill/current
Found 2 save data paths
Read 47421 clean list file
Dir path is /mnt/adnetik/adnetik-uservervillage/prod/userver_log/pixel/2013-01-20/
Read 962 paths for daylist [2013-01-20]
Found 534 new paths
.Done with file 0/534
....size getting too big, writing to Db
Inserted almost 217080 lines

Wrote 47426 clean list files
renamed directory /home/akshay/pixel_backfill/staging --> /home/akshay/pixel_backfill/current
Found 2 save data paths
Read 47426 clean list file
Dir path is /mnt/adnetik/adnetik-uservervillage/prod/userver_log/pixel/2013-01-20/
Read 962 paths for daylist [2013-01-20]
Found 529 new paths
.Done with file 0/529
....size getting too big, writing to Db
Inserted almost 232064 lines

Wrote 47431 clean list files
renamed directory /home/akshay/pixel_backfill/staging --> /home/akshay/pixel_backfill/current
Found 2 save data paths
Read 47431 clean list file
Dir path is /mnt/adnetik/adnetik-uservervillage/prod/userver_log/pixel/2013-01-20/
Read 962 paths for daylist [2013-01-20]
Found 524 new paths
.Done with file 0/524
.....size getting too big, writing to Db
Inserted almost 251343 lines

Wrote 47437 clean list files
renamed directory /home/akshay/pixel_backfill/staging --> /home/akshay/pixel_backfill/current
Found 2 save data paths
Read 47437 clean list file
Dir path is /mnt/adnetik/adnetik-uservervillage/prod/userver_log/pixel/2013-01-20/
Read 962 paths for daylist [2013-01-20]
Found 518 new paths
.Done with file 0/518
......size getting too big, writing to Db
Inserted almost 262561 lines

Wrote 47444 clean list files
renamed directory /home/akshay/pixel_backfill/staging --> /home/akshay/pixel_backfill/current
Found 2 save data paths
Read 47444 clean list file
Dir path is /mnt/adnetik/adnetik-uservervillage/prod/userver_log/pixel/2013-01-20/
Read 962 paths for daylist [2013-01-20]
Found 511 new paths
.Done with file 0/511
....size getting too big, writing to Db
Inserted almost 228294 lines

Wrote 47449 clean list files
renamed directory /home/akshay/pixel_backfill/staging --> /home/akshay/pixel_backfill/current
Found 2 save data paths
Read 47449 clean list file
Dir path is /mnt/adnetik/adnetik-uservervillage/prod/userver_log/pixel/2013-01-20/
Read 962 paths for daylist [2013-01-20]
Found 506 new paths
.Done with file 0/506
....size getting too big, writing to Db
Inserted almost 209008 lines

Wrote 47454 clean list files
renamed directory /home/akshay/pixel_backfill/staging --> /home/akshay/pixel_backfill/current
Found 2 save data paths
Read 47454 clean list file
Dir path is /mnt/adnetik/adnetik-uservervillage/prod/userver_log/pixel/2013-01-20/
Read 962 paths for daylist [2013-01-20]
Found 501 new paths
.Done with file 0/501
...size getting too big, writing to Db
Inserted almost 216153 lines

Wrote 47458 clean list files
renamed directory /home/akshay/pixel_backfill/staging --> /home/akshay/pixel_backfill/current
Found 2 save data paths
Read 47458 clean list file
Dir path is /mnt/adnetik/adnetik-uservervillage/prod/userver_log/pixel/2013-01-20/
Read 962 paths for daylist [2013-01-20]
Found 497 new paths
.Done with file 0/497
..size getting too big, writing to Db
Inserted almost 206867 lines

Wrote 47461 clean list files
renamed directory /home/akshay/pixel_backfill/staging --> /home/akshay/pixel_backfill/current
Found 2 save data paths
Read 47461 clean list file
Dir path is /mnt/adnetik/adnetik-uservervillage/prod/userver_log/pixel/2013-01-20/
Read 962 paths for daylist [2013-01-20]
Found 494 new paths
.Done with file 0/494
.....size getting too big, writing to Db
Inserted almost 266051 lines

Wrote 47467 clean list files
renamed directory /home/akshay/pixel_backfill/staging --> /home/akshay/pixel_backfill/current
Found 2 save data paths
Read 47467 clean list file
Dir path is /mnt/adnetik/adnetik-uservervillage/prod/userver_log/pixel/2013-01-20/
Read 962 paths for daylist [2013-01-20]
Found 488 new paths
.Done with file 0/488
.....size getting too big, writing to Db
Inserted almost 257308 lines

Wrote 47473 clean list files
renamed directory /home/akshay/pixel_backfill/staging --> /home/akshay/pixel_backfill/current
Found 2 save data paths
Read 47473 clean list file
Dir path is /mnt/adnetik/adnetik-uservervillage/prod/userver_log/pixel/2013-01-20/
Read 962 paths for daylist [2013-01-20]
Found 482 new paths
.Done with file 0/482
.....size getting too big, writing to Db
Inserted almost 276218 lines

Wrote 47479 clean list files
renamed directory /home/akshay/pixel_backfill/staging --> /home/akshay/pixel_backfill/current
Found 2 save data paths
Read 47479 clean list file
Dir path is /mnt/adnetik/adnetik-uservervillage/prod/userver_log/pixel/2013-01-20/
Read 962 paths for daylist [2013-01-20]
Found 476 new paths
.Done with file 0/476
....size getting too big, writing to Db
Inserted almost 229415 lines

Wrote 47484 clean list files
renamed directory /home/akshay/pixel_backfill/staging --> /home/akshay/pixel_backfill/current
Found 2 save data paths
Read 47484 clean list file
Dir path is /mnt/adnetik/adnetik-uservervillage/prod/userver_log/pixel/2013-01-20/
Read 962 paths for daylist [2013-01-20]
Found 471 new paths
.Done with file 0/471
...size getting too big, writing to Db
Inserted almost 257949 lines

Wrote 47488 clean list files
renamed directory /home/akshay/pixel_backfill/staging --> /home/akshay/pixel_backfill/current
Found 2 save data paths
Read 47488 clean list file
Dir path is /mnt/adnetik/adnetik-uservervillage/prod/userver_log/pixel/2013-01-20/
Read 962 paths for daylist [2013-01-20]
Found 467 new paths
.Done with file 0/467
....size getting too big, writing to Db
Inserted almost 212695 lines

Wrote 47493 clean list files
renamed directory /home/akshay/pixel_backfill/staging --> /home/akshay/pixel_backfill/current
Found 2 save data paths
Read 47493 clean list file
Dir path is /mnt/adnetik/adnetik-uservervillage/prod/userver_log/pixel/2013-01-20/
Read 962 paths for daylist [2013-01-20]
Found 462 new paths
.Done with file 0/462
...size getting too big, writing to Db
Inserted almost 240633 lines

Wrote 47497 clean list files
renamed directory /home/akshay/pixel_backfill/staging --> /home/akshay/pixel_backfill/current
Found 2 save data paths
Read 47497 clean list file
Dir path is /mnt/adnetik/adnetik-uservervillage/prod/userver_log/pixel/2013-01-20/
Read 962 paths for daylist [2013-01-20]
Found 458 new paths
.Done with file 0/458
...size getting too big, writing to Db
Inserted almost 206596 lines

Wrote 47501 clean list files
renamed directory /home/akshay/pixel_backfill/staging --> /home/akshay/pixel_backfill/current
Found 2 save data paths
Read 47501 clean list file
Dir path is /mnt/adnetik/adnetik-uservervillage/prod/userver_log/pixel/2013-01-20/
Read 962 paths for daylist [2013-01-20]
Found 454 new paths
.Done with file 0/454
....size getting too big, writing to Db
Inserted almost 210384 lines

Wrote 47506 clean list files
renamed directory /home/akshay/pixel_backfill/staging --> /home/akshay/pixel_backfill/current
Found 2 save data paths
Read 47506 clean list file
Dir path is /mnt/adnetik/adnetik-uservervillage/prod/userver_log/pixel/2013-01-20/
Read 962 paths for daylist [2013-01-20]
Found 449 new paths
.Done with file 0/449
...size getting too big, writing to Db
Inserted almost 200198 lines

Wrote 47510 clean list files
renamed directory /home/akshay/pixel_backfill/staging --> /home/akshay/pixel_backfill/current
Found 2 save data paths
Read 47510 clean list file
Dir path is /mnt/adnetik/adnetik-uservervillage/prod/userver_log/pixel/2013-01-20/
Read 962 paths for daylist [2013-01-20]
Found 445 new paths
.Done with file 0/445
....size getting too big, writing to Db
Inserted almost 272527 lines

Wrote 47515 clean list files
renamed directory /home/akshay/pixel_backfill/staging --> /home/akshay/pixel_backfill/current
Found 2 save data paths
Read 47515 clean list file
Dir path is /mnt/adnetik/adnetik-uservervillage/prod/userver_log/pixel/2013-01-20/
Read 962 paths for daylist [2013-01-20]
Found 440 new paths
.Done with file 0/440
....size getting too big, writing to Db
Inserted almost 223066 lines

Wrote 47520 clean list files
renamed directory /home/akshay/pixel_backfill/staging --> /home/akshay/pixel_backfill/current
Found 2 save data paths
Read 47520 clean list file
Dir path is /mnt/adnetik/adnetik-uservervillage/prod/userver_log/pixel/2013-01-20/
Read 962 paths for daylist [2013-01-20]
Found 435 new paths
.Done with file 0/435
..size getting too big, writing to Db
Inserted almost 230577 lines

Wrote 47523 clean list files
renamed directory /home/akshay/pixel_backfill/staging --> /home/akshay/pixel_backfill/current
Found 2 save data paths
Read 47523 clean list file
Dir path is /mnt/adnetik/adnetik-uservervillage/prod/userver_log/pixel/2013-01-20/
Read 962 paths for daylist [2013-01-20]
Found 432 new paths
.Done with file 0/432
....size getting too big, writing to Db
Inserted almost 203573 lines

Wrote 47528 clean list files
renamed directory /home/akshay/pixel_backfill/staging --> /home/akshay/pixel_backfill/current
Found 2 save data paths
Read 47528 clean list file
Dir path is /mnt/adnetik/adnetik-uservervillage/prod/userver_log/pixel/2013-01-20/
Read 962 paths for daylist [2013-01-20]
Found 427 new paths
.Done with file 0/427
...size getting too big, writing to Db
Inserted almost 225404 lines

Wrote 47532 clean list files
renamed directory /home/akshay/pixel_backfill/staging --> /home/akshay/pixel_backfill/current
Found 2 save data paths
Read 47532 clean list file
Dir path is /mnt/adnetik/adnetik-uservervillage/prod/userver_log/pixel/2013-01-20/
Read 962 paths for daylist [2013-01-20]
Found 423 new paths
.Done with file 0/423
....size getting too big, writing to Db
Inserted almost 259033 lines

Wrote 47537 clean list files
renamed directory /home/akshay/pixel_backfill/staging --> /home/akshay/pixel_backfill/current
Found 2 save data paths
Read 47537 clean list file
Dir path is /mnt/adnetik/adnetik-uservervillage/prod/userver_log/pixel/2013-01-20/
Read 962 paths for daylist [2013-01-20]
Found 418 new paths
.Done with file 0/418
....size getting too big, writing to Db
Inserted almost 212284 lines

Wrote 47542 clean list files
renamed directory /home/akshay/pixel_backfill/staging --> /home/akshay/pixel_backfill/current
Found 2 save data paths
Read 47542 clean list file
Dir path is /mnt/adnetik/adnetik-uservervillage/prod/userver_log/pixel/2013-01-20/
Read 962 paths for daylist [2013-01-20]
Found 413 new paths
.Done with file 0/413
....size getting too big, writing to Db
Inserted almost 223954 lines

Wrote 47547 clean list files
renamed directory /home/akshay/pixel_backfill/staging --> /home/akshay/pixel_backfill/current
Found 2 save data paths
Read 47547 clean list file
Dir path is /mnt/adnetik/adnetik-uservervillage/prod/userver_log/pixel/2013-01-20/
Read 962 paths for daylist [2013-01-20]
Found 408 new paths
.Done with file 0/408
..size getting too big, writing to Db
Inserted almost 242210 lines

Wrote 47550 clean list files
renamed directory /home/akshay/pixel_backfill/staging --> /home/akshay/pixel_backfill/current
Found 2 save data paths
Read 47550 clean list file
Dir path is /mnt/adnetik/adnetik-uservervillage/prod/userver_log/pixel/2013-01-20/
Read 962 paths for daylist [2013-01-20]
Found 405 new paths
.Done with file 0/405
...size getting too big, writing to Db
Inserted almost 233903 lines

Wrote 47554 clean list files
renamed directory /home/akshay/pixel_backfill/staging --> /home/akshay/pixel_backfill/current
Found 2 save data paths
Read 47554 clean list file
Dir path is /mnt/adnetik/adnetik-uservervillage/prod/userver_log/pixel/2013-01-20/
Read 962 paths for daylist [2013-01-20]
Found 401 new paths
.Done with file 0/401
....size getting too big, writing to Db
Inserted almost 220272 lines

Wrote 47559 clean list files
renamed directory /home/akshay/pixel_backfill/staging --> /home/akshay/pixel_backfill/current
Found 2 save data paths
Read 47559 clean list file
Dir path is /mnt/adnetik/adnetik-uservervillage/prod/userver_log/pixel/2013-01-20/
Read 962 paths for daylist [2013-01-20]
Found 396 new paths
.Done with file 0/396
..size getting too big, writing to Db
Inserted almost 257588 lines

Wrote 47562 clean list files
renamed directory /home/akshay/pixel_backfill/staging --> /home/akshay/pixel_backfill/current
Found 2 save data paths
Read 47562 clean list file
Dir path is /mnt/adnetik/adnetik-uservervillage/prod/userver_log/pixel/2013-01-20/
Read 962 paths for daylist [2013-01-20]
Found 393 new paths
.Done with file 0/393
.....size getting too big, writing to Db
Inserted almost 280716 lines

Wrote 47568 clean list files
renamed directory /home/akshay/pixel_backfill/staging --> /home/akshay/pixel_backfill/current
Found 2 save data paths
Read 47568 clean list file
Dir path is /mnt/adnetik/adnetik-uservervillage/prod/userver_log/pixel/2013-01-20/
Read 962 paths for daylist [2013-01-20]
Found 387 new paths
.Done with file 0/387
.....size getting too big, writing to Db
Inserted almost 261318 lines

Wrote 47574 clean list files
renamed directory /home/akshay/pixel_backfill/staging --> /home/akshay/pixel_backfill/current
Found 2 save data paths
Read 47574 clean list file
Dir path is /mnt/adnetik/adnetik-uservervillage/prod/userver_log/pixel/2013-01-20/
Read 962 paths for daylist [2013-01-20]
Found 381 new paths
.Done with file 0/381
...size getting too big, writing to Db
Inserted almost 236008 lines

Wrote 47578 clean list files
renamed directory /home/akshay/pixel_backfill/staging --> /home/akshay/pixel_backfill/current
Found 2 save data paths
Read 47578 clean list file
Dir path is /mnt/adnetik/adnetik-uservervillage/prod/userver_log/pixel/2013-01-20/
Read 962 paths for daylist [2013-01-20]
Found 377 new paths
.Done with file 0/377
...size getting too big, writing to Db
Inserted almost 222649 lines

Wrote 47582 clean list files
renamed directory /home/akshay/pixel_backfill/staging --> /home/akshay/pixel_backfill/current
Found 2 save data paths
Read 47582 clean list file
Dir path is /mnt/adnetik/adnetik-uservervillage/prod/userver_log/pixel/2013-01-20/
Read 962 paths for daylist [2013-01-20]
Found 373 new paths
.Done with file 0/373
..size getting too big, writing to Db
Inserted almost 238889 lines

Wrote 47585 clean list files
renamed directory /home/akshay/pixel_backfill/staging --> /home/akshay/pixel_backfill/current
Found 2 save data paths
Read 47585 clean list file
Dir path is /mnt/adnetik/adnetik-uservervillage/prod/userver_log/pixel/2013-01-20/
Read 962 paths for daylist [2013-01-20]
Found 370 new paths
.Done with file 0/370
....size getting too big, writing to Db
Inserted almost 229823 lines

Wrote 47590 clean list files
renamed directory /home/akshay/pixel_backfill/staging --> /home/akshay/pixel_backfill/current
Found 2 save data paths
Read 47590 clean list file
Dir path is /mnt/adnetik/adnetik-uservervillage/prod/userver_log/pixel/2013-01-20/
Read 962 paths for daylist [2013-01-20]
Found 365 new paths
.Done with file 0/365
...size getting too big, writing to Db
Inserted almost 200749 lines

Wrote 47594 clean list files
renamed directory /home/akshay/pixel_backfill/staging --> /home/akshay/pixel_backfill/current
Found 2 save data paths
Read 47594 clean list file
Dir path is /mnt/adnetik/adnetik-uservervillage/prod/userver_log/pixel/2013-01-20/
Read 962 paths for daylist [2013-01-20]
Found 361 new paths
.Done with file 0/361
...size getting too big, writing to Db
Inserted almost 222581 lines

Wrote 47598 clean list files
renamed directory /home/akshay/pixel_backfill/staging --> /home/akshay/pixel_backfill/current
Found 2 save data paths
Read 47598 clean list file
Dir path is /mnt/adnetik/adnetik-uservervillage/prod/userver_log/pixel/2013-01-20/
Read 962 paths for daylist [2013-01-20]
Found 357 new paths
.Done with file 0/357
...size getting too big, writing to Db
Inserted almost 239594 lines

Wrote 47602 clean list files
renamed directory /home/akshay/pixel_backfill/staging --> /home/akshay/pixel_backfill/current
Found 2 save data paths
Read 47602 clean list file
Dir path is /mnt/adnetik/adnetik-uservervillage/prod/userver_log/pixel/2013-01-20/
Read 962 paths for daylist [2013-01-20]
Found 353 new paths
.Done with file 0/353
...size getting too big, writing to Db
Inserted almost 243509 lines

Wrote 47606 clean list files
renamed directory /home/akshay/pixel_backfill/staging --> /home/akshay/pixel_backfill/current
Found 2 save data paths
Read 47606 clean list file
Dir path is /mnt/adnetik/adnetik-uservervillage/prod/userver_log/pixel/2013-01-20/
Read 962 paths for daylist [2013-01-20]
Found 349 new paths
.Done with file 0/349
...size getting too big, writing to Db
Inserted almost 244547 lines

Wrote 47610 clean list files
renamed directory /home/akshay/pixel_backfill/staging --> /home/akshay/pixel_backfill/current
Found 2 save data paths
Read 47610 clean list file
Dir path is /mnt/adnetik/adnetik-uservervillage/prod/userver_log/pixel/2013-01-20/
Read 962 paths for daylist [2013-01-20]
Found 345 new paths
.Done with file 0/345
...size getting too big, writing to Db
Inserted almost 244217 lines

Wrote 47614 clean list files
renamed directory /home/akshay/pixel_backfill/staging --> /home/akshay/pixel_backfill/current
Found 2 save data paths
Read 47614 clean list file
Dir path is /mnt/adnetik/adnetik-uservervillage/prod/userver_log/pixel/2013-01-20/
Read 962 paths for daylist [2013-01-20]
Found 341 new paths
.Done with file 0/341
....size getting too big, writing to Db
Inserted almost 225253 lines

Wrote 47619 clean list files
renamed directory /home/akshay/pixel_backfill/staging --> /home/akshay/pixel_backfill/current
Found 2 save data paths
Read 47619 clean list file
Dir path is /mnt/adnetik/adnetik-uservervillage/prod/userver_log/pixel/2013-01-20/
Read 962 paths for daylist [2013-01-20]
Found 336 new paths
.Done with file 0/336
...size getting too big, writing to Db
Inserted almost 256822 lines

Wrote 47623 clean list files
renamed directory /home/akshay/pixel_backfill/staging --> /home/akshay/pixel_backfill/current
Found 2 save data paths
Read 47623 clean list file
Dir path is /mnt/adnetik/adnetik-uservervillage/prod/userver_log/pixel/2013-01-20/
Read 962 paths for daylist [2013-01-20]
Found 332 new paths
.Done with file 0/332
..size getting too big, writing to Db
Inserted almost 241106 lines

Wrote 47626 clean list files
renamed directory /home/akshay/pixel_backfill/staging --> /home/akshay/pixel_backfill/current
Found 2 save data paths
Read 47626 clean list file
Dir path is /mnt/adnetik/adnetik-uservervillage/prod/userver_log/pixel/2013-01-20/
Read 962 paths for daylist [2013-01-20]
Found 329 new paths
.Done with file 0/329
....size getting too big, writing to Db
Inserted almost 225011 lines

Wrote 47631 clean list files
renamed directory /home/akshay/pixel_backfill/staging --> /home/akshay/pixel_backfill/current
Found 2 save data paths
Read 47631 clean list file
Dir path is /mnt/adnetik/adnetik-uservervillage/prod/userver_log/pixel/2013-01-20/
Read 962 paths for daylist [2013-01-20]
Found 324 new paths
.Done with file 0/324
....size getting too big, writing to Db
Inserted almost 201289 lines

Wrote 47636 clean list files
renamed directory /home/akshay/pixel_backfill/staging --> /home/akshay/pixel_backfill/current
Found 2 save data paths
Read 47636 clean list file
Dir path is /mnt/adnetik/adnetik-uservervillage/prod/userver_log/pixel/2013-01-20/
Read 962 paths for daylist [2013-01-20]
Found 319 new paths
.Done with file 0/319
..size getting too big, writing to Db
Inserted almost 246163 lines

Wrote 47639 clean list files
renamed directory /home/akshay/pixel_backfill/staging --> /home/akshay/pixel_backfill/current
Found 2 save data paths
Read 47639 clean list file
Dir path is /mnt/adnetik/adnetik-uservervillage/prod/userver_log/pixel/2013-01-20/
Read 962 paths for daylist [2013-01-20]
Found 316 new paths
.Done with file 0/316
.....size getting too big, writing to Db
Inserted almost 229795 lines

Wrote 47645 clean list files
renamed directory /home/akshay/pixel_backfill/staging --> /home/akshay/pixel_backfill/current
Found 2 save data paths
Read 47645 clean list file
Dir path is /mnt/adnetik/adnetik-uservervillage/prod/userver_log/pixel/2013-01-20/
Read 962 paths for daylist [2013-01-20]
Found 310 new paths
.Done with file 0/310
..size getting too big, writing to Db
Inserted almost 244329 lines

Wrote 47648 clean list files
renamed directory /home/akshay/pixel_backfill/staging --> /home/akshay/pixel_backfill/current
Found 2 save data paths
Read 47648 clean list file
Dir path is /mnt/adnetik/adnetik-uservervillage/prod/userver_log/pixel/2013-01-20/
Read 962 paths for daylist [2013-01-20]
Found 307 new paths
.Done with file 0/307
..size getting too big, writing to Db
Inserted almost 244564 lines

Wrote 47651 clean list files
renamed directory /home/akshay/pixel_backfill/staging --> /home/akshay/pixel_backfill/current
Found 2 save data paths
Read 47651 clean list file
Dir path is /mnt/adnetik/adnetik-uservervillage/prod/userver_log/pixel/2013-01-20/
Read 962 paths for daylist [2013-01-20]
Found 304 new paths
.Done with file 0/304
...size getting too big, writing to Db
Inserted almost 229861 lines

Wrote 47655 clean list files
renamed directory /home/akshay/pixel_backfill/staging --> /home/akshay/pixel_backfill/current
Found 2 save data paths
Read 47655 clean list file
Dir path is /mnt/adnetik/adnetik-uservervillage/prod/userver_log/pixel/2013-01-20/
Read 962 paths for daylist [2013-01-20]
Found 300 new paths
.Done with file 0/300
....size getting too big, writing to Db
Inserted almost 240146 lines

Wrote 47660 clean list files
renamed directory /home/akshay/pixel_backfill/staging --> /home/akshay/pixel_backfill/current
Found 2 save data paths
Read 47660 clean list file
Dir path is /mnt/adnetik/adnetik-uservervillage/prod/userver_log/pixel/2013-01-20/
Read 962 paths for daylist [2013-01-20]
Found 295 new paths
.Done with file 0/295
....size getting too big, writing to Db
Inserted almost 294800 lines

Wrote 47665 clean list files
renamed directory /home/akshay/pixel_backfill/staging --> /home/akshay/pixel_backfill/current
Found 2 save data paths
Read 47665 clean list file
Dir path is /mnt/adnetik/adnetik-uservervillage/prod/userver_log/pixel/2013-01-20/
Read 962 paths for daylist [2013-01-20]
Found 290 new paths
.Done with file 0/290
...size getting too big, writing to Db
Inserted almost 295129 lines

Wrote 47669 clean list files
renamed directory /home/akshay/pixel_backfill/staging --> /home/akshay/pixel_backfill/current
Found 2 save data paths
Read 47669 clean list file
Dir path is /mnt/adnetik/adnetik-uservervillage/prod/userver_log/pixel/2013-01-20/
Read 962 paths for daylist [2013-01-20]
Found 286 new paths
.Done with file 0/286
....size getting too big, writing to Db
Inserted almost 213500 lines

Wrote 47674 clean list files
renamed directory /home/akshay/pixel_backfill/staging --> /home/akshay/pixel_backfill/current
Found 2 save data paths
Read 47674 clean list file
Dir path is /mnt/adnetik/adnetik-uservervillage/prod/userver_log/pixel/2013-01-20/
Read 962 paths for daylist [2013-01-20]
Found 281 new paths
.Done with file 0/281
...size getting too big, writing to Db
Inserted almost 249177 lines

Wrote 47678 clean list files
renamed directory /home/akshay/pixel_backfill/staging --> /home/akshay/pixel_backfill/current
Found 2 save data paths
Read 47678 clean list file
Dir path is /mnt/adnetik/adnetik-uservervillage/prod/userver_log/pixel/2013-01-20/
Read 962 paths for daylist [2013-01-20]
Found 277 new paths
.Done with file 0/277
...size getting too big, writing to Db
Inserted almost 296291 lines

Wrote 47682 clean list files
renamed directory /home/akshay/pixel_backfill/staging --> /home/akshay/pixel_backfill/current
Found 2 save data paths
Read 47682 clean list file
Dir path is /mnt/adnetik/adnetik-uservervillage/prod/userver_log/pixel/2013-01-20/
Read 962 paths for daylist [2013-01-20]
Found 273 new paths
.Done with file 0/273
.....size getting too big, writing to Db
Inserted almost 221667 lines

Wrote 47688 clean list files
renamed directory /home/akshay/pixel_backfill/staging --> /home/akshay/pixel_backfill/current
Found 2 save data paths
Read 47688 clean list file
Dir path is /mnt/adnetik/adnetik-uservervillage/prod/userver_log/pixel/2013-01-20/
Read 962 paths for daylist [2013-01-20]
Found 267 new paths
.Done with file 0/267
....size getting too big, writing to Db
Inserted almost 243774 lines

Wrote 47693 clean list files
renamed directory /home/akshay/pixel_backfill/staging --> /home/akshay/pixel_backfill/current
Found 2 save data paths
Read 47693 clean list file
Dir path is /mnt/adnetik/adnetik-uservervillage/prod/userver_log/pixel/2013-01-20/
Read 962 paths for daylist [2013-01-20]
Found 262 new paths
.Done with file 0/262
...size getting too big, writing to Db
Inserted almost 240720 lines

Wrote 47697 clean list files
renamed directory /home/akshay/pixel_backfill/staging --> /home/akshay/pixel_backfill/current
Found 2 save data paths
Read 47697 clean list file
Dir path is /mnt/adnetik/adnetik-uservervillage/prod/userver_log/pixel/2013-01-20/
Read 962 paths for daylist [2013-01-20]
Found 258 new paths
.Done with file 0/258
.....size getting too big, writing to Db
Inserted almost 245081 lines

Wrote 47703 clean list files
renamed directory /home/akshay/pixel_backfill/staging --> /home/akshay/pixel_backfill/current
Found 2 save data paths
Read 47703 clean list file
Dir path is /mnt/adnetik/adnetik-uservervillage/prod/userver_log/pixel/2013-01-20/
Read 962 paths for daylist [2013-01-20]
Found 252 new paths
.Done with file 0/252
...size getting too big, writing to Db
Inserted almost 272054 lines

Wrote 47707 clean list files
renamed directory /home/akshay/pixel_backfill/staging --> /home/akshay/pixel_backfill/current
Found 2 save data paths
Read 47707 clean list file
Dir path is /mnt/adnetik/adnetik-uservervillage/prod/userver_log/pixel/2013-01-20/
Read 962 paths for daylist [2013-01-20]
Found 248 new paths
.Done with file 0/248
..size getting too big, writing to Db
Inserted almost 229958 lines

Wrote 47710 clean list files
renamed directory /home/akshay/pixel_backfill/staging --> /home/akshay/pixel_backfill/current
Found 2 save data paths
Read 47710 clean list file
Dir path is /mnt/adnetik/adnetik-uservervillage/prod/userver_log/pixel/2013-01-20/
Read 962 paths for daylist [2013-01-20]
Found 245 new paths
.Done with file 0/245
..size getting too big, writing to Db
Inserted almost 201702 lines

Wrote 47713 clean list files
renamed directory /home/akshay/pixel_backfill/staging --> /home/akshay/pixel_backfill/current
Found 2 save data paths
Read 47713 clean list file
Dir path is /mnt/adnetik/adnetik-uservervillage/prod/userver_log/pixel/2013-01-20/
Read 962 paths for daylist [2013-01-20]
Found 242 new paths
.Done with file 0/242
...size getting too big, writing to Db
Inserted almost 211619 lines

Wrote 47717 clean list files
renamed directory /home/akshay/pixel_backfill/staging --> /home/akshay/pixel_backfill/current
Found 2 save data paths
Read 47717 clean list file
Dir path is /mnt/adnetik/adnetik-uservervillage/prod/userver_log/pixel/2013-01-20/
Read 962 paths for daylist [2013-01-20]
Found 238 new paths
.Done with file 0/238
...size getting too big, writing to Db
Inserted almost 305650 lines

Wrote 47721 clean list files
renamed directory /home/akshay/pixel_backfill/staging --> /home/akshay/pixel_backfill/current
Found 2 save data paths
Read 47721 clean list file
Dir path is /mnt/adnetik/adnetik-uservervillage/prod/userver_log/pixel/2013-01-20/
Read 962 paths for daylist [2013-01-20]
Found 234 new paths
.Done with file 0/234
....size getting too big, writing to Db
Inserted almost 226060 lines

Wrote 47726 clean list files
renamed directory /home/akshay/pixel_backfill/staging --> /home/akshay/pixel_backfill/current
Found 2 save data paths
Read 47726 clean list file
Dir path is /mnt/adnetik/adnetik-uservervillage/prod/userver_log/pixel/2013-01-20/
Read 962 paths for daylist [2013-01-20]
Found 229 new paths
.Done with file 0/229
...size getting too big, writing to Db
Inserted almost 237009 lines

Wrote 47730 clean list files
renamed directory /home/akshay/pixel_backfill/staging --> /home/akshay/pixel_backfill/current
Found 2 save data paths
Read 47730 clean list file
Dir path is /mnt/adnetik/adnetik-uservervillage/prod/userver_log/pixel/2013-01-20/
Read 962 paths for daylist [2013-01-20]
Found 225 new paths
.Done with file 0/225
....size getting too big, writing to Db
Inserted almost 276452 lines

Wrote 47735 clean list files
renamed directory /home/akshay/pixel_backfill/staging --> /home/akshay/pixel_backfill/current
Found 2 save data paths
Read 47735 clean list file
Dir path is /mnt/adnetik/adnetik-uservervillage/prod/userver_log/pixel/2013-01-20/
Read 962 paths for daylist [2013-01-20]
Found 220 new paths
.Done with file 0/220
....size getting too big, writing to Db
Inserted almost 287643 lines

Wrote 47740 clean list files
renamed directory /home/akshay/pixel_backfill/staging --> /home/akshay/pixel_backfill/current
Found 2 save data paths
Read 47740 clean list file
Dir path is /mnt/adnetik/adnetik-uservervillage/prod/userver_log/pixel/2013-01-20/
Read 962 paths for daylist [2013-01-20]
Found 215 new paths
.Done with file 0/215
......size getting too big, writing to Db
Inserted almost 305147 lines

Wrote 47747 clean list files
renamed directory /home/akshay/pixel_backfill/staging --> /home/akshay/pixel_backfill/current
Found 2 save data paths
Read 47747 clean list file
Dir path is /mnt/adnetik/adnetik-uservervillage/prod/userver_log/pixel/2013-01-20/
Read 962 paths for daylist [2013-01-20]
Found 208 new paths
.Done with file 0/208
..size getting too big, writing to Db
Inserted almost 218429 lines

Wrote 47750 clean list files
renamed directory /home/akshay/pixel_backfill/staging --> /home/akshay/pixel_backfill/current
Found 2 save data paths
Read 47750 clean list file
Dir path is /mnt/adnetik/adnetik-uservervillage/prod/userver_log/pixel/2013-01-20/
Read 962 paths for daylist [2013-01-20]
Found 205 new paths
.Done with file 0/205
...size getting too big, writing to Db
Inserted almost 222766 lines

Wrote 47754 clean list files
renamed directory /home/akshay/pixel_backfill/staging --> /home/akshay/pixel_backfill/current
Found 2 save data paths
Read 47754 clean list file
Dir path is /mnt/adnetik/adnetik-uservervillage/prod/userver_log/pixel/2013-01-20/
Read 962 paths for daylist [2013-01-20]
Found 201 new paths
.Done with file 0/201
..size getting too big, writing to Db
Inserted almost 212316 lines

Wrote 47757 clean list files
renamed directory /home/akshay/pixel_backfill/staging --> /home/akshay/pixel_backfill/current
Found 2 save data paths
Read 47757 clean list file
Dir path is /mnt/adnetik/adnetik-uservervillage/prod/userver_log/pixel/2013-01-20/
Read 962 paths for daylist [2013-01-20]
Found 198 new paths
.Done with file 0/198
.....size getting too big, writing to Db
Inserted almost 239329 lines

Wrote 47763 clean list files
renamed directory /home/akshay/pixel_backfill/staging --> /home/akshay/pixel_backfill/current
Found 2 save data paths
Read 47763 clean list file
Dir path is /mnt/adnetik/adnetik-uservervillage/prod/userver_log/pixel/2013-01-20/
Read 962 paths for daylist [2013-01-20]
Found 192 new paths
.Done with file 0/192
...size getting too big, writing to Db
Inserted almost 217580 lines

Wrote 47767 clean list files
renamed directory /home/akshay/pixel_backfill/staging --> /home/akshay/pixel_backfill/current
Found 2 save data paths
Read 47767 clean list file
Dir path is /mnt/adnetik/adnetik-uservervillage/prod/userver_log/pixel/2013-01-20/
Read 962 paths for daylist [2013-01-20]
Found 188 new paths
.Done with file 0/188
......size getting too big, writing to Db
Inserted almost 218885 lines

Wrote 47774 clean list files
renamed directory /home/akshay/pixel_backfill/staging --> /home/akshay/pixel_backfill/current
Found 2 save data paths
Read 47774 clean list file
Dir path is /mnt/adnetik/adnetik-uservervillage/prod/userver_log/pixel/2013-01-20/
Read 962 paths for daylist [2013-01-20]
Found 181 new paths
.Done with file 0/181
...size getting too big, writing to Db
Inserted almost 218505 lines

Wrote 47778 clean list files
renamed directory /home/akshay/pixel_backfill/staging --> /home/akshay/pixel_backfill/current
Found 2 save data paths
Read 47778 clean list file
Dir path is /mnt/adnetik/adnetik-uservervillage/prod/userver_log/pixel/2013-01-20/
Read 962 paths for daylist [2013-01-20]
Found 177 new paths
.Done with file 0/177
....size getting too big, writing to Db
Inserted almost 281699 lines

Wrote 47783 clean list files
renamed directory /home/akshay/pixel_backfill/staging --> /home/akshay/pixel_backfill/current
Found 2 save data paths
Read 47783 clean list file
Dir path is /mnt/adnetik/adnetik-uservervillage/prod/userver_log/pixel/2013-01-20/
Read 962 paths for daylist [2013-01-20]
Found 172 new paths
.Done with file 0/172
.....size getting too big, writing to Db
Inserted almost 215228 lines

Wrote 47789 clean list files
renamed directory /home/akshay/pixel_backfill/staging --> /home/akshay/pixel_backfill/current
Found 2 save data paths
Read 47789 clean list file
Dir path is /mnt/adnetik/adnetik-uservervillage/prod/userver_log/pixel/2013-01-20/
Read 962 paths for daylist [2013-01-20]
Found 166 new paths
.Done with file 0/166
...size getting too big, writing to Db
Inserted almost 227767 lines

Wrote 47793 clean list files
renamed directory /home/akshay/pixel_backfill/staging --> /home/akshay/pixel_backfill/current
Found 2 save data paths
Read 47793 clean list file
Dir path is /mnt/adnetik/adnetik-uservervillage/prod/userver_log/pixel/2013-01-20/
Read 962 paths for daylist [2013-01-20]
Found 162 new paths
.Done with file 0/162
.....size getting too big, writing to Db
Inserted almost 203243 lines

Wrote 47799 clean list files
renamed directory /home/akshay/pixel_backfill/staging --> /home/akshay/pixel_backfill/current
Found 2 save data paths
Read 47799 clean list file
Dir path is /mnt/adnetik/adnetik-uservervillage/prod/userver_log/pixel/2013-01-20/
Read 962 paths for daylist [2013-01-20]
Found 156 new paths
.Done with file 0/156
......size getting too big, writing to Db
Inserted almost 264560 lines

Wrote 47806 clean list files
renamed directory /home/akshay/pixel_backfill/staging --> /home/akshay/pixel_backfill/current
Found 2 save data paths
Read 47806 clean list file
Dir path is /mnt/adnetik/adnetik-uservervillage/prod/userver_log/pixel/2013-01-20/
Read 962 paths for daylist [2013-01-20]
Found 149 new paths
.Done with file 0/149
...size getting too big, writing to Db
Inserted almost 217867 lines

Wrote 47810 clean list files
renamed directory /home/akshay/pixel_backfill/staging --> /home/akshay/pixel_backfill/current
Found 2 save data paths
Read 47810 clean list file
Dir path is /mnt/adnetik/adnetik-uservervillage/prod/userver_log/pixel/2013-01-20/
Read 962 paths for daylist [2013-01-20]
Found 145 new paths
.Done with file 0/145
.....size getting too big, writing to Db
Inserted almost 263730 lines

Wrote 47816 clean list files
renamed directory /home/akshay/pixel_backfill/staging --> /home/akshay/pixel_backfill/current
Found 2 save data paths
Read 47816 clean list file
Dir path is /mnt/adnetik/adnetik-uservervillage/prod/userver_log/pixel/2013-01-20/
Read 962 paths for daylist [2013-01-20]
Found 139 new paths
.Done with file 0/139
......size getting too big, writing to Db
Inserted almost 234349 lines

Wrote 47823 clean list files
renamed directory /home/akshay/pixel_backfill/staging --> /home/akshay/pixel_backfill/current
Found 2 save data paths
Read 47823 clean list file
Dir path is /mnt/adnetik/adnetik-uservervillage/prod/userver_log/pixel/2013-01-20/
Read 962 paths for daylist [2013-01-20]
Found 132 new paths
.Done with file 0/132
...size getting too big, writing to Db
Inserted almost 208664 lines

Wrote 47827 clean list files
renamed directory /home/akshay/pixel_backfill/staging --> /home/akshay/pixel_backfill/current
Found 2 save data paths
Read 47827 clean list file
Dir path is /mnt/adnetik/adnetik-uservervillage/prod/userver_log/pixel/2013-01-20/
Read 962 paths for daylist [2013-01-20]
Found 128 new paths
.Done with file 0/128
...size getting too big, writing to Db
Inserted almost 212209 lines

Wrote 47831 clean list files
renamed directory /home/akshay/pixel_backfill/staging --> /home/akshay/pixel_backfill/current
Found 2 save data paths
Read 47831 clean list file
Dir path is /mnt/adnetik/adnetik-uservervillage/prod/userver_log/pixel/2013-01-20/
Read 962 paths for daylist [2013-01-20]
Found 124 new paths
.Done with file 0/124
.....size getting too big, writing to Db
Inserted almost 274301 lines

Wrote 47837 clean list files
renamed directory /home/akshay/pixel_backfill/staging --> /home/akshay/pixel_backfill/current
Found 2 save data paths
Read 47837 clean list file
Dir path is /mnt/adnetik/adnetik-uservervillage/prod/userver_log/pixel/2013-01-20/
Read 962 paths for daylist [2013-01-20]
Found 118 new paths
.Done with file 0/118
......size getting too big, writing to Db
Inserted almost 234698 lines

Wrote 47844 clean list files
renamed directory /home/akshay/pixel_backfill/staging --> /home/akshay/pixel_backfill/current
Found 2 save data paths
Read 47844 clean list file
Dir path is /mnt/adnetik/adnetik-uservervillage/prod/userver_log/pixel/2013-01-20/
Read 962 paths for daylist [2013-01-20]
Found 111 new paths
.Done with file 0/111
...size getting too big, writing to Db
Inserted almost 205485 lines

Wrote 47848 clean list files
renamed directory /home/akshay/pixel_backfill/staging --> /home/akshay/pixel_backfill/current
Found 2 save data paths
Read 47848 clean list file
Dir path is /mnt/adnetik/adnetik-uservervillage/prod/userver_log/pixel/2013-01-20/
Read 962 paths for daylist [2013-01-20]
Found 107 new paths
.Done with file 0/107
....size getting too big, writing to Db
Inserted almost 218105 lines

Wrote 47853 clean list files
renamed directory /home/akshay/pixel_backfill/staging --> /home/akshay/pixel_backfill/current
Found 2 save data paths
Read 47853 clean list file
Dir path is /mnt/adnetik/adnetik-uservervillage/prod/userver_log/pixel/2013-01-20/
Read 962 paths for daylist [2013-01-20]
Found 102 new paths
.Done with file 0/102
.....size getting too big, writing to Db
Inserted almost 201533 lines

Wrote 47859 clean list files
renamed directory /home/akshay/pixel_backfill/staging --> /home/akshay/pixel_backfill/current
Found 2 save data paths
Read 47859 clean list file
Dir path is /mnt/adnetik/adnetik-uservervillage/prod/userver_log/pixel/2013-01-20/
Read 962 paths for daylist [2013-01-20]
Found 96 new paths
.Done with file 0/96
.....size getting too big, writing to Db
Inserted almost 264711 lines

Wrote 47865 clean list files
renamed directory /home/akshay/pixel_backfill/staging --> /home/akshay/pixel_backfill/current
Found 2 save data paths
Read 47865 clean list file
Dir path is /mnt/adnetik/adnetik-uservervillage/prod/userver_log/pixel/2013-01-20/
Read 962 paths for daylist [2013-01-20]
Found 90 new paths
.Done with file 0/90
....size getting too big, writing to Db
Inserted almost 214758 lines

Wrote 47870 clean list files
renamed directory /home/akshay/pixel_backfill/staging --> /home/akshay/pixel_backfill/current
Found 2 save data paths
Read 47870 clean list file
Dir path is /mnt/adnetik/adnetik-uservervillage/prod/userver_log/pixel/2013-01-20/
Read 962 paths for daylist [2013-01-20]
Found 85 new paths
.Done with file 0/85
......size getting too big, writing to Db
Inserted almost 231919 lines

Wrote 47877 clean list files
renamed directory /home/akshay/pixel_backfill/staging --> /home/akshay/pixel_backfill/current
Found 2 save data paths
Read 47877 clean list file
Dir path is /mnt/adnetik/adnetik-uservervillage/prod/userver_log/pixel/2013-01-20/
Read 962 paths for daylist [2013-01-20]
Found 78 new paths
.Done with file 0/78
....size getting too big, writing to Db
Inserted almost 222002 lines

Wrote 47882 clean list files
renamed directory /home/akshay/pixel_backfill/staging --> /home/akshay/pixel_backfill/current
Found 2 save data paths
Read 47882 clean list file
Dir path is /mnt/adnetik/adnetik-uservervillage/prod/userver_log/pixel/2013-01-20/
Read 962 paths for daylist [2013-01-20]
Found 73 new paths
.Done with file 0/73
.......size getting too big, writing to Db
Inserted almost 210305 lines

Wrote 47890 clean list files
renamed directory /home/akshay/pixel_backfill/staging --> /home/akshay/pixel_backfill/current
Found 2 save data paths
Read 47890 clean list file
Dir path is /mnt/adnetik/adnetik-uservervillage/prod/userver_log/pixel/2013-01-20/
Read 962 paths for daylist [2013-01-20]
Found 65 new paths
.Done with file 0/65
.......size getting too big, writing to Db
Inserted almost 221514 lines

Wrote 47898 clean list files
renamed directory /home/akshay/pixel_backfill/staging --> /home/akshay/pixel_backfill/current
Found 2 save data paths
Read 47898 clean list file
Dir path is /mnt/adnetik/adnetik-uservervillage/prod/userver_log/pixel/2013-01-20/
Read 962 paths for daylist [2013-01-20]
Found 57 new paths
.Done with file 0/57
........size getting too big, writing to Db
Inserted almost 221734 lines

Wrote 47907 clean list files
renamed directory /home/akshay/pixel_backfill/staging --> /home/akshay/pixel_backfill/current
Found 2 save data paths
Read 47907 clean list file
Dir path is /mnt/adnetik/adnetik-uservervillage/prod/userver_log/pixel/2013-01-20/
Read 962 paths for daylist [2013-01-20]
Found 48 new paths
.Done with file 0/48
......size getting too big, writing to Db
Inserted almost 211504 lines

Wrote 47914 clean list files
renamed directory /home/akshay/pixel_backfill/staging --> /home/akshay/pixel_backfill/current
Found 2 save data paths
Read 47914 clean list file
Dir path is /mnt/adnetik/adnetik-uservervillage/prod/userver_log/pixel/2013-01-20/
Read 962 paths for daylist [2013-01-20]
Found 41 new paths
.Done with file 0/41
.........size getting too big, writing to Db
Inserted almost 227152 lines

Wrote 47924 clean list files
renamed directory /home/akshay/pixel_backfill/staging --> /home/akshay/pixel_backfill/current
Found 2 save data paths
Read 47924 clean list file
Dir path is /mnt/adnetik/adnetik-uservervillage/prod/userver_log/pixel/2013-01-20/
Read 962 paths for daylist [2013-01-20]
Found 31 new paths
.Done with file 0/31
..........Done with file 10/31
..size getting too big, writing to Db
Inserted almost 203887 lines

Wrote 47937 clean list files
renamed directory /home/akshay/pixel_backfill/staging --> /home/akshay/pixel_backfill/current
Found 2 save data paths
Read 47937 clean list file
Dir path is /mnt/adnetik/adnetik-uservervillage/prod/userver_log/pixel/2013-01-20/
Read 962 paths for daylist [2013-01-20]
Found 18 new paths
.Done with file 0/18
..........Done with file 10/18
..size getting too big, writing to Db
Inserted almost 217766 lines

Wrote 47950 clean list files
renamed directory /home/akshay/pixel_backfill/staging --> /home/akshay/pixel_backfill/current
Found 2 save data paths
Read 47950 clean list file
Dir path is /mnt/adnetik/adnetik-uservervillage/prod/userver_log/pixel/2013-01-20/
Read 962 paths for daylist [2013-01-20]
Found 5 new paths
.Done with file 0/5
....number of broken lines:+0 

writing to Db

Inserted almost 86376 lines

done writing to Db

Wrote 47955 clean list files
renamed directory /home/akshay/pixel_backfill/staging --> /home/akshay/pixel_backfill/current
processing date : 2013-01-19
Found 3 save data paths
Read 47955 clean list file
Dir path is /mnt/adnetik/adnetik-uservervillage/prod/userver_log/pixel/2013-01-19/
Read 961 paths for daylist [2013-01-19]
Found 961 new paths
.Done with file 0/961
..........Done with file 10/961
........size getting too big, writing to Db
Inserted almost 205572 lines

Wrote 47974 clean list files
renamed directory /home/akshay/pixel_backfill/staging --> /home/akshay/pixel_backfill/current
Found 2 save data paths
Read 47974 clean list file
Dir path is /mnt/adnetik/adnetik-uservervillage/prod/userver_log/pixel/2013-01-19/
Read 961 paths for daylist [2013-01-19]
Found 942 new paths
.Done with file 0/942
..........Done with file 10/942
..........Done with file 20/942
.size getting too big, writing to Db
Inserted almost 208456 lines

Wrote 47996 clean list files
renamed directory /home/akshay/pixel_backfill/staging --> /home/akshay/pixel_backfill/current
Found 2 save data paths
Read 47996 clean list file
Dir path is /mnt/adnetik/adnetik-uservervillage/prod/userver_log/pixel/2013-01-19/
Read 961 paths for daylist [2013-01-19]
Found 920 new paths
.Done with file 0/920
..........Done with file 10/920
..........Done with file 20/920
....size getting too big, writing to Db
Inserted almost 203419 lines

Wrote 48021 clean list files
renamed directory /home/akshay/pixel_backfill/staging --> /home/akshay/pixel_backfill/current
Found 2 save data paths
Read 48021 clean list file
Dir path is /mnt/adnetik/adnetik-uservervillage/prod/userver_log/pixel/2013-01-19/
Read 961 paths for daylist [2013-01-19]
Found 895 new paths
.Done with file 0/895
..........Done with file 10/895
..........Done with file 20/895
....size getting too big, writing to Db
Inserted almost 206119 lines

Wrote 48046 clean list files
renamed directory /home/akshay/pixel_backfill/staging --> /home/akshay/pixel_backfill/current
Found 2 save data paths
Read 48046 clean list file
Dir path is /mnt/adnetik/adnetik-uservervillage/prod/userver_log/pixel/2013-01-19/
Read 961 paths for daylist [2013-01-19]
Found 870 new paths
.Done with file 0/870
..........Done with file 10/870
..........Done with file 20/870
....size getting too big, writing to Db
Inserted almost 201457 lines

Wrote 48071 clean list files
renamed directory /home/akshay/pixel_backfill/staging --> /home/akshay/pixel_backfill/current
Found 2 save data paths
Read 48071 clean list file
Dir path is /mnt/adnetik/adnetik-uservervillage/prod/userver_log/pixel/2013-01-19/
Read 961 paths for daylist [2013-01-19]
Found 845 new paths
.Done with file 0/845
..........Done with file 10/845
..........Done with file 20/845
size getting too big, writing to Db
Inserted almost 207902 lines

Wrote 48092 clean list files
renamed directory /home/akshay/pixel_backfill/staging --> /home/akshay/pixel_backfill/current
Found 2 save data paths
Read 48092 clean list file
Dir path is /mnt/adnetik/adnetik-uservervillage/prod/userver_log/pixel/2013-01-19/
Read 961 paths for daylist [2013-01-19]
Found 824 new paths
.Done with file 0/824
..........Done with file 10/824
........size getting too big, writing to Db
Inserted almost 232173 lines

Wrote 48111 clean list files
renamed directory /home/akshay/pixel_backfill/staging --> /home/akshay/pixel_backfill/current
Found 2 save data paths
Read 48111 clean list file
Dir path is /mnt/adnetik/adnetik-uservervillage/prod/userver_log/pixel/2013-01-19/
Read 961 paths for daylist [2013-01-19]
Found 805 new paths
.Done with file 0/805
..........Done with file 10/805
size getting too big, writing to Db
Inserted almost 202006 lines

Wrote 48122 clean list files
renamed directory /home/akshay/pixel_backfill/staging --> /home/akshay/pixel_backfill/current
Found 2 save data paths
Read 48122 clean list file
Dir path is /mnt/adnetik/adnetik-uservervillage/prod/userver_log/pixel/2013-01-19/
Read 961 paths for daylist [2013-01-19]
Found 794 new paths
.Done with file 0/794
..........Done with file 10/794
.....size getting too big, writing to Db
Inserted almost 239418 lines

Wrote 48138 clean list files
renamed directory /home/akshay/pixel_backfill/staging --> /home/akshay/pixel_backfill/current
Found 2 save data paths
Read 48138 clean list file
Dir path is /mnt/adnetik/adnetik-uservervillage/prod/userver_log/pixel/2013-01-19/
Read 961 paths for daylist [2013-01-19]
Found 778 new paths
.Done with file 0/778
..........Done with file 10/778
....size getting too big, writing to Db
Inserted almost 249108 lines

Wrote 48153 clean list files
renamed directory /home/akshay/pixel_backfill/staging --> /home/akshay/pixel_backfill/current
Found 2 save data paths
Read 48153 clean list file
Dir path is /mnt/adnetik/adnetik-uservervillage/prod/userver_log/pixel/2013-01-19/
Read 961 paths for daylist [2013-01-19]
Found 763 new paths
.Done with file 0/763
..........Done with file 10/763
.size getting too big, writing to Db
Inserted almost 225548 lines

Wrote 48165 clean list files
renamed directory /home/akshay/pixel_backfill/staging --> /home/akshay/pixel_backfill/current
Found 2 save data paths
Read 48165 clean list file
Dir path is /mnt/adnetik/adnetik-uservervillage/prod/userver_log/pixel/2013-01-19/
Read 961 paths for daylist [2013-01-19]
Found 751 new paths
.Done with file 0/751
........size getting too big, writing to Db
Inserted almost 212294 lines

Wrote 48174 clean list files
renamed directory /home/akshay/pixel_backfill/staging --> /home/akshay/pixel_backfill/current
Found 2 save data paths
Read 48174 clean list file
Dir path is /mnt/adnetik/adnetik-uservervillage/prod/userver_log/pixel/2013-01-19/
Read 961 paths for daylist [2013-01-19]
Found 742 new paths
.Done with file 0/742
..........Done with file 10/742
size getting too big, writing to Db
Inserted almost 224912 lines

Wrote 48185 clean list files
renamed directory /home/akshay/pixel_backfill/staging --> /home/akshay/pixel_backfill/current
Found 2 save data paths
Read 48185 clean list file
Dir path is /mnt/adnetik/adnetik-uservervillage/prod/userver_log/pixel/2013-01-19/
Read 961 paths for daylist [2013-01-19]
Found 731 new paths
.Done with file 0/731
.......size getting too big, writing to Db
Inserted almost 201922 lines

Wrote 48193 clean list files
renamed directory /home/akshay/pixel_backfill/staging --> /home/akshay/pixel_backfill/current
Found 2 save data paths
Read 48193 clean list file
Dir path is /mnt/adnetik/adnetik-uservervillage/prod/userver_log/pixel/2013-01-19/
Read 961 paths for daylist [2013-01-19]
Found 723 new paths
.Done with file 0/723
.........size getting too big, writing to Db
Inserted almost 249108 lines

Wrote 48203 clean list files
renamed directory /home/akshay/pixel_backfill/staging --> /home/akshay/pixel_backfill/current
Found 2 save data paths
Read 48203 clean list file
Dir path is /mnt/adnetik/adnetik-uservervillage/prod/userver_log/pixel/2013-01-19/
Read 961 paths for daylist [2013-01-19]
Found 713 new paths
.Done with file 0/713
.........size getting too big, writing to Db
Inserted almost 260577 lines

Wrote 48213 clean list files
renamed directory /home/akshay/pixel_backfill/staging --> /home/akshay/pixel_backfill/current
Found 2 save data paths
Read 48213 clean list file
Dir path is /mnt/adnetik/adnetik-uservervillage/prod/userver_log/pixel/2013-01-19/
Read 961 paths for daylist [2013-01-19]
Found 703 new paths
.Done with file 0/703
.......size getting too big, writing to Db
Inserted almost 206976 lines

Wrote 48221 clean list files
renamed directory /home/akshay/pixel_backfill/staging --> /home/akshay/pixel_backfill/current
Found 2 save data paths
Read 48221 clean list file
Dir path is /mnt/adnetik/adnetik-uservervillage/prod/userver_log/pixel/2013-01-19/
Read 961 paths for daylist [2013-01-19]
Found 695 new paths
.Done with file 0/695
.....size getting too big, writing to Db
Inserted almost 200570 lines

Wrote 48227 clean list files
renamed directory /home/akshay/pixel_backfill/staging --> /home/akshay/pixel_backfill/current
Found 2 save data paths
Read 48227 clean list file
Dir path is /mnt/adnetik/adnetik-uservervillage/prod/userver_log/pixel/2013-01-19/
Read 961 paths for daylist [2013-01-19]
Found 689 new paths
.Done with file 0/689
........size getting too big, writing to Db
Inserted almost 258146 lines

Wrote 48236 clean list files
renamed directory /home/akshay/pixel_backfill/staging --> /home/akshay/pixel_backfill/current
Found 2 save data paths
Read 48236 clean list file
Dir path is /mnt/adnetik/adnetik-uservervillage/prod/userver_log/pixel/2013-01-19/
Read 961 paths for daylist [2013-01-19]
Found 680 new paths
.Done with file 0/680
......size getting too big, writing to Db
Inserted almost 224856 lines

Wrote 48243 clean list files
renamed directory /home/akshay/pixel_backfill/staging --> /home/akshay/pixel_backfill/current
Found 2 save data paths
Read 48243 clean list file
Dir path is /mnt/adnetik/adnetik-uservervillage/prod/userver_log/pixel/2013-01-19/
Read 961 paths for daylist [2013-01-19]
Found 673 new paths
.Done with file 0/673
......size getting too big, writing to Db
Inserted almost 241098 lines

Wrote 48250 clean list files
renamed directory /home/akshay/pixel_backfill/staging --> /home/akshay/pixel_backfill/current
Found 2 save data paths
Read 48250 clean list file
Dir path is /mnt/adnetik/adnetik-uservervillage/prod/userver_log/pixel/2013-01-19/
Read 961 paths for daylist [2013-01-19]
Found 666 new paths
.Done with file 0/666
....size getting too big, writing to Db
Inserted almost 232895 lines

Wrote 48255 clean list files
renamed directory /home/akshay/pixel_backfill/staging --> /home/akshay/pixel_backfill/current
Found 2 save data paths
Read 48255 clean list file
Dir path is /mnt/adnetik/adnetik-uservervillage/prod/userver_log/pixel/2013-01-19/
Read 961 paths for daylist [2013-01-19]
Found 661 new paths
.Done with file 0/661
........size getting too big, writing to Db
Inserted almost 200742 lines

Wrote 48264 clean list files
renamed directory /home/akshay/pixel_backfill/staging --> /home/akshay/pixel_backfill/current
Found 2 save data paths
Read 48264 clean list file
Dir path is /mnt/adnetik/adnetik-uservervillage/prod/userver_log/pixel/2013-01-19/
Read 961 paths for daylist [2013-01-19]
Found 652 new paths
.Done with file 0/652
......size getting too big, writing to Db
Inserted almost 255466 lines

Wrote 48271 clean list files
renamed directory /home/akshay/pixel_backfill/staging --> /home/akshay/pixel_backfill/current
Found 2 save data paths
Read 48271 clean list file
Dir path is /mnt/adnetik/adnetik-uservervillage/prod/userver_log/pixel/2013-01-19/
Read 961 paths for daylist [2013-01-19]
Found 645 new paths
.Done with file 0/645
......size getting too big, writing to Db
Inserted almost 275021 lines

Wrote 48278 clean list files
renamed directory /home/akshay/pixel_backfill/staging --> /home/akshay/pixel_backfill/current
Found 2 save data paths
Read 48278 clean list file
Dir path is /mnt/adnetik/adnetik-uservervillage/prod/userver_log/pixel/2013-01-19/
Read 961 paths for daylist [2013-01-19]
Found 638 new paths
.Done with file 0/638
.....size getting too big, writing to Db
Inserted almost 245102 lines

Wrote 48284 clean list files
renamed directory /home/akshay/pixel_backfill/staging --> /home/akshay/pixel_backfill/current
Found 2 save data paths
Read 48284 clean list file
Dir path is /mnt/adnetik/adnetik-uservervillage/prod/userver_log/pixel/2013-01-19/
Read 961 paths for daylist [2013-01-19]
Found 632 new paths
.Done with file 0/632
.....size getting too big, writing to Db
Inserted almost 266272 lines

Wrote 48290 clean list files
renamed directory /home/akshay/pixel_backfill/staging --> /home/akshay/pixel_backfill/current
Found 2 save data paths
Read 48290 clean list file
Dir path is /mnt/adnetik/adnetik-uservervillage/prod/userver_log/pixel/2013-01-19/
Read 961 paths for daylist [2013-01-19]
Found 626 new paths
.Done with file 0/626
.......size getting too big, writing to Db
Inserted almost 212090 lines

Wrote 48298 clean list files
renamed directory /home/akshay/pixel_backfill/staging --> /home/akshay/pixel_backfill/current
Found 2 save data paths
Read 48298 clean list file
Dir path is /mnt/adnetik/adnetik-uservervillage/prod/userver_log/pixel/2013-01-19/
Read 961 paths for daylist [2013-01-19]
Found 618 new paths
.Done with file 0/618
.....size getting too big, writing to Db
Inserted almost 212499 lines

Wrote 48304 clean list files
renamed directory /home/akshay/pixel_backfill/staging --> /home/akshay/pixel_backfill/current
Found 2 save data paths
Read 48304 clean list file
Dir path is /mnt/adnetik/adnetik-uservervillage/prod/userver_log/pixel/2013-01-19/
Read 961 paths for daylist [2013-01-19]
Found 612 new paths
.Done with file 0/612
..size getting too big, writing to Db
Inserted almost 246281 lines

Wrote 48307 clean list files
renamed directory /home/akshay/pixel_backfill/staging --> /home/akshay/pixel_backfill/current
Found 2 save data paths
Read 48307 clean list file
Dir path is /mnt/adnetik/adnetik-uservervillage/prod/userver_log/pixel/2013-01-19/
Read 961 paths for daylist [2013-01-19]
Found 609 new paths
.Done with file 0/609
......size getting too big, writing to Db
Inserted almost 215981 lines

Wrote 48314 clean list files
renamed directory /home/akshay/pixel_backfill/staging --> /home/akshay/pixel_backfill/current
Found 2 save data paths
Read 48314 clean list file
Dir path is /mnt/adnetik/adnetik-uservervillage/prod/userver_log/pixel/2013-01-19/
Read 961 paths for daylist [2013-01-19]
Found 602 new paths
.Done with file 0/602
....size getting too big, writing to Db
Inserted almost 253328 lines

Wrote 48319 clean list files
renamed directory /home/akshay/pixel_backfill/staging --> /home/akshay/pixel_backfill/current
Found 2 save data paths
Read 48319 clean list file
Dir path is /mnt/adnetik/adnetik-uservervillage/prod/userver_log/pixel/2013-01-19/
Read 961 paths for daylist [2013-01-19]
Found 597 new paths
.Done with file 0/597
.....size getting too big, writing to Db
Inserted almost 230707 lines

Wrote 48325 clean list files
renamed directory /home/akshay/pixel_backfill/staging --> /home/akshay/pixel_backfill/current
Found 2 save data paths
Read 48325 clean list file
Dir path is /mnt/adnetik/adnetik-uservervillage/prod/userver_log/pixel/2013-01-19/
Read 961 paths for daylist [2013-01-19]
Found 591 new paths
.Done with file 0/591
.......size getting too big, writing to Db
Inserted almost 218640 lines

Wrote 48333 clean list files
renamed directory /home/akshay/pixel_backfill/staging --> /home/akshay/pixel_backfill/current
Found 2 save data paths
Read 48333 clean list file
Dir path is /mnt/adnetik/adnetik-uservervillage/prod/userver_log/pixel/2013-01-19/
Read 961 paths for daylist [2013-01-19]
Found 583 new paths
.Done with file 0/583
....size getting too big, writing to Db
Inserted almost 204575 lines

Wrote 48338 clean list files
renamed directory /home/akshay/pixel_backfill/staging --> /home/akshay/pixel_backfill/current
Found 2 save data paths
Read 48338 clean list file
Dir path is /mnt/adnetik/adnetik-uservervillage/prod/userver_log/pixel/2013-01-19/
Read 961 paths for daylist [2013-01-19]
Found 578 new paths
.Done with file 0/578
....size getting too big, writing to Db
Inserted almost 205607 lines

Wrote 48343 clean list files
renamed directory /home/akshay/pixel_backfill/staging --> /home/akshay/pixel_backfill/current
Found 2 save data paths
Read 48343 clean list file
Dir path is /mnt/adnetik/adnetik-uservervillage/prod/userver_log/pixel/2013-01-19/
Read 961 paths for daylist [2013-01-19]
Found 573 new paths
.Done with file 0/573
.....size getting too big, writing to Db
Inserted almost 230550 lines

Wrote 48349 clean list files
renamed directory /home/akshay/pixel_backfill/staging --> /home/akshay/pixel_backfill/current
Found 2 save data paths
Read 48349 clean list file
Dir path is /mnt/adnetik/adnetik-uservervillage/prod/userver_log/pixel/2013-01-19/
Read 961 paths for daylist [2013-01-19]
Found 567 new paths
.Done with file 0/567
.....size getting too big, writing to Db
Inserted almost 222248 lines

Wrote 48355 clean list files
renamed directory /home/akshay/pixel_backfill/staging --> /home/akshay/pixel_backfill/current
Found 2 save data paths
Read 48355 clean list file
Dir path is /mnt/adnetik/adnetik-uservervillage/prod/userver_log/pixel/2013-01-19/
Read 961 paths for daylist [2013-01-19]
Found 561 new paths
.Done with file 0/561
...size getting too big, writing to Db
Inserted almost 218205 lines

Wrote 48359 clean list files
renamed directory /home/akshay/pixel_backfill/staging --> /home/akshay/pixel_backfill/current
Found 2 save data paths
Read 48359 clean list file
Dir path is /mnt/adnetik/adnetik-uservervillage/prod/userver_log/pixel/2013-01-19/
Read 961 paths for daylist [2013-01-19]
Found 557 new paths
.Done with file 0/557
....size getting too big, writing to Db
Inserted almost 280227 lines

Wrote 48364 clean list files
renamed directory /home/akshay/pixel_backfill/staging --> /home/akshay/pixel_backfill/current
Found 2 save data paths
Read 48364 clean list file
Dir path is /mnt/adnetik/adnetik-uservervillage/prod/userver_log/pixel/2013-01-19/
Read 961 paths for daylist [2013-01-19]
Found 552 new paths
.Done with file 0/552
....size getting too big, writing to Db
Inserted almost 213290 lines

Wrote 48369 clean list files
renamed directory /home/akshay/pixel_backfill/staging --> /home/akshay/pixel_backfill/current
Found 2 save data paths
Read 48369 clean list file
Dir path is /mnt/adnetik/adnetik-uservervillage/prod/userver_log/pixel/2013-01-19/
Read 961 paths for daylist [2013-01-19]
Found 547 new paths
.Done with file 0/547
....size getting too big, writing to Db
Inserted almost 222353 lines

Wrote 48374 clean list files
renamed directory /home/akshay/pixel_backfill/staging --> /home/akshay/pixel_backfill/current
Found 2 save data paths
Read 48374 clean list file
Dir path is /mnt/adnetik/adnetik-uservervillage/prod/userver_log/pixel/2013-01-19/
Read 961 paths for daylist [2013-01-19]
Found 542 new paths
.Done with file 0/542
......size getting too big, writing to Db
Inserted almost 263692 lines

Wrote 48381 clean list files
renamed directory /home/akshay/pixel_backfill/staging --> /home/akshay/pixel_backfill/current
Found 2 save data paths
Read 48381 clean list file
Dir path is /mnt/adnetik/adnetik-uservervillage/prod/userver_log/pixel/2013-01-19/
Read 961 paths for daylist [2013-01-19]
Found 535 new paths
.Done with file 0/535
......size getting too big, writing to Db
Inserted almost 203537 lines

Wrote 48388 clean list files
renamed directory /home/akshay/pixel_backfill/staging --> /home/akshay/pixel_backfill/current
Found 2 save data paths
Read 48388 clean list file
Dir path is /mnt/adnetik/adnetik-uservervillage/prod/userver_log/pixel/2013-01-19/
Read 961 paths for daylist [2013-01-19]
Found 528 new paths
.Done with file 0/528
...size getting too big, writing to Db
Inserted almost 231973 lines

Wrote 48392 clean list files
renamed directory /home/akshay/pixel_backfill/staging --> /home/akshay/pixel_backfill/current
Found 2 save data paths
Read 48392 clean list file
Dir path is /mnt/adnetik/adnetik-uservervillage/prod/userver_log/pixel/2013-01-19/
Read 961 paths for daylist [2013-01-19]
Found 524 new paths
.Done with file 0/524
...size getting too big, writing to Db
Inserted almost 224457 lines

Wrote 48396 clean list files
renamed directory /home/akshay/pixel_backfill/staging --> /home/akshay/pixel_backfill/current
Found 2 save data paths
Read 48396 clean list file
Dir path is /mnt/adnetik/adnetik-uservervillage/prod/userver_log/pixel/2013-01-19/
Read 961 paths for daylist [2013-01-19]
Found 520 new paths
.Done with file 0/520
.....size getting too big, writing to Db
Inserted almost 237574 lines

Wrote 48402 clean list files
renamed directory /home/akshay/pixel_backfill/staging --> /home/akshay/pixel_backfill/current
Found 2 save data paths
Read 48402 clean list file
Dir path is /mnt/adnetik/adnetik-uservervillage/prod/userver_log/pixel/2013-01-19/
Read 961 paths for daylist [2013-01-19]
Found 514 new paths
.Done with file 0/514
..size getting too big, writing to Db
Inserted almost 202874 lines

Wrote 48405 clean list files
renamed directory /home/akshay/pixel_backfill/staging --> /home/akshay/pixel_backfill/current
Found 2 save data paths
Read 48405 clean list file
Dir path is /mnt/adnetik/adnetik-uservervillage/prod/userver_log/pixel/2013-01-19/
Read 961 paths for daylist [2013-01-19]
Found 511 new paths
.Done with file 0/511
....size getting too big, writing to Db
Inserted almost 224633 lines

Wrote 48410 clean list files
renamed directory /home/akshay/pixel_backfill/staging --> /home/akshay/pixel_backfill/current
Found 2 save data paths
Read 48410 clean list file
Dir path is /mnt/adnetik/adnetik-uservervillage/prod/userver_log/pixel/2013-01-19/
Read 961 paths for daylist [2013-01-19]
Found 506 new paths
.Done with file 0/506
......size getting too big, writing to Db
Inserted almost 239336 lines

Wrote 48417 clean list files
renamed directory /home/akshay/pixel_backfill/staging --> /home/akshay/pixel_backfill/current
Found 2 save data paths
Read 48417 clean list file
Dir path is /mnt/adnetik/adnetik-uservervillage/prod/userver_log/pixel/2013-01-19/
Read 961 paths for daylist [2013-01-19]
Found 499 new paths
.Done with file 0/499
...size getting too big, writing to Db
Inserted almost 287083 lines

Wrote 48421 clean list files
renamed directory /home/akshay/pixel_backfill/staging --> /home/akshay/pixel_backfill/current
Found 2 save data paths
Read 48421 clean list file
Dir path is /mnt/adnetik/adnetik-uservervillage/prod/userver_log/pixel/2013-01-19/
Read 961 paths for daylist [2013-01-19]
Found 495 new paths
.Done with file 0/495
.....size getting too big, writing to Db
Inserted almost 269508 lines

Wrote 48427 clean list files
renamed directory /home/akshay/pixel_backfill/staging --> /home/akshay/pixel_backfill/current
Found 2 save data paths
Read 48427 clean list file
Dir path is /mnt/adnetik/adnetik-uservervillage/prod/userver_log/pixel/2013-01-19/
Read 961 paths for daylist [2013-01-19]
Found 489 new paths
.Done with file 0/489
.....size getting too big, writing to Db
Inserted almost 215548 lines

Wrote 48433 clean list files
renamed directory /home/akshay/pixel_backfill/staging --> /home/akshay/pixel_backfill/current
Found 2 save data paths
Read 48433 clean list file
Dir path is /mnt/adnetik/adnetik-uservervillage/prod/userver_log/pixel/2013-01-19/
Read 961 paths for daylist [2013-01-19]
Found 483 new paths
.Done with file 0/483
....size getting too big, writing to Db
Inserted almost 238987 lines

Wrote 48438 clean list files
renamed directory /home/akshay/pixel_backfill/staging --> /home/akshay/pixel_backfill/current
Found 2 save data paths
Read 48438 clean list file
Dir path is /mnt/adnetik/adnetik-uservervillage/prod/userver_log/pixel/2013-01-19/
Read 961 paths for daylist [2013-01-19]
Found 478 new paths
.Done with file 0/478
...size getting too big, writing to Db
Inserted almost 231283 lines

Wrote 48442 clean list files
renamed directory /home/akshay/pixel_backfill/staging --> /home/akshay/pixel_backfill/current
Found 2 save data paths
Read 48442 clean list file
Dir path is /mnt/adnetik/adnetik-uservervillage/prod/userver_log/pixel/2013-01-19/
Read 961 paths for daylist [2013-01-19]
Found 474 new paths
.Done with file 0/474
......size getting too big, writing to Db
Inserted almost 205522 lines

Wrote 48449 clean list files
renamed directory /home/akshay/pixel_backfill/staging --> /home/akshay/pixel_backfill/current
Found 2 save data paths
Read 48449 clean list file
Dir path is /mnt/adnetik/adnetik-uservervillage/prod/userver_log/pixel/2013-01-19/
Read 961 paths for daylist [2013-01-19]
Found 467 new paths
.Done with file 0/467
..size getting too big, writing to Db
Inserted almost 212557 lines

Wrote 48452 clean list files
renamed directory /home/akshay/pixel_backfill/staging --> /home/akshay/pixel_backfill/current
Found 2 save data paths
Read 48452 clean list file
Dir path is /mnt/adnetik/adnetik-uservervillage/prod/userver_log/pixel/2013-01-19/
Read 961 paths for daylist [2013-01-19]
Found 464 new paths
.Done with file 0/464
...size getting too big, writing to Db
Inserted almost 247674 lines

Wrote 48456 clean list files
renamed directory /home/akshay/pixel_backfill/staging --> /home/akshay/pixel_backfill/current
Found 2 save data paths
Read 48456 clean list file
Dir path is /mnt/adnetik/adnetik-uservervillage/prod/userver_log/pixel/2013-01-19/
Read 961 paths for daylist [2013-01-19]
Found 460 new paths
.Done with file 0/460
.....size getting too big, writing to Db
Inserted almost 220125 lines

Wrote 48462 clean list files
renamed directory /home/akshay/pixel_backfill/staging --> /home/akshay/pixel_backfill/current
Found 2 save data paths
Read 48462 clean list file
Dir path is /mnt/adnetik/adnetik-uservervillage/prod/userver_log/pixel/2013-01-19/
Read 961 paths for daylist [2013-01-19]
Found 454 new paths
.Done with file 0/454
....size getting too big, writing to Db
Inserted almost 268397 lines

Wrote 48467 clean list files
renamed directory /home/akshay/pixel_backfill/staging --> /home/akshay/pixel_backfill/current
Found 2 save data paths
Read 48467 clean list file
Dir path is /mnt/adnetik/adnetik-uservervillage/prod/userver_log/pixel/2013-01-19/
Read 961 paths for daylist [2013-01-19]
Found 449 new paths
.Done with file 0/449
....size getting too big, writing to Db
Inserted almost 224717 lines

Wrote 48472 clean list files
renamed directory /home/akshay/pixel_backfill/staging --> /home/akshay/pixel_backfill/current
Found 2 save data paths
Read 48472 clean list file
Dir path is /mnt/adnetik/adnetik-uservervillage/prod/userver_log/pixel/2013-01-19/
Read 961 paths for daylist [2013-01-19]
Found 444 new paths
.Done with file 0/444
.....size getting too big, writing to Db
Inserted almost 244564 lines

Wrote 48478 clean list files
renamed directory /home/akshay/pixel_backfill/staging --> /home/akshay/pixel_backfill/current
Found 2 save data paths
Read 48478 clean list file
Dir path is /mnt/adnetik/adnetik-uservervillage/prod/userver_log/pixel/2013-01-19/
Read 961 paths for daylist [2013-01-19]
Found 438 new paths
.Done with file 0/438
...size getting too big, writing to Db
Inserted almost 221495 lines

Wrote 48482 clean list files
renamed directory /home/akshay/pixel_backfill/staging --> /home/akshay/pixel_backfill/current
Found 2 save data paths
Read 48482 clean list file
Dir path is /mnt/adnetik/adnetik-uservervillage/prod/userver_log/pixel/2013-01-19/
Read 961 paths for daylist [2013-01-19]
Found 434 new paths
.Done with file 0/434
.......size getting too big, writing to Db
Inserted almost 207673 lines

Wrote 48490 clean list files
renamed directory /home/akshay/pixel_backfill/staging --> /home/akshay/pixel_backfill/current
Found 2 save data paths
Read 48490 clean list file
Dir path is /mnt/adnetik/adnetik-uservervillage/prod/userver_log/pixel/2013-01-19/
Read 961 paths for daylist [2013-01-19]
Found 426 new paths
.Done with file 0/426
..size getting too big, writing to Db
Inserted almost 252158 lines

Wrote 48493 clean list files
renamed directory /home/akshay/pixel_backfill/staging --> /home/akshay/pixel_backfill/current
Found 2 save data paths
Read 48493 clean list file
Dir path is /mnt/adnetik/adnetik-uservervillage/prod/userver_log/pixel/2013-01-19/
Read 961 paths for daylist [2013-01-19]
Found 423 new paths
.Done with file 0/423
...size getting too big, writing to Db
Inserted almost 279487 lines

Wrote 48497 clean list files
renamed directory /home/akshay/pixel_backfill/staging --> /home/akshay/pixel_backfill/current
Found 2 save data paths
Read 48497 clean list file
Dir path is /mnt/adnetik/adnetik-uservervillage/prod/userver_log/pixel/2013-01-19/
Read 961 paths for daylist [2013-01-19]
Found 419 new paths
.Done with file 0/419
......size getting too big, writing to Db
Inserted almost 221833 lines

Wrote 48504 clean list files
renamed directory /home/akshay/pixel_backfill/staging --> /home/akshay/pixel_backfill/current
Found 2 save data paths
Read 48504 clean list file
Dir path is /mnt/adnetik/adnetik-uservervillage/prod/userver_log/pixel/2013-01-19/
Read 961 paths for daylist [2013-01-19]
Found 412 new paths
.Done with file 0/412
...size getting too big, writing to Db
Inserted almost 255244 lines

Wrote 48508 clean list files
renamed directory /home/akshay/pixel_backfill/staging --> /home/akshay/pixel_backfill/current
Found 2 save data paths
Read 48508 clean list file
Dir path is /mnt/adnetik/adnetik-uservervillage/prod/userver_log/pixel/2013-01-19/
Read 961 paths for daylist [2013-01-19]
Found 408 new paths
.Done with file 0/408
..size getting too big, writing to Db
Inserted almost 218065 lines

Wrote 48511 clean list files
renamed directory /home/akshay/pixel_backfill/staging --> /home/akshay/pixel_backfill/current
Found 2 save data paths
Read 48511 clean list file
Dir path is /mnt/adnetik/adnetik-uservervillage/prod/userver_log/pixel/2013-01-19/
Read 961 paths for daylist [2013-01-19]
Found 405 new paths
.Done with file 0/405
.....size getting too big, writing to Db
Inserted almost 254306 lines

Wrote 48517 clean list files
renamed directory /home/akshay/pixel_backfill/staging --> /home/akshay/pixel_backfill/current
Found 2 save data paths
Read 48517 clean list file
Dir path is /mnt/adnetik/adnetik-uservervillage/prod/userver_log/pixel/2013-01-19/
Read 961 paths for daylist [2013-01-19]
Found 399 new paths
.Done with file 0/399
...size getting too big, writing to Db
Inserted almost 207391 lines

Wrote 48521 clean list files
renamed directory /home/akshay/pixel_backfill/staging --> /home/akshay/pixel_backfill/current
Found 2 save data paths
Read 48521 clean list file
Dir path is /mnt/adnetik/adnetik-uservervillage/prod/userver_log/pixel/2013-01-19/
Read 961 paths for daylist [2013-01-19]
Found 395 new paths
.Done with file 0/395
...size getting too big, writing to Db
Inserted almost 214284 lines

Wrote 48525 clean list files
renamed directory /home/akshay/pixel_backfill/staging --> /home/akshay/pixel_backfill/current
Found 2 save data paths
Read 48525 clean list file
Dir path is /mnt/adnetik/adnetik-uservervillage/prod/userver_log/pixel/2013-01-19/
Read 961 paths for daylist [2013-01-19]
Found 391 new paths
.Done with file 0/391
......size getting too big, writing to Db
Inserted almost 258904 lines

Wrote 48532 clean list files
renamed directory /home/akshay/pixel_backfill/staging --> /home/akshay/pixel_backfill/current
Found 2 save data paths
Read 48532 clean list file
Dir path is /mnt/adnetik/adnetik-uservervillage/prod/userver_log/pixel/2013-01-19/
Read 961 paths for daylist [2013-01-19]
Found 384 new paths
.Done with file 0/384
....size getting too big, writing to Db
Inserted almost 254374 lines

Wrote 48537 clean list files
renamed directory /home/akshay/pixel_backfill/staging --> /home/akshay/pixel_backfill/current
Found 2 save data paths
Read 48537 clean list file
Dir path is /mnt/adnetik/adnetik-uservervillage/prod/userver_log/pixel/2013-01-19/
Read 961 paths for daylist [2013-01-19]
Found 379 new paths
.Done with file 0/379
.....size getting too big, writing to Db
Inserted almost 222610 lines

Wrote 48543 clean list files
renamed directory /home/akshay/pixel_backfill/staging --> /home/akshay/pixel_backfill/current
Found 2 save data paths
Read 48543 clean list file
Dir path is /mnt/adnetik/adnetik-uservervillage/prod/userver_log/pixel/2013-01-19/
Read 961 paths for daylist [2013-01-19]
Found 373 new paths
.Done with file 0/373
...size getting too big, writing to Db
Inserted almost 216135 lines

Wrote 48547 clean list files
renamed directory /home/akshay/pixel_backfill/staging --> /home/akshay/pixel_backfill/current
Found 2 save data paths
Read 48547 clean list file
Dir path is /mnt/adnetik/adnetik-uservervillage/prod/userver_log/pixel/2013-01-19/
Read 961 paths for daylist [2013-01-19]
Found 369 new paths
.Done with file 0/369
....size getting too big, writing to Db
Inserted almost 226591 lines

Wrote 48552 clean list files
renamed directory /home/akshay/pixel_backfill/staging --> /home/akshay/pixel_backfill/current
Found 2 save data paths
Read 48552 clean list file
Dir path is /mnt/adnetik/adnetik-uservervillage/prod/userver_log/pixel/2013-01-19/
Read 961 paths for daylist [2013-01-19]
Found 364 new paths
.Done with file 0/364
.....size getting too big, writing to Db
Inserted almost 253265 lines

Wrote 48558 clean list files
renamed directory /home/akshay/pixel_backfill/staging --> /home/akshay/pixel_backfill/current
Found 2 save data paths
Read 48558 clean list file
Dir path is /mnt/adnetik/adnetik-uservervillage/prod/userver_log/pixel/2013-01-19/
Read 961 paths for daylist [2013-01-19]
Found 358 new paths
.Done with file 0/358
.....size getting too big, writing to Db
Inserted almost 249845 lines

Wrote 48564 clean list files
renamed directory /home/akshay/pixel_backfill/staging --> /home/akshay/pixel_backfill/current
Found 2 save data paths
Read 48564 clean list file
Dir path is /mnt/adnetik/adnetik-uservervillage/prod/userver_log/pixel/2013-01-19/
Read 961 paths for daylist [2013-01-19]
Found 352 new paths
.Done with file 0/352
...size getting too big, writing to Db
Inserted almost 214205 lines

Wrote 48568 clean list files
renamed directory /home/akshay/pixel_backfill/staging --> /home/akshay/pixel_backfill/current
Found 2 save data paths
Read 48568 clean list file
Dir path is /mnt/adnetik/adnetik-uservervillage/prod/userver_log/pixel/2013-01-19/
Read 961 paths for daylist [2013-01-19]
Found 348 new paths
.Done with file 0/348
......size getting too big, writing to Db
Inserted almost 264659 lines

Wrote 48575 clean list files
renamed directory /home/akshay/pixel_backfill/staging --> /home/akshay/pixel_backfill/current
Found 2 save data paths
Read 48575 clean list file
Dir path is /mnt/adnetik/adnetik-uservervillage/prod/userver_log/pixel/2013-01-19/
Read 961 paths for daylist [2013-01-19]
Found 341 new paths
.Done with file 0/341
.....size getting too big, writing to Db
Inserted almost 260086 lines

Wrote 48581 clean list files
renamed directory /home/akshay/pixel_backfill/staging --> /home/akshay/pixel_backfill/current
Found 2 save data paths
Read 48581 clean list file
Dir path is /mnt/adnetik/adnetik-uservervillage/prod/userver_log/pixel/2013-01-19/
Read 961 paths for daylist [2013-01-19]
Found 335 new paths
.Done with file 0/335
...size getting too big, writing to Db
Inserted almost 200979 lines

Wrote 48585 clean list files
renamed directory /home/akshay/pixel_backfill/staging --> /home/akshay/pixel_backfill/current
Found 2 save data paths
Read 48585 clean list file
Dir path is /mnt/adnetik/adnetik-uservervillage/prod/userver_log/pixel/2013-01-19/
Read 961 paths for daylist [2013-01-19]
Found 331 new paths
.Done with file 0/331
....size getting too big, writing to Db
Inserted almost 230127 lines

Wrote 48590 clean list files
renamed directory /home/akshay/pixel_backfill/staging --> /home/akshay/pixel_backfill/current
Found 2 save data paths
Read 48590 clean list file
Dir path is /mnt/adnetik/adnetik-uservervillage/prod/userver_log/pixel/2013-01-19/
Read 961 paths for daylist [2013-01-19]
Found 326 new paths
.Done with file 0/326
.....size getting too big, writing to Db
Inserted almost 264185 lines

Wrote 48596 clean list files
renamed directory /home/akshay/pixel_backfill/staging --> /home/akshay/pixel_backfill/current
Found 2 save data paths
Read 48596 clean list file
Dir path is /mnt/adnetik/adnetik-uservervillage/prod/userver_log/pixel/2013-01-19/
Read 961 paths for daylist [2013-01-19]
Found 320 new paths
.Done with file 0/320
..