nohup: ignoring input
processing date : 2013-07-09
Found 3 save data paths
Read 10557 clean list file
Dir path is /mnt/adnetik/adnetik-uservervillage/prod/userver_log/pixel/2013-07-09/
Read 1251 paths for daylist [2013-07-09]
Found 1251 new paths
.Done with file 0/1251
..........Done with file 10/1251
......size getting too big, writing to Db
Inserted almost 201938 lines

Wrote 10574 clean list files
renamed directory /home/armita/pixel_backfill/staging --> /home/armita/pixel_backfill/current
Found 2 save data paths
Read 10574 clean list file
Dir path is /mnt/adnetik/adnetik-uservervillage/prod/userver_log/pixel/2013-07-09/
Read 1251 paths for daylist [2013-07-09]
Found 1234 new paths
.Done with file 0/1234
..........Done with file 10/1234
......size getting too big, writing to Db
Inserted almost 200224 lines

Wrote 10591 clean list files
renamed directory /home/armita/pixel_backfill/staging --> /home/armita/pixel_backfill/current
Found 2 save data paths
Read 10591 clean list file
Dir path is /mnt/adnetik/adnetik-uservervillage/prod/userver_log/pixel/2013-07-09/
Read 1251 paths for daylist [2013-07-09]
Found 1217 new paths
.Done with file 0/1217
..........Done with file 10/1217
.......size getting too big, writing to Db
Inserted almost 218805 lines

Wrote 10609 clean list files
renamed directory /home/armita/pixel_backfill/staging --> /home/armita/pixel_backfill/current
Found 2 save data paths
Read 10609 clean list file
Dir path is /mnt/adnetik/adnetik-uservervillage/prod/userver_log/pixel/2013-07-09/
Read 1251 paths for daylist [2013-07-09]
Found 1199 new paths
.Done with file 0/1199
..........Done with file 10/1199
........size getting too big, writing to Db
Inserted almost 204255 lines

Wrote 10628 clean list files
renamed directory /home/armita/pixel_backfill/staging --> /home/armita/pixel_backfill/current
Found 2 save data paths
Read 10628 clean list file
Dir path is /mnt/adnetik/adnetik-uservervillage/prod/userver_log/pixel/2013-07-09/
Read 1251 paths for daylist [2013-07-09]
Found 1180 new paths
.Done with file 0/1180
..........Done with file 10/1180
....size getting too big, writing to Db
Inserted almost 203691 lines

Wrote 10643 clean list files
renamed directory /home/armita/pixel_backfill/staging --> /home/armita/pixel_backfill/current
Found 2 save data paths
Read 10643 clean list file
Dir path is /mnt/adnetik/adnetik-uservervillage/prod/userver_log/pixel/2013-07-09/
Read 1251 paths for daylist [2013-07-09]
Found 1165 new paths
.Done with file 0/1165
..........Done with file 10/1165
....size getting too big, writing to Db
Inserted almost 205810 lines

Wrote 10658 clean list files
renamed directory /home/armita/pixel_backfill/staging --> /home/armita/pixel_backfill/current
Found 2 save data paths
Read 10658 clean list file
Dir path is /mnt/adnetik/adnetik-uservervillage/prod/userver_log/pixel/2013-07-09/
Read 1251 paths for daylist [2013-07-09]
Found 1150 new paths
.Done with file 0/1150
..........Done with file 10/1150
size getting too big, writing to Db
Inserted almost 205466 lines

Wrote 10669 clean list files
renamed directory /home/armita/pixel_backfill/staging --> /home/armita/pixel_backfill/current
Found 2 save data paths
Read 10669 clean list file
Dir path is /mnt/adnetik/adnetik-uservervillage/prod/userver_log/pixel/2013-07-09/
Read 1251 paths for daylist [2013-07-09]
Found 1139 new paths
.Done with file 0/1139
..........Done with file 10/1139
size getting too big, writing to Db
Inserted almost 211615 lines

Wrote 10680 clean list files
renamed directory /home/armita/pixel_backfill/staging --> /home/armita/pixel_backfill/current
Found 2 save data paths
Read 10680 clean list file
Dir path is /mnt/adnetik/adnetik-uservervillage/prod/userver_log/pixel/2013-07-09/
Read 1251 paths for daylist [2013-07-09]
Found 1128 new paths
.Done with file 0/1128
..........Done with file 10/1128
....size getting too big, writing to Db
Inserted almost 203734 lines

Wrote 10695 clean list files
renamed directory /home/armita/pixel_backfill/staging --> /home/armita/pixel_backfill/current
Found 2 save data paths
Read 10695 clean list file
Dir path is /mnt/adnetik/adnetik-uservervillage/prod/userver_log/pixel/2013-07-09/
Read 1251 paths for daylist [2013-07-09]
Found 1113 new paths
.Done with file 0/1113
.....size getting too big, writing to Db
Inserted almost 200437 lines

Wrote 10701 clean list files
renamed directory /home/armita/pixel_backfill/staging --> /home/armita/pixel_backfill/current
Found 2 save data paths
Read 10701 clean list file
Dir path is /mnt/adnetik/adnetik-uservervillage/prod/userver_log/pixel/2013-07-09/
Read 1251 paths for daylist [2013-07-09]
Found 1107 new paths
.Done with file 0/1107
........size getting too big, writing to Db
Inserted almost 209510 lines

Wrote 10710 clean list files
renamed directory /home/armita/pixel_backfill/staging --> /home/armita/pixel_backfill/current
Found 2 save data paths
Read 10710 clean list file
Dir path is /mnt/adnetik/adnetik-uservervillage/prod/userver_log/pixel/2013-07-09/
Read 1251 paths for daylist [2013-07-09]
Found 1098 new paths
.Done with file 0/1098
..........Done with file 10/1098
.size getting too big, writing to Db
Inserted almost 231154 lines

Wrote 10722 clean list files
renamed directory /home/armita/pixel_backfill/staging --> /home/armita/pixel_backfill/current
Found 2 save data paths
Read 10722 clean list file
Dir path is /mnt/adnetik/adnetik-uservervillage/prod/userver_log/pixel/2013-07-09/
Read 1251 paths for daylist [2013-07-09]
Found 1086 new paths
.Done with file 0/1086
..........Done with file 10/1086
size getting too big, writing to Db
Inserted almost 203324 lines

Wrote 10733 clean list files
renamed directory /home/armita/pixel_backfill/staging --> /home/armita/pixel_backfill/current
Found 2 save data paths
Read 10733 clean list file
Dir path is /mnt/adnetik/adnetik-uservervillage/prod/userver_log/pixel/2013-07-09/
Read 1251 paths for daylist [2013-07-09]
Found 1075 new paths
.Done with file 0/1075
....size getting too big, writing to Db
Inserted almost 225849 lines

Wrote 10738 clean list files
renamed directory /home/armita/pixel_backfill/staging --> /home/armita/pixel_backfill/current
Found 2 save data paths
Read 10738 clean list file
Dir path is /mnt/adnetik/adnetik-uservervillage/prod/userver_log/pixel/2013-07-09/
Read 1251 paths for daylist [2013-07-09]
Found 1070 new paths
.Done with file 0/1070
..........Done with file 10/1070
.size getting too big, writing to Db
Inserted almost 247119 lines

Wrote 10750 clean list files
renamed directory /home/armita/pixel_backfill/staging --> /home/armita/pixel_backfill/current
Found 2 save data paths
Read 10750 clean list file
Dir path is /mnt/adnetik/adnetik-uservervillage/prod/userver_log/pixel/2013-07-09/
Read 1251 paths for daylist [2013-07-09]
Found 1058 new paths
.Done with file 0/1058
.........size getting too big, writing to Db
Inserted almost 228708 lines

Wrote 10760 clean list files
renamed directory /home/armita/pixel_backfill/staging --> /home/armita/pixel_backfill/current
Found 2 save data paths
Read 10760 clean list file
Dir path is /mnt/adnetik/adnetik-uservervillage/prod/userver_log/pixel/2013-07-09/
Read 1251 paths for daylist [2013-07-09]
Found 1048 new paths
.Done with file 0/1048
.........size getting too big, writing to Db
Inserted almost 256717 lines

Wrote 10770 clean list files
renamed directory /home/armita/pixel_backfill/staging --> /home/armita/pixel_backfill/current
Found 2 save data paths
Read 10770 clean list file
Dir path is /mnt/adnetik/adnetik-uservervillage/prod/userver_log/pixel/2013-07-09/
Read 1251 paths for daylist [2013-07-09]
Found 1038 new paths
.Done with file 0/1038
.........size getting too big, writing to Db
Inserted almost 245923 lines

Wrote 10780 clean list files
renamed directory /home/armita/pixel_backfill/staging --> /home/armita/pixel_backfill/current
Found 2 save data paths
Read 10780 clean list file
Dir path is /mnt/adnetik/adnetik-uservervillage/prod/userver_log/pixel/2013-07-09/
Read 1251 paths for daylist [2013-07-09]
Found 1028 new paths
.Done with file 0/1028
........size getting too big, writing to Db
Inserted almost 238010 lines

Wrote 10789 clean list files
renamed directory /home/armita/pixel_backfill/staging --> /home/armita/pixel_backfill/current
Found 2 save data paths
Read 10789 clean list file
Dir path is /mnt/adnetik/adnetik-uservervillage/prod/userver_log/pixel/2013-07-09/
Read 1251 paths for daylist [2013-07-09]
Found 1019 new paths
.Done with file 0/1019
......size getting too big, writing to Db
Inserted almost 220853 lines

Wrote 10796 clean list files
renamed directory /home/armita/pixel_backfill/staging --> /home/armita/pixel_backfill/current
Found 2 save data paths
Read 10796 clean list file
Dir path is /mnt/adnetik/adnetik-uservervillage/prod/userver_log/pixel/2013-07-09/
Read 1251 paths for daylist [2013-07-09]
Found 1012 new paths
.Done with file 0/1012
..........Done with file 10/1012
size getting too big, writing to Db
Inserted almost 207423 lines

Wrote 10807 clean list files
renamed directory /home/armita/pixel_backfill/staging --> /home/armita/pixel_backfill/current
Found 2 save data paths
Read 10807 clean list file
Dir path is /mnt/adnetik/adnetik-uservervillage/prod/userver_log/pixel/2013-07-09/
Read 1251 paths for daylist [2013-07-09]
Found 1001 new paths
.Done with file 0/1001
.....size getting too big, writing to Db
Inserted almost 227539 lines

Wrote 10813 clean list files
renamed directory /home/armita/pixel_backfill/staging --> /home/armita/pixel_backfill/current
Found 2 save data paths
Read 10813 clean list file
Dir path is /mnt/adnetik/adnetik-uservervillage/prod/userver_log/pixel/2013-07-09/
Read 1251 paths for daylist [2013-07-09]
Found 995 new paths
.Done with file 0/995
..........Done with file 10/995
size getting too big, writing to Db
Inserted almost 205281 lines

Wrote 10824 clean list files
renamed directory /home/armita/pixel_backfill/staging --> /home/armita/pixel_backfill/current
Found 2 save data paths
Read 10824 clean list file
Dir path is /mnt/adnetik/adnetik-uservervillage/prod/userver_log/pixel/2013-07-09/
Read 1251 paths for daylist [2013-07-09]
Found 984 new paths
.Done with file 0/984
....size getting too big, writing to Db
Inserted almost 215658 lines

Wrote 10829 clean list files
renamed directory /home/armita/pixel_backfill/staging --> /home/armita/pixel_backfill/current
Found 2 save data paths
Read 10829 clean list file
Dir path is /mnt/adnetik/adnetik-uservervillage/prod/userver_log/pixel/2013-07-09/
Read 1251 paths for daylist [2013-07-09]
Found 979 new paths
.Done with file 0/979
..........Done with file 10/979
size getting too big, writing to Db
Inserted almost 205390 lines

Wrote 10840 clean list files
renamed directory /home/armita/pixel_backfill/staging --> /home/armita/pixel_backfill/current
Found 2 save data paths
Read 10840 clean list file
Dir path is /mnt/adnetik/adnetik-uservervillage/prod/userver_log/pixel/2013-07-09/
Read 1251 paths for daylist [2013-07-09]
Found 968 new paths
.Done with file 0/968
......size getting too big, writing to Db
Inserted almost 225369 lines

Wrote 10847 clean list files
renamed directory /home/armita/pixel_backfill/staging --> /home/armita/pixel_backfill/current
Found 2 save data paths
Read 10847 clean list file
Dir path is /mnt/adnetik/adnetik-uservervillage/prod/userver_log/pixel/2013-07-09/
Read 1251 paths for daylist [2013-07-09]
Found 961 new paths
.Done with file 0/961
.........size getting too big, writing to Db
Inserted almost 205030 lines

Wrote 10857 clean list files
renamed directory /home/armita/pixel_backfill/staging --> /home/armita/pixel_backfill/current
Found 2 save data paths
Read 10857 clean list file
Dir path is /mnt/adnetik/adnetik-uservervillage/prod/userver_log/pixel/2013-07-09/
Read 1251 paths for daylist [2013-07-09]
Found 951 new paths
.Done with file 0/951
........size getting too big, writing to Db
Inserted almost 253493 lines

Wrote 10866 clean list files
renamed directory /home/armita/pixel_backfill/staging --> /home/armita/pixel_backfill/current
Found 2 save data paths
Read 10866 clean list file
Dir path is /mnt/adnetik/adnetik-uservervillage/prod/userver_log/pixel/2013-07-09/
Read 1251 paths for daylist [2013-07-09]
Found 942 new paths
.Done with file 0/942
......size getting too big, writing to Db
Inserted almost 263225 lines

Wrote 10873 clean list files
renamed directory /home/armita/pixel_backfill/staging --> /home/armita/pixel_backfill/current
Found 2 save data paths
Read 10873 clean list file
Dir path is /mnt/adnetik/adnetik-uservervillage/prod/userver_log/pixel/2013-07-09/
Read 1251 paths for daylist [2013-07-09]
Found 935 new paths
.Done with file 0/935
........size getting too big, writing to Db
Inserted almost 261127 lines

Wrote 10882 clean list files
renamed directory /home/armita/pixel_backfill/staging --> /home/armita/pixel_backfill/current
Found 2 save data paths
Read 10882 clean list file
Dir path is /mnt/adnetik/adnetik-uservervillage/prod/userver_log/pixel/2013-07-09/
Read 1251 paths for daylist [2013-07-09]
Found 926 new paths
.Done with file 0/926
.......size getting too big, writing to Db
Inserted almost 200839 lines

Wrote 10890 clean list files
renamed directory /home/armita/pixel_backfill/staging --> /home/armita/pixel_backfill/current
Found 2 save data paths
Read 10890 clean list file
Dir path is /mnt/adnetik/adnetik-uservervillage/prod/userver_log/pixel/2013-07-09/
Read 1251 paths for daylist [2013-07-09]
Found 918 new paths
.Done with file 0/918
......size getting too big, writing to Db
Inserted almost 204271 lines

Wrote 10897 clean list files
renamed directory /home/armita/pixel_backfill/staging --> /home/armita/pixel_backfill/current
Found 2 save data paths
Read 10897 clean list file
Dir path is /mnt/adnetik/adnetik-uservervillage/prod/userver_log/pixel/2013-07-09/
Read 1251 paths for daylist [2013-07-09]
Found 911 new paths
.Done with file 0/911
.....size getting too big, writing to Db
Inserted almost 202248 lines

Wrote 10903 clean list files
renamed directory /home/armita/pixel_backfill/staging --> /home/armita/pixel_backfill/current
Found 2 save data paths
Read 10903 clean list file
Dir path is /mnt/adnetik/adnetik-uservervillage/prod/userver_log/pixel/2013-07-09/
Read 1251 paths for daylist [2013-07-09]
Found 905 new paths
.Done with file 0/905
......size getting too big, writing to Db
Inserted almost 212986 lines

Wrote 10910 clean list files
renamed directory /home/armita/pixel_backfill/staging --> /home/armita/pixel_backfill/current
Found 2 save data paths
Read 10910 clean list file
Dir path is /mnt/adnetik/adnetik-uservervillage/prod/userver_log/pixel/2013-07-09/
Read 1251 paths for daylist [2013-07-09]
Found 898 new paths
.Done with file 0/898
.....size getting too big, writing to Db
Inserted almost 210507 lines

Wrote 10916 clean list files
renamed directory /home/armita/pixel_backfill/staging --> /home/armita/pixel_backfill/current
Found 2 save data paths
Read 10916 clean list file
Dir path is /mnt/adnetik/adnetik-uservervillage/prod/userver_log/pixel/2013-07-09/
Read 1251 paths for daylist [2013-07-09]
Found 892 new paths
.Done with file 0/892
......size getting too big, writing to Db
Inserted almost 227626 lines

Wrote 10923 clean list files
renamed directory /home/armita/pixel_backfill/staging --> /home/armita/pixel_backfill/current
Found 2 save data paths
Read 10923 clean list file
Dir path is /mnt/adnetik/adnetik-uservervillage/prod/userver_log/pixel/2013-07-09/
Read 1251 paths for daylist [2013-07-09]
Found 885 new paths
.Done with file 0/885
.......size getting too big, writing to Db
Inserted almost 235681 lines

Wrote 10931 clean list files
renamed directory /home/armita/pixel_backfill/staging --> /home/armita/pixel_backfill/current
Found 2 save data paths
Read 10931 clean list file
Dir path is /mnt/adnetik/adnetik-uservervillage/prod/userver_log/pixel/2013-07-09/
Read 1251 paths for daylist [2013-07-09]
Found 877 new paths
.Done with file 0/877
....size getting too big, writing to Db
Inserted almost 254568 lines

Wrote 10936 clean list files
renamed directory /home/armita/pixel_backfill/staging --> /home/armita/pixel_backfill/current
Found 2 save data paths
Read 10936 clean list file
Dir path is /mnt/adnetik/adnetik-uservervillage/prod/userver_log/pixel/2013-07-09/
Read 1251 paths for daylist [2013-07-09]
Found 872 new paths
.Done with file 0/872
......size getting too big, writing to Db
Inserted almost 231421 lines

Wrote 10943 clean list files
renamed directory /home/armita/pixel_backfill/staging --> /home/armita/pixel_backfill/current
Found 2 save data paths
Read 10943 clean list file
Dir path is /mnt/adnetik/adnetik-uservervillage/prod/userver_log/pixel/2013-07-09/
Read 1251 paths for daylist [2013-07-09]
Found 865 new paths
.Done with file 0/865
........size getting too big, writing to Db
Inserted almost 268349 lines

Wrote 10952 clean list files
renamed directory /home/armita/pixel_backfill/staging --> /home/armita/pixel_backfill/current
Found 2 save data paths
Read 10952 clean list file
Dir path is /mnt/adnetik/adnetik-uservervillage/prod/userver_log/pixel/2013-07-09/
Read 1251 paths for daylist [2013-07-09]
Found 856 new paths
.Done with file 0/856
.....size getting too big, writing to Db
Inserted almost 211061 lines

Wrote 10958 clean list files
renamed directory /home/armita/pixel_backfill/staging --> /home/armita/pixel_backfill/current
Found 2 save data paths
Read 10958 clean list file
Dir path is /mnt/adnetik/adnetik-uservervillage/prod/userver_log/pixel/2013-07-09/
Read 1251 paths for daylist [2013-07-09]
Found 850 new paths
.Done with file 0/850
.....size getting too big, writing to Db
Inserted almost 230859 lines

Wrote 10964 clean list files
renamed directory /home/armita/pixel_backfill/staging --> /home/armita/pixel_backfill/current
Found 2 save data paths
Read 10964 clean list file
Dir path is /mnt/adnetik/adnetik-uservervillage/prod/userver_log/pixel/2013-07-09/
Read 1251 paths for daylist [2013-07-09]
Found 844 new paths
.Done with file 0/844
.....size getting too big, writing to Db
Inserted almost 216532 lines

Wrote 10970 clean list files
renamed directory /home/armita/pixel_backfill/staging --> /home/armita/pixel_backfill/current
Found 2 save data paths
Read 10970 clean list file
Dir path is /mnt/adnetik/adnetik-uservervillage/prod/userver_log/pixel/2013-07-09/
Read 1251 paths for daylist [2013-07-09]
Found 838 new paths
.Done with file 0/838
.....size getting too big, writing to Db
Inserted almost 202132 lines

Wrote 10976 clean list files
renamed directory /home/armita/pixel_backfill/staging --> /home/armita/pixel_backfill/current
Found 2 save data paths
Read 10976 clean list file
Dir path is /mnt/adnetik/adnetik-uservervillage/prod/userver_log/pixel/2013-07-09/
Read 1251 paths for daylist [2013-07-09]
Found 832 new paths
.Done with file 0/832
......size getting too big, writing to Db
Inserted almost 249497 lines

Wrote 10983 clean list files
renamed directory /home/armita/pixel_backfill/staging --> /home/armita/pixel_backfill/current
Found 2 save data paths
Read 10983 clean list file
Dir path is /mnt/adnetik/adnetik-uservervillage/prod/userver_log/pixel/2013-07-09/
Read 1251 paths for daylist [2013-07-09]
Found 825 new paths
.Done with file 0/825
......size getting too big, writing to Db
Inserted almost 235323 lines

Wrote 10990 clean list files
renamed directory /home/armita/pixel_backfill/staging --> /home/armita/pixel_backfill/current
Found 2 save data paths
Read 10990 clean list file
Dir path is /mnt/adnetik/adnetik-uservervillage/prod/userver_log/pixel/2013-07-09/
Read 1251 paths for daylist [2013-07-09]
Found 818 new paths
.Done with file 0/818
.....size getting too big, writing to Db
Inserted almost 207031 lines

Wrote 10996 clean list files
renamed directory /home/armita/pixel_backfill/staging --> /home/armita/pixel_backfill/current
Found 2 save data paths
Read 10996 clean list file
Dir path is /mnt/adnetik/adnetik-uservervillage/prod/userver_log/pixel/2013-07-09/
Read 1251 paths for daylist [2013-07-09]
Found 812 new paths
.Done with file 0/812
......size getting too big, writing to Db
Inserted almost 200897 lines

Wrote 11003 clean list files
renamed directory /home/armita/pixel_backfill/staging --> /home/armita/pixel_backfill/current
Found 2 save data paths
Read 11003 clean list file
Dir path is /mnt/adnetik/adnetik-uservervillage/prod/userver_log/pixel/2013-07-09/
Read 1251 paths for daylist [2013-07-09]
Found 805 new paths
.Done with file 0/805
.....size getting too big, writing to Db
Inserted almost 226512 lines

Wrote 11009 clean list files
renamed directory /home/armita/pixel_backfill/staging --> /home/armita/pixel_backfill/current
Found 2 save data paths
Read 11009 clean list file
Dir path is /mnt/adnetik/adnetik-uservervillage/prod/userver_log/pixel/2013-07-09/
Read 1251 paths for daylist [2013-07-09]
Found 799 new paths
.Done with file 0/799
....size getting too big, writing to Db
Inserted almost 252252 lines

Wrote 11014 clean list files
renamed directory /home/armita/pixel_backfill/staging --> /home/armita/pixel_backfill/current
Found 2 save data paths
Read 11014 clean list file
Dir path is /mnt/adnetik/adnetik-uservervillage/prod/userver_log/pixel/2013-07-09/
Read 1251 paths for daylist [2013-07-09]
Found 794 new paths
.Done with file 0/794
......size getting too big, writing to Db
Inserted almost 201984 lines

Wrote 11021 clean list files
renamed directory /home/armita/pixel_backfill/staging --> /home/armita/pixel_backfill/current
Found 2 save data paths
Read 11021 clean list file
Dir path is /mnt/adnetik/adnetik-uservervillage/prod/userver_log/pixel/2013-07-09/
Read 1251 paths for daylist [2013-07-09]
Found 787 new paths
.Done with file 0/787
....size getting too big, writing to Db
Inserted almost 250904 lines

Wrote 11026 clean list files
renamed directory /home/armita/pixel_backfill/staging --> /home/armita/pixel_backfill/current
Found 2 save data paths
Read 11026 clean list file
Dir path is /mnt/adnetik/adnetik-uservervillage/prod/userver_log/pixel/2013-07-09/
Read 1251 paths for daylist [2013-07-09]
Found 782 new paths
.Done with file 0/782
........size getting too big, writing to Db
Inserted almost 237139 lines

Wrote 11035 clean list files
renamed directory /home/armita/pixel_backfill/staging --> /home/armita/pixel_backfill/current
Found 2 save data paths
Read 11035 clean list file
Dir path is /mnt/adnetik/adnetik-uservervillage/prod/userver_log/pixel/2013-07-09/
Read 1251 paths for daylist [2013-07-09]
Found 773 new paths
.Done with file 0/773
....size getting too big, writing to Db
Inserted almost 211772 lines

Wrote 11040 clean list files
renamed directory /home/armita/pixel_backfill/staging --> /home/armita/pixel_backfill/current
Found 2 save data paths
Read 11040 clean list file
Dir path is /mnt/adnetik/adnetik-uservervillage/prod/userver_log/pixel/2013-07-09/
Read 1251 paths for daylist [2013-07-09]
Found 768 new paths
.Done with file 0/768
.......size getting too big, writing to Db
Inserted almost 256722 lines

Wrote 11048 clean list files
renamed directory /home/armita/pixel_backfill/staging --> /home/armita/pixel_backfill/current
Found 2 save data paths
Read 11048 clean list file
Dir path is /mnt/adnetik/adnetik-uservervillage/prod/userver_log/pixel/2013-07-09/
Read 1251 paths for daylist [2013-07-09]
Found 760 new paths
.Done with file 0/760
....size getting too big, writing to Db
Inserted almost 228855 lines

Wrote 11053 clean list files
renamed directory /home/armita/pixel_backfill/staging --> /home/armita/pixel_backfill/current
Found 2 save data paths
Read 11053 clean list file
Dir path is /mnt/adnetik/adnetik-uservervillage/prod/userver_log/pixel/2013-07-09/
Read 1251 paths for daylist [2013-07-09]
Found 755 new paths
.Done with file 0/755
.....size getting too big, writing to Db
Inserted almost 205291 lines

Wrote 11059 clean list files
renamed directory /home/armita/pixel_backfill/staging --> /home/armita/pixel_backfill/current
Found 2 save data paths
Read 11059 clean list file
Dir path is /mnt/adnetik/adnetik-uservervillage/prod/userver_log/pixel/2013-07-09/
Read 1251 paths for daylist [2013-07-09]
Found 749 new paths
.Done with file 0/749
......size getting too big, writing to Db
Inserted almost 237486 lines

Wrote 11066 clean list files
renamed directory /home/armita/pixel_backfill/staging --> /home/armita/pixel_backfill/current
Found 2 save data paths
Read 11066 clean list file
Dir path is /mnt/adnetik/adnetik-uservervillage/prod/userver_log/pixel/2013-07-09/
Read 1251 paths for daylist [2013-07-09]
Found 742 new paths
.Done with file 0/742
.....size getting too big, writing to Db
Inserted almost 206463 lines

Wrote 11072 clean list files
renamed directory /home/armita/pixel_backfill/staging --> /home/armita/pixel_backfill/current
Found 2 save data paths
Read 11072 clean list file
Dir path is /mnt/adnetik/adnetik-uservervillage/prod/userver_log/pixel/2013-07-09/
Read 1251 paths for daylist [2013-07-09]
Found 736 new paths
.Done with file 0/736
....size getting too big, writing to Db
Inserted almost 229051 lines

Wrote 11077 clean list files
renamed directory /home/armita/pixel_backfill/staging --> /home/armita/pixel_backfill/current
Found 2 save data paths
Read 11077 clean list file
Dir path is /mnt/adnetik/adnetik-uservervillage/prod/userver_log/pixel/2013-07-09/
Read 1251 paths for daylist [2013-07-09]
Found 731 new paths
.Done with file 0/731
...size getting too big, writing to Db
Inserted almost 215964 lines

Wrote 11081 clean list files
renamed directory /home/armita/pixel_backfill/staging --> /home/armita/pixel_backfill/current
Found 2 save data paths
Read 11081 clean list file
Dir path is /mnt/adnetik/adnetik-uservervillage/prod/userver_log/pixel/2013-07-09/
Read 1251 paths for daylist [2013-07-09]
Found 727 new paths
.Done with file 0/727
.....size getting too big, writing to Db
Inserted almost 228994 lines

Wrote 11087 clean list files
renamed directory /home/armita/pixel_backfill/staging --> /home/armita/pixel_backfill/current
Found 2 save data paths
Read 11087 clean list file
Dir path is /mnt/adnetik/adnetik-uservervillage/prod/userver_log/pixel/2013-07-09/
Read 1251 paths for daylist [2013-07-09]
Found 721 new paths
.Done with file 0/721
....size getting too big, writing to Db
Inserted almost 214251 lines

Wrote 11092 clean list files
renamed directory /home/armita/pixel_backfill/staging --> /home/armita/pixel_backfill/current
Found 2 save data paths
Read 11092 clean list file
Dir path is /mnt/adnetik/adnetik-uservervillage/prod/userver_log/pixel/2013-07-09/
Read 1251 paths for daylist [2013-07-09]
Found 716 new paths
.Done with file 0/716
.....size getting too big, writing to Db
Inserted almost 213236 lines

Wrote 11098 clean list files
renamed directory /home/armita/pixel_backfill/staging --> /home/armita/pixel_backfill/current
Found 2 save data paths
Read 11098 clean list file
Dir path is /mnt/adnetik/adnetik-uservervillage/prod/userver_log/pixel/2013-07-09/
Read 1251 paths for daylist [2013-07-09]
Found 710 new paths
.Done with file 0/710
.....size getting too big, writing to Db
Inserted almost 201311 lines

Wrote 11104 clean list files
renamed directory /home/armita/pixel_backfill/staging --> /home/armita/pixel_backfill/current
Found 2 save data paths
Read 11104 clean list file
Dir path is /mnt/adnetik/adnetik-uservervillage/prod/userver_log/pixel/2013-07-09/
Read 1251 paths for daylist [2013-07-09]
Found 704 new paths
.Done with file 0/704
.....size getting too big, writing to Db
Inserted almost 254543 lines

Wrote 11110 clean list files
renamed directory /home/armita/pixel_backfill/staging --> /home/armita/pixel_backfill/current
Found 2 save data paths
Read 11110 clean list file
Dir path is /mnt/adnetik/adnetik-uservervillage/prod/userver_log/pixel/2013-07-09/
Read 1251 paths for daylist [2013-07-09]
Found 698 new paths
.Done with file 0/698
....size getting too big, writing to Db
Inserted almost 249647 lines

Wrote 11115 clean list files
renamed directory /home/armita/pixel_backfill/staging --> /home/armita/pixel_backfill/current
Found 2 save data paths
Read 11115 clean list file
Dir path is /mnt/adnetik/adnetik-uservervillage/prod/userver_log/pixel/2013-07-09/
Read 1251 paths for daylist [2013-07-09]
Found 693 new paths
.Done with file 0/693
....size getting too big, writing to Db
Inserted almost 217243 lines

Wrote 11120 clean list files
renamed directory /home/armita/pixel_backfill/staging --> /home/armita/pixel_backfill/current
Found 2 save data paths
Read 11120 clean list file
Dir path is /mnt/adnetik/adnetik-uservervillage/prod/userver_log/pixel/2013-07-09/
Read 1251 paths for daylist [2013-07-09]
Found 688 new paths
.Done with file 0/688
......size getting too big, writing to Db
Inserted almost 232149 lines

Wrote 11127 clean list files
renamed directory /home/armita/pixel_backfill/staging --> /home/armita/pixel_backfill/current
Found 2 save data paths
Read 11127 clean list file
Dir path is /mnt/adnetik/adnetik-uservervillage/prod/userver_log/pixel/2013-07-09/
Read 1251 paths for daylist [2013-07-09]
Found 681 new paths
.Done with file 0/681
.....size getting too big, writing to Db
Inserted almost 213183 lines

Wrote 11133 clean list files
renamed directory /home/armita/pixel_backfill/staging --> /home/armita/pixel_backfill/current
Found 2 save data paths
Read 11133 clean list file
Dir path is /mnt/adnetik/adnetik-uservervillage/prod/userver_log/pixel/2013-07-09/
Read 1251 paths for daylist [2013-07-09]
Found 675 new paths
.Done with file 0/675
....size getting too big, writing to Db
Inserted almost 204404 lines

Wrote 11138 clean list files
renamed directory /home/armita/pixel_backfill/staging --> /home/armita/pixel_backfill/current
Found 2 save data paths
Read 11138 clean list file
Dir path is /mnt/adnetik/adnetik-uservervillage/prod/userver_log/pixel/2013-07-09/
Read 1251 paths for daylist [2013-07-09]
Found 670 new paths
.Done with file 0/670
....size getting too big, writing to Db
Inserted almost 204325 lines

Wrote 11143 clean list files
renamed directory /home/armita/pixel_backfill/staging --> /home/armita/pixel_backfill/current
Found 2 save data paths
Read 11143 clean list file
Dir path is /mnt/adnetik/adnetik-uservervillage/prod/userver_log/pixel/2013-07-09/
Read 1251 paths for daylist [2013-07-09]
Found 665 new paths
.Done with file 0/665
...size getting too big, writing to Db
Inserted almost 228360 lines

Wrote 11147 clean list files
renamed directory /home/armita/pixel_backfill/staging --> /home/armita/pixel_backfill/current
Found 2 save data paths
Read 11147 clean list file
Dir path is /mnt/adnetik/adnetik-uservervillage/prod/userver_log/pixel/2013-07-09/
Read 1251 paths for daylist [2013-07-09]
Found 661 new paths
.Done with file 0/661
........size getting too big, writing to Db
Inserted almost 229442 lines

Wrote 11156 clean list files
renamed directory /home/armita/pixel_backfill/staging --> /home/armita/pixel_backfill/current
Found 2 save data paths
Read 11156 clean list file
Dir path is /mnt/adnetik/adnetik-uservervillage/prod/userver_log/pixel/2013-07-09/
Read 1251 paths for daylist [2013-07-09]
Found 652 new paths
.Done with file 0/652
....size getting too big, writing to Db
Inserted almost 235952 lines

Wrote 11161 clean list files
renamed directory /home/armita/pixel_backfill/staging --> /home/armita/pixel_backfill/current
Found 2 save data paths
Read 11161 clean list file
Dir path is /mnt/adnetik/adnetik-uservervillage/prod/userver_log/pixel/2013-07-09/
Read 1251 paths for daylist [2013-07-09]
Found 647 new paths
.Done with file 0/647
......size getting too big, writing to Db
Inserted almost 266251 lines

Wrote 11168 clean list files
renamed directory /home/armita/pixel_backfill/staging --> /home/armita/pixel_backfill/current
Found 2 save data paths
Read 11168 clean list file
Dir path is /mnt/adnetik/adnetik-uservervillage/prod/userver_log/pixel/2013-07-09/
Read 1251 paths for daylist [2013-07-09]
Found 640 new paths
.Done with file 0/640
....size getting too big, writing to Db
Inserted almost 200844 lines

Wrote 11173 clean list files
renamed directory /home/armita/pixel_backfill/staging --> /home/armita/pixel_backfill/current
Found 2 save data paths
Read 11173 clean list file
Dir path is /mnt/adnetik/adnetik-uservervillage/prod/userver_log/pixel/2013-07-09/
Read 1251 paths for daylist [2013-07-09]
Found 635 new paths
.Done with file 0/635
....size getting too big, writing to Db
Inserted almost 217087 lines

Wrote 11178 clean list files
renamed directory /home/armita/pixel_backfill/staging --> /home/armita/pixel_backfill/current
Found 2 save data paths
Read 11178 clean list file
Dir path is /mnt/adnetik/adnetik-uservervillage/prod/userver_log/pixel/2013-07-09/
Read 1251 paths for daylist [2013-07-09]
Found 630 new paths
.Done with file 0/630
.......size getting too big, writing to Db
Inserted almost 207389 lines

Wrote 11186 clean list files
renamed directory /home/armita/pixel_backfill/staging --> /home/armita/pixel_backfill/current
Found 2 save data paths
Read 11186 clean list file
Dir path is /mnt/adnetik/adnetik-uservervillage/prod/userver_log/pixel/2013-07-09/
Read 1251 paths for daylist [2013-07-09]
Found 622 new paths
.Done with file 0/622
...size getting too big, writing to Db
Inserted almost 222115 lines

Wrote 11190 clean list files
renamed directory /home/armita/pixel_backfill/staging --> /home/armita/pixel_backfill/current
Found 2 save data paths
Read 11190 clean list file
Dir path is /mnt/adnetik/adnetik-uservervillage/prod/userver_log/pixel/2013-07-09/
Read 1251 paths for daylist [2013-07-09]
Found 618 new paths
.Done with file 0/618
......size getting too big, writing to Db
Inserted almost 215449 lines

Wrote 11197 clean list files
renamed directory /home/armita/pixel_backfill/staging --> /home/armita/pixel_backfill/current
Found 2 save data paths
Read 11197 clean list file
Dir path is /mnt/adnetik/adnetik-uservervillage/prod/userver_log/pixel/2013-07-09/
Read 1251 paths for daylist [2013-07-09]
Found 611 new paths
.Done with file 0/611
.....size getting too big, writing to Db
Inserted almost 248067 lines

Wrote 11203 clean list files
renamed directory /home/armita/pixel_backfill/staging --> /home/armita/pixel_backfill/current
Found 2 save data paths
Read 11203 clean list file
Dir path is /mnt/adnetik/adnetik-uservervillage/prod/userver_log/pixel/2013-07-09/
Read 1251 paths for daylist [2013-07-09]
Found 605 new paths
.Done with file 0/605
....size getting too big, writing to Db
Inserted almost 212528 lines

Wrote 11208 clean list files
renamed directory /home/armita/pixel_backfill/staging --> /home/armita/pixel_backfill/current
Found 2 save data paths
Read 11208 clean list file
Dir path is /mnt/adnetik/adnetik-uservervillage/prod/userver_log/pixel/2013-07-09/
Read 1251 paths for daylist [2013-07-09]
Found 600 new paths
.Done with file 0/600
.....size getting too big, writing to Db
Inserted almost 238020 lines

Wrote 11214 clean list files
renamed directory /home/armita/pixel_backfill/staging --> /home/armita/pixel_backfill/current
Found 2 save data paths
Read 11214 clean list file
Dir path is /mnt/adnetik/adnetik-uservervillage/prod/userver_log/pixel/2013-07-09/
Read 1251 paths for daylist [2013-07-09]
Found 594 new paths
.Done with file 0/594
....size getting too big, writing to Db
Inserted almost 219615 lines

Wrote 11219 clean list files
renamed directory /home/armita/pixel_backfill/staging --> /home/armita/pixel_backfill/current
Found 2 save data paths
Read 11219 clean list file
Dir path is /mnt/adnetik/adnetik-uservervillage/prod/userver_log/pixel/2013-07-09/
Read 1251 paths for daylist [2013-07-09]
Found 589 new paths
.Done with file 0/589
.....size getting too big, writing to Db
Inserted almost 232332 lines

Wrote 11225 clean list files
renamed directory /home/armita/pixel_backfill/staging --> /home/armita/pixel_backfill/current
Found 2 save data paths
Read 11225 clean list file
Dir path is /mnt/adnetik/adnetik-uservervillage/prod/userver_log/pixel/2013-07-09/
Read 1251 paths for daylist [2013-07-09]
Found 583 new paths
.Done with file 0/583
.....size getting too big, writing to Db
Inserted almost 218261 lines

Wrote 11231 clean list files
renamed directory /home/armita/pixel_backfill/staging --> /home/armita/pixel_backfill/current
Found 2 save data paths
Read 11231 clean list file
Dir path is /mnt/adnetik/adnetik-uservervillage/prod/userver_log/pixel/2013-07-09/
Read 1251 paths for daylist [2013-07-09]
Found 577 new paths
.Done with file 0/577
.....size getting too big, writing to Db
Inserted almost 232998 lines

Wrote 11237 clean list files
renamed directory /home/armita/pixel_backfill/staging --> /home/armita/pixel_backfill/current
Found 2 save data paths
Read 11237 clean list file
Dir path is /mnt/adnetik/adnetik-uservervillage/prod/userver_log/pixel/2013-07-09/
Read 1251 paths for daylist [2013-07-09]
Found 571 new paths
.Done with file 0/571
.....size getting too big, writing to Db
Inserted almost 219620 lines

Wrote 11243 clean list files
renamed directory /home/armita/pixel_backfill/staging --> /home/armita/pixel_backfill/current
Found 2 save data paths
Read 11243 clean list file
Dir path is /mnt/adnetik/adnetik-uservervillage/prod/userver_log/pixel/2013-07-09/
Read 1251 paths for daylist [2013-07-09]
Found 565 new paths
.Done with file 0/565
......size getting too big, writing to Db
Inserted almost 222044 lines

Wrote 11250 clean list files
renamed directory /home/armita/pixel_backfill/staging --> /home/armita/pixel_backfill/current
Found 2 save data paths
Read 11250 clean list file
Dir path is /mnt/adnetik/adnetik-uservervillage/prod/userver_log/pixel/2013-07-09/
Read 1251 paths for daylist [2013-07-09]
Found 558 new paths
.Done with file 0/558
....size getting too big, writing to Db
Inserted almost 245776 lines

Wrote 11255 clean list files
renamed directory /home/armita/pixel_backfill/staging --> /home/armita/pixel_backfill/current
Found 2 save data paths
Read 11255 clean list file
Dir path is /mnt/adnetik/adnetik-uservervillage/prod/userver_log/pixel/2013-07-09/
Read 1251 paths for daylist [2013-07-09]
Found 553 new paths
.Done with file 0/553
....size getting too big, writing to Db
Inserted almost 202619 lines

Wrote 11260 clean list files
renamed directory /home/armita/pixel_backfill/staging --> /home/armita/pixel_backfill/current
Found 2 save data paths
Read 11260 clean list file
Dir path is /mnt/adnetik/adnetik-uservervillage/prod/userver_log/pixel/2013-07-09/
Read 1251 paths for daylist [2013-07-09]
Found 548 new paths
.Done with file 0/548
....size getting too big, writing to Db
Inserted almost 206229 lines

Wrote 11265 clean list files
renamed directory /home/armita/pixel_backfill/staging --> /home/armita/pixel_backfill/current
Found 2 save data paths
Read 11265 clean list file
Dir path is /mnt/adnetik/adnetik-uservervillage/prod/userver_log/pixel/2013-07-09/
Read 1251 paths for daylist [2013-07-09]
Found 543 new paths
.Done with file 0/543
.....size getting too big, writing to Db
Inserted almost 229696 lines

Wrote 11271 clean list files
renamed directory /home/armita/pixel_backfill/staging --> /home/armita/pixel_backfill/current
Found 2 save data paths
Read 11271 clean list file
Dir path is /mnt/adnetik/adnetik-uservervillage/prod/userver_log/pixel/2013-07-09/
Read 1251 paths for daylist [2013-07-09]
Found 537 new paths
.Done with file 0/537
......size getting too big, writing to Db
Inserted almost 226298 lines

Wrote 11278 clean list files
renamed directory /home/armita/pixel_backfill/staging --> /home/armita/pixel_backfill/current
Found 2 save data paths
Read 11278 clean list file
Dir path is /mnt/adnetik/adnetik-uservervillage/prod/userver_log/pixel/2013-07-09/
Read 1251 paths for daylist [2013-07-09]
Found 530 new paths
.Done with file 0/530
....size getting too big, writing to Db
Inserted almost 229990 lines

Wrote 11283 clean list files
renamed directory /home/armita/pixel_backfill/staging --> /home/armita/pixel_backfill/current
Found 2 save data paths
Read 11283 clean list file
Dir path is /mnt/adnetik/adnetik-uservervillage/prod/userver_log/pixel/2013-07-09/
Read 1251 paths for daylist [2013-07-09]
Found 525 new paths
.Done with file 0/525
.....size getting too big, writing to Db
Inserted almost 206731 lines

Wrote 11289 clean list files
renamed directory /home/armita/pixel_backfill/staging --> /home/armita/pixel_backfill/current
Found 2 save data paths
Read 11289 clean list file
Dir path is /mnt/adnetik/adnetik-uservervillage/prod/userver_log/pixel/2013-07-09/
Read 1251 paths for daylist [2013-07-09]
Found 519 new paths
.Done with file 0/519
.....size getting too big, writing to Db
Inserted almost 246821 lines

Wrote 11295 clean list files
renamed directory /home/armita/pixel_backfill/staging --> /home/armita/pixel_backfill/current
Found 2 save data paths
Read 11295 clean list file
Dir path is /mnt/adnetik/adnetik-uservervillage/prod/userver_log/pixel/2013-07-09/
Read 1251 paths for daylist [2013-07-09]
Found 513 new paths
.Done with file 0/513
.....size getting too big, writing to Db
Inserted almost 214430 lines

Wrote 11301 clean list files
renamed directory /home/armita/pixel_backfill/staging --> /home/armita/pixel_backfill/current
Found 2 save data paths
Read 11301 clean list file
Dir path is /mnt/adnetik/adnetik-uservervillage/prod/userver_log/pixel/2013-07-09/
Read 1251 paths for daylist [2013-07-09]
Found 507 new paths
.Done with file 0/507
.....size getting too big, writing to Db
Inserted almost 227714 lines

Wrote 11307 clean list files
renamed directory /home/armita/pixel_backfill/staging --> /home/armita/pixel_backfill/current
Found 2 save data paths
Read 11307 clean list file
Dir path is /mnt/adnetik/adnetik-uservervillage/prod/userver_log/pixel/2013-07-09/
Read 1251 paths for daylist [2013-07-09]
Found 501 new paths
.Done with file 0/501
....size getting too big, writing to Db
Inserted almost 251570 lines

Wrote 11312 clean list files
renamed directory /home/armita/pixel_backfill/staging --> /home/armita/pixel_backfill/current
Found 2 save data paths
Read 11312 clean list file
Dir path is /mnt/adnetik/adnetik-uservervillage/prod/userver_log/pixel/2013-07-09/
Read 1251 paths for daylist [2013-07-09]
Found 496 new paths
.Done with file 0/496
.......size getting too big, writing to Db
Inserted almost 249646 lines

Wrote 11320 clean list files
renamed directory /home/armita/pixel_backfill/staging --> /home/armita/pixel_backfill/current
Found 2 save data paths
Read 11320 clean list file
Dir path is /mnt/adnetik/adnetik-uservervillage/prod/userver_log/pixel/2013-07-09/
Read 1251 paths for daylist [2013-07-09]
Found 488 new paths
.Done with file 0/488
......size getting too big, writing to Db
Inserted almost 210957 lines

Wrote 11327 clean list files
renamed directory /home/armita/pixel_backfill/staging --> /home/armita/pixel_backfill/current
Found 2 save data paths
Read 11327 clean list file
Dir path is /mnt/adnetik/adnetik-uservervillage/prod/userver_log/pixel/2013-07-09/
Read 1251 paths for daylist [2013-07-09]
Found 481 new paths
.Done with file 0/481
...size getting too big, writing to Db
Inserted almost 212248 lines

Wrote 11331 clean list files
renamed directory /home/armita/pixel_backfill/staging --> /home/armita/pixel_backfill/current
Found 2 save data paths
Read 11331 clean list file
Dir path is /mnt/adnetik/adnetik-uservervillage/prod/userver_log/pixel/2013-07-09/
Read 1251 paths for daylist [2013-07-09]
Found 477 new paths
.Done with file 0/477
....size getting too big, writing to Db
Inserted almost 201409 lines

Wrote 11336 clean list files
renamed directory /home/armita/pixel_backfill/staging --> /home/armita/pixel_backfill/current
Found 2 save data paths
Read 11336 clean list file
Dir path is /mnt/adnetik/adnetik-uservervillage/prod/userver_log/pixel/2013-07-09/
Read 1251 paths for daylist [2013-07-09]
Found 472 new paths
.Done with file 0/472
....size getting too big, writing to Db
Inserted almost 228790 lines

Wrote 11341 clean list files
renamed directory /home/armita/pixel_backfill/staging --> /home/armita/pixel_backfill/current
Found 2 save data paths
Read 11341 clean list file
Dir path is /mnt/adnetik/adnetik-uservervillage/prod/userver_log/pixel/2013-07-09/
Read 1251 paths for daylist [2013-07-09]
Found 467 new paths
.Done with file 0/467
.....size getting too big, writing to Db
Inserted almost 210177 lines

Wrote 11347 clean list files
renamed directory /home/armita/pixel_backfill/staging --> /home/armita/pixel_backfill/current
Found 2 save data paths
Read 11347 clean list file
Dir path is /mnt/adnetik/adnetik-uservervillage/prod/userver_log/pixel/2013-07-09/
Read 1251 paths for daylist [2013-07-09]
Found 461 new paths
.Done with file 0/461
.....size getting too big, writing to Db
Inserted almost 200739 lines

Wrote 11353 clean list files
renamed directory /home/armita/pixel_backfill/staging --> /home/armita/pixel_backfill/current
Found 2 save data paths
Read 11353 clean list file
Dir path is /mnt/adnetik/adnetik-uservervillage/prod/userver_log/pixel/2013-07-09/
Read 1251 paths for daylist [2013-07-09]
Found 455 new paths
.Done with file 0/455
....size getting too big, writing to Db
Inserted almost 228955 lines

Wrote 11358 clean list files
renamed directory /home/armita/pixel_backfill/staging --> /home/armita/pixel_backfill/current
Found 2 save data paths
Read 11358 clean list file
Dir path is /mnt/adnetik/adnetik-uservervillage/prod/userver_log/pixel/2013-07-09/
Read 1251 paths for daylist [2013-07-09]
Found 450 new paths
.Done with file 0/450
.....size getting too big, writing to Db
Inserted almost 204054 lines

Wrote 11364 clean list files
renamed directory /home/armita/pixel_backfill/staging --> /home/armita/pixel_backfill/current
Found 2 save data paths
Read 11364 clean list file
Dir path is /mnt/adnetik/adnetik-uservervillage/prod/userver_log/pixel/2013-07-09/
Read 1251 paths for daylist [2013-07-09]
Found 444 new paths
.Done with file 0/444
.....size getting too big, writing to Db
Inserted almost 258462 lines

Wrote 11370 clean list files
renamed directory /home/armita/pixel_backfill/staging --> /home/armita/pixel_backfill/current
Found 2 save data paths
Read 11370 clean list file
Dir path is /mnt/adnetik/adnetik-uservervillage/prod/userver_log/pixel/2013-07-09/
Read 1251 paths for daylist [2013-07-09]
Found 438 new paths
.Done with file 0/438
.....size getting too big, writing to Db
Inserted almost 204154 lines

Wrote 11376 clean list files
renamed directory /home/armita/pixel_backfill/staging --> /home/armita/pixel_backfill/current
Found 2 save data paths
Read 11376 clean list file
Dir path is /mnt/adnetik/adnetik-uservervillage/prod/userver_log/pixel/2013-07-09/
Read 1251 paths for daylist [2013-07-09]
Found 432 new paths
.Done with file 0/432
....size getting too big, writing to Db
Inserted almost 250879 lines

Wrote 11381 clean list files
renamed directory /home/armita/pixel_backfill/staging --> /home/armita/pixel_backfill/current
Found 2 save data paths
Read 11381 clean list file
Dir path is /mnt/adnetik/adnetik-uservervillage/prod/userver_log/pixel/2013-07-09/
Read 1251 paths for daylist [2013-07-09]
Found 427 new paths
.Done with file 0/427
......size getting too big, writing to Db
Inserted almost 223431 lines

Wrote 11388 clean list files
renamed directory /home/armita/pixel_backfill/staging --> /home/armita/pixel_backfill/current
Found 2 save data paths
Read 11388 clean list file
Dir path is /mnt/adnetik/adnetik-uservervillage/prod/userver_log/pixel/2013-07-09/
Read 1251 paths for daylist [2013-07-09]
Found 420 new paths
.Done with file 0/420
.....size getting too big, writing to Db
Inserted almost 220396 lines

Wrote 11394 clean list files
renamed directory /home/armita/pixel_backfill/staging --> /home/armita/pixel_backfill/current
Found 2 save data paths
Read 11394 clean list file
Dir path is /mnt/adnetik/adnetik-uservervillage/prod/userver_log/pixel/2013-07-09/
Read 1251 paths for daylist [2013-07-09]
Found 414 new paths
.Done with file 0/414
.....size getting too big, writing to Db
Inserted almost 219153 lines

Wrote 11400 clean list files
renamed directory /home/armita/pixel_backfill/staging --> /home/armita/pixel_backfill/current
Found 2 save data paths
Read 11400 clean list file
Dir path is /mnt/adnetik/adnetik-uservervillage/prod/userver_log/pixel/2013-07-09/
Read 1251 paths for daylist [2013-07-09]
Found 408 new paths
.Done with file 0/408
.....size getting too big, writing to Db
Inserted almost 216741 lines

Wrote 11406 clean list files
renamed directory /home/armita/pixel_backfill/staging --> /home/armita/pixel_backfill/current
Found 2 save data paths
Read 11406 clean list file
Dir path is /mnt/adnetik/adnetik-uservervillage/prod/userver_log/pixel/2013-07-09/
Read 1251 paths for daylist [2013-07-09]
Found 402 new paths
.Done with file 0/402
.....size getting too big, writing to Db
Inserted almost 252499 lines

Wrote 11412 clean list files
renamed directory /home/armita/pixel_backfill/staging --> /home/armita/pixel_backfill/current
Found 2 save data paths
Read 11412 clean list file
Dir path is /mnt/adnetik/adnetik-uservervillage/prod/userver_log/pixel/2013-07-09/
Read 1251 paths for daylist [2013-07-09]
Found 396 new paths
.Done with file 0/396
.......size getting too big, writing to Db
Inserted almost 255021 lines

Wrote 11420 clean list files
renamed directory /home/armita/pixel_backfill/staging --> /home/armita/pixel_backfill/current
Found 2 save data paths
Read 11420 clean list file
Dir path is /mnt/adnetik/adnetik-uservervillage/prod/userver_log/pixel/2013-07-09/
Read 1251 paths for daylist [2013-07-09]
Found 388 new paths
.Done with file 0/388
...size getting too big, writing to Db
Inserted almost 221151 lines

Wrote 11424 clean list files
renamed directory /home/armita/pixel_backfill/staging --> /home/armita/pixel_backfill/current
Found 2 save data paths
Read 11424 clean list file
Dir path is /mnt/adnetik/adnetik-uservervillage/prod/userver_log/pixel/2013-07-09/
Read 1251 paths for daylist [2013-07-09]
Found 384 new paths
.Done with file 0/384
......size getting too big, writing to Db
Inserted almost 233486 lines

Wrote 11431 clean list files
renamed directory /home/armita/pixel_backfill/staging --> /home/armita/pixel_backfill/current
Found 2 save data paths
Read 11431 clean list file
Dir path is /mnt/adnetik/adnetik-uservervillage/prod/userver_log/pixel/2013-07-09/
Read 1251 paths for daylist [2013-07-09]
Found 377 new paths
.Done with file 0/377
.....size getting too big, writing to Db
Inserted almost 222625 lines

Wrote 11437 clean list files
renamed directory /home/armita/pixel_backfill/staging --> /home/armita/pixel_backfill/current
Found 2 save data paths
Read 11437 clean list file
Dir path is /mnt/adnetik/adnetik-uservervillage/prod/userver_log/pixel/2013-07-09/
Read 1251 paths for daylist [2013-07-09]
Found 371 new paths
.Done with file 0/371
.....size getting too big, writing to Db
Inserted almost 266202 lines

Wrote 11443 clean list files
renamed directory /home/armita/pixel_backfill/staging --> /home/armita/pixel_backfill/current
Found 2 save data paths
Read 11443 clean list file
Dir path is /mnt/adnetik/adnetik-uservervillage/prod/userver_log/pixel/2013-07-09/
Read 1251 paths for daylist [2013-07-09]
Found 365 new paths
.Done with file 0/365
......size getting too big, writing to Db
